[  0%] Built target ament_cmake_python_copy_pixel2coordinate
[100%] Built target cpp_node_test
running egg_info
writing pixel2coordinate.egg-info/PKG-INFO
writing dependency_links to pixel2coordinate.egg-info/dependency_links.txt
writing top-level names to pixel2coordinate.egg-info/top_level.txt
reading manifest file 'pixel2coordinate.egg-info/SOURCES.txt'
writing manifest file 'pixel2coordinate.egg-info/SOURCES.txt'
[100%] Built target ament_cmake_python_build_pixel2coordinate_egg
-- Install configuration: ""
-- Up-to-date: /home/carver/kim_open_topic/linux/ws/install/pixel2coordinate/share/pixel2coordinate/environment/pythonpath.sh
-- Up-to-date: /home/carver/kim_open_topic/linux/ws/install/pixel2coordinate/share/pixel2coordinate/environment/pythonpath.dsv
-- Up-to-date: /home/carver/kim_open_topic/linux/ws/install/pixel2coordinate/local/lib/python3.10/dist-packages/pixel2coordinate-0.0.0-py3.10.egg-info
-- Installing: /home/carver/kim_open_topic/linux/ws/install/pixel2coordinate/local/lib/python3.10/dist-packages/pixel2coordinate-0.0.0-py3.10.egg-info/top_level.txt
-- Installing: /home/carver/kim_open_topic/linux/ws/install/pixel2coordinate/local/lib/python3.10/dist-packages/pixel2coordinate-0.0.0-py3.10.egg-info/SOURCES.txt
-- Installing: /home/carver/kim_open_topic/linux/ws/install/pixel2coordinate/local/lib/python3.10/dist-packages/pixel2coordinate-0.0.0-py3.10.egg-info/PKG-INFO
-- Installing: /home/carver/kim_open_topic/linux/ws/install/pixel2coordinate/local/lib/python3.10/dist-packages/pixel2coordinate-0.0.0-py3.10.egg-info/dependency_links.txt
-- Up-to-date: /home/carver/kim_open_topic/linux/ws/install/pixel2coordinate/local/lib/python3.10/dist-packages/pixel2coordinate
-- Up-to-date: /home/carver/kim_open_topic/linux/ws/install/pixel2coordinate/local/lib/python3.10/dist-packages/pixel2coordinate/dummy_module.py
-- Up-to-date: /home/carver/kim_open_topic/linux/ws/install/pixel2coordinate/local/lib/python3.10/dist-packages/pixel2coordinate/__init__.py
Listing '/home/carver/kim_open_topic/linux/ws/install/pixel2coordinate/local/lib/python3.10/dist-packages/pixel2coordinate'...
-- Installing: /home/carver/kim_open_topic/linux/ws/install/pixel2coordinate/lib/pixel2coordinate/pixel2cordinate.py
-- Up-to-date: /home/carver/kim_open_topic/linux/ws/install/pixel2coordinate/share/pixel2coordinate
-- Up-to-date: /home/carver/kim_open_topic/linux/ws/install/pixel2coordinate/share/ament_index/resource_index/package_run_dependencies/pixel2coordinate
-- Up-to-date: /home/carver/kim_open_topic/linux/ws/install/pixel2coordinate/share/ament_index/resource_index/parent_prefix_path/pixel2coordinate
-- Up-to-date: /home/carver/kim_open_topic/linux/ws/install/pixel2coordinate/share/pixel2coordinate/environment/ament_prefix_path.sh
-- Up-to-date: /home/carver/kim_open_topic/linux/ws/install/pixel2coordinate/share/pixel2coordinate/environment/ament_prefix_path.dsv
-- Up-to-date: /home/carver/kim_open_topic/linux/ws/install/pixel2coordinate/share/pixel2coordinate/environment/path.sh
-- Up-to-date: /home/carver/kim_open_topic/linux/ws/install/pixel2coordinate/share/pixel2coordinate/environment/path.dsv
-- Up-to-date: /home/carver/kim_open_topic/linux/ws/install/pixel2coordinate/share/pixel2coordinate/local_setup.bash
-- Up-to-date: /home/carver/kim_open_topic/linux/ws/install/pixel2coordinate/share/pixel2coordinate/local_setup.sh
-- Up-to-date: /home/carver/kim_open_topic/linux/ws/install/pixel2coordinate/share/pixel2coordinate/local_setup.zsh
-- Up-to-date: /home/carver/kim_open_topic/linux/ws/install/pixel2coordinate/share/pixel2coordinate/local_setup.dsv
-- Installing: /home/carver/kim_open_topic/linux/ws/install/pixel2coordinate/share/pixel2coordinate/package.dsv
-- Up-to-date: /home/carver/kim_open_topic/linux/ws/install/pixel2coordinate/share/ament_index/resource_index/packages/pixel2coordinate
-- Up-to-date: /home/carver/kim_open_topic/linux/ws/install/pixel2coordinate/share/pixel2coordinate/cmake/pixel2coordinateConfig.cmake
-- Up-to-date: /home/carver/kim_open_topic/linux/ws/install/pixel2coordinate/share/pixel2coordinate/cmake/pixel2coordinateConfig-version.cmake
-- Up-to-date: /home/carver/kim_open_topic/linux/ws/install/pixel2coordinate/share/pixel2coordinate/package.xml
