[0.288s] DEBUG:colcon:Command line arguments: ['/home/kim/.local/bin/colcon', 'build']
[0.288s] DEBUG:colcon:Parsed command line arguments: Namespace(allow_overriding=[], ament_cmake_args=None, base_paths=['.'], build_base='build', catkin_cmake_args=None, catkin_skip_building_tests=False, cmake_args=None, cmake_clean_cache=False, cmake_clean_first=False, cmake_force_configure=False, cmake_target=None, cmake_target_skip_unavailable=False, continue_on_error=False, event_handlers=None, executor='parallel', ignore_user_meta=False, install_base='install', log_base=None, log_level=None, main=<bound method BuildVerb.main of <colcon_core.verb.build.BuildVerb object at 0x7fdf14e74070>>, merge_install=False, metas=['./colcon.meta'], packages_above=None, packages_above_and_dependencies=None, packages_above_depth=None, packages_end=None, packages_ignore=None, packages_ignore_regex=None, packages_select=None, packages_select_build_failed=False, packages_select_by_dep=None, packages_select_regex=None, packages_select_test_failures=False, packages_skip=None, packages_skip_build_finished=False, packages_skip_by_dep=None, packages_skip_regex=None, packages_skip_test_passed=False, packages_skip_up_to=None, packages_start=None, packages_up_to=None, packages_up_to_regex=None, parallel_workers=12, paths=None, symlink_install=False, test_result_base=None, verb_extension=<colcon_core.verb.build.BuildVerb object at 0x7fdf14e74070>, verb_name='build', verb_parser=<colcon_defaults.argument_parser.defaults.DefaultArgumentsDecorator object at 0x7fdf14ae08b0>)
[0.326s] Level 1:colcon.colcon_core.package_discovery:discover_packages(colcon_meta) check parameters
[0.327s] Level 1:colcon.colcon_core.package_discovery:discover_packages(recursive) check parameters
[0.327s] Level 1:colcon.colcon_core.package_discovery:discover_packages(ignore) check parameters
[0.327s] Level 1:colcon.colcon_core.package_discovery:discover_packages(path) check parameters
[0.327s] Level 1:colcon.colcon_core.package_discovery:discover_packages(colcon_meta) discover
[0.327s] Level 1:colcon.colcon_core.package_discovery:discover_packages(recursive) discover
[0.327s] INFO:colcon.colcon_core.package_discovery:Crawling recursively for packages in '/home/kim/open_topic/linux/ws'
[0.327s] Level 1:colcon.colcon_core.package_identification:_identify(.) by extensions ['ignore', 'ignore_ament_install']
[0.327s] Level 1:colcon.colcon_core.package_identification:_identify(.) by extension 'ignore'
[0.327s] Level 1:colcon.colcon_core.package_identification:_identify(.) by extension 'ignore_ament_install'
[0.327s] Level 1:colcon.colcon_core.package_identification:_identify(.) by extensions ['colcon_pkg']
[0.327s] Level 1:colcon.colcon_core.package_identification:_identify(.) by extension 'colcon_pkg'
[0.327s] Level 1:colcon.colcon_core.package_identification:_identify(.) by extensions ['colcon_meta']
[0.327s] Level 1:colcon.colcon_core.package_identification:_identify(.) by extension 'colcon_meta'
[0.327s] Level 1:colcon.colcon_core.package_identification:_identify(.) by extensions ['ros']
[0.327s] Level 1:colcon.colcon_core.package_identification:_identify(.) by extension 'ros'
[0.339s] Level 1:colcon.colcon_core.package_identification:_identify(.) by extensions ['cmake', 'python']
[0.339s] Level 1:colcon.colcon_core.package_identification:_identify(.) by extension 'cmake'
[0.339s] Level 1:colcon.colcon_core.package_identification:_identify(.) by extension 'python'
[0.340s] Level 1:colcon.colcon_core.package_identification:_identify(.) by extensions ['python_setup_py']
[0.340s] Level 1:colcon.colcon_core.package_identification:_identify(.) by extension 'python_setup_py'
[0.340s] Level 1:colcon.colcon_core.package_identification:_identify(build) by extensions ['ignore', 'ignore_ament_install']
[0.340s] Level 1:colcon.colcon_core.package_identification:_identify(build) by extension 'ignore'
[0.340s] Level 1:colcon.colcon_core.package_identification:_identify(build) ignored
[0.340s] Level 1:colcon.colcon_core.package_identification:_identify(install) by extensions ['ignore', 'ignore_ament_install']
[0.340s] Level 1:colcon.colcon_core.package_identification:_identify(install) by extension 'ignore'
[0.340s] Level 1:colcon.colcon_core.package_identification:_identify(install) ignored
[0.340s] Level 1:colcon.colcon_core.package_identification:_identify(log) by extensions ['ignore', 'ignore_ament_install']
[0.340s] Level 1:colcon.colcon_core.package_identification:_identify(log) by extension 'ignore'
[0.340s] Level 1:colcon.colcon_core.package_identification:_identify(log) ignored
[0.340s] Level 1:colcon.colcon_core.package_identification:_identify(src) by extensions ['ignore', 'ignore_ament_install']
[0.340s] Level 1:colcon.colcon_core.package_identification:_identify(src) by extension 'ignore'
[0.340s] Level 1:colcon.colcon_core.package_identification:_identify(src) by extension 'ignore_ament_install'
[0.340s] Level 1:colcon.colcon_core.package_identification:_identify(src) by extensions ['colcon_pkg']
[0.340s] Level 1:colcon.colcon_core.package_identification:_identify(src) by extension 'colcon_pkg'
[0.340s] Level 1:colcon.colcon_core.package_identification:_identify(src) by extensions ['colcon_meta']
[0.340s] Level 1:colcon.colcon_core.package_identification:_identify(src) by extension 'colcon_meta'
[0.340s] Level 1:colcon.colcon_core.package_identification:_identify(src) by extensions ['ros']
[0.341s] Level 1:colcon.colcon_core.package_identification:_identify(src) by extension 'ros'
[0.341s] Level 1:colcon.colcon_core.package_identification:_identify(src) by extensions ['cmake', 'python']
[0.341s] Level 1:colcon.colcon_core.package_identification:_identify(src) by extension 'cmake'
[0.341s] Level 1:colcon.colcon_core.package_identification:_identify(src) by extension 'python'
[0.341s] Level 1:colcon.colcon_core.package_identification:_identify(src) by extensions ['python_setup_py']
[0.341s] Level 1:colcon.colcon_core.package_identification:_identify(src) by extension 'python_setup_py'
[0.341s] Level 1:colcon.colcon_core.package_identification:_identify(src/bag_file) by extensions ['ignore', 'ignore_ament_install']
[0.341s] Level 1:colcon.colcon_core.package_identification:_identify(src/bag_file) by extension 'ignore'
[0.341s] Level 1:colcon.colcon_core.package_identification:_identify(src/bag_file) by extension 'ignore_ament_install'
[0.341s] Level 1:colcon.colcon_core.package_identification:_identify(src/bag_file) by extensions ['colcon_pkg']
[0.341s] Level 1:colcon.colcon_core.package_identification:_identify(src/bag_file) by extension 'colcon_pkg'
[0.341s] Level 1:colcon.colcon_core.package_identification:_identify(src/bag_file) by extensions ['colcon_meta']
[0.341s] Level 1:colcon.colcon_core.package_identification:_identify(src/bag_file) by extension 'colcon_meta'
[0.341s] Level 1:colcon.colcon_core.package_identification:_identify(src/bag_file) by extensions ['ros']
[0.341s] Level 1:colcon.colcon_core.package_identification:_identify(src/bag_file) by extension 'ros'
[0.341s] Level 1:colcon.colcon_core.package_identification:_identify(src/bag_file) by extensions ['cmake', 'python']
[0.341s] Level 1:colcon.colcon_core.package_identification:_identify(src/bag_file) by extension 'cmake'
[0.341s] Level 1:colcon.colcon_core.package_identification:_identify(src/bag_file) by extension 'python'
[0.341s] Level 1:colcon.colcon_core.package_identification:_identify(src/bag_file) by extensions ['python_setup_py']
[0.341s] Level 1:colcon.colcon_core.package_identification:_identify(src/bag_file) by extension 'python_setup_py'
[0.341s] Level 1:colcon.colcon_core.package_identification:_identify(src/check_qos) by extensions ['ignore', 'ignore_ament_install']
[0.341s] Level 1:colcon.colcon_core.package_identification:_identify(src/check_qos) by extension 'ignore'
[0.341s] Level 1:colcon.colcon_core.package_identification:_identify(src/check_qos) by extension 'ignore_ament_install'
[0.341s] Level 1:colcon.colcon_core.package_identification:_identify(src/check_qos) by extensions ['colcon_pkg']
[0.341s] Level 1:colcon.colcon_core.package_identification:_identify(src/check_qos) by extension 'colcon_pkg'
[0.341s] Level 1:colcon.colcon_core.package_identification:_identify(src/check_qos) by extensions ['colcon_meta']
[0.341s] Level 1:colcon.colcon_core.package_identification:_identify(src/check_qos) by extension 'colcon_meta'
[0.341s] Level 1:colcon.colcon_core.package_identification:_identify(src/check_qos) by extensions ['ros']
[0.341s] Level 1:colcon.colcon_core.package_identification:_identify(src/check_qos) by extension 'ros'
[0.343s] DEBUG:colcon.colcon_core.package_identification:Package 'src/check_qos' with type 'ros.ament_cmake' and name 'check_qos'
[0.344s] Level 1:colcon.colcon_core.package_identification:_identify(src/delay_frame) by extensions ['ignore', 'ignore_ament_install']
[0.344s] Level 1:colcon.colcon_core.package_identification:_identify(src/delay_frame) by extension 'ignore'
[0.344s] Level 1:colcon.colcon_core.package_identification:_identify(src/delay_frame) by extension 'ignore_ament_install'
[0.344s] Level 1:colcon.colcon_core.package_identification:_identify(src/delay_frame) by extensions ['colcon_pkg']
[0.344s] Level 1:colcon.colcon_core.package_identification:_identify(src/delay_frame) by extension 'colcon_pkg'
[0.344s] Level 1:colcon.colcon_core.package_identification:_identify(src/delay_frame) by extensions ['colcon_meta']
[0.344s] Level 1:colcon.colcon_core.package_identification:_identify(src/delay_frame) by extension 'colcon_meta'
[0.344s] Level 1:colcon.colcon_core.package_identification:_identify(src/delay_frame) by extensions ['ros']
[0.344s] Level 1:colcon.colcon_core.package_identification:_identify(src/delay_frame) by extension 'ros'
[0.344s] DEBUG:colcon.colcon_core.package_identification:Package 'src/delay_frame' with type 'ros.ament_cmake' and name 'delay_frame'
[0.345s] Level 1:colcon.colcon_core.package_identification:_identify(src/fake_image) by extensions ['ignore', 'ignore_ament_install']
[0.345s] Level 1:colcon.colcon_core.package_identification:_identify(src/fake_image) by extension 'ignore'
[0.345s] Level 1:colcon.colcon_core.package_identification:_identify(src/fake_image) by extension 'ignore_ament_install'
[0.345s] Level 1:colcon.colcon_core.package_identification:_identify(src/fake_image) by extensions ['colcon_pkg']
[0.345s] Level 1:colcon.colcon_core.package_identification:_identify(src/fake_image) by extension 'colcon_pkg'
[0.345s] Level 1:colcon.colcon_core.package_identification:_identify(src/fake_image) by extensions ['colcon_meta']
[0.345s] Level 1:colcon.colcon_core.package_identification:_identify(src/fake_image) by extension 'colcon_meta'
[0.345s] Level 1:colcon.colcon_core.package_identification:_identify(src/fake_image) by extensions ['ros']
[0.345s] Level 1:colcon.colcon_core.package_identification:_identify(src/fake_image) by extension 'ros'
[0.345s] DEBUG:colcon.colcon_core.package_identification:Package 'src/fake_image' with type 'ros.ament_cmake' and name 'fake_image'
[0.345s] Level 1:colcon.colcon_core.package_identification:_identify(src/fake_pixel) by extensions ['ignore', 'ignore_ament_install']
[0.346s] Level 1:colcon.colcon_core.package_identification:_identify(src/fake_pixel) by extension 'ignore'
[0.346s] Level 1:colcon.colcon_core.package_identification:_identify(src/fake_pixel) by extension 'ignore_ament_install'
[0.346s] Level 1:colcon.colcon_core.package_identification:_identify(src/fake_pixel) by extensions ['colcon_pkg']
[0.346s] Level 1:colcon.colcon_core.package_identification:_identify(src/fake_pixel) by extension 'colcon_pkg'
[0.346s] Level 1:colcon.colcon_core.package_identification:_identify(src/fake_pixel) by extensions ['colcon_meta']
[0.346s] Level 1:colcon.colcon_core.package_identification:_identify(src/fake_pixel) by extension 'colcon_meta'
[0.346s] Level 1:colcon.colcon_core.package_identification:_identify(src/fake_pixel) by extensions ['ros']
[0.346s] Level 1:colcon.colcon_core.package_identification:_identify(src/fake_pixel) by extension 'ros'
[0.346s] DEBUG:colcon.colcon_core.package_identification:Package 'src/fake_pixel' with type 'ros.ament_cmake' and name 'fake_pixel'
[0.346s] Level 1:colcon.colcon_core.package_identification:_identify(src/pixel2coordinate) by extensions ['ignore', 'ignore_ament_install']
[0.346s] Level 1:colcon.colcon_core.package_identification:_identify(src/pixel2coordinate) by extension 'ignore'
[0.346s] Level 1:colcon.colcon_core.package_identification:_identify(src/pixel2coordinate) by extension 'ignore_ament_install'
[0.346s] Level 1:colcon.colcon_core.package_identification:_identify(src/pixel2coordinate) by extensions ['colcon_pkg']
[0.347s] Level 1:colcon.colcon_core.package_identification:_identify(src/pixel2coordinate) by extension 'colcon_pkg'
[0.347s] Level 1:colcon.colcon_core.package_identification:_identify(src/pixel2coordinate) by extensions ['colcon_meta']
[0.347s] Level 1:colcon.colcon_core.package_identification:_identify(src/pixel2coordinate) by extension 'colcon_meta'
[0.347s] Level 1:colcon.colcon_core.package_identification:_identify(src/pixel2coordinate) by extensions ['ros']
[0.347s] Level 1:colcon.colcon_core.package_identification:_identify(src/pixel2coordinate) by extension 'ros'
[0.347s] DEBUG:colcon.colcon_core.package_identification:Package 'src/pixel2coordinate' with type 'ros.ament_cmake' and name 'pixel2coordinate'
[0.347s] Level 1:colcon.colcon_core.package_discovery:discover_packages(recursive) using defaults
[0.347s] Level 1:colcon.colcon_core.package_discovery:discover_packages(ignore) discover
[0.347s] Level 1:colcon.colcon_core.package_discovery:discover_packages(ignore) using defaults
[0.347s] Level 1:colcon.colcon_core.package_discovery:discover_packages(path) discover
[0.347s] Level 1:colcon.colcon_core.package_discovery:discover_packages(path) using defaults
[0.377s] Level 1:colcon.colcon_core.package_discovery:discover_packages(prefix_path) check parameters
[0.377s] Level 1:colcon.colcon_core.package_discovery:discover_packages(prefix_path) discover
[0.381s] DEBUG:colcon.colcon_installed_package_information.package_discovery:Found 7 installed packages in /home/kim/open_topic/linux/ws/install
[0.383s] DEBUG:colcon.colcon_installed_package_information.package_discovery:Found 0 installed packages in /home/kim/ros2/ws/install
[0.385s] DEBUG:colcon.colcon_installed_package_information.package_discovery:Found 4 installed packages in /home/kim/ros2/downloadws/install
[0.387s] DEBUG:colcon.colcon_installed_package_information.package_discovery:Found 2 installed packages in /home/kim/is/ubnutu/ws/install
[0.390s] DEBUG:colcon.colcon_installed_package_information.package_discovery:Found 258 installed packages in /opt/ros/foxy
[0.391s] Level 1:colcon.colcon_core.package_discovery:discover_packages(prefix_path) using defaults
[0.434s] Level 5:colcon.colcon_core.verb:set package 'check_qos' build argument 'cmake_args' from command line to 'None'
[0.434s] Level 5:colcon.colcon_core.verb:set package 'check_qos' build argument 'cmake_target' from command line to 'None'
[0.434s] Level 5:colcon.colcon_core.verb:set package 'check_qos' build argument 'cmake_target_skip_unavailable' from command line to 'False'
[0.434s] Level 5:colcon.colcon_core.verb:set package 'check_qos' build argument 'cmake_clean_cache' from command line to 'False'
[0.435s] Level 5:colcon.colcon_core.verb:set package 'check_qos' build argument 'cmake_clean_first' from command line to 'False'
[0.435s] Level 5:colcon.colcon_core.verb:set package 'check_qos' build argument 'cmake_force_configure' from command line to 'False'
[0.435s] Level 5:colcon.colcon_core.verb:set package 'check_qos' build argument 'ament_cmake_args' from command line to 'None'
[0.435s] Level 5:colcon.colcon_core.verb:set package 'check_qos' build argument 'catkin_cmake_args' from command line to 'None'
[0.435s] Level 5:colcon.colcon_core.verb:set package 'check_qos' build argument 'catkin_skip_building_tests' from command line to 'False'
[0.435s] DEBUG:colcon.colcon_core.verb:Building package 'check_qos' with the following arguments: {'ament_cmake_args': None, 'build_base': '/home/kim/open_topic/linux/ws/build/check_qos', 'catkin_cmake_args': None, 'catkin_skip_building_tests': False, 'cmake_args': None, 'cmake_clean_cache': False, 'cmake_clean_first': False, 'cmake_force_configure': False, 'cmake_target': None, 'cmake_target_skip_unavailable': False, 'install_base': '/home/kim/open_topic/linux/ws/install/check_qos', 'merge_install': False, 'path': '/home/kim/open_topic/linux/ws/src/check_qos', 'symlink_install': False, 'test_result_base': None}
[0.437s] Level 5:colcon.colcon_core.verb:set package 'delay_frame' build argument 'cmake_args' from command line to 'None'
[0.437s] Level 5:colcon.colcon_core.verb:set package 'delay_frame' build argument 'cmake_target' from command line to 'None'
[0.437s] Level 5:colcon.colcon_core.verb:set package 'delay_frame' build argument 'cmake_target_skip_unavailable' from command line to 'False'
[0.437s] Level 5:colcon.colcon_core.verb:set package 'delay_frame' build argument 'cmake_clean_cache' from command line to 'False'
[0.437s] Level 5:colcon.colcon_core.verb:set package 'delay_frame' build argument 'cmake_clean_first' from command line to 'False'
[0.437s] Level 5:colcon.colcon_core.verb:set package 'delay_frame' build argument 'cmake_force_configure' from command line to 'False'
[0.437s] Level 5:colcon.colcon_core.verb:set package 'delay_frame' build argument 'ament_cmake_args' from command line to 'None'
[0.437s] Level 5:colcon.colcon_core.verb:set package 'delay_frame' build argument 'catkin_cmake_args' from command line to 'None'
[0.437s] Level 5:colcon.colcon_core.verb:set package 'delay_frame' build argument 'catkin_skip_building_tests' from command line to 'False'
[0.437s] DEBUG:colcon.colcon_core.verb:Building package 'delay_frame' with the following arguments: {'ament_cmake_args': None, 'build_base': '/home/kim/open_topic/linux/ws/build/delay_frame', 'catkin_cmake_args': None, 'catkin_skip_building_tests': False, 'cmake_args': None, 'cmake_clean_cache': False, 'cmake_clean_first': False, 'cmake_force_configure': False, 'cmake_target': None, 'cmake_target_skip_unavailable': False, 'install_base': '/home/kim/open_topic/linux/ws/install/delay_frame', 'merge_install': False, 'path': '/home/kim/open_topic/linux/ws/src/delay_frame', 'symlink_install': False, 'test_result_base': None}
[0.439s] Level 5:colcon.colcon_core.verb:set package 'fake_image' build argument 'cmake_args' from command line to 'None'
[0.439s] Level 5:colcon.colcon_core.verb:set package 'fake_image' build argument 'cmake_target' from command line to 'None'
[0.439s] Level 5:colcon.colcon_core.verb:set package 'fake_image' build argument 'cmake_target_skip_unavailable' from command line to 'False'
[0.439s] Level 5:colcon.colcon_core.verb:set package 'fake_image' build argument 'cmake_clean_cache' from command line to 'False'
[0.439s] Level 5:colcon.colcon_core.verb:set package 'fake_image' build argument 'cmake_clean_first' from command line to 'False'
[0.439s] Level 5:colcon.colcon_core.verb:set package 'fake_image' build argument 'cmake_force_configure' from command line to 'False'
[0.439s] Level 5:colcon.colcon_core.verb:set package 'fake_image' build argument 'ament_cmake_args' from command line to 'None'
[0.439s] Level 5:colcon.colcon_core.verb:set package 'fake_image' build argument 'catkin_cmake_args' from command line to 'None'
[0.439s] Level 5:colcon.colcon_core.verb:set package 'fake_image' build argument 'catkin_skip_building_tests' from command line to 'False'
[0.439s] DEBUG:colcon.colcon_core.verb:Building package 'fake_image' with the following arguments: {'ament_cmake_args': None, 'build_base': '/home/kim/open_topic/linux/ws/build/fake_image', 'catkin_cmake_args': None, 'catkin_skip_building_tests': False, 'cmake_args': None, 'cmake_clean_cache': False, 'cmake_clean_first': False, 'cmake_force_configure': False, 'cmake_target': None, 'cmake_target_skip_unavailable': False, 'install_base': '/home/kim/open_topic/linux/ws/install/fake_image', 'merge_install': False, 'path': '/home/kim/open_topic/linux/ws/src/fake_image', 'symlink_install': False, 'test_result_base': None}
[0.441s] Level 5:colcon.colcon_core.verb:set package 'fake_pixel' build argument 'cmake_args' from command line to 'None'
[0.441s] Level 5:colcon.colcon_core.verb:set package 'fake_pixel' build argument 'cmake_target' from command line to 'None'
[0.441s] Level 5:colcon.colcon_core.verb:set package 'fake_pixel' build argument 'cmake_target_skip_unavailable' from command line to 'False'
[0.441s] Level 5:colcon.colcon_core.verb:set package 'fake_pixel' build argument 'cmake_clean_cache' from command line to 'False'
[0.441s] Level 5:colcon.colcon_core.verb:set package 'fake_pixel' build argument 'cmake_clean_first' from command line to 'False'
[0.441s] Level 5:colcon.colcon_core.verb:set package 'fake_pixel' build argument 'cmake_force_configure' from command line to 'False'
[0.441s] Level 5:colcon.colcon_core.verb:set package 'fake_pixel' build argument 'ament_cmake_args' from command line to 'None'
[0.441s] Level 5:colcon.colcon_core.verb:set package 'fake_pixel' build argument 'catkin_cmake_args' from command line to 'None'
[0.441s] Level 5:colcon.colcon_core.verb:set package 'fake_pixel' build argument 'catkin_skip_building_tests' from command line to 'False'
[0.441s] DEBUG:colcon.colcon_core.verb:Building package 'fake_pixel' with the following arguments: {'ament_cmake_args': None, 'build_base': '/home/kim/open_topic/linux/ws/build/fake_pixel', 'catkin_cmake_args': None, 'catkin_skip_building_tests': False, 'cmake_args': None, 'cmake_clean_cache': False, 'cmake_clean_first': False, 'cmake_force_configure': False, 'cmake_target': None, 'cmake_target_skip_unavailable': False, 'install_base': '/home/kim/open_topic/linux/ws/install/fake_pixel', 'merge_install': False, 'path': '/home/kim/open_topic/linux/ws/src/fake_pixel', 'symlink_install': False, 'test_result_base': None}
[0.443s] Level 5:colcon.colcon_core.verb:set package 'pixel2coordinate' build argument 'cmake_args' from command line to 'None'
[0.443s] Level 5:colcon.colcon_core.verb:set package 'pixel2coordinate' build argument 'cmake_target' from command line to 'None'
[0.443s] Level 5:colcon.colcon_core.verb:set package 'pixel2coordinate' build argument 'cmake_target_skip_unavailable' from command line to 'False'
[0.443s] Level 5:colcon.colcon_core.verb:set package 'pixel2coordinate' build argument 'cmake_clean_cache' from command line to 'False'
[0.443s] Level 5:colcon.colcon_core.verb:set package 'pixel2coordinate' build argument 'cmake_clean_first' from command line to 'False'
[0.443s] Level 5:colcon.colcon_core.verb:set package 'pixel2coordinate' build argument 'cmake_force_configure' from command line to 'False'
[0.443s] Level 5:colcon.colcon_core.verb:set package 'pixel2coordinate' build argument 'ament_cmake_args' from command line to 'None'
[0.443s] Level 5:colcon.colcon_core.verb:set package 'pixel2coordinate' build argument 'catkin_cmake_args' from command line to 'None'
[0.443s] Level 5:colcon.colcon_core.verb:set package 'pixel2coordinate' build argument 'catkin_skip_building_tests' from command line to 'False'
[0.443s] DEBUG:colcon.colcon_core.verb:Building package 'pixel2coordinate' with the following arguments: {'ament_cmake_args': None, 'build_base': '/home/kim/open_topic/linux/ws/build/pixel2coordinate', 'catkin_cmake_args': None, 'catkin_skip_building_tests': False, 'cmake_args': None, 'cmake_clean_cache': False, 'cmake_clean_first': False, 'cmake_force_configure': False, 'cmake_target': None, 'cmake_target_skip_unavailable': False, 'install_base': '/home/kim/open_topic/linux/ws/install/pixel2coordinate', 'merge_install': False, 'path': '/home/kim/open_topic/linux/ws/src/pixel2coordinate', 'symlink_install': False, 'test_result_base': None}
[0.445s] INFO:colcon.colcon_core.executor:Executing jobs using 'parallel' executor
[0.455s] DEBUG:colcon.colcon_parallel_executor.executor.parallel:run_until_complete
[0.455s] INFO:colcon.colcon_ros.task.ament_cmake.build:Building ROS package in '/home/kim/open_topic/linux/ws/src/check_qos' with build type 'ament_cmake'
[0.455s] INFO:colcon.colcon_cmake.task.cmake.build:Building CMake package in '/home/kim/open_topic/linux/ws/src/check_qos'
[0.462s] INFO:colcon.colcon_core.plugin_system:Skipping extension 'colcon_core.shell.bat': Not used on non-Windows systems
[0.462s] INFO:colcon.colcon_core.shell:Skip shell extension 'powershell' for command environment: Not usable outside of PowerShell
[0.462s] DEBUG:colcon.colcon_core.shell:Skip shell extension 'dsv' for command environment
[0.478s] INFO:colcon.colcon_ros.task.ament_cmake.build:Building ROS package in '/home/kim/open_topic/linux/ws/src/delay_frame' with build type 'ament_cmake'
[0.478s] INFO:colcon.colcon_cmake.task.cmake.build:Building CMake package in '/home/kim/open_topic/linux/ws/src/delay_frame'
[0.483s] INFO:colcon.colcon_core.shell:Skip shell extension 'powershell' for command environment: Not usable outside of PowerShell
[0.483s] DEBUG:colcon.colcon_core.shell:Skip shell extension 'dsv' for command environment
[0.500s] INFO:colcon.colcon_ros.task.ament_cmake.build:Building ROS package in '/home/kim/open_topic/linux/ws/src/fake_image' with build type 'ament_cmake'
[0.500s] INFO:colcon.colcon_cmake.task.cmake.build:Building CMake package in '/home/kim/open_topic/linux/ws/src/fake_image'
[0.505s] INFO:colcon.colcon_core.shell:Skip shell extension 'powershell' for command environment: Not usable outside of PowerShell
[0.505s] DEBUG:colcon.colcon_core.shell:Skip shell extension 'dsv' for command environment
[0.523s] INFO:colcon.colcon_ros.task.ament_cmake.build:Building ROS package in '/home/kim/open_topic/linux/ws/src/fake_pixel' with build type 'ament_cmake'
[0.523s] INFO:colcon.colcon_cmake.task.cmake.build:Building CMake package in '/home/kim/open_topic/linux/ws/src/fake_pixel'
[0.528s] INFO:colcon.colcon_core.shell:Skip shell extension 'powershell' for command environment: Not usable outside of PowerShell
[0.528s] DEBUG:colcon.colcon_core.shell:Skip shell extension 'dsv' for command environment
[0.545s] INFO:colcon.colcon_ros.task.ament_cmake.build:Building ROS package in '/home/kim/open_topic/linux/ws/src/pixel2coordinate' with build type 'ament_cmake'
[0.545s] INFO:colcon.colcon_cmake.task.cmake.build:Building CMake package in '/home/kim/open_topic/linux/ws/src/pixel2coordinate'
[0.550s] INFO:colcon.colcon_core.shell:Skip shell extension 'powershell' for command environment: Not usable outside of PowerShell
[0.550s] DEBUG:colcon.colcon_core.shell:Skip shell extension 'dsv' for command environment
[0.573s] DEBUG:colcon.colcon_core.event_handler.log_command:Invoking command in '/home/kim/open_topic/linux/ws/build/check_qos': CMAKE_PREFIX_PATH=${CMAKE_PREFIX_PATH}:/opt/ros/foxy /home/kim/.local/bin/cmake --build /home/kim/open_topic/linux/ws/build/check_qos -- -j12 -l12
[0.584s] DEBUG:colcon.colcon_core.event_handler.log_command:Invoking command in '/home/kim/open_topic/linux/ws/build/delay_frame': CMAKE_PREFIX_PATH=${CMAKE_PREFIX_PATH}:/opt/ros/foxy /home/kim/.local/bin/cmake --build /home/kim/open_topic/linux/ws/build/delay_frame -- -j12 -l12
[0.591s] DEBUG:colcon.colcon_core.event_handler.log_command:Invoking command in '/home/kim/open_topic/linux/ws/build/fake_image': CMAKE_PREFIX_PATH=${CMAKE_PREFIX_PATH}:/opt/ros/foxy /home/kim/.local/bin/cmake --build /home/kim/open_topic/linux/ws/build/fake_image -- -j12 -l12
[0.597s] DEBUG:colcon.colcon_core.event_handler.log_command:Invoking command in '/home/kim/open_topic/linux/ws/build/fake_pixel': CMAKE_PREFIX_PATH=${CMAKE_PREFIX_PATH}:/opt/ros/foxy /home/kim/.local/bin/cmake --build /home/kim/open_topic/linux/ws/build/fake_pixel -- -j12 -l12
[0.598s] DEBUG:colcon.colcon_core.event_handler.log_command:Invoking command in '/home/kim/open_topic/linux/ws/build/pixel2coordinate': CMAKE_PREFIX_PATH=${CMAKE_PREFIX_PATH}:/opt/ros/foxy /home/kim/.local/bin/cmake --build /home/kim/open_topic/linux/ws/build/pixel2coordinate -- -j12 -l12
[0.632s] DEBUG:colcon.colcon_core.event_handler.log_command:Invoked command in '/home/kim/open_topic/linux/ws/build/check_qos' returned '0': CMAKE_PREFIX_PATH=${CMAKE_PREFIX_PATH}:/opt/ros/foxy /home/kim/.local/bin/cmake --build /home/kim/open_topic/linux/ws/build/check_qos -- -j12 -l12
[0.637s] DEBUG:colcon.colcon_core.event_handler.log_command:Invoked command in '/home/kim/open_topic/linux/ws/build/delay_frame' returned '0': CMAKE_PREFIX_PATH=${CMAKE_PREFIX_PATH}:/opt/ros/foxy /home/kim/.local/bin/cmake --build /home/kim/open_topic/linux/ws/build/delay_frame -- -j12 -l12
[0.642s] DEBUG:colcon.colcon_core.event_handler.log_command:Invoked command in '/home/kim/open_topic/linux/ws/build/fake_image' returned '0': CMAKE_PREFIX_PATH=${CMAKE_PREFIX_PATH}:/opt/ros/foxy /home/kim/.local/bin/cmake --build /home/kim/open_topic/linux/ws/build/fake_image -- -j12 -l12
[0.647s] DEBUG:colcon.colcon_core.event_handler.log_command:Invoked command in '/home/kim/open_topic/linux/ws/build/fake_pixel' returned '0': CMAKE_PREFIX_PATH=${CMAKE_PREFIX_PATH}:/opt/ros/foxy /home/kim/.local/bin/cmake --build /home/kim/open_topic/linux/ws/build/fake_pixel -- -j12 -l12
[0.654s] DEBUG:colcon.colcon_core.event_handler.log_command:Invoked command in '/home/kim/open_topic/linux/ws/build/pixel2coordinate' returned '0': CMAKE_PREFIX_PATH=${CMAKE_PREFIX_PATH}:/opt/ros/foxy /home/kim/.local/bin/cmake --build /home/kim/open_topic/linux/ws/build/pixel2coordinate -- -j12 -l12
[0.718s] DEBUG:colcon.colcon_core.event_handler.log_command:Invoking command in '/home/kim/open_topic/linux/ws/build/delay_frame': CMAKE_PREFIX_PATH=${CMAKE_PREFIX_PATH}:/opt/ros/foxy /home/kim/.local/bin/cmake --install /home/kim/open_topic/linux/ws/build/delay_frame
[0.721s] DEBUG:colcon.colcon_core.event_handler.log_command:Invoking command in '/home/kim/open_topic/linux/ws/build/check_qos': CMAKE_PREFIX_PATH=${CMAKE_PREFIX_PATH}:/opt/ros/foxy /home/kim/.local/bin/cmake --install /home/kim/open_topic/linux/ws/build/check_qos
[0.725s] DEBUG:colcon.colcon_core.event_handler.log_command:Invoking command in '/home/kim/open_topic/linux/ws/build/fake_pixel': CMAKE_PREFIX_PATH=${CMAKE_PREFIX_PATH}:/opt/ros/foxy /home/kim/.local/bin/cmake --install /home/kim/open_topic/linux/ws/build/fake_pixel
[0.727s] DEBUG:colcon.colcon_core.event_handler.log_command:Invoking command in '/home/kim/open_topic/linux/ws/build/fake_image': CMAKE_PREFIX_PATH=${CMAKE_PREFIX_PATH}:/opt/ros/foxy /home/kim/.local/bin/cmake --install /home/kim/open_topic/linux/ws/build/fake_image
[0.730s] DEBUG:colcon.colcon_core.event_handler.log_command:Invoking command in '/home/kim/open_topic/linux/ws/build/pixel2coordinate': CMAKE_PREFIX_PATH=${CMAKE_PREFIX_PATH}:/opt/ros/foxy /home/kim/.local/bin/cmake --install /home/kim/open_topic/linux/ws/build/pixel2coordinate
[0.793s] Level 1:colcon.colcon_core.environment:create_environment_scripts_only(delay_frame)
[0.801s] DEBUG:colcon.colcon_core.event_handler.log_command:Invoked command in '/home/kim/open_topic/linux/ws/build/delay_frame' returned '0': CMAKE_PREFIX_PATH=${CMAKE_PREFIX_PATH}:/opt/ros/foxy /home/kim/.local/bin/cmake --install /home/kim/open_topic/linux/ws/build/delay_frame
[0.805s] Level 1:colcon.colcon_core.environment:checking '/home/kim/open_topic/linux/ws/install/delay_frame' for CMake module files
[0.806s] Level 1:colcon.colcon_core.environment:checking '/home/kim/open_topic/linux/ws/install/delay_frame' for CMake config files
[0.806s] Level 1:colcon.colcon_core.shell:create_environment_hook('delay_frame', 'cmake_prefix_path')
[0.810s] INFO:colcon.colcon_core.shell:Creating environment hook '/home/kim/open_topic/linux/ws/install/delay_frame/share/delay_frame/hook/cmake_prefix_path.ps1'
[0.811s] INFO:colcon.colcon_core.shell:Creating environment descriptor '/home/kim/open_topic/linux/ws/install/delay_frame/share/delay_frame/hook/cmake_prefix_path.dsv'
[0.811s] INFO:colcon.colcon_core.shell:Creating environment hook '/home/kim/open_topic/linux/ws/install/delay_frame/share/delay_frame/hook/cmake_prefix_path.sh'
[0.812s] Level 1:colcon.colcon_core.environment:checking '/home/kim/open_topic/linux/ws/install/delay_frame/lib'
[0.813s] Level 1:colcon.colcon_core.environment:checking '/home/kim/open_topic/linux/ws/install/delay_frame/bin'
[0.813s] Level 1:colcon.colcon_core.environment:checking '/home/kim/open_topic/linux/ws/install/delay_frame/lib/pkgconfig/delay_frame.pc'
[0.813s] Level 1:colcon.colcon_core.environment:checking '/home/kim/open_topic/linux/ws/install/delay_frame/lib/python3.8/site-packages'
[0.813s] Level 1:colcon.colcon_core.shell:create_environment_hook('delay_frame', 'pythonpath')
[0.817s] INFO:colcon.colcon_core.shell:Creating environment hook '/home/kim/open_topic/linux/ws/install/delay_frame/share/delay_frame/hook/pythonpath.ps1'
[0.817s] INFO:colcon.colcon_core.shell:Creating environment descriptor '/home/kim/open_topic/linux/ws/install/delay_frame/share/delay_frame/hook/pythonpath.dsv'
[0.818s] INFO:colcon.colcon_core.shell:Creating environment hook '/home/kim/open_topic/linux/ws/install/delay_frame/share/delay_frame/hook/pythonpath.sh'
[0.818s] Level 1:colcon.colcon_core.environment:checking '/home/kim/open_topic/linux/ws/install/delay_frame/bin'
[0.822s] INFO:colcon.colcon_core.shell:Creating package script '/home/kim/open_topic/linux/ws/install/delay_frame/share/delay_frame/package.ps1'
[0.823s] INFO:colcon.colcon_core.shell:Creating package descriptor '/home/kim/open_topic/linux/ws/install/delay_frame/share/delay_frame/package.dsv'
[0.823s] INFO:colcon.colcon_core.shell:Creating package script '/home/kim/open_topic/linux/ws/install/delay_frame/share/delay_frame/package.sh'
[0.824s] INFO:colcon.colcon_core.shell:Creating package script '/home/kim/open_topic/linux/ws/install/delay_frame/share/delay_frame/package.bash'
[0.825s] INFO:colcon.colcon_core.shell:Creating package script '/home/kim/open_topic/linux/ws/install/delay_frame/share/delay_frame/package.zsh'
[0.825s] Level 1:colcon.colcon_core.environment:create_file_with_runtime_dependencies(/home/kim/open_topic/linux/ws/install/delay_frame/share/colcon-core/packages/delay_frame)
[0.828s] Level 1:colcon.colcon_core.environment:create_environment_scripts_only(fake_pixel)
[0.835s] Level 1:colcon.colcon_core.environment:checking '/home/kim/open_topic/linux/ws/install/fake_pixel' for CMake module files
[0.836s] Level 1:colcon.colcon_core.environment:checking '/home/kim/open_topic/linux/ws/install/fake_pixel' for CMake config files
[0.836s] DEBUG:colcon.colcon_core.event_handler.log_command:Invoked command in '/home/kim/open_topic/linux/ws/build/fake_pixel' returned '0': CMAKE_PREFIX_PATH=${CMAKE_PREFIX_PATH}:/opt/ros/foxy /home/kim/.local/bin/cmake --install /home/kim/open_topic/linux/ws/build/fake_pixel
[0.836s] Level 1:colcon.colcon_core.shell:create_environment_hook('fake_pixel', 'cmake_prefix_path')
[0.840s] INFO:colcon.colcon_core.shell:Creating environment hook '/home/kim/open_topic/linux/ws/install/fake_pixel/share/fake_pixel/hook/cmake_prefix_path.ps1'
[0.841s] INFO:colcon.colcon_core.shell:Creating environment descriptor '/home/kim/open_topic/linux/ws/install/fake_pixel/share/fake_pixel/hook/cmake_prefix_path.dsv'
[0.841s] INFO:colcon.colcon_core.shell:Creating environment hook '/home/kim/open_topic/linux/ws/install/fake_pixel/share/fake_pixel/hook/cmake_prefix_path.sh'
[0.842s] Level 1:colcon.colcon_core.environment:checking '/home/kim/open_topic/linux/ws/install/fake_pixel/lib'
[0.842s] Level 1:colcon.colcon_core.environment:checking '/home/kim/open_topic/linux/ws/install/fake_pixel/bin'
[0.842s] Level 1:colcon.colcon_core.environment:checking '/home/kim/open_topic/linux/ws/install/fake_pixel/lib/pkgconfig/fake_pixel.pc'
[0.842s] Level 1:colcon.colcon_core.environment:checking '/home/kim/open_topic/linux/ws/install/fake_pixel/lib/python3.8/site-packages'
[0.842s] Level 1:colcon.colcon_core.shell:create_environment_hook('fake_pixel', 'pythonpath')
[0.847s] INFO:colcon.colcon_core.shell:Creating environment hook '/home/kim/open_topic/linux/ws/install/fake_pixel/share/fake_pixel/hook/pythonpath.ps1'
[0.847s] INFO:colcon.colcon_core.shell:Creating environment descriptor '/home/kim/open_topic/linux/ws/install/fake_pixel/share/fake_pixel/hook/pythonpath.dsv'
[0.848s] INFO:colcon.colcon_core.shell:Creating environment hook '/home/kim/open_topic/linux/ws/install/fake_pixel/share/fake_pixel/hook/pythonpath.sh'
[0.848s] Level 1:colcon.colcon_core.environment:checking '/home/kim/open_topic/linux/ws/install/fake_pixel/bin'
[0.852s] INFO:colcon.colcon_core.shell:Creating package script '/home/kim/open_topic/linux/ws/install/fake_pixel/share/fake_pixel/package.ps1'
[0.853s] INFO:colcon.colcon_core.shell:Creating package descriptor '/home/kim/open_topic/linux/ws/install/fake_pixel/share/fake_pixel/package.dsv'
[0.853s] INFO:colcon.colcon_core.shell:Creating package script '/home/kim/open_topic/linux/ws/install/fake_pixel/share/fake_pixel/package.sh'
[0.854s] INFO:colcon.colcon_core.shell:Creating package script '/home/kim/open_topic/linux/ws/install/fake_pixel/share/fake_pixel/package.bash'
[0.854s] INFO:colcon.colcon_core.shell:Creating package script '/home/kim/open_topic/linux/ws/install/fake_pixel/share/fake_pixel/package.zsh'
[0.854s] Level 1:colcon.colcon_core.environment:create_file_with_runtime_dependencies(/home/kim/open_topic/linux/ws/install/fake_pixel/share/colcon-core/packages/fake_pixel)
[0.860s] Level 1:colcon.colcon_core.environment:create_environment_scripts_only(check_qos)
[0.866s] Level 1:colcon.colcon_core.environment:checking '/home/kim/open_topic/linux/ws/install/check_qos' for CMake module files
[0.867s] DEBUG:colcon.colcon_core.event_handler.log_command:Invoked command in '/home/kim/open_topic/linux/ws/build/check_qos' returned '0': CMAKE_PREFIX_PATH=${CMAKE_PREFIX_PATH}:/opt/ros/foxy /home/kim/.local/bin/cmake --install /home/kim/open_topic/linux/ws/build/check_qos
[0.867s] Level 1:colcon.colcon_core.environment:checking '/home/kim/open_topic/linux/ws/install/check_qos' for CMake config files
[0.867s] Level 1:colcon.colcon_core.shell:create_environment_hook('check_qos', 'cmake_prefix_path')
[0.871s] INFO:colcon.colcon_core.shell:Creating environment hook '/home/kim/open_topic/linux/ws/install/check_qos/share/check_qos/hook/cmake_prefix_path.ps1'
[0.872s] INFO:colcon.colcon_core.shell:Creating environment descriptor '/home/kim/open_topic/linux/ws/install/check_qos/share/check_qos/hook/cmake_prefix_path.dsv'
[0.872s] INFO:colcon.colcon_core.shell:Creating environment hook '/home/kim/open_topic/linux/ws/install/check_qos/share/check_qos/hook/cmake_prefix_path.sh'
[0.873s] Level 1:colcon.colcon_core.environment:checking '/home/kim/open_topic/linux/ws/install/check_qos/lib'
[0.873s] Level 1:colcon.colcon_core.environment:checking '/home/kim/open_topic/linux/ws/install/check_qos/bin'
[0.873s] Level 1:colcon.colcon_core.environment:checking '/home/kim/open_topic/linux/ws/install/check_qos/lib/pkgconfig/check_qos.pc'
[0.873s] Level 1:colcon.colcon_core.environment:checking '/home/kim/open_topic/linux/ws/install/check_qos/lib/python3.8/site-packages'
[0.873s] Level 1:colcon.colcon_core.shell:create_environment_hook('check_qos', 'pythonpath')
[0.878s] INFO:colcon.colcon_core.shell:Creating environment hook '/home/kim/open_topic/linux/ws/install/check_qos/share/check_qos/hook/pythonpath.ps1'
[0.878s] INFO:colcon.colcon_core.shell:Creating environment descriptor '/home/kim/open_topic/linux/ws/install/check_qos/share/check_qos/hook/pythonpath.dsv'
[0.879s] INFO:colcon.colcon_core.shell:Creating environment hook '/home/kim/open_topic/linux/ws/install/check_qos/share/check_qos/hook/pythonpath.sh'
[0.879s] Level 1:colcon.colcon_core.environment:checking '/home/kim/open_topic/linux/ws/install/check_qos/bin'
[0.884s] INFO:colcon.colcon_core.shell:Creating package script '/home/kim/open_topic/linux/ws/install/check_qos/share/check_qos/package.ps1'
[0.885s] INFO:colcon.colcon_core.shell:Creating package descriptor '/home/kim/open_topic/linux/ws/install/check_qos/share/check_qos/package.dsv'
[0.885s] INFO:colcon.colcon_core.shell:Creating package script '/home/kim/open_topic/linux/ws/install/check_qos/share/check_qos/package.sh'
[0.886s] INFO:colcon.colcon_core.shell:Creating package script '/home/kim/open_topic/linux/ws/install/check_qos/share/check_qos/package.bash'
[0.886s] INFO:colcon.colcon_core.shell:Creating package script '/home/kim/open_topic/linux/ws/install/check_qos/share/check_qos/package.zsh'
[0.886s] Level 1:colcon.colcon_core.environment:create_file_with_runtime_dependencies(/home/kim/open_topic/linux/ws/install/check_qos/share/colcon-core/packages/check_qos)
[0.890s] Level 1:colcon.colcon_core.environment:create_environment_scripts_only(pixel2coordinate)
[0.896s] DEBUG:colcon.colcon_core.event_handler.log_command:Invoked command in '/home/kim/open_topic/linux/ws/build/pixel2coordinate' returned '0': CMAKE_PREFIX_PATH=${CMAKE_PREFIX_PATH}:/opt/ros/foxy /home/kim/.local/bin/cmake --install /home/kim/open_topic/linux/ws/build/pixel2coordinate
[0.897s] Level 1:colcon.colcon_core.environment:checking '/home/kim/open_topic/linux/ws/install/pixel2coordinate' for CMake module files
[0.897s] Level 1:colcon.colcon_core.environment:checking '/home/kim/open_topic/linux/ws/install/pixel2coordinate' for CMake config files
[0.898s] Level 1:colcon.colcon_core.shell:create_environment_hook('pixel2coordinate', 'cmake_prefix_path')
[0.902s] INFO:colcon.colcon_core.shell:Creating environment hook '/home/kim/open_topic/linux/ws/install/pixel2coordinate/share/pixel2coordinate/hook/cmake_prefix_path.ps1'
[0.902s] INFO:colcon.colcon_core.shell:Creating environment descriptor '/home/kim/open_topic/linux/ws/install/pixel2coordinate/share/pixel2coordinate/hook/cmake_prefix_path.dsv'
[0.903s] INFO:colcon.colcon_core.shell:Creating environment hook '/home/kim/open_topic/linux/ws/install/pixel2coordinate/share/pixel2coordinate/hook/cmake_prefix_path.sh'
[0.903s] Level 1:colcon.colcon_core.environment:checking '/home/kim/open_topic/linux/ws/install/pixel2coordinate/lib'
[0.903s] Level 1:colcon.colcon_core.environment:checking '/home/kim/open_topic/linux/ws/install/pixel2coordinate/bin'
[0.903s] Level 1:colcon.colcon_core.environment:checking '/home/kim/open_topic/linux/ws/install/pixel2coordinate/lib/pkgconfig/pixel2coordinate.pc'
[0.904s] Level 1:colcon.colcon_core.environment:checking '/home/kim/open_topic/linux/ws/install/pixel2coordinate/lib/python3.8/site-packages'
[0.904s] Level 1:colcon.colcon_core.shell:create_environment_hook('pixel2coordinate', 'pythonpath')
[0.908s] INFO:colcon.colcon_core.shell:Creating environment hook '/home/kim/open_topic/linux/ws/install/pixel2coordinate/share/pixel2coordinate/hook/pythonpath.ps1'
[0.908s] INFO:colcon.colcon_core.shell:Creating environment descriptor '/home/kim/open_topic/linux/ws/install/pixel2coordinate/share/pixel2coordinate/hook/pythonpath.dsv'
[0.909s] INFO:colcon.colcon_core.shell:Creating environment hook '/home/kim/open_topic/linux/ws/install/pixel2coordinate/share/pixel2coordinate/hook/pythonpath.sh'
[0.909s] Level 1:colcon.colcon_core.environment:checking '/home/kim/open_topic/linux/ws/install/pixel2coordinate/bin'
[0.914s] INFO:colcon.colcon_core.shell:Creating package script '/home/kim/open_topic/linux/ws/install/pixel2coordinate/share/pixel2coordinate/package.ps1'
[0.914s] INFO:colcon.colcon_core.shell:Creating package descriptor '/home/kim/open_topic/linux/ws/install/pixel2coordinate/share/pixel2coordinate/package.dsv'
[0.915s] INFO:colcon.colcon_core.shell:Creating package script '/home/kim/open_topic/linux/ws/install/pixel2coordinate/share/pixel2coordinate/package.sh'
[0.915s] INFO:colcon.colcon_core.shell:Creating package script '/home/kim/open_topic/linux/ws/install/pixel2coordinate/share/pixel2coordinate/package.bash'
[0.915s] INFO:colcon.colcon_core.shell:Creating package script '/home/kim/open_topic/linux/ws/install/pixel2coordinate/share/pixel2coordinate/package.zsh'
[0.916s] Level 1:colcon.colcon_core.environment:create_file_with_runtime_dependencies(/home/kim/open_topic/linux/ws/install/pixel2coordinate/share/colcon-core/packages/pixel2coordinate)
[0.919s] Level 1:colcon.colcon_core.environment:create_environment_scripts_only(fake_image)
[0.925s] DEBUG:colcon.colcon_core.event_handler.log_command:Invoked command in '/home/kim/open_topic/linux/ws/build/fake_image' returned '0': CMAKE_PREFIX_PATH=${CMAKE_PREFIX_PATH}:/opt/ros/foxy /home/kim/.local/bin/cmake --install /home/kim/open_topic/linux/ws/build/fake_image
[0.926s] Level 1:colcon.colcon_core.environment:checking '/home/kim/open_topic/linux/ws/install/fake_image' for CMake module files
[0.926s] Level 1:colcon.colcon_core.environment:checking '/home/kim/open_topic/linux/ws/install/fake_image' for CMake config files
[0.926s] Level 1:colcon.colcon_core.shell:create_environment_hook('fake_image', 'cmake_prefix_path')
[0.930s] INFO:colcon.colcon_core.shell:Creating environment hook '/home/kim/open_topic/linux/ws/install/fake_image/share/fake_image/hook/cmake_prefix_path.ps1'
[0.931s] INFO:colcon.colcon_core.shell:Creating environment descriptor '/home/kim/open_topic/linux/ws/install/fake_image/share/fake_image/hook/cmake_prefix_path.dsv'
[0.932s] INFO:colcon.colcon_core.shell:Creating environment hook '/home/kim/open_topic/linux/ws/install/fake_image/share/fake_image/hook/cmake_prefix_path.sh'
[0.932s] Level 1:colcon.colcon_core.environment:checking '/home/kim/open_topic/linux/ws/install/fake_image/lib'
[0.932s] Level 1:colcon.colcon_core.environment:checking '/home/kim/open_topic/linux/ws/install/fake_image/bin'
[0.932s] Level 1:colcon.colcon_core.environment:checking '/home/kim/open_topic/linux/ws/install/fake_image/lib/pkgconfig/fake_image.pc'
[0.932s] Level 1:colcon.colcon_core.environment:checking '/home/kim/open_topic/linux/ws/install/fake_image/lib/python3.8/site-packages'
[0.932s] Level 1:colcon.colcon_core.shell:create_environment_hook('fake_image', 'pythonpath')
[0.936s] INFO:colcon.colcon_core.shell:Creating environment hook '/home/kim/open_topic/linux/ws/install/fake_image/share/fake_image/hook/pythonpath.ps1'
[0.937s] INFO:colcon.colcon_core.shell:Creating environment descriptor '/home/kim/open_topic/linux/ws/install/fake_image/share/fake_image/hook/pythonpath.dsv'
[0.937s] INFO:colcon.colcon_core.shell:Creating environment hook '/home/kim/open_topic/linux/ws/install/fake_image/share/fake_image/hook/pythonpath.sh'
[0.937s] Level 1:colcon.colcon_core.environment:checking '/home/kim/open_topic/linux/ws/install/fake_image/bin'
[0.941s] INFO:colcon.colcon_core.shell:Creating package script '/home/kim/open_topic/linux/ws/install/fake_image/share/fake_image/package.ps1'
[0.942s] INFO:colcon.colcon_core.shell:Creating package descriptor '/home/kim/open_topic/linux/ws/install/fake_image/share/fake_image/package.dsv'
[0.942s] INFO:colcon.colcon_core.shell:Creating package script '/home/kim/open_topic/linux/ws/install/fake_image/share/fake_image/package.sh'
[0.943s] INFO:colcon.colcon_core.shell:Creating package script '/home/kim/open_topic/linux/ws/install/fake_image/share/fake_image/package.bash'
[0.943s] INFO:colcon.colcon_core.shell:Creating package script '/home/kim/open_topic/linux/ws/install/fake_image/share/fake_image/package.zsh'
[0.943s] Level 1:colcon.colcon_core.environment:create_file_with_runtime_dependencies(/home/kim/open_topic/linux/ws/install/fake_image/share/colcon-core/packages/fake_image)
[0.952s] Level 1:colcon.colcon_core.environment:create_environment_scripts_only(delay_frame)
[0.957s] Level 1:colcon.colcon_core.environment:checking '/home/kim/open_topic/linux/ws/install/delay_frame' for CMake module files
[0.959s] Level 1:colcon.colcon_core.environment:checking '/home/kim/open_topic/linux/ws/install/delay_frame' for CMake config files
[0.959s] Level 1:colcon.colcon_core.shell:create_environment_hook('delay_frame', 'cmake_prefix_path')
[0.963s] INFO:colcon.colcon_core.shell:Creating environment hook '/home/kim/open_topic/linux/ws/install/delay_frame/share/delay_frame/hook/cmake_prefix_path.ps1'
[0.963s] INFO:colcon.colcon_core.shell:Creating environment descriptor '/home/kim/open_topic/linux/ws/install/delay_frame/share/delay_frame/hook/cmake_prefix_path.dsv'
[0.964s] INFO:colcon.colcon_core.shell:Creating environment hook '/home/kim/open_topic/linux/ws/install/delay_frame/share/delay_frame/hook/cmake_prefix_path.sh'
[0.964s] Level 1:colcon.colcon_core.environment:checking '/home/kim/open_topic/linux/ws/install/delay_frame/lib'
[0.964s] Level 1:colcon.colcon_core.environment:checking '/home/kim/open_topic/linux/ws/install/delay_frame/bin'
[0.964s] Level 1:colcon.colcon_core.environment:checking '/home/kim/open_topic/linux/ws/install/delay_frame/lib/pkgconfig/delay_frame.pc'
[0.964s] Level 1:colcon.colcon_core.environment:checking '/home/kim/open_topic/linux/ws/install/delay_frame/lib/python3.8/site-packages'
[0.964s] Level 1:colcon.colcon_core.shell:create_environment_hook('delay_frame', 'pythonpath')
[0.968s] INFO:colcon.colcon_core.shell:Creating environment hook '/home/kim/open_topic/linux/ws/install/delay_frame/share/delay_frame/hook/pythonpath.ps1'
[0.969s] INFO:colcon.colcon_core.shell:Creating environment descriptor '/home/kim/open_topic/linux/ws/install/delay_frame/share/delay_frame/hook/pythonpath.dsv'
[0.969s] INFO:colcon.colcon_core.shell:Creating environment hook '/home/kim/open_topic/linux/ws/install/delay_frame/share/delay_frame/hook/pythonpath.sh'
[0.969s] Level 1:colcon.colcon_core.environment:checking '/home/kim/open_topic/linux/ws/install/delay_frame/bin'
[0.974s] INFO:colcon.colcon_core.shell:Creating package script '/home/kim/open_topic/linux/ws/install/delay_frame/share/delay_frame/package.ps1'
[0.974s] INFO:colcon.colcon_core.shell:Creating package descriptor '/home/kim/open_topic/linux/ws/install/delay_frame/share/delay_frame/package.dsv'
[0.975s] INFO:colcon.colcon_core.shell:Creating package script '/home/kim/open_topic/linux/ws/install/delay_frame/share/delay_frame/package.sh'
[0.975s] INFO:colcon.colcon_core.shell:Creating package script '/home/kim/open_topic/linux/ws/install/delay_frame/share/delay_frame/package.bash'
[0.975s] INFO:colcon.colcon_core.shell:Creating package script '/home/kim/open_topic/linux/ws/install/delay_frame/share/delay_frame/package.zsh'
[0.976s] Level 1:colcon.colcon_core.environment:create_file_with_runtime_dependencies(/home/kim/open_topic/linux/ws/install/delay_frame/share/colcon-core/packages/delay_frame)
[0.980s] Level 1:colcon.colcon_core.environment:create_environment_scripts_only(fake_pixel)
[0.986s] Level 1:colcon.colcon_core.environment:checking '/home/kim/open_topic/linux/ws/install/fake_pixel' for CMake module files
[0.987s] Level 1:colcon.colcon_core.environment:checking '/home/kim/open_topic/linux/ws/install/fake_pixel' for CMake config files
[0.988s] Level 1:colcon.colcon_core.shell:create_environment_hook('fake_pixel', 'cmake_prefix_path')
[0.991s] INFO:colcon.colcon_core.shell:Creating environment hook '/home/kim/open_topic/linux/ws/install/fake_pixel/share/fake_pixel/hook/cmake_prefix_path.ps1'
[0.992s] INFO:colcon.colcon_core.shell:Creating environment descriptor '/home/kim/open_topic/linux/ws/install/fake_pixel/share/fake_pixel/hook/cmake_prefix_path.dsv'
[0.992s] INFO:colcon.colcon_core.shell:Creating environment hook '/home/kim/open_topic/linux/ws/install/fake_pixel/share/fake_pixel/hook/cmake_prefix_path.sh'
[0.993s] Level 1:colcon.colcon_core.environment:checking '/home/kim/open_topic/linux/ws/install/fake_pixel/lib'
[0.993s] Level 1:colcon.colcon_core.environment:checking '/home/kim/open_topic/linux/ws/install/fake_pixel/bin'
[0.993s] Level 1:colcon.colcon_core.environment:checking '/home/kim/open_topic/linux/ws/install/fake_pixel/lib/pkgconfig/fake_pixel.pc'
[0.993s] Level 1:colcon.colcon_core.environment:checking '/home/kim/open_topic/linux/ws/install/fake_pixel/lib/python3.8/site-packages'
[0.993s] Level 1:colcon.colcon_core.shell:create_environment_hook('fake_pixel', 'pythonpath')
[0.997s] INFO:colcon.colcon_core.shell:Creating environment hook '/home/kim/open_topic/linux/ws/install/fake_pixel/share/fake_pixel/hook/pythonpath.ps1'
[0.997s] INFO:colcon.colcon_core.shell:Creating environment descriptor '/home/kim/open_topic/linux/ws/install/fake_pixel/share/fake_pixel/hook/pythonpath.dsv'
[0.998s] INFO:colcon.colcon_core.shell:Creating environment hook '/home/kim/open_topic/linux/ws/install/fake_pixel/share/fake_pixel/hook/pythonpath.sh'
[0.998s] Level 1:colcon.colcon_core.environment:checking '/home/kim/open_topic/linux/ws/install/fake_pixel/bin'
[1.002s] INFO:colcon.colcon_core.shell:Creating package script '/home/kim/open_topic/linux/ws/install/fake_pixel/share/fake_pixel/package.ps1'
[1.003s] INFO:colcon.colcon_core.shell:Creating package descriptor '/home/kim/open_topic/linux/ws/install/fake_pixel/share/fake_pixel/package.dsv'
[1.003s] INFO:colcon.colcon_core.shell:Creating package script '/home/kim/open_topic/linux/ws/install/fake_pixel/share/fake_pixel/package.sh'
[1.004s] INFO:colcon.colcon_core.shell:Creating package script '/home/kim/open_topic/linux/ws/install/fake_pixel/share/fake_pixel/package.bash'
[1.004s] INFO:colcon.colcon_core.shell:Creating package script '/home/kim/open_topic/linux/ws/install/fake_pixel/share/fake_pixel/package.zsh'
[1.004s] Level 1:colcon.colcon_core.environment:create_file_with_runtime_dependencies(/home/kim/open_topic/linux/ws/install/fake_pixel/share/colcon-core/packages/fake_pixel)
[1.010s] Level 1:colcon.colcon_core.environment:create_environment_scripts_only(check_qos)
[1.017s] Level 1:colcon.colcon_core.environment:checking '/home/kim/open_topic/linux/ws/install/check_qos' for CMake module files
[1.017s] Level 1:colcon.colcon_core.environment:checking '/home/kim/open_topic/linux/ws/install/check_qos' for CMake config files
[1.017s] Level 1:colcon.colcon_core.shell:create_environment_hook('check_qos', 'cmake_prefix_path')
[1.021s] INFO:colcon.colcon_core.shell:Creating environment hook '/home/kim/open_topic/linux/ws/install/check_qos/share/check_qos/hook/cmake_prefix_path.ps1'
[1.022s] INFO:colcon.colcon_core.shell:Creating environment descriptor '/home/kim/open_topic/linux/ws/install/check_qos/share/check_qos/hook/cmake_prefix_path.dsv'
[1.023s] INFO:colcon.colcon_core.shell:Creating environment hook '/home/kim/open_topic/linux/ws/install/check_qos/share/check_qos/hook/cmake_prefix_path.sh'
[1.023s] Level 1:colcon.colcon_core.environment:checking '/home/kim/open_topic/linux/ws/install/check_qos/lib'
[1.023s] Level 1:colcon.colcon_core.environment:checking '/home/kim/open_topic/linux/ws/install/check_qos/bin'
[1.024s] Level 1:colcon.colcon_core.environment:checking '/home/kim/open_topic/linux/ws/install/check_qos/lib/pkgconfig/check_qos.pc'
[1.024s] Level 1:colcon.colcon_core.environment:checking '/home/kim/open_topic/linux/ws/install/check_qos/lib/python3.8/site-packages'
[1.024s] Level 1:colcon.colcon_core.shell:create_environment_hook('check_qos', 'pythonpath')
[1.028s] INFO:colcon.colcon_core.shell:Creating environment hook '/home/kim/open_topic/linux/ws/install/check_qos/share/check_qos/hook/pythonpath.ps1'
[1.028s] INFO:colcon.colcon_core.shell:Creating environment descriptor '/home/kim/open_topic/linux/ws/install/check_qos/share/check_qos/hook/pythonpath.dsv'
[1.028s] INFO:colcon.colcon_core.shell:Creating environment hook '/home/kim/open_topic/linux/ws/install/check_qos/share/check_qos/hook/pythonpath.sh'
[1.029s] Level 1:colcon.colcon_core.environment:checking '/home/kim/open_topic/linux/ws/install/check_qos/bin'
[1.033s] INFO:colcon.colcon_core.shell:Creating package script '/home/kim/open_topic/linux/ws/install/check_qos/share/check_qos/package.ps1'
[1.034s] INFO:colcon.colcon_core.shell:Creating package descriptor '/home/kim/open_topic/linux/ws/install/check_qos/share/check_qos/package.dsv'
[1.034s] INFO:colcon.colcon_core.shell:Creating package script '/home/kim/open_topic/linux/ws/install/check_qos/share/check_qos/package.sh'
[1.035s] INFO:colcon.colcon_core.shell:Creating package script '/home/kim/open_topic/linux/ws/install/check_qos/share/check_qos/package.bash'
[1.035s] INFO:colcon.colcon_core.shell:Creating package script '/home/kim/open_topic/linux/ws/install/check_qos/share/check_qos/package.zsh'
[1.035s] Level 1:colcon.colcon_core.environment:create_file_with_runtime_dependencies(/home/kim/open_topic/linux/ws/install/check_qos/share/colcon-core/packages/check_qos)
[1.040s] Level 1:colcon.colcon_core.environment:create_environment_scripts_only(pixel2coordinate)
[1.046s] Level 1:colcon.colcon_core.environment:checking '/home/kim/open_topic/linux/ws/install/pixel2coordinate' for CMake module files
[1.047s] Level 1:colcon.colcon_core.environment:checking '/home/kim/open_topic/linux/ws/install/pixel2coordinate' for CMake config files
[1.047s] Level 1:colcon.colcon_core.shell:create_environment_hook('pixel2coordinate', 'cmake_prefix_path')
[1.051s] INFO:colcon.colcon_core.shell:Creating environment hook '/home/kim/open_topic/linux/ws/install/pixel2coordinate/share/pixel2coordinate/hook/cmake_prefix_path.ps1'
[1.052s] INFO:colcon.colcon_core.shell:Creating environment descriptor '/home/kim/open_topic/linux/ws/install/pixel2coordinate/share/pixel2coordinate/hook/cmake_prefix_path.dsv'
[1.052s] INFO:colcon.colcon_core.shell:Creating environment hook '/home/kim/open_topic/linux/ws/install/pixel2coordinate/share/pixel2coordinate/hook/cmake_prefix_path.sh'
[1.052s] Level 1:colcon.colcon_core.environment:checking '/home/kim/open_topic/linux/ws/install/pixel2coordinate/lib'
[1.053s] Level 1:colcon.colcon_core.environment:checking '/home/kim/open_topic/linux/ws/install/pixel2coordinate/bin'
[1.053s] Level 1:colcon.colcon_core.environment:checking '/home/kim/open_topic/linux/ws/install/pixel2coordinate/lib/pkgconfig/pixel2coordinate.pc'
[1.053s] Level 1:colcon.colcon_core.environment:checking '/home/kim/open_topic/linux/ws/install/pixel2coordinate/lib/python3.8/site-packages'
[1.053s] Level 1:colcon.colcon_core.shell:create_environment_hook('pixel2coordinate', 'pythonpath')
[1.058s] INFO:colcon.colcon_core.shell:Creating environment hook '/home/kim/open_topic/linux/ws/install/pixel2coordinate/share/pixel2coordinate/hook/pythonpath.ps1'
[1.059s] INFO:colcon.colcon_core.shell:Creating environment descriptor '/home/kim/open_topic/linux/ws/install/pixel2coordinate/share/pixel2coordinate/hook/pythonpath.dsv'
[1.060s] INFO:colcon.colcon_core.shell:Creating environment hook '/home/kim/open_topic/linux/ws/install/pixel2coordinate/share/pixel2coordinate/hook/pythonpath.sh'
[1.060s] Level 1:colcon.colcon_core.environment:checking '/home/kim/open_topic/linux/ws/install/pixel2coordinate/bin'
[1.064s] INFO:colcon.colcon_core.shell:Creating package script '/home/kim/open_topic/linux/ws/install/pixel2coordinate/share/pixel2coordinate/package.ps1'
[1.065s] INFO:colcon.colcon_core.shell:Creating package descriptor '/home/kim/open_topic/linux/ws/install/pixel2coordinate/share/pixel2coordinate/package.dsv'
[1.065s] INFO:colcon.colcon_core.shell:Creating package script '/home/kim/open_topic/linux/ws/install/pixel2coordinate/share/pixel2coordinate/package.sh'
[1.065s] INFO:colcon.colcon_core.shell:Creating package script '/home/kim/open_topic/linux/ws/install/pixel2coordinate/share/pixel2coordinate/package.bash'
[1.066s] INFO:colcon.colcon_core.shell:Creating package script '/home/kim/open_topic/linux/ws/install/pixel2coordinate/share/pixel2coordinate/package.zsh'
[1.066s] Level 1:colcon.colcon_core.environment:create_file_with_runtime_dependencies(/home/kim/open_topic/linux/ws/install/pixel2coordinate/share/colcon-core/packages/pixel2coordinate)
[1.071s] Level 1:colcon.colcon_core.environment:create_environment_scripts_only(fake_image)
[1.077s] Level 1:colcon.colcon_core.environment:checking '/home/kim/open_topic/linux/ws/install/fake_image' for CMake module files
[1.077s] Level 1:colcon.colcon_core.environment:checking '/home/kim/open_topic/linux/ws/install/fake_image' for CMake config files
[1.078s] Level 1:colcon.colcon_core.shell:create_environment_hook('fake_image', 'cmake_prefix_path')
[1.081s] INFO:colcon.colcon_core.shell:Creating environment hook '/home/kim/open_topic/linux/ws/install/fake_image/share/fake_image/hook/cmake_prefix_path.ps1'
[1.082s] INFO:colcon.colcon_core.shell:Creating environment descriptor '/home/kim/open_topic/linux/ws/install/fake_image/share/fake_image/hook/cmake_prefix_path.dsv'
[1.082s] INFO:colcon.colcon_core.shell:Creating environment hook '/home/kim/open_topic/linux/ws/install/fake_image/share/fake_image/hook/cmake_prefix_path.sh'
[1.083s] Level 1:colcon.colcon_core.environment:checking '/home/kim/open_topic/linux/ws/install/fake_image/lib'
[1.083s] Level 1:colcon.colcon_core.environment:checking '/home/kim/open_topic/linux/ws/install/fake_image/bin'
[1.083s] Level 1:colcon.colcon_core.environment:checking '/home/kim/open_topic/linux/ws/install/fake_image/lib/pkgconfig/fake_image.pc'
[1.083s] Level 1:colcon.colcon_core.environment:checking '/home/kim/open_topic/linux/ws/install/fake_image/lib/python3.8/site-packages'
[1.083s] Level 1:colcon.colcon_core.shell:create_environment_hook('fake_image', 'pythonpath')
[1.088s] INFO:colcon.colcon_core.shell:Creating environment hook '/home/kim/open_topic/linux/ws/install/fake_image/share/fake_image/hook/pythonpath.ps1'
[1.089s] INFO:colcon.colcon_core.shell:Creating environment descriptor '/home/kim/open_topic/linux/ws/install/fake_image/share/fake_image/hook/pythonpath.dsv'
[1.090s] INFO:colcon.colcon_core.shell:Creating environment hook '/home/kim/open_topic/linux/ws/install/fake_image/share/fake_image/hook/pythonpath.sh'
[1.090s] Level 1:colcon.colcon_core.environment:checking '/home/kim/open_topic/linux/ws/install/fake_image/bin'
[1.095s] INFO:colcon.colcon_core.shell:Creating package script '/home/kim/open_topic/linux/ws/install/fake_image/share/fake_image/package.ps1'
[1.096s] INFO:colcon.colcon_core.shell:Creating package descriptor '/home/kim/open_topic/linux/ws/install/fake_image/share/fake_image/package.dsv'
[1.096s] INFO:colcon.colcon_core.shell:Creating package script '/home/kim/open_topic/linux/ws/install/fake_image/share/fake_image/package.sh'
[1.097s] INFO:colcon.colcon_core.shell:Creating package script '/home/kim/open_topic/linux/ws/install/fake_image/share/fake_image/package.bash'
[1.097s] INFO:colcon.colcon_core.shell:Creating package script '/home/kim/open_topic/linux/ws/install/fake_image/share/fake_image/package.zsh'
[1.098s] Level 1:colcon.colcon_core.environment:create_file_with_runtime_dependencies(/home/kim/open_topic/linux/ws/install/fake_image/share/colcon-core/packages/fake_image)
[1.098s] DEBUG:colcon.colcon_parallel_executor.executor.parallel:closing loop
[1.099s] DEBUG:colcon.colcon_parallel_executor.executor.parallel:loop closed
[1.099s] DEBUG:colcon.colcon_parallel_executor.executor.parallel:run_until_complete finished with '0'
[1.099s] DEBUG:colcon.colcon_core.event_reactor:joining thread
[1.105s] INFO:colcon.colcon_core.plugin_system:Skipping extension 'colcon_notification.desktop_notification.terminal_notifier': Not used on non-Darwin systems
[1.106s] INFO:colcon.colcon_core.plugin_system:Skipping extension 'colcon_notification.desktop_notification.win32': Not used on non-Windows systems
[1.106s] INFO:colcon.colcon_notification.desktop_notification:Sending desktop notification using 'notify2'
[1.120s] DEBUG:colcon.colcon_core.event_reactor:joined thread
[1.125s] INFO:colcon.colcon_core.shell:Creating prefix script '/home/kim/open_topic/linux/ws/install/local_setup.ps1'
[1.126s] INFO:colcon.colcon_core.shell:Creating prefix util module '/home/kim/open_topic/linux/ws/install/_local_setup_util_ps1.py'
[1.127s] INFO:colcon.colcon_core.shell:Creating prefix chain script '/home/kim/open_topic/linux/ws/install/setup.ps1'
[1.130s] INFO:colcon.colcon_core.shell:Creating prefix script '/home/kim/open_topic/linux/ws/install/local_setup.sh'
[1.130s] INFO:colcon.colcon_core.shell:Creating prefix util module '/home/kim/open_topic/linux/ws/install/_local_setup_util_sh.py'
[1.131s] INFO:colcon.colcon_core.shell:Creating prefix chain script '/home/kim/open_topic/linux/ws/install/setup.sh'
[1.133s] INFO:colcon.colcon_core.shell:Creating prefix script '/home/kim/open_topic/linux/ws/install/local_setup.bash'
[1.133s] INFO:colcon.colcon_core.shell:Creating prefix chain script '/home/kim/open_topic/linux/ws/install/setup.bash'
[1.135s] INFO:colcon.colcon_core.shell:Creating prefix script '/home/kim/open_topic/linux/ws/install/local_setup.zsh'
[1.136s] INFO:colcon.colcon_core.shell:Creating prefix chain script '/home/kim/open_topic/linux/ws/install/setup.zsh'
