[0.100s] Invoking command in '/home/kim/open_topic/linux/ws/build/fake_image': CMAKE_PREFIX_PATH=${CMAKE_PREFIX_PATH}:/opt/ros/foxy /home/kim/.local/bin/cmake --build /home/kim/open_topic/linux/ws/build/fake_image -- -j12 -l12
[0.150s] [100%] Built target cpp_node_test
[0.162s] Invoked command in '/home/kim/open_topic/linux/ws/build/fake_image' returned '0': CMAKE_PREFIX_PATH=${CMAKE_PREFIX_PATH}:/opt/ros/foxy /home/kim/.local/bin/cmake --build /home/kim/open_topic/linux/ws/build/fake_image -- -j12 -l12
[0.251s] Invoking command in '/home/kim/open_topic/linux/ws/build/fake_image': CMAKE_PREFIX_PATH=${CMAKE_PREFIX_PATH}:/opt/ros/foxy /home/kim/.local/bin/cmake --install /home/kim/open_topic/linux/ws/build/fake_image
[0.278s] -- Install configuration: ""
[0.278s] -- Up-to-date: /home/kim/open_topic/linux/ws/install/fake_image/share/fake_image/environment/pythonpath.sh
[0.278s] -- Up-to-date: /home/kim/open_topic/linux/ws/install/fake_image/share/fake_image/environment/pythonpath.dsv
[0.278s] -- Up-to-date: /home/kim/open_topic/linux/ws/install/fake_image/lib/python3.8/site-packages/fake_image
[0.278s] -- Up-to-date: /home/kim/open_topic/linux/ws/install/fake_image/lib/python3.8/site-packages/fake_image/dummy_module.py
[0.278s] -- Up-to-date: /home/kim/open_topic/linux/ws/install/fake_image/lib/python3.8/site-packages/fake_image/__init__.py
[0.311s] Listing '/home/kim/open_topic/linux/ws/install/fake_image/lib/python3.8/site-packages/fake_image'...
[0.315s] -- Up-to-date: /home/kim/open_topic/linux/ws/install/fake_image/lib/fake_image/pub_image.py
[0.315s] -- Up-to-date: /home/kim/open_topic/linux/ws/install/fake_image/share/fake_image
[0.315s] -- Up-to-date: /home/kim/open_topic/linux/ws/install/fake_image/share/ament_index/resource_index/package_run_dependencies/fake_image
[0.315s] -- Up-to-date: /home/kim/open_topic/linux/ws/install/fake_image/share/ament_index/resource_index/parent_prefix_path/fake_image
[0.315s] -- Up-to-date: /home/kim/open_topic/linux/ws/install/fake_image/share/fake_image/environment/ament_prefix_path.sh
[0.316s] -- Up-to-date: /home/kim/open_topic/linux/ws/install/fake_image/share/fake_image/environment/ament_prefix_path.dsv
[0.317s] -- Up-to-date: /home/kim/open_topic/linux/ws/install/fake_image/share/fake_image/environment/path.sh
[0.317s] -- Up-to-date: /home/kim/open_topic/linux/ws/install/fake_image/share/fake_image/environment/path.dsv
[0.317s] -- Up-to-date: /home/kim/open_topic/linux/ws/install/fake_image/share/fake_image/local_setup.bash
[0.317s] -- Up-to-date: /home/kim/open_topic/linux/ws/install/fake_image/share/fake_image/local_setup.sh
[0.317s] -- Up-to-date: /home/kim/open_topic/linux/ws/install/fake_image/share/fake_image/local_setup.zsh
[0.317s] -- Up-to-date: /home/kim/open_topic/linux/ws/install/fake_image/share/fake_image/local_setup.dsv
[0.317s] -- Installing: /home/kim/open_topic/linux/ws/install/fake_image/share/fake_image/package.dsv
[0.317s] -- Up-to-date: /home/kim/open_topic/linux/ws/install/fake_image/share/ament_index/resource_index/packages/fake_image
[0.317s] -- Up-to-date: /home/kim/open_topic/linux/ws/install/fake_image/share/fake_image/cmake/fake_imageConfig.cmake
[0.318s] -- Up-to-date: /home/kim/open_topic/linux/ws/install/fake_image/share/fake_image/cmake/fake_imageConfig-version.cmake
[0.318s] -- Up-to-date: /home/kim/open_topic/linux/ws/install/fake_image/share/fake_image/package.xml
[0.366s] Invoked command in '/home/kim/open_topic/linux/ws/build/fake_image' returned '0': CMAKE_PREFIX_PATH=${CMAKE_PREFIX_PATH}:/opt/ros/foxy /home/kim/.local/bin/cmake --install /home/kim/open_topic/linux/ws/build/fake_image
