[0.031s] Invoking command in '/home/kim/open_topic/linux/ws/build/delay_frame': CMAKE_PREFIX_PATH=${CMAKE_PREFIX_PATH}:/opt/ros/foxy /home/kim/.local/bin/cmake /home/kim/open_topic/linux/ws/src/delay_frame -DCMAKE_INSTALL_PREFIX=/home/kim/open_topic/linux/ws/install/delay_frame
[0.238s] -- The C compiler identification is GNU 9.4.0
[0.376s] -- The CXX compiler identification is GNU 9.4.0
[0.394s] -- Detecting C compiler ABI info
[0.449s] -- Detecting C compiler ABI info - done
[0.456s] -- Check for working C compiler: /usr/bin/cc - skipped
[0.457s] -- Detecting C compile features
[0.458s] -- Detecting C compile features - done
[0.462s] -- Detecting CXX compiler ABI info
[0.518s] -- Detecting CXX compiler ABI info - done
[0.525s] -- Check for working CXX compiler: /usr/bin/c++ - skipped
[0.525s] -- Detecting CXX compile features
[0.526s] -- Detecting CXX compile features - done
[0.540s] -- Found ament_cmake: 0.9.11 (/opt/ros/foxy/share/ament_cmake/cmake)
[0.570s] -- Found PythonInterp: /usr/bin/python3 (found suitable version "3.8.10", minimum required is "3") 
[0.570s] -- Using PYTHON_EXECUTABLE: /usr/bin/python3
[0.761s] -- Found rclcpp: 2.4.2 (/opt/ros/foxy/share/rclcpp/cmake)
[0.824s] -- Using all available rosidl_typesupport_c: rosidl_typesupport_fastrtps_c;rosidl_typesupport_introspection_c
[0.835s] -- Found rosidl_adapter: 1.3.0 (/opt/ros/foxy/share/rosidl_adapter/cmake)
[0.914s] -- Found OpenSSL: /usr/lib/x86_64-linux-gnu/libcrypto.so (found version "1.1.1f")  
[0.939s] -- Found FastRTPS: /opt/ros/foxy/include  
[1.021s] -- Using all available rosidl_typesupport_cpp: rosidl_typesupport_fastrtps_cpp;rosidl_typesupport_introspection_cpp
[1.087s] -- Found rmw_implementation_cmake: 1.0.4 (/opt/ros/foxy/share/rmw_implementation_cmake/cmake)
[1.089s] -- Using RMW implementation 'rmw_fastrtps_cpp' as default
[1.091s] -- Performing Test CMAKE_HAVE_LIBC_PTHREAD
[1.153s] -- Performing Test CMAKE_HAVE_LIBC_PTHREAD - Failed
[1.153s] -- Looking for pthread_create in pthreads
[1.195s] -- Looking for pthread_create in pthreads - not found
[1.195s] -- Looking for pthread_create in pthread
[1.244s] -- Looking for pthread_create in pthread - found
[1.245s] -- Found Threads: TRUE  
[1.388s] -- Found rclpy: 1.0.12 (/opt/ros/foxy/share/rclpy/cmake)
[1.553s] -- Configuring done
[1.560s] -- Generating done
[1.561s] -- Build files have been written to: /home/kim/open_topic/linux/ws/build/delay_frame
[1.575s] Invoked command in '/home/kim/open_topic/linux/ws/build/delay_frame' returned '0': CMAKE_PREFIX_PATH=${CMAKE_PREFIX_PATH}:/opt/ros/foxy /home/kim/.local/bin/cmake /home/kim/open_topic/linux/ws/src/delay_frame -DCMAKE_INSTALL_PREFIX=/home/kim/open_topic/linux/ws/install/delay_frame
[1.578s] Invoking command in '/home/kim/open_topic/linux/ws/build/delay_frame': CMAKE_PREFIX_PATH=${CMAKE_PREFIX_PATH}:/opt/ros/foxy /home/kim/.local/bin/cmake --build /home/kim/open_topic/linux/ws/build/delay_frame -- -j12 -l12
[1.618s] [ 50%] [32mBuilding CXX object CMakeFiles/cpp_node_test.dir/src/cpp_node.cpp.o[0m
[1.842s] [100%] [32m[1mLinking CXX executable cpp_node_test[0m
[1.926s] [100%] Built target cpp_node_test
[1.934s] Invoked command in '/home/kim/open_topic/linux/ws/build/delay_frame' returned '0': CMAKE_PREFIX_PATH=${CMAKE_PREFIX_PATH}:/opt/ros/foxy /home/kim/.local/bin/cmake --build /home/kim/open_topic/linux/ws/build/delay_frame -- -j12 -l12
[2.013s] Invoking command in '/home/kim/open_topic/linux/ws/build/delay_frame': CMAKE_PREFIX_PATH=${CMAKE_PREFIX_PATH}:/opt/ros/foxy /home/kim/.local/bin/cmake --install /home/kim/open_topic/linux/ws/build/delay_frame
[2.038s] -- Install configuration: ""
[2.038s] -- Installing: /home/kim/open_topic/linux/ws/install/delay_frame/share/delay_frame/environment/pythonpath.sh
[2.038s] -- Installing: /home/kim/open_topic/linux/ws/install/delay_frame/share/delay_frame/environment/pythonpath.dsv
[2.038s] -- Installing: /home/kim/open_topic/linux/ws/install/delay_frame/lib/python3.8/site-packages/delay_frame
[2.038s] -- Installing: /home/kim/open_topic/linux/ws/install/delay_frame/lib/python3.8/site-packages/delay_frame/dummy_module.py
[2.038s] -- Installing: /home/kim/open_topic/linux/ws/install/delay_frame/lib/python3.8/site-packages/delay_frame/__init__.py
[2.068s] Listing '/home/kim/open_topic/linux/ws/install/delay_frame/lib/python3.8/site-packages/delay_frame'...
[2.069s] Compiling '/home/kim/open_topic/linux/ws/install/delay_frame/lib/python3.8/site-packages/delay_frame/__init__.py'...
[2.069s] Compiling '/home/kim/open_topic/linux/ws/install/delay_frame/lib/python3.8/site-packages/delay_frame/dummy_module.py'...
[2.072s] -- Installing: /home/kim/open_topic/linux/ws/install/delay_frame/lib/delay_frame/dummy_script.py
[2.072s] -- Up-to-date: /home/kim/open_topic/linux/ws/install/delay_frame/share/delay_frame
[2.072s] -- Installing: /home/kim/open_topic/linux/ws/install/delay_frame/share/ament_index/resource_index/package_run_dependencies/delay_frame
[2.073s] -- Installing: /home/kim/open_topic/linux/ws/install/delay_frame/share/ament_index/resource_index/parent_prefix_path/delay_frame
[2.073s] -- Installing: /home/kim/open_topic/linux/ws/install/delay_frame/share/delay_frame/environment/ament_prefix_path.sh
[2.073s] -- Installing: /home/kim/open_topic/linux/ws/install/delay_frame/share/delay_frame/environment/ament_prefix_path.dsv
[2.073s] -- Installing: /home/kim/open_topic/linux/ws/install/delay_frame/share/delay_frame/environment/path.sh
[2.073s] -- Installing: /home/kim/open_topic/linux/ws/install/delay_frame/share/delay_frame/environment/path.dsv
[2.073s] -- Installing: /home/kim/open_topic/linux/ws/install/delay_frame/share/delay_frame/local_setup.bash
[2.073s] -- Installing: /home/kim/open_topic/linux/ws/install/delay_frame/share/delay_frame/local_setup.sh
[2.073s] -- Installing: /home/kim/open_topic/linux/ws/install/delay_frame/share/delay_frame/local_setup.zsh
[2.074s] -- Installing: /home/kim/open_topic/linux/ws/install/delay_frame/share/delay_frame/local_setup.dsv
[2.074s] -- Installing: /home/kim/open_topic/linux/ws/install/delay_frame/share/delay_frame/package.dsv
[2.074s] -- Installing: /home/kim/open_topic/linux/ws/install/delay_frame/share/ament_index/resource_index/packages/delay_frame
[2.074s] -- Installing: /home/kim/open_topic/linux/ws/install/delay_frame/share/delay_frame/cmake/delay_frameConfig.cmake
[2.074s] -- Installing: /home/kim/open_topic/linux/ws/install/delay_frame/share/delay_frame/cmake/delay_frameConfig-version.cmake
[2.074s] -- Installing: /home/kim/open_topic/linux/ws/install/delay_frame/share/delay_frame/package.xml
[2.080s] Invoked command in '/home/kim/open_topic/linux/ws/build/delay_frame' returned '0': CMAKE_PREFIX_PATH=${CMAKE_PREFIX_PATH}:/opt/ros/foxy /home/kim/.local/bin/cmake --install /home/kim/open_topic/linux/ws/build/delay_frame
