[100%] Built target cpp_node_test
-- Install configuration: ""
-- Up-to-date: /home/kim/open_topic/linux/ws/install/fake_pixel/share/fake_pixel/environment/pythonpath.sh
-- Up-to-date: /home/kim/open_topic/linux/ws/install/fake_pixel/share/fake_pixel/environment/pythonpath.dsv
-- Up-to-date: /home/kim/open_topic/linux/ws/install/fake_pixel/lib/python3.8/site-packages/fake_pixel
-- Up-to-date: /home/kim/open_topic/linux/ws/install/fake_pixel/lib/python3.8/site-packages/fake_pixel/dummy_module.py
-- Up-to-date: /home/kim/open_topic/linux/ws/install/fake_pixel/lib/python3.8/site-packages/fake_pixel/__init__.py
Listing '/home/kim/open_topic/linux/ws/install/fake_pixel/lib/python3.8/site-packages/fake_pixel'...
-- Installing: /home/kim/open_topic/linux/ws/install/fake_pixel/lib/fake_pixel/pub_pixel.py
-- Up-to-date: /home/kim/open_topic/linux/ws/install/fake_pixel/share/fake_pixel
-- Up-to-date: /home/kim/open_topic/linux/ws/install/fake_pixel/share/ament_index/resource_index/package_run_dependencies/fake_pixel
-- Up-to-date: /home/kim/open_topic/linux/ws/install/fake_pixel/share/ament_index/resource_index/parent_prefix_path/fake_pixel
-- Up-to-date: /home/kim/open_topic/linux/ws/install/fake_pixel/share/fake_pixel/environment/ament_prefix_path.sh
-- Up-to-date: /home/kim/open_topic/linux/ws/install/fake_pixel/share/fake_pixel/environment/ament_prefix_path.dsv
-- Up-to-date: /home/kim/open_topic/linux/ws/install/fake_pixel/share/fake_pixel/environment/path.sh
-- Up-to-date: /home/kim/open_topic/linux/ws/install/fake_pixel/share/fake_pixel/environment/path.dsv
-- Up-to-date: /home/kim/open_topic/linux/ws/install/fake_pixel/share/fake_pixel/local_setup.bash
-- Up-to-date: /home/kim/open_topic/linux/ws/install/fake_pixel/share/fake_pixel/local_setup.sh
-- Up-to-date: /home/kim/open_topic/linux/ws/install/fake_pixel/share/fake_pixel/local_setup.zsh
-- Up-to-date: /home/kim/open_topic/linux/ws/install/fake_pixel/share/fake_pixel/local_setup.dsv
-- Up-to-date: /home/kim/open_topic/linux/ws/install/fake_pixel/share/fake_pixel/package.dsv
-- Up-to-date: /home/kim/open_topic/linux/ws/install/fake_pixel/share/ament_index/resource_index/packages/fake_pixel
-- Up-to-date: /home/kim/open_topic/linux/ws/install/fake_pixel/share/fake_pixel/cmake/fake_pixelConfig.cmake
-- Up-to-date: /home/kim/open_topic/linux/ws/install/fake_pixel/share/fake_pixel/cmake/fake_pixelConfig-version.cmake
-- Up-to-date: /home/kim/open_topic/linux/ws/install/fake_pixel/share/fake_pixel/package.xml
