-- The C compiler identification is GNU 11.3.0
-- The CXX compiler identification is GNU 11.3.0
-- Detecting C compiler ABI info
-- Detecting C compiler ABI info - done
-- Check for working C compiler: /usr/bin/cc - skipped
-- Detecting C compile features
-- Detecting C compile features - done
-- Detecting CXX compiler ABI info
-- Detecting CXX compiler ABI info - done
-- Check for working CXX compiler: /usr/bin/c++ - skipped
-- Detecting CXX compile features
-- Detecting CXX compile features - done
-- Found ament_cmake: 1.3.2 (/opt/ros/humble/share/ament_cmake/cmake)
-- Found Python3: /usr/bin/python3.10 (found version "3.10.6") found components: Interpreter 
-- Found rclcpp: 16.0.1 (/opt/ros/humble/share/rclcpp/cmake)
-- Found rosidl_generator_c: 3.1.3 (/opt/ros/humble/share/rosidl_generator_c/cmake)
-- Found rosidl_adapter: 3.1.3 (/opt/ros/humble/share/rosidl_adapter/cmake)
-- Found rosidl_generator_cpp: 3.1.3 (/opt/ros/humble/share/rosidl_generator_cpp/cmake)
-- Using all available rosidl_typesupport_c: rosidl_typesupport_fastrtps_c;rosidl_typesupport_introspection_c
-- Using all available rosidl_typesupport_cpp: rosidl_typesupport_fastrtps_cpp;rosidl_typesupport_introspection_cpp
-- Found rmw_implementation_cmake: 6.1.0 (/opt/ros/humble/share/rmw_implementation_cmake/cmake)
-- Found rmw_fastrtps_cpp: 6.2.1 (/opt/ros/humble/share/rmw_fastrtps_cpp/cmake)
-- Found OpenSSL: /usr/lib/x86_64-linux-gnu/libcrypto.so (found version "3.0.2")  
-- Found FastRTPS: /opt/ros/humble/include  
-- Using RMW implementation 'rmw_fastrtps_cpp' as default
-- Found rclpy: 3.3.4 (/opt/ros/humble/share/rclpy/cmake)
-- Configuring done
-- Generating done
-- Build files have been written to: /home/carver/kim_open_topic/linux/ws/build/check_qos
[ 50%] [32mBuilding CXX object CMakeFiles/cpp_node_test.dir/src/cpp_node.cpp.o[0m
[ 50%] Built target ament_cmake_python_copy_check_qos
[100%] [32m[1mLinking CXX executable cpp_node_test[0m
running egg_info
creating check_qos.egg-info
writing check_qos.egg-info/PKG-INFO
writing dependency_links to check_qos.egg-info/dependency_links.txt
writing top-level names to check_qos.egg-info/top_level.txt
writing manifest file 'check_qos.egg-info/SOURCES.txt'
reading manifest file 'check_qos.egg-info/SOURCES.txt'
writing manifest file 'check_qos.egg-info/SOURCES.txt'
[100%] Built target cpp_node_test
[100%] Built target ament_cmake_python_build_check_qos_egg
-- Install configuration: ""
-- Installing: /home/carver/kim_open_topic/linux/ws/install/check_qos/share/check_qos/environment/pythonpath.sh
-- Installing: /home/carver/kim_open_topic/linux/ws/install/check_qos/share/check_qos/environment/pythonpath.dsv
-- Installing: /home/carver/kim_open_topic/linux/ws/install/check_qos/local/lib/python3.10/dist-packages/check_qos-0.0.0-py3.10.egg-info
-- Installing: /home/carver/kim_open_topic/linux/ws/install/check_qos/local/lib/python3.10/dist-packages/check_qos-0.0.0-py3.10.egg-info/top_level.txt
-- Installing: /home/carver/kim_open_topic/linux/ws/install/check_qos/local/lib/python3.10/dist-packages/check_qos-0.0.0-py3.10.egg-info/SOURCES.txt
-- Installing: /home/carver/kim_open_topic/linux/ws/install/check_qos/local/lib/python3.10/dist-packages/check_qos-0.0.0-py3.10.egg-info/PKG-INFO
-- Installing: /home/carver/kim_open_topic/linux/ws/install/check_qos/local/lib/python3.10/dist-packages/check_qos-0.0.0-py3.10.egg-info/dependency_links.txt
-- Installing: /home/carver/kim_open_topic/linux/ws/install/check_qos/local/lib/python3.10/dist-packages/check_qos
-- Installing: /home/carver/kim_open_topic/linux/ws/install/check_qos/local/lib/python3.10/dist-packages/check_qos/dummy_module.py
-- Installing: /home/carver/kim_open_topic/linux/ws/install/check_qos/local/lib/python3.10/dist-packages/check_qos/__init__.py
Listing '/home/carver/kim_open_topic/linux/ws/install/check_qos/local/lib/python3.10/dist-packages/check_qos'...
Compiling '/home/carver/kim_open_topic/linux/ws/install/check_qos/local/lib/python3.10/dist-packages/check_qos/__init__.py'...
Compiling '/home/carver/kim_open_topic/linux/ws/install/check_qos/local/lib/python3.10/dist-packages/check_qos/dummy_module.py'...
-- Installing: /home/carver/kim_open_topic/linux/ws/install/check_qos/lib/check_qos/pub.py
-- Installing: /home/carver/kim_open_topic/linux/ws/install/check_qos/lib/check_qos/sub1.py
-- Installing: /home/carver/kim_open_topic/linux/ws/install/check_qos/lib/check_qos/sub2.py
-- Up-to-date: /home/carver/kim_open_topic/linux/ws/install/check_qos/share/check_qos
-- Installing: /home/carver/kim_open_topic/linux/ws/install/check_qos/share/ament_index/resource_index/package_run_dependencies/check_qos
-- Installing: /home/carver/kim_open_topic/linux/ws/install/check_qos/share/ament_index/resource_index/parent_prefix_path/check_qos
-- Installing: /home/carver/kim_open_topic/linux/ws/install/check_qos/share/check_qos/environment/ament_prefix_path.sh
-- Installing: /home/carver/kim_open_topic/linux/ws/install/check_qos/share/check_qos/environment/ament_prefix_path.dsv
-- Installing: /home/carver/kim_open_topic/linux/ws/install/check_qos/share/check_qos/environment/path.sh
-- Installing: /home/carver/kim_open_topic/linux/ws/install/check_qos/share/check_qos/environment/path.dsv
-- Installing: /home/carver/kim_open_topic/linux/ws/install/check_qos/share/check_qos/local_setup.bash
-- Installing: /home/carver/kim_open_topic/linux/ws/install/check_qos/share/check_qos/local_setup.sh
-- Installing: /home/carver/kim_open_topic/linux/ws/install/check_qos/share/check_qos/local_setup.zsh
-- Installing: /home/carver/kim_open_topic/linux/ws/install/check_qos/share/check_qos/local_setup.dsv
-- Installing: /home/carver/kim_open_topic/linux/ws/install/check_qos/share/check_qos/package.dsv
-- Installing: /home/carver/kim_open_topic/linux/ws/install/check_qos/share/ament_index/resource_index/packages/check_qos
-- Installing: /home/carver/kim_open_topic/linux/ws/install/check_qos/share/check_qos/cmake/check_qosConfig.cmake
-- Installing: /home/carver/kim_open_topic/linux/ws/install/check_qos/share/check_qos/cmake/check_qosConfig-version.cmake
-- Installing: /home/carver/kim_open_topic/linux/ws/install/check_qos/share/check_qos/package.xml
