[0.020s] Invoking command in '/home/carver/kim_open_topic/linux/ws/build/pixel2coordinate': CMAKE_PREFIX_PATH=/home/carver/cartesian_controller_ws/install/cartesian_compliance_controller:/home/carver/cartesian_controller_ws/install/cartesian_motion_controller:/home/carver/cartesian_controller_ws/install/cartesian_force_controller:/home/carver/py_tree_ws/install/py_trees_ros_tutorials:/home/carver/py_tree_ws/install/py_trees_ros:/home/carver/ur_ws/install/rqt_joint_trajectory_controller:/home/carver/ur_ws/install/ros2_controllers_test_nodes:/opt/ros/humble:/home/carver/cartesian_controller_ws/install/cartesian_controller_tests:/home/carver/cartesian_controller_ws/install/cartesian_controller_simulation:/home/carver/cartesian_controller_ws/install/cartesian_controller_handles:/home/carver/cartesian_controller_ws/install/cartesian_controller_base:/home/carver/ur_ws/install/ur:/home/carver/ur_ws/install/ur_calibration:/home/carver/ur_ws/install/ur_robot_driver:/home/carver/ur_ws/install/ur_bringup:/home/carver/ur_ws/install/ros2_controllers:/home/carver/ur_ws/install/velocity_controllers:/home/carver/ur_ws/install/ur_moveit_config:/home/carver/ur_ws/install/ur_description:/home/carver/ur_ws/install/ur_controllers:/home/carver/ur_ws/install/ur_dashboard_msgs:/home/carver/ur_ws/install/tricycle_controller:/home/carver/ur_ws/install/position_controllers:/home/carver/ur_ws/install/joint_trajectory_controller:/home/carver/ur_ws/install/joint_state_broadcaster:/home/carver/ur_ws/install/imu_sensor_broadcaster:/home/carver/ur_ws/install/gripper_controllers:/home/carver/ur_ws/install/effort_controllers:/home/carver/ur_ws/install/forward_command_controller:/home/carver/ur_ws/install/force_torque_sensor_broadcaster:/home/carver/ur_ws/install/diff_drive_controller:/home/carver/carverhand_ws/install/package_name:/home/carver/carverhand_ws/install/carver_ft /usr/bin/cmake /home/carver/kim_open_topic/linux/ws/src/pixel2coordinate -DCMAKE_INSTALL_PREFIX=/home/carver/kim_open_topic/linux/ws/install/pixel2coordinate
[0.137s] -- The C compiler identification is GNU 11.3.0
[0.212s] -- The CXX compiler identification is GNU 11.3.0
[0.220s] -- Detecting C compiler ABI info
[0.263s] -- Detecting C compiler ABI info - done
[0.267s] -- Check for working C compiler: /usr/bin/cc - skipped
[0.268s] -- Detecting C compile features
[0.268s] -- Detecting C compile features - done
[0.270s] -- Detecting CXX compiler ABI info
[0.316s] -- Detecting CXX compiler ABI info - done
[0.320s] -- Check for working CXX compiler: /usr/bin/c++ - skipped
[0.320s] -- Detecting CXX compile features
[0.320s] -- Detecting CXX compile features - done
[0.337s] -- Found ament_cmake: 1.3.2 (/opt/ros/humble/share/ament_cmake/cmake)
[0.485s] -- Found Python3: /usr/bin/python3.10 (found version "3.10.6") found components: Interpreter 
[0.644s] -- Found rclcpp: 16.0.1 (/opt/ros/humble/share/rclcpp/cmake)
[0.703s] -- Found rosidl_generator_c: 3.1.3 (/opt/ros/humble/share/rosidl_generator_c/cmake)
[0.707s] -- Found rosidl_adapter: 3.1.3 (/opt/ros/humble/share/rosidl_adapter/cmake)
[0.714s] -- Found rosidl_generator_cpp: 3.1.3 (/opt/ros/humble/share/rosidl_generator_cpp/cmake)
[0.737s] -- Using all available rosidl_typesupport_c: rosidl_typesupport_fastrtps_c;rosidl_typesupport_introspection_c
[0.764s] -- Using all available rosidl_typesupport_cpp: rosidl_typesupport_fastrtps_cpp;rosidl_typesupport_introspection_cpp
[0.828s] -- Found rmw_implementation_cmake: 6.1.0 (/opt/ros/humble/share/rmw_implementation_cmake/cmake)
[0.836s] -- Found rmw_fastrtps_cpp: 6.2.1 (/opt/ros/humble/share/rmw_fastrtps_cpp/cmake)
[0.914s] -- Found OpenSSL: /usr/lib/x86_64-linux-gnu/libcrypto.so (found version "3.0.2")  
[0.934s] -- Found FastRTPS: /opt/ros/humble/include  
[0.964s] -- Using RMW implementation 'rmw_fastrtps_cpp' as default
[1.087s] -- Found rclpy: 3.3.4 (/opt/ros/humble/share/rclpy/cmake)
[1.272s] -- Configuring done
[1.277s] -- Generating done
[1.278s] -- Build files have been written to: /home/carver/kim_open_topic/linux/ws/build/pixel2coordinate
[1.289s] Invoked command in '/home/carver/kim_open_topic/linux/ws/build/pixel2coordinate' returned '0': CMAKE_PREFIX_PATH=/home/carver/cartesian_controller_ws/install/cartesian_compliance_controller:/home/carver/cartesian_controller_ws/install/cartesian_motion_controller:/home/carver/cartesian_controller_ws/install/cartesian_force_controller:/home/carver/py_tree_ws/install/py_trees_ros_tutorials:/home/carver/py_tree_ws/install/py_trees_ros:/home/carver/ur_ws/install/rqt_joint_trajectory_controller:/home/carver/ur_ws/install/ros2_controllers_test_nodes:/opt/ros/humble:/home/carver/cartesian_controller_ws/install/cartesian_controller_tests:/home/carver/cartesian_controller_ws/install/cartesian_controller_simulation:/home/carver/cartesian_controller_ws/install/cartesian_controller_handles:/home/carver/cartesian_controller_ws/install/cartesian_controller_base:/home/carver/ur_ws/install/ur:/home/carver/ur_ws/install/ur_calibration:/home/carver/ur_ws/install/ur_robot_driver:/home/carver/ur_ws/install/ur_bringup:/home/carver/ur_ws/install/ros2_controllers:/home/carver/ur_ws/install/velocity_controllers:/home/carver/ur_ws/install/ur_moveit_config:/home/carver/ur_ws/install/ur_description:/home/carver/ur_ws/install/ur_controllers:/home/carver/ur_ws/install/ur_dashboard_msgs:/home/carver/ur_ws/install/tricycle_controller:/home/carver/ur_ws/install/position_controllers:/home/carver/ur_ws/install/joint_trajectory_controller:/home/carver/ur_ws/install/joint_state_broadcaster:/home/carver/ur_ws/install/imu_sensor_broadcaster:/home/carver/ur_ws/install/gripper_controllers:/home/carver/ur_ws/install/effort_controllers:/home/carver/ur_ws/install/forward_command_controller:/home/carver/ur_ws/install/force_torque_sensor_broadcaster:/home/carver/ur_ws/install/diff_drive_controller:/home/carver/carverhand_ws/install/package_name:/home/carver/carverhand_ws/install/carver_ft /usr/bin/cmake /home/carver/kim_open_topic/linux/ws/src/pixel2coordinate -DCMAKE_INSTALL_PREFIX=/home/carver/kim_open_topic/linux/ws/install/pixel2coordinate
[1.289s] Invoking command in '/home/carver/kim_open_topic/linux/ws/build/pixel2coordinate': CMAKE_PREFIX_PATH=/home/carver/cartesian_controller_ws/install/cartesian_compliance_controller:/home/carver/cartesian_controller_ws/install/cartesian_motion_controller:/home/carver/cartesian_controller_ws/install/cartesian_force_controller:/home/carver/py_tree_ws/install/py_trees_ros_tutorials:/home/carver/py_tree_ws/install/py_trees_ros:/home/carver/ur_ws/install/rqt_joint_trajectory_controller:/home/carver/ur_ws/install/ros2_controllers_test_nodes:/opt/ros/humble:/home/carver/cartesian_controller_ws/install/cartesian_controller_tests:/home/carver/cartesian_controller_ws/install/cartesian_controller_simulation:/home/carver/cartesian_controller_ws/install/cartesian_controller_handles:/home/carver/cartesian_controller_ws/install/cartesian_controller_base:/home/carver/ur_ws/install/ur:/home/carver/ur_ws/install/ur_calibration:/home/carver/ur_ws/install/ur_robot_driver:/home/carver/ur_ws/install/ur_bringup:/home/carver/ur_ws/install/ros2_controllers:/home/carver/ur_ws/install/velocity_controllers:/home/carver/ur_ws/install/ur_moveit_config:/home/carver/ur_ws/install/ur_description:/home/carver/ur_ws/install/ur_controllers:/home/carver/ur_ws/install/ur_dashboard_msgs:/home/carver/ur_ws/install/tricycle_controller:/home/carver/ur_ws/install/position_controllers:/home/carver/ur_ws/install/joint_trajectory_controller:/home/carver/ur_ws/install/joint_state_broadcaster:/home/carver/ur_ws/install/imu_sensor_broadcaster:/home/carver/ur_ws/install/gripper_controllers:/home/carver/ur_ws/install/effort_controllers:/home/carver/ur_ws/install/forward_command_controller:/home/carver/ur_ws/install/force_torque_sensor_broadcaster:/home/carver/ur_ws/install/diff_drive_controller:/home/carver/carverhand_ws/install/package_name:/home/carver/carverhand_ws/install/carver_ft /usr/bin/cmake --build /home/carver/kim_open_topic/linux/ws/build/pixel2coordinate -- -j20 -l20
[1.316s] [ 50%] [32mBuilding CXX object CMakeFiles/cpp_node_test.dir/src/cpp_node.cpp.o[0m
[1.317s] [ 50%] Built target ament_cmake_python_copy_pixel2coordinate
[1.555s] [100%] [32m[1mLinking CXX executable cpp_node_test[0m
[1.615s] running egg_info
[1.615s] creating pixel2coordinate.egg-info
[1.616s] writing pixel2coordinate.egg-info/PKG-INFO
[1.616s] writing dependency_links to pixel2coordinate.egg-info/dependency_links.txt
[1.616s] writing top-level names to pixel2coordinate.egg-info/top_level.txt
[1.616s] writing manifest file 'pixel2coordinate.egg-info/SOURCES.txt'
[1.621s] reading manifest file 'pixel2coordinate.egg-info/SOURCES.txt'
[1.621s] writing manifest file 'pixel2coordinate.egg-info/SOURCES.txt'
[1.628s] [100%] Built target cpp_node_test
[1.656s] [100%] Built target ament_cmake_python_build_pixel2coordinate_egg
[1.663s] Invoked command in '/home/carver/kim_open_topic/linux/ws/build/pixel2coordinate' returned '0': CMAKE_PREFIX_PATH=/home/carver/cartesian_controller_ws/install/cartesian_compliance_controller:/home/carver/cartesian_controller_ws/install/cartesian_motion_controller:/home/carver/cartesian_controller_ws/install/cartesian_force_controller:/home/carver/py_tree_ws/install/py_trees_ros_tutorials:/home/carver/py_tree_ws/install/py_trees_ros:/home/carver/ur_ws/install/rqt_joint_trajectory_controller:/home/carver/ur_ws/install/ros2_controllers_test_nodes:/opt/ros/humble:/home/carver/cartesian_controller_ws/install/cartesian_controller_tests:/home/carver/cartesian_controller_ws/install/cartesian_controller_simulation:/home/carver/cartesian_controller_ws/install/cartesian_controller_handles:/home/carver/cartesian_controller_ws/install/cartesian_controller_base:/home/carver/ur_ws/install/ur:/home/carver/ur_ws/install/ur_calibration:/home/carver/ur_ws/install/ur_robot_driver:/home/carver/ur_ws/install/ur_bringup:/home/carver/ur_ws/install/ros2_controllers:/home/carver/ur_ws/install/velocity_controllers:/home/carver/ur_ws/install/ur_moveit_config:/home/carver/ur_ws/install/ur_description:/home/carver/ur_ws/install/ur_controllers:/home/carver/ur_ws/install/ur_dashboard_msgs:/home/carver/ur_ws/install/tricycle_controller:/home/carver/ur_ws/install/position_controllers:/home/carver/ur_ws/install/joint_trajectory_controller:/home/carver/ur_ws/install/joint_state_broadcaster:/home/carver/ur_ws/install/imu_sensor_broadcaster:/home/carver/ur_ws/install/gripper_controllers:/home/carver/ur_ws/install/effort_controllers:/home/carver/ur_ws/install/forward_command_controller:/home/carver/ur_ws/install/force_torque_sensor_broadcaster:/home/carver/ur_ws/install/diff_drive_controller:/home/carver/carverhand_ws/install/package_name:/home/carver/carverhand_ws/install/carver_ft /usr/bin/cmake --build /home/carver/kim_open_topic/linux/ws/build/pixel2coordinate -- -j20 -l20
[1.682s] Invoking command in '/home/carver/kim_open_topic/linux/ws/build/pixel2coordinate': CMAKE_PREFIX_PATH=/home/carver/cartesian_controller_ws/install/cartesian_compliance_controller:/home/carver/cartesian_controller_ws/install/cartesian_motion_controller:/home/carver/cartesian_controller_ws/install/cartesian_force_controller:/home/carver/py_tree_ws/install/py_trees_ros_tutorials:/home/carver/py_tree_ws/install/py_trees_ros:/home/carver/ur_ws/install/rqt_joint_trajectory_controller:/home/carver/ur_ws/install/ros2_controllers_test_nodes:/opt/ros/humble:/home/carver/cartesian_controller_ws/install/cartesian_controller_tests:/home/carver/cartesian_controller_ws/install/cartesian_controller_simulation:/home/carver/cartesian_controller_ws/install/cartesian_controller_handles:/home/carver/cartesian_controller_ws/install/cartesian_controller_base:/home/carver/ur_ws/install/ur:/home/carver/ur_ws/install/ur_calibration:/home/carver/ur_ws/install/ur_robot_driver:/home/carver/ur_ws/install/ur_bringup:/home/carver/ur_ws/install/ros2_controllers:/home/carver/ur_ws/install/velocity_controllers:/home/carver/ur_ws/install/ur_moveit_config:/home/carver/ur_ws/install/ur_description:/home/carver/ur_ws/install/ur_controllers:/home/carver/ur_ws/install/ur_dashboard_msgs:/home/carver/ur_ws/install/tricycle_controller:/home/carver/ur_ws/install/position_controllers:/home/carver/ur_ws/install/joint_trajectory_controller:/home/carver/ur_ws/install/joint_state_broadcaster:/home/carver/ur_ws/install/imu_sensor_broadcaster:/home/carver/ur_ws/install/gripper_controllers:/home/carver/ur_ws/install/effort_controllers:/home/carver/ur_ws/install/forward_command_controller:/home/carver/ur_ws/install/force_torque_sensor_broadcaster:/home/carver/ur_ws/install/diff_drive_controller:/home/carver/carverhand_ws/install/package_name:/home/carver/carverhand_ws/install/carver_ft /usr/bin/cmake --install /home/carver/kim_open_topic/linux/ws/build/pixel2coordinate
[1.686s] -- Install configuration: ""
[1.686s] -- Installing: /home/carver/kim_open_topic/linux/ws/install/pixel2coordinate/share/pixel2coordinate/environment/pythonpath.sh
[1.686s] -- Installing: /home/carver/kim_open_topic/linux/ws/install/pixel2coordinate/share/pixel2coordinate/environment/pythonpath.dsv
[1.686s] -- Installing: /home/carver/kim_open_topic/linux/ws/install/pixel2coordinate/local/lib/python3.10/dist-packages/pixel2coordinate-0.0.0-py3.10.egg-info
[1.687s] -- Installing: /home/carver/kim_open_topic/linux/ws/install/pixel2coordinate/local/lib/python3.10/dist-packages/pixel2coordinate-0.0.0-py3.10.egg-info/top_level.txt
[1.687s] -- Installing: /home/carver/kim_open_topic/linux/ws/install/pixel2coordinate/local/lib/python3.10/dist-packages/pixel2coordinate-0.0.0-py3.10.egg-info/SOURCES.txt
[1.687s] -- Installing: /home/carver/kim_open_topic/linux/ws/install/pixel2coordinate/local/lib/python3.10/dist-packages/pixel2coordinate-0.0.0-py3.10.egg-info/PKG-INFO
[1.687s] -- Installing: /home/carver/kim_open_topic/linux/ws/install/pixel2coordinate/local/lib/python3.10/dist-packages/pixel2coordinate-0.0.0-py3.10.egg-info/dependency_links.txt
[1.687s] -- Installing: /home/carver/kim_open_topic/linux/ws/install/pixel2coordinate/local/lib/python3.10/dist-packages/pixel2coordinate
[1.687s] -- Installing: /home/carver/kim_open_topic/linux/ws/install/pixel2coordinate/local/lib/python3.10/dist-packages/pixel2coordinate/dummy_module.py
[1.687s] -- Installing: /home/carver/kim_open_topic/linux/ws/install/pixel2coordinate/local/lib/python3.10/dist-packages/pixel2coordinate/__init__.py
[1.731s] Listing '/home/carver/kim_open_topic/linux/ws/install/pixel2coordinate/local/lib/python3.10/dist-packages/pixel2coordinate'...
[1.731s] Compiling '/home/carver/kim_open_topic/linux/ws/install/pixel2coordinate/local/lib/python3.10/dist-packages/pixel2coordinate/__init__.py'...
[1.731s] Compiling '/home/carver/kim_open_topic/linux/ws/install/pixel2coordinate/local/lib/python3.10/dist-packages/pixel2coordinate/dummy_module.py'...
[1.734s] -- Installing: /home/carver/kim_open_topic/linux/ws/install/pixel2coordinate/lib/pixel2coordinate/pixel2cordinate.py
[1.734s] -- Up-to-date: /home/carver/kim_open_topic/linux/ws/install/pixel2coordinate/share/pixel2coordinate
[1.734s] -- Installing: /home/carver/kim_open_topic/linux/ws/install/pixel2coordinate/share/ament_index/resource_index/package_run_dependencies/pixel2coordinate
[1.734s] -- Installing: /home/carver/kim_open_topic/linux/ws/install/pixel2coordinate/share/ament_index/resource_index/parent_prefix_path/pixel2coordinate
[1.734s] -- Installing: /home/carver/kim_open_topic/linux/ws/install/pixel2coordinate/share/pixel2coordinate/environment/ament_prefix_path.sh
[1.734s] -- Installing: /home/carver/kim_open_topic/linux/ws/install/pixel2coordinate/share/pixel2coordinate/environment/ament_prefix_path.dsv
[1.734s] -- Installing: /home/carver/kim_open_topic/linux/ws/install/pixel2coordinate/share/pixel2coordinate/environment/path.sh
[1.734s] -- Installing: /home/carver/kim_open_topic/linux/ws/install/pixel2coordinate/share/pixel2coordinate/environment/path.dsv
[1.734s] -- Installing: /home/carver/kim_open_topic/linux/ws/install/pixel2coordinate/share/pixel2coordinate/local_setup.bash
[1.734s] -- Installing: /home/carver/kim_open_topic/linux/ws/install/pixel2coordinate/share/pixel2coordinate/local_setup.sh
[1.734s] -- Installing: /home/carver/kim_open_topic/linux/ws/install/pixel2coordinate/share/pixel2coordinate/local_setup.zsh
[1.734s] -- Installing: /home/carver/kim_open_topic/linux/ws/install/pixel2coordinate/share/pixel2coordinate/local_setup.dsv
[1.735s] -- Installing: /home/carver/kim_open_topic/linux/ws/install/pixel2coordinate/share/pixel2coordinate/package.dsv
[1.735s] -- Installing: /home/carver/kim_open_topic/linux/ws/install/pixel2coordinate/share/ament_index/resource_index/packages/pixel2coordinate
[1.735s] -- Installing: /home/carver/kim_open_topic/linux/ws/install/pixel2coordinate/share/pixel2coordinate/cmake/pixel2coordinateConfig.cmake
[1.735s] -- Installing: /home/carver/kim_open_topic/linux/ws/install/pixel2coordinate/share/pixel2coordinate/cmake/pixel2coordinateConfig-version.cmake
[1.735s] -- Installing: /home/carver/kim_open_topic/linux/ws/install/pixel2coordinate/share/pixel2coordinate/package.xml
[1.766s] Invoked command in '/home/carver/kim_open_topic/linux/ws/build/pixel2coordinate' returned '0': CMAKE_PREFIX_PATH=/home/carver/cartesian_controller_ws/install/cartesian_compliance_controller:/home/carver/cartesian_controller_ws/install/cartesian_motion_controller:/home/carver/cartesian_controller_ws/install/cartesian_force_controller:/home/carver/py_tree_ws/install/py_trees_ros_tutorials:/home/carver/py_tree_ws/install/py_trees_ros:/home/carver/ur_ws/install/rqt_joint_trajectory_controller:/home/carver/ur_ws/install/ros2_controllers_test_nodes:/opt/ros/humble:/home/carver/cartesian_controller_ws/install/cartesian_controller_tests:/home/carver/cartesian_controller_ws/install/cartesian_controller_simulation:/home/carver/cartesian_controller_ws/install/cartesian_controller_handles:/home/carver/cartesian_controller_ws/install/cartesian_controller_base:/home/carver/ur_ws/install/ur:/home/carver/ur_ws/install/ur_calibration:/home/carver/ur_ws/install/ur_robot_driver:/home/carver/ur_ws/install/ur_bringup:/home/carver/ur_ws/install/ros2_controllers:/home/carver/ur_ws/install/velocity_controllers:/home/carver/ur_ws/install/ur_moveit_config:/home/carver/ur_ws/install/ur_description:/home/carver/ur_ws/install/ur_controllers:/home/carver/ur_ws/install/ur_dashboard_msgs:/home/carver/ur_ws/install/tricycle_controller:/home/carver/ur_ws/install/position_controllers:/home/carver/ur_ws/install/joint_trajectory_controller:/home/carver/ur_ws/install/joint_state_broadcaster:/home/carver/ur_ws/install/imu_sensor_broadcaster:/home/carver/ur_ws/install/gripper_controllers:/home/carver/ur_ws/install/effort_controllers:/home/carver/ur_ws/install/forward_command_controller:/home/carver/ur_ws/install/force_torque_sensor_broadcaster:/home/carver/ur_ws/install/diff_drive_controller:/home/carver/carverhand_ws/install/package_name:/home/carver/carverhand_ws/install/carver_ft /usr/bin/cmake --install /home/carver/kim_open_topic/linux/ws/build/pixel2coordinate
