[0.117s] Invoking command in '/home/kim/open_topic/linux/ws/build/check_qos': CMAKE_PREFIX_PATH=${CMAKE_PREFIX_PATH}:/opt/ros/foxy /home/kim/.local/bin/cmake --build /home/kim/open_topic/linux/ws/build/check_qos -- -j12 -l12
[0.167s] [100%] Built target cpp_node_test
[0.175s] Invoked command in '/home/kim/open_topic/linux/ws/build/check_qos' returned '0': CMAKE_PREFIX_PATH=${CMAKE_PREFIX_PATH}:/opt/ros/foxy /home/kim/.local/bin/cmake --build /home/kim/open_topic/linux/ws/build/check_qos -- -j12 -l12
[0.265s] Invoking command in '/home/kim/open_topic/linux/ws/build/check_qos': CMAKE_PREFIX_PATH=${CMAKE_PREFIX_PATH}:/opt/ros/foxy /home/kim/.local/bin/cmake --install /home/kim/open_topic/linux/ws/build/check_qos
[0.290s] -- Install configuration: ""
[0.290s] -- Up-to-date: /home/kim/open_topic/linux/ws/install/check_qos/share/check_qos/environment/pythonpath.sh
[0.290s] -- Up-to-date: /home/kim/open_topic/linux/ws/install/check_qos/share/check_qos/environment/pythonpath.dsv
[0.290s] -- Up-to-date: /home/kim/open_topic/linux/ws/install/check_qos/lib/python3.8/site-packages/check_qos
[0.290s] -- Up-to-date: /home/kim/open_topic/linux/ws/install/check_qos/lib/python3.8/site-packages/check_qos/dummy_module.py
[0.291s] -- Up-to-date: /home/kim/open_topic/linux/ws/install/check_qos/lib/python3.8/site-packages/check_qos/__init__.py
[0.322s] Listing '/home/kim/open_topic/linux/ws/install/check_qos/lib/python3.8/site-packages/check_qos'...
[0.326s] -- Up-to-date: /home/kim/open_topic/linux/ws/install/check_qos/lib/check_qos/pub.py
[0.326s] -- Installing: /home/kim/open_topic/linux/ws/install/check_qos/lib/check_qos/sub1.py
[0.326s] -- Installing: /home/kim/open_topic/linux/ws/install/check_qos/lib/check_qos/sub2.py
[0.327s] -- Up-to-date: /home/kim/open_topic/linux/ws/install/check_qos/share/check_qos
[0.327s] -- Up-to-date: /home/kim/open_topic/linux/ws/install/check_qos/share/ament_index/resource_index/package_run_dependencies/check_qos
[0.327s] -- Up-to-date: /home/kim/open_topic/linux/ws/install/check_qos/share/ament_index/resource_index/parent_prefix_path/check_qos
[0.327s] -- Up-to-date: /home/kim/open_topic/linux/ws/install/check_qos/share/check_qos/environment/ament_prefix_path.sh
[0.327s] -- Up-to-date: /home/kim/open_topic/linux/ws/install/check_qos/share/check_qos/environment/ament_prefix_path.dsv
[0.327s] -- Up-to-date: /home/kim/open_topic/linux/ws/install/check_qos/share/check_qos/environment/path.sh
[0.327s] -- Up-to-date: /home/kim/open_topic/linux/ws/install/check_qos/share/check_qos/environment/path.dsv
[0.328s] -- Up-to-date: /home/kim/open_topic/linux/ws/install/check_qos/share/check_qos/local_setup.bash
[0.328s] -- Up-to-date: /home/kim/open_topic/linux/ws/install/check_qos/share/check_qos/local_setup.sh
[0.328s] -- Up-to-date: /home/kim/open_topic/linux/ws/install/check_qos/share/check_qos/local_setup.zsh
[0.328s] -- Up-to-date: /home/kim/open_topic/linux/ws/install/check_qos/share/check_qos/local_setup.dsv
[0.328s] -- Installing: /home/kim/open_topic/linux/ws/install/check_qos/share/check_qos/package.dsv
[0.328s] -- Up-to-date: /home/kim/open_topic/linux/ws/install/check_qos/share/ament_index/resource_index/packages/check_qos
[0.328s] -- Up-to-date: /home/kim/open_topic/linux/ws/install/check_qos/share/check_qos/cmake/check_qosConfig.cmake
[0.328s] -- Up-to-date: /home/kim/open_topic/linux/ws/install/check_qos/share/check_qos/cmake/check_qosConfig-version.cmake
[0.328s] -- Up-to-date: /home/kim/open_topic/linux/ws/install/check_qos/share/check_qos/package.xml
[0.410s] Invoked command in '/home/kim/open_topic/linux/ws/build/check_qos' returned '0': CMAKE_PREFIX_PATH=${CMAKE_PREFIX_PATH}:/opt/ros/foxy /home/kim/.local/bin/cmake --install /home/kim/open_topic/linux/ws/build/check_qos
