[100%] Built target cpp_node_test
-- Install configuration: ""
-- Up-to-date: /home/kim/open_topic/linux/ws/install/check_qos/share/check_qos/environment/pythonpath.sh
-- Up-to-date: /home/kim/open_topic/linux/ws/install/check_qos/share/check_qos/environment/pythonpath.dsv
-- Up-to-date: /home/kim/open_topic/linux/ws/install/check_qos/lib/python3.8/site-packages/check_qos
-- Up-to-date: /home/kim/open_topic/linux/ws/install/check_qos/lib/python3.8/site-packages/check_qos/dummy_module.py
-- Up-to-date: /home/kim/open_topic/linux/ws/install/check_qos/lib/python3.8/site-packages/check_qos/__init__.py
Listing '/home/kim/open_topic/linux/ws/install/check_qos/lib/python3.8/site-packages/check_qos'...
-- Up-to-date: /home/kim/open_topic/linux/ws/install/check_qos/lib/check_qos/pub.py
-- Installing: /home/kim/open_topic/linux/ws/install/check_qos/lib/check_qos/sub1.py
-- Up-to-date: /home/kim/open_topic/linux/ws/install/check_qos/lib/check_qos/sub2.py
-- Up-to-date: /home/kim/open_topic/linux/ws/install/check_qos/share/check_qos
-- Up-to-date: /home/kim/open_topic/linux/ws/install/check_qos/share/ament_index/resource_index/package_run_dependencies/check_qos
-- Up-to-date: /home/kim/open_topic/linux/ws/install/check_qos/share/ament_index/resource_index/parent_prefix_path/check_qos
-- Up-to-date: /home/kim/open_topic/linux/ws/install/check_qos/share/check_qos/environment/ament_prefix_path.sh
-- Up-to-date: /home/kim/open_topic/linux/ws/install/check_qos/share/check_qos/environment/ament_prefix_path.dsv
-- Up-to-date: /home/kim/open_topic/linux/ws/install/check_qos/share/check_qos/environment/path.sh
-- Up-to-date: /home/kim/open_topic/linux/ws/install/check_qos/share/check_qos/environment/path.dsv
-- Up-to-date: /home/kim/open_topic/linux/ws/install/check_qos/share/check_qos/local_setup.bash
-- Up-to-date: /home/kim/open_topic/linux/ws/install/check_qos/share/check_qos/local_setup.sh
-- Up-to-date: /home/kim/open_topic/linux/ws/install/check_qos/share/check_qos/local_setup.zsh
-- Up-to-date: /home/kim/open_topic/linux/ws/install/check_qos/share/check_qos/local_setup.dsv
-- Installing: /home/kim/open_topic/linux/ws/install/check_qos/share/check_qos/package.dsv
-- Up-to-date: /home/kim/open_topic/linux/ws/install/check_qos/share/ament_index/resource_index/packages/check_qos
-- Up-to-date: /home/kim/open_topic/linux/ws/install/check_qos/share/check_qos/cmake/check_qosConfig.cmake
-- Up-to-date: /home/kim/open_topic/linux/ws/install/check_qos/share/check_qos/cmake/check_qosConfig-version.cmake
-- Up-to-date: /home/kim/open_topic/linux/ws/install/check_qos/share/check_qos/package.xml
