-- Found ament_cmake: 0.9.11 (/opt/ros/foxy/share/ament_cmake/cmake)
-- Using PYTHON_EXECUTABLE: /usr/bin/python3
-- Found rclcpp: 2.4.2 (/opt/ros/foxy/share/rclcpp/cmake)
-- Using all available rosidl_typesupport_c: rosidl_typesupport_fastrtps_c;rosidl_typesupport_introspection_c
-- Found rosidl_adapter: 1.3.0 (/opt/ros/foxy/share/rosidl_adapter/cmake)
-- Using all available rosidl_typesupport_cpp: rosidl_typesupport_fastrtps_cpp;rosidl_typesupport_introspection_cpp
-- Found rmw_implementation_cmake: 1.0.4 (/opt/ros/foxy/share/rmw_implementation_cmake/cmake)
-- Using RMW implementation 'rmw_fastrtps_cpp' as default
-- Found rclpy: 1.0.12 (/opt/ros/foxy/share/rclpy/cmake)
-- Configuring done
-- Generating done
-- Build files have been written to: /home/kim/open_topic/linux/ws/build/delay_frame
[100%] Built target cpp_node_test
-- Install configuration: ""
-- Up-to-date: /home/kim/open_topic/linux/ws/install/delay_frame/share/delay_frame/environment/pythonpath.sh
-- Installing: /home/kim/open_topic/linux/ws/install/delay_frame/share/delay_frame/environment/pythonpath.dsv
-- Up-to-date: /home/kim/open_topic/linux/ws/install/delay_frame/lib/python3.8/site-packages/delay_frame
-- Up-to-date: /home/kim/open_topic/linux/ws/install/delay_frame/lib/python3.8/site-packages/delay_frame/dummy_module.py
-- Up-to-date: /home/kim/open_topic/linux/ws/install/delay_frame/lib/python3.8/site-packages/delay_frame/__init__.py
Listing '/home/kim/open_topic/linux/ws/install/delay_frame/lib/python3.8/site-packages/delay_frame'...
-- Installing: /home/kim/open_topic/linux/ws/install/delay_frame/lib/delay_frame/delay_frame.py
-- Up-to-date: /home/kim/open_topic/linux/ws/install/delay_frame/share/delay_frame
-- Up-to-date: /home/kim/open_topic/linux/ws/install/delay_frame/share/ament_index/resource_index/package_run_dependencies/delay_frame
-- Installing: /home/kim/open_topic/linux/ws/install/delay_frame/share/ament_index/resource_index/parent_prefix_path/delay_frame
-- Up-to-date: /home/kim/open_topic/linux/ws/install/delay_frame/share/delay_frame/environment/ament_prefix_path.sh
-- Installing: /home/kim/open_topic/linux/ws/install/delay_frame/share/delay_frame/environment/ament_prefix_path.dsv
-- Up-to-date: /home/kim/open_topic/linux/ws/install/delay_frame/share/delay_frame/environment/path.sh
-- Installing: /home/kim/open_topic/linux/ws/install/delay_frame/share/delay_frame/environment/path.dsv
-- Up-to-date: /home/kim/open_topic/linux/ws/install/delay_frame/share/delay_frame/local_setup.bash
-- Up-to-date: /home/kim/open_topic/linux/ws/install/delay_frame/share/delay_frame/local_setup.sh
-- Up-to-date: /home/kim/open_topic/linux/ws/install/delay_frame/share/delay_frame/local_setup.zsh
-- Installing: /home/kim/open_topic/linux/ws/install/delay_frame/share/delay_frame/local_setup.dsv
-- Installing: /home/kim/open_topic/linux/ws/install/delay_frame/share/delay_frame/package.dsv
-- Up-to-date: /home/kim/open_topic/linux/ws/install/delay_frame/share/ament_index/resource_index/packages/delay_frame
-- Up-to-date: /home/kim/open_topic/linux/ws/install/delay_frame/share/delay_frame/cmake/delay_frameConfig.cmake
-- Up-to-date: /home/kim/open_topic/linux/ws/install/delay_frame/share/delay_frame/cmake/delay_frameConfig-version.cmake
-- Up-to-date: /home/kim/open_topic/linux/ws/install/delay_frame/share/delay_frame/package.xml
