[0.089s] Invoking command in '/home/kim/open_topic/linux/ws/build/delay_frame': CMAKE_PREFIX_PATH=${CMAKE_PREFIX_PATH}:/opt/ros/foxy /home/kim/.local/bin/cmake --build /home/kim/open_topic/linux/ws/build/delay_frame -- -j12 -l12
[0.134s] -- Found ament_cmake: 0.9.11 (/opt/ros/foxy/share/ament_cmake/cmake)
[0.157s] -- Using PYTHON_EXECUTABLE: /usr/bin/python3
[0.311s] -- Found rclcpp: 2.4.2 (/opt/ros/foxy/share/rclcpp/cmake)
[0.335s] -- Using all available rosidl_typesupport_c: rosidl_typesupport_fastrtps_c;rosidl_typesupport_introspection_c
[0.339s] -- Found rosidl_adapter: 1.3.0 (/opt/ros/foxy/share/rosidl_adapter/cmake)
[0.442s] -- Using all available rosidl_typesupport_cpp: rosidl_typesupport_fastrtps_cpp;rosidl_typesupport_introspection_cpp
[0.474s] -- Found rmw_implementation_cmake: 1.0.4 (/opt/ros/foxy/share/rmw_implementation_cmake/cmake)
[0.474s] -- Using RMW implementation 'rmw_fastrtps_cpp' as default
[0.567s] -- Found rclpy: 1.0.12 (/opt/ros/foxy/share/rclpy/cmake)
[0.619s] -- Configuring done
[0.626s] -- Generating done
[0.628s] -- Build files have been written to: /home/kim/open_topic/linux/ws/build/delay_frame
[0.645s] [100%] Built target cpp_node_test
[0.653s] Invoked command in '/home/kim/open_topic/linux/ws/build/delay_frame' returned '0': CMAKE_PREFIX_PATH=${CMAKE_PREFIX_PATH}:/opt/ros/foxy /home/kim/.local/bin/cmake --build /home/kim/open_topic/linux/ws/build/delay_frame -- -j12 -l12
[0.695s] Invoking command in '/home/kim/open_topic/linux/ws/build/delay_frame': CMAKE_PREFIX_PATH=${CMAKE_PREFIX_PATH}:/opt/ros/foxy /home/kim/.local/bin/cmake --install /home/kim/open_topic/linux/ws/build/delay_frame
[0.719s] -- Install configuration: ""
[0.719s] -- Up-to-date: /home/kim/open_topic/linux/ws/install/delay_frame/share/delay_frame/environment/pythonpath.sh
[0.719s] -- Installing: /home/kim/open_topic/linux/ws/install/delay_frame/share/delay_frame/environment/pythonpath.dsv
[0.719s] -- Up-to-date: /home/kim/open_topic/linux/ws/install/delay_frame/lib/python3.8/site-packages/delay_frame
[0.720s] -- Up-to-date: /home/kim/open_topic/linux/ws/install/delay_frame/lib/python3.8/site-packages/delay_frame/dummy_module.py
[0.720s] -- Up-to-date: /home/kim/open_topic/linux/ws/install/delay_frame/lib/python3.8/site-packages/delay_frame/__init__.py
[0.745s] Listing '/home/kim/open_topic/linux/ws/install/delay_frame/lib/python3.8/site-packages/delay_frame'...
[0.748s] -- Installing: /home/kim/open_topic/linux/ws/install/delay_frame/lib/delay_frame/delay_frame.py
[0.748s] -- Up-to-date: /home/kim/open_topic/linux/ws/install/delay_frame/share/delay_frame
[0.748s] -- Up-to-date: /home/kim/open_topic/linux/ws/install/delay_frame/share/ament_index/resource_index/package_run_dependencies/delay_frame
[0.749s] -- Installing: /home/kim/open_topic/linux/ws/install/delay_frame/share/ament_index/resource_index/parent_prefix_path/delay_frame
[0.749s] -- Up-to-date: /home/kim/open_topic/linux/ws/install/delay_frame/share/delay_frame/environment/ament_prefix_path.sh
[0.749s] -- Installing: /home/kim/open_topic/linux/ws/install/delay_frame/share/delay_frame/environment/ament_prefix_path.dsv
[0.749s] -- Up-to-date: /home/kim/open_topic/linux/ws/install/delay_frame/share/delay_frame/environment/path.sh
[0.749s] -- Installing: /home/kim/open_topic/linux/ws/install/delay_frame/share/delay_frame/environment/path.dsv
[0.749s] -- Up-to-date: /home/kim/open_topic/linux/ws/install/delay_frame/share/delay_frame/local_setup.bash
[0.749s] -- Up-to-date: /home/kim/open_topic/linux/ws/install/delay_frame/share/delay_frame/local_setup.sh
[0.749s] -- Up-to-date: /home/kim/open_topic/linux/ws/install/delay_frame/share/delay_frame/local_setup.zsh
[0.749s] -- Installing: /home/kim/open_topic/linux/ws/install/delay_frame/share/delay_frame/local_setup.dsv
[0.749s] -- Installing: /home/kim/open_topic/linux/ws/install/delay_frame/share/delay_frame/package.dsv
[0.749s] -- Up-to-date: /home/kim/open_topic/linux/ws/install/delay_frame/share/ament_index/resource_index/packages/delay_frame
[0.750s] -- Up-to-date: /home/kim/open_topic/linux/ws/install/delay_frame/share/delay_frame/cmake/delay_frameConfig.cmake
[0.750s] -- Up-to-date: /home/kim/open_topic/linux/ws/install/delay_frame/share/delay_frame/cmake/delay_frameConfig-version.cmake
[0.750s] -- Up-to-date: /home/kim/open_topic/linux/ws/install/delay_frame/share/delay_frame/package.xml
[0.760s] Invoked command in '/home/kim/open_topic/linux/ws/build/delay_frame' returned '0': CMAKE_PREFIX_PATH=${CMAKE_PREFIX_PATH}:/opt/ros/foxy /home/kim/.local/bin/cmake --install /home/kim/open_topic/linux/ws/build/delay_frame
