[100%] Built target cpp_node_test
-- Install configuration: ""
-- Up-to-date: /home/kim/open_topic/linux/ws/install/fake_image/share/fake_image/environment/pythonpath.sh
-- Up-to-date: /home/kim/open_topic/linux/ws/install/fake_image/share/fake_image/environment/pythonpath.dsv
-- Up-to-date: /home/kim/open_topic/linux/ws/install/fake_image/lib/python3.8/site-packages/fake_image
-- Up-to-date: /home/kim/open_topic/linux/ws/install/fake_image/lib/python3.8/site-packages/fake_image/dummy_module.py
-- Up-to-date: /home/kim/open_topic/linux/ws/install/fake_image/lib/python3.8/site-packages/fake_image/__init__.py
Listing '/home/kim/open_topic/linux/ws/install/fake_image/lib/python3.8/site-packages/fake_image'...
-- Installing: /home/kim/open_topic/linux/ws/install/fake_image/lib/fake_image/pub_image.py
-- Up-to-date: /home/kim/open_topic/linux/ws/install/fake_image/share/fake_image
-- Up-to-date: /home/kim/open_topic/linux/ws/install/fake_image/share/ament_index/resource_index/package_run_dependencies/fake_image
-- Up-to-date: /home/kim/open_topic/linux/ws/install/fake_image/share/ament_index/resource_index/parent_prefix_path/fake_image
-- Up-to-date: /home/kim/open_topic/linux/ws/install/fake_image/share/fake_image/environment/ament_prefix_path.sh
-- Up-to-date: /home/kim/open_topic/linux/ws/install/fake_image/share/fake_image/environment/ament_prefix_path.dsv
-- Up-to-date: /home/kim/open_topic/linux/ws/install/fake_image/share/fake_image/environment/path.sh
-- Up-to-date: /home/kim/open_topic/linux/ws/install/fake_image/share/fake_image/environment/path.dsv
-- Up-to-date: /home/kim/open_topic/linux/ws/install/fake_image/share/fake_image/local_setup.bash
-- Up-to-date: /home/kim/open_topic/linux/ws/install/fake_image/share/fake_image/local_setup.sh
-- Up-to-date: /home/kim/open_topic/linux/ws/install/fake_image/share/fake_image/local_setup.zsh
-- Up-to-date: /home/kim/open_topic/linux/ws/install/fake_image/share/fake_image/local_setup.dsv
-- Installing: /home/kim/open_topic/linux/ws/install/fake_image/share/fake_image/package.dsv
-- Up-to-date: /home/kim/open_topic/linux/ws/install/fake_image/share/ament_index/resource_index/packages/fake_image
-- Up-to-date: /home/kim/open_topic/linux/ws/install/fake_image/share/fake_image/cmake/fake_imageConfig.cmake
-- Up-to-date: /home/kim/open_topic/linux/ws/install/fake_image/share/fake_image/cmake/fake_imageConfig-version.cmake
-- Up-to-date: /home/kim/open_topic/linux/ws/install/fake_image/share/fake_image/package.xml
