[0.089s] Invoking command in '/home/kim/open_topic/linux/ws/build/fake_image': CMAKE_PREFIX_PATH=${CMAKE_PREFIX_PATH}:/opt/ros/foxy /home/kim/.local/bin/cmake --build /home/kim/open_topic/linux/ws/build/fake_image -- -j12 -l12
[0.138s] [100%] Built target cpp_node_test
[0.149s] Invoked command in '/home/kim/open_topic/linux/ws/build/fake_image' returned '0': CMAKE_PREFIX_PATH=${CMAKE_PREFIX_PATH}:/opt/ros/foxy /home/kim/.local/bin/cmake --build /home/kim/open_topic/linux/ws/build/fake_image -- -j12 -l12
[0.234s] Invoking command in '/home/kim/open_topic/linux/ws/build/fake_image': CMAKE_PREFIX_PATH=${CMAKE_PREFIX_PATH}:/opt/ros/foxy /home/kim/.local/bin/cmake --install /home/kim/open_topic/linux/ws/build/fake_image
[0.262s] -- Install configuration: ""
[0.263s] -- Up-to-date: /home/kim/open_topic/linux/ws/install/fake_image/share/fake_image/environment/pythonpath.sh
[0.263s] -- Up-to-date: /home/kim/open_topic/linux/ws/install/fake_image/share/fake_image/environment/pythonpath.dsv
[0.263s] -- Up-to-date: /home/kim/open_topic/linux/ws/install/fake_image/lib/python3.8/site-packages/fake_image
[0.263s] -- Up-to-date: /home/kim/open_topic/linux/ws/install/fake_image/lib/python3.8/site-packages/fake_image/dummy_module.py
[0.263s] -- Up-to-date: /home/kim/open_topic/linux/ws/install/fake_image/lib/python3.8/site-packages/fake_image/__init__.py
[0.298s] Listing '/home/kim/open_topic/linux/ws/install/fake_image/lib/python3.8/site-packages/fake_image'...
[0.306s] -- Up-to-date: /home/kim/open_topic/linux/ws/install/fake_image/lib/fake_image/pub_image.py
[0.312s] -- Up-to-date: /home/kim/open_topic/linux/ws/install/fake_image/share/fake_image
[0.313s] -- Up-to-date: /home/kim/open_topic/linux/ws/install/fake_image/share/ament_index/resource_index/package_run_dependencies/fake_image
[0.313s] -- Up-to-date: /home/kim/open_topic/linux/ws/install/fake_image/share/ament_index/resource_index/parent_prefix_path/fake_image
[0.313s] -- Up-to-date: /home/kim/open_topic/linux/ws/install/fake_image/share/fake_image/environment/ament_prefix_path.sh
[0.313s] -- Up-to-date: /home/kim/open_topic/linux/ws/install/fake_image/share/fake_image/environment/ament_prefix_path.dsv
[0.313s] -- Up-to-date: /home/kim/open_topic/linux/ws/install/fake_image/share/fake_image/environment/path.sh
[0.313s] -- Up-to-date: /home/kim/open_topic/linux/ws/install/fake_image/share/fake_image/environment/path.dsv
[0.313s] -- Up-to-date: /home/kim/open_topic/linux/ws/install/fake_image/share/fake_image/local_setup.bash
[0.313s] -- Up-to-date: /home/kim/open_topic/linux/ws/install/fake_image/share/fake_image/local_setup.sh
[0.313s] -- Up-to-date: /home/kim/open_topic/linux/ws/install/fake_image/share/fake_image/local_setup.zsh
[0.313s] -- Up-to-date: /home/kim/open_topic/linux/ws/install/fake_image/share/fake_image/local_setup.dsv
[0.313s] -- Installing: /home/kim/open_topic/linux/ws/install/fake_image/share/fake_image/package.dsv
[0.313s] -- Up-to-date: /home/kim/open_topic/linux/ws/install/fake_image/share/ament_index/resource_index/packages/fake_image
[0.314s] -- Up-to-date: /home/kim/open_topic/linux/ws/install/fake_image/share/fake_image/cmake/fake_imageConfig.cmake
[0.314s] -- Up-to-date: /home/kim/open_topic/linux/ws/install/fake_image/share/fake_image/cmake/fake_imageConfig-version.cmake
[0.314s] -- Up-to-date: /home/kim/open_topic/linux/ws/install/fake_image/share/fake_image/package.xml
[0.417s] Invoked command in '/home/kim/open_topic/linux/ws/build/fake_image' returned '0': CMAKE_PREFIX_PATH=${CMAKE_PREFIX_PATH}:/opt/ros/foxy /home/kim/.local/bin/cmake --install /home/kim/open_topic/linux/ws/build/fake_image
