[35m[1mConsolidate compiler generated dependencies of target cpp_node_test[0m
[100%] Built target cpp_node_test
[100%] Built target ament_cmake_python_copy_fake_image
running egg_info
writing fake_image.egg-info/PKG-INFO
writing dependency_links to fake_image.egg-info/dependency_links.txt
writing top-level names to fake_image.egg-info/top_level.txt
reading manifest file 'fake_image.egg-info/SOURCES.txt'
writing manifest file 'fake_image.egg-info/SOURCES.txt'
[100%] Built target ament_cmake_python_build_fake_image_egg
-- Install configuration: ""
-- Up-to-date: /home/carver/kim_open_topic/linux/ws/install/fake_image/share/fake_image/environment/pythonpath.sh
-- Up-to-date: /home/carver/kim_open_topic/linux/ws/install/fake_image/share/fake_image/environment/pythonpath.dsv
-- Up-to-date: /home/carver/kim_open_topic/linux/ws/install/fake_image/local/lib/python3.10/dist-packages/fake_image-0.0.0-py3.10.egg-info
-- Installing: /home/carver/kim_open_topic/linux/ws/install/fake_image/local/lib/python3.10/dist-packages/fake_image-0.0.0-py3.10.egg-info/top_level.txt
-- Installing: /home/carver/kim_open_topic/linux/ws/install/fake_image/local/lib/python3.10/dist-packages/fake_image-0.0.0-py3.10.egg-info/SOURCES.txt
-- Installing: /home/carver/kim_open_topic/linux/ws/install/fake_image/local/lib/python3.10/dist-packages/fake_image-0.0.0-py3.10.egg-info/PKG-INFO
-- Installing: /home/carver/kim_open_topic/linux/ws/install/fake_image/local/lib/python3.10/dist-packages/fake_image-0.0.0-py3.10.egg-info/dependency_links.txt
-- Up-to-date: /home/carver/kim_open_topic/linux/ws/install/fake_image/local/lib/python3.10/dist-packages/fake_image
-- Up-to-date: /home/carver/kim_open_topic/linux/ws/install/fake_image/local/lib/python3.10/dist-packages/fake_image/dummy_module.py
-- Up-to-date: /home/carver/kim_open_topic/linux/ws/install/fake_image/local/lib/python3.10/dist-packages/fake_image/__init__.py
Listing '/home/carver/kim_open_topic/linux/ws/install/fake_image/local/lib/python3.10/dist-packages/fake_image'...
-- Installing: /home/carver/kim_open_topic/linux/ws/install/fake_image/lib/fake_image/pub_image.py
-- Up-to-date: /home/carver/kim_open_topic/linux/ws/install/fake_image/share/fake_image
-- Up-to-date: /home/carver/kim_open_topic/linux/ws/install/fake_image/share/ament_index/resource_index/package_run_dependencies/fake_image
-- Up-to-date: /home/carver/kim_open_topic/linux/ws/install/fake_image/share/ament_index/resource_index/parent_prefix_path/fake_image
-- Installing: /home/carver/kim_open_topic/linux/ws/install/fake_image/share/fake_image/environment/ament_prefix_path.sh
-- Up-to-date: /home/carver/kim_open_topic/linux/ws/install/fake_image/share/fake_image/environment/ament_prefix_path.dsv
-- Installing: /home/carver/kim_open_topic/linux/ws/install/fake_image/share/fake_image/environment/path.sh
-- Up-to-date: /home/carver/kim_open_topic/linux/ws/install/fake_image/share/fake_image/environment/path.dsv
-- Up-to-date: /home/carver/kim_open_topic/linux/ws/install/fake_image/share/fake_image/local_setup.bash
-- Up-to-date: /home/carver/kim_open_topic/linux/ws/install/fake_image/share/fake_image/local_setup.sh
-- Up-to-date: /home/carver/kim_open_topic/linux/ws/install/fake_image/share/fake_image/local_setup.zsh
-- Up-to-date: /home/carver/kim_open_topic/linux/ws/install/fake_image/share/fake_image/local_setup.dsv
-- Up-to-date: /home/carver/kim_open_topic/linux/ws/install/fake_image/share/fake_image/package.dsv
-- Up-to-date: /home/carver/kim_open_topic/linux/ws/install/fake_image/share/ament_index/resource_index/packages/fake_image
-- Up-to-date: /home/carver/kim_open_topic/linux/ws/install/fake_image/share/fake_image/cmake/fake_imageConfig.cmake
-- Up-to-date: /home/carver/kim_open_topic/linux/ws/install/fake_image/share/fake_image/cmake/fake_imageConfig-version.cmake
-- Up-to-date: /home/carver/kim_open_topic/linux/ws/install/fake_image/share/fake_image/package.xml
