[  0%] Built target ament_cmake_python_copy_check_qos
[100%] Built target cpp_node_test
running egg_info
writing check_qos.egg-info/PKG-INFO
writing dependency_links to check_qos.egg-info/dependency_links.txt
writing top-level names to check_qos.egg-info/top_level.txt
reading manifest file 'check_qos.egg-info/SOURCES.txt'
writing manifest file 'check_qos.egg-info/SOURCES.txt'
[100%] Built target ament_cmake_python_build_check_qos_egg
-- Install configuration: ""
-- Up-to-date: /home/carver/kim_open_topic/linux/ws/install/check_qos/share/check_qos/environment/pythonpath.sh
-- Up-to-date: /home/carver/kim_open_topic/linux/ws/install/check_qos/share/check_qos/environment/pythonpath.dsv
-- Up-to-date: /home/carver/kim_open_topic/linux/ws/install/check_qos/local/lib/python3.10/dist-packages/check_qos-0.0.0-py3.10.egg-info
-- Installing: /home/carver/kim_open_topic/linux/ws/install/check_qos/local/lib/python3.10/dist-packages/check_qos-0.0.0-py3.10.egg-info/top_level.txt
-- Installing: /home/carver/kim_open_topic/linux/ws/install/check_qos/local/lib/python3.10/dist-packages/check_qos-0.0.0-py3.10.egg-info/SOURCES.txt
-- Installing: /home/carver/kim_open_topic/linux/ws/install/check_qos/local/lib/python3.10/dist-packages/check_qos-0.0.0-py3.10.egg-info/PKG-INFO
-- Installing: /home/carver/kim_open_topic/linux/ws/install/check_qos/local/lib/python3.10/dist-packages/check_qos-0.0.0-py3.10.egg-info/dependency_links.txt
-- Up-to-date: /home/carver/kim_open_topic/linux/ws/install/check_qos/local/lib/python3.10/dist-packages/check_qos
-- Up-to-date: /home/carver/kim_open_topic/linux/ws/install/check_qos/local/lib/python3.10/dist-packages/check_qos/dummy_module.py
-- Up-to-date: /home/carver/kim_open_topic/linux/ws/install/check_qos/local/lib/python3.10/dist-packages/check_qos/__init__.py
Listing '/home/carver/kim_open_topic/linux/ws/install/check_qos/local/lib/python3.10/dist-packages/check_qos'...
-- Up-to-date: /home/carver/kim_open_topic/linux/ws/install/check_qos/lib/check_qos/pub.py
-- Up-to-date: /home/carver/kim_open_topic/linux/ws/install/check_qos/lib/check_qos/sub1.py
-- Up-to-date: /home/carver/kim_open_topic/linux/ws/install/check_qos/lib/check_qos/sub2.py
-- Up-to-date: /home/carver/kim_open_topic/linux/ws/install/check_qos/share/check_qos
-- Up-to-date: /home/carver/kim_open_topic/linux/ws/install/check_qos/share/ament_index/resource_index/package_run_dependencies/check_qos
-- Up-to-date: /home/carver/kim_open_topic/linux/ws/install/check_qos/share/ament_index/resource_index/parent_prefix_path/check_qos
-- Up-to-date: /home/carver/kim_open_topic/linux/ws/install/check_qos/share/check_qos/environment/ament_prefix_path.sh
-- Up-to-date: /home/carver/kim_open_topic/linux/ws/install/check_qos/share/check_qos/environment/ament_prefix_path.dsv
-- Up-to-date: /home/carver/kim_open_topic/linux/ws/install/check_qos/share/check_qos/environment/path.sh
-- Up-to-date: /home/carver/kim_open_topic/linux/ws/install/check_qos/share/check_qos/environment/path.dsv
-- Up-to-date: /home/carver/kim_open_topic/linux/ws/install/check_qos/share/check_qos/local_setup.bash
-- Up-to-date: /home/carver/kim_open_topic/linux/ws/install/check_qos/share/check_qos/local_setup.sh
-- Up-to-date: /home/carver/kim_open_topic/linux/ws/install/check_qos/share/check_qos/local_setup.zsh
-- Up-to-date: /home/carver/kim_open_topic/linux/ws/install/check_qos/share/check_qos/local_setup.dsv
-- Installing: /home/carver/kim_open_topic/linux/ws/install/check_qos/share/check_qos/package.dsv
-- Up-to-date: /home/carver/kim_open_topic/linux/ws/install/check_qos/share/ament_index/resource_index/packages/check_qos
-- Up-to-date: /home/carver/kim_open_topic/linux/ws/install/check_qos/share/check_qos/cmake/check_qosConfig.cmake
-- Up-to-date: /home/carver/kim_open_topic/linux/ws/install/check_qos/share/check_qos/cmake/check_qosConfig-version.cmake
-- Up-to-date: /home/carver/kim_open_topic/linux/ws/install/check_qos/share/check_qos/package.xml
