[0.044s] Invoking command in '/home/carver/kim_open_topic/linux/ws/build/fake_image': CMAKE_PREFIX_PATH=/home/carver/cartesian_controller_ws/install/cartesian_compliance_controller:/home/carver/cartesian_controller_ws/install/cartesian_motion_controller:/home/carver/cartesian_controller_ws/install/cartesian_force_controller:/home/carver/py_tree_ws/install/py_trees_ros_tutorials:/home/carver/py_tree_ws/install/py_trees_ros:/home/carver/ur_ws/install/rqt_joint_trajectory_controller:/home/carver/ur_ws/install/ros2_controllers_test_nodes:/opt/ros/humble:/home/carver/cartesian_controller_ws/install/cartesian_controller_tests:/home/carver/cartesian_controller_ws/install/cartesian_controller_simulation:/home/carver/cartesian_controller_ws/install/cartesian_controller_handles:/home/carver/cartesian_controller_ws/install/cartesian_controller_base:/home/carver/ur_ws/install/ur:/home/carver/ur_ws/install/ur_calibration:/home/carver/ur_ws/install/ur_robot_driver:/home/carver/ur_ws/install/ur_bringup:/home/carver/ur_ws/install/ros2_controllers:/home/carver/ur_ws/install/velocity_controllers:/home/carver/ur_ws/install/ur_moveit_config:/home/carver/ur_ws/install/ur_description:/home/carver/ur_ws/install/ur_controllers:/home/carver/ur_ws/install/ur_dashboard_msgs:/home/carver/ur_ws/install/tricycle_controller:/home/carver/ur_ws/install/position_controllers:/home/carver/ur_ws/install/joint_trajectory_controller:/home/carver/ur_ws/install/joint_state_broadcaster:/home/carver/ur_ws/install/imu_sensor_broadcaster:/home/carver/ur_ws/install/gripper_controllers:/home/carver/ur_ws/install/effort_controllers:/home/carver/ur_ws/install/forward_command_controller:/home/carver/ur_ws/install/force_torque_sensor_broadcaster:/home/carver/ur_ws/install/diff_drive_controller:/home/carver/carverhand_ws/install/package_name:/home/carver/carverhand_ws/install/carver_ft /usr/bin/cmake /home/carver/kim_open_topic/linux/ws/src/fake_image -DCMAKE_INSTALL_PREFIX=/home/carver/kim_open_topic/linux/ws/install/fake_image
[0.164s] -- The C compiler identification is GNU 11.3.0
[0.239s] -- The CXX compiler identification is GNU 11.3.0
[0.247s] -- Detecting C compiler ABI info
[0.290s] -- Detecting C compiler ABI info - done
[0.294s] -- Check for working C compiler: /usr/bin/cc - skipped
[0.295s] -- Detecting C compile features
[0.295s] -- Detecting C compile features - done
[0.297s] -- Detecting CXX compiler ABI info
[0.343s] -- Detecting CXX compiler ABI info - done
[0.347s] -- Check for working CXX compiler: /usr/bin/c++ - skipped
[0.347s] -- Detecting CXX compile features
[0.347s] -- Detecting CXX compile features - done
[0.364s] -- Found ament_cmake: 1.3.2 (/opt/ros/humble/share/ament_cmake/cmake)
[0.512s] -- Found Python3: /usr/bin/python3.10 (found version "3.10.6") found components: Interpreter 
[0.670s] -- Found rclcpp: 16.0.1 (/opt/ros/humble/share/rclcpp/cmake)
[0.730s] -- Found rosidl_generator_c: 3.1.3 (/opt/ros/humble/share/rosidl_generator_c/cmake)
[0.734s] -- Found rosidl_adapter: 3.1.3 (/opt/ros/humble/share/rosidl_adapter/cmake)
[0.741s] -- Found rosidl_generator_cpp: 3.1.3 (/opt/ros/humble/share/rosidl_generator_cpp/cmake)
[0.763s] -- Using all available rosidl_typesupport_c: rosidl_typesupport_fastrtps_c;rosidl_typesupport_introspection_c
[0.791s] -- Using all available rosidl_typesupport_cpp: rosidl_typesupport_fastrtps_cpp;rosidl_typesupport_introspection_cpp
[0.855s] -- Found rmw_implementation_cmake: 6.1.0 (/opt/ros/humble/share/rmw_implementation_cmake/cmake)
[0.863s] -- Found rmw_fastrtps_cpp: 6.2.1 (/opt/ros/humble/share/rmw_fastrtps_cpp/cmake)
[0.941s] -- Found OpenSSL: /usr/lib/x86_64-linux-gnu/libcrypto.so (found version "3.0.2")  
[0.961s] -- Found FastRTPS: /opt/ros/humble/include  
[0.992s] -- Using RMW implementation 'rmw_fastrtps_cpp' as default
[1.114s] -- Found rclpy: 3.3.4 (/opt/ros/humble/share/rclpy/cmake)
[1.299s] -- Configuring done
[1.304s] -- Generating done
[1.304s] -- Build files have been written to: /home/carver/kim_open_topic/linux/ws/build/fake_image
[1.312s] Invoked command in '/home/carver/kim_open_topic/linux/ws/build/fake_image' returned '0': CMAKE_PREFIX_PATH=/home/carver/cartesian_controller_ws/install/cartesian_compliance_controller:/home/carver/cartesian_controller_ws/install/cartesian_motion_controller:/home/carver/cartesian_controller_ws/install/cartesian_force_controller:/home/carver/py_tree_ws/install/py_trees_ros_tutorials:/home/carver/py_tree_ws/install/py_trees_ros:/home/carver/ur_ws/install/rqt_joint_trajectory_controller:/home/carver/ur_ws/install/ros2_controllers_test_nodes:/opt/ros/humble:/home/carver/cartesian_controller_ws/install/cartesian_controller_tests:/home/carver/cartesian_controller_ws/install/cartesian_controller_simulation:/home/carver/cartesian_controller_ws/install/cartesian_controller_handles:/home/carver/cartesian_controller_ws/install/cartesian_controller_base:/home/carver/ur_ws/install/ur:/home/carver/ur_ws/install/ur_calibration:/home/carver/ur_ws/install/ur_robot_driver:/home/carver/ur_ws/install/ur_bringup:/home/carver/ur_ws/install/ros2_controllers:/home/carver/ur_ws/install/velocity_controllers:/home/carver/ur_ws/install/ur_moveit_config:/home/carver/ur_ws/install/ur_description:/home/carver/ur_ws/install/ur_controllers:/home/carver/ur_ws/install/ur_dashboard_msgs:/home/carver/ur_ws/install/tricycle_controller:/home/carver/ur_ws/install/position_controllers:/home/carver/ur_ws/install/joint_trajectory_controller:/home/carver/ur_ws/install/joint_state_broadcaster:/home/carver/ur_ws/install/imu_sensor_broadcaster:/home/carver/ur_ws/install/gripper_controllers:/home/carver/ur_ws/install/effort_controllers:/home/carver/ur_ws/install/forward_command_controller:/home/carver/ur_ws/install/force_torque_sensor_broadcaster:/home/carver/ur_ws/install/diff_drive_controller:/home/carver/carverhand_ws/install/package_name:/home/carver/carverhand_ws/install/carver_ft /usr/bin/cmake /home/carver/kim_open_topic/linux/ws/src/fake_image -DCMAKE_INSTALL_PREFIX=/home/carver/kim_open_topic/linux/ws/install/fake_image
[1.313s] Invoking command in '/home/carver/kim_open_topic/linux/ws/build/fake_image': CMAKE_PREFIX_PATH=/home/carver/cartesian_controller_ws/install/cartesian_compliance_controller:/home/carver/cartesian_controller_ws/install/cartesian_motion_controller:/home/carver/cartesian_controller_ws/install/cartesian_force_controller:/home/carver/py_tree_ws/install/py_trees_ros_tutorials:/home/carver/py_tree_ws/install/py_trees_ros:/home/carver/ur_ws/install/rqt_joint_trajectory_controller:/home/carver/ur_ws/install/ros2_controllers_test_nodes:/opt/ros/humble:/home/carver/cartesian_controller_ws/install/cartesian_controller_tests:/home/carver/cartesian_controller_ws/install/cartesian_controller_simulation:/home/carver/cartesian_controller_ws/install/cartesian_controller_handles:/home/carver/cartesian_controller_ws/install/cartesian_controller_base:/home/carver/ur_ws/install/ur:/home/carver/ur_ws/install/ur_calibration:/home/carver/ur_ws/install/ur_robot_driver:/home/carver/ur_ws/install/ur_bringup:/home/carver/ur_ws/install/ros2_controllers:/home/carver/ur_ws/install/velocity_controllers:/home/carver/ur_ws/install/ur_moveit_config:/home/carver/ur_ws/install/ur_description:/home/carver/ur_ws/install/ur_controllers:/home/carver/ur_ws/install/ur_dashboard_msgs:/home/carver/ur_ws/install/tricycle_controller:/home/carver/ur_ws/install/position_controllers:/home/carver/ur_ws/install/joint_trajectory_controller:/home/carver/ur_ws/install/joint_state_broadcaster:/home/carver/ur_ws/install/imu_sensor_broadcaster:/home/carver/ur_ws/install/gripper_controllers:/home/carver/ur_ws/install/effort_controllers:/home/carver/ur_ws/install/forward_command_controller:/home/carver/ur_ws/install/force_torque_sensor_broadcaster:/home/carver/ur_ws/install/diff_drive_controller:/home/carver/carverhand_ws/install/package_name:/home/carver/carverhand_ws/install/carver_ft /usr/bin/cmake --build /home/carver/kim_open_topic/linux/ws/build/fake_image -- -j20 -l20
[1.337s] [ 50%] [32mBuilding CXX object CMakeFiles/cpp_node_test.dir/src/cpp_node.cpp.o[0m
[1.341s] [ 50%] Built target ament_cmake_python_copy_fake_image
[1.643s] running egg_info
[1.643s] creating fake_image.egg-info
[1.643s] writing fake_image.egg-info/PKG-INFO
[1.644s] writing dependency_links to fake_image.egg-info/dependency_links.txt
[1.644s] writing top-level names to fake_image.egg-info/top_level.txt
[1.644s] writing manifest file 'fake_image.egg-info/SOURCES.txt'
[1.649s] reading manifest file 'fake_image.egg-info/SOURCES.txt'
[1.649s] writing manifest file 'fake_image.egg-info/SOURCES.txt'
[1.678s] [100%] [32m[1mLinking CXX executable cpp_node_test[0m
[1.684s] [100%] Built target ament_cmake_python_build_fake_image_egg
[1.731s] [100%] Built target cpp_node_test
[1.737s] Invoked command in '/home/carver/kim_open_topic/linux/ws/build/fake_image' returned '0': CMAKE_PREFIX_PATH=/home/carver/cartesian_controller_ws/install/cartesian_compliance_controller:/home/carver/cartesian_controller_ws/install/cartesian_motion_controller:/home/carver/cartesian_controller_ws/install/cartesian_force_controller:/home/carver/py_tree_ws/install/py_trees_ros_tutorials:/home/carver/py_tree_ws/install/py_trees_ros:/home/carver/ur_ws/install/rqt_joint_trajectory_controller:/home/carver/ur_ws/install/ros2_controllers_test_nodes:/opt/ros/humble:/home/carver/cartesian_controller_ws/install/cartesian_controller_tests:/home/carver/cartesian_controller_ws/install/cartesian_controller_simulation:/home/carver/cartesian_controller_ws/install/cartesian_controller_handles:/home/carver/cartesian_controller_ws/install/cartesian_controller_base:/home/carver/ur_ws/install/ur:/home/carver/ur_ws/install/ur_calibration:/home/carver/ur_ws/install/ur_robot_driver:/home/carver/ur_ws/install/ur_bringup:/home/carver/ur_ws/install/ros2_controllers:/home/carver/ur_ws/install/velocity_controllers:/home/carver/ur_ws/install/ur_moveit_config:/home/carver/ur_ws/install/ur_description:/home/carver/ur_ws/install/ur_controllers:/home/carver/ur_ws/install/ur_dashboard_msgs:/home/carver/ur_ws/install/tricycle_controller:/home/carver/ur_ws/install/position_controllers:/home/carver/ur_ws/install/joint_trajectory_controller:/home/carver/ur_ws/install/joint_state_broadcaster:/home/carver/ur_ws/install/imu_sensor_broadcaster:/home/carver/ur_ws/install/gripper_controllers:/home/carver/ur_ws/install/effort_controllers:/home/carver/ur_ws/install/forward_command_controller:/home/carver/ur_ws/install/force_torque_sensor_broadcaster:/home/carver/ur_ws/install/diff_drive_controller:/home/carver/carverhand_ws/install/package_name:/home/carver/carverhand_ws/install/carver_ft /usr/bin/cmake --build /home/carver/kim_open_topic/linux/ws/build/fake_image -- -j20 -l20
[1.753s] Invoking command in '/home/carver/kim_open_topic/linux/ws/build/fake_image': CMAKE_PREFIX_PATH=/home/carver/cartesian_controller_ws/install/cartesian_compliance_controller:/home/carver/cartesian_controller_ws/install/cartesian_motion_controller:/home/carver/cartesian_controller_ws/install/cartesian_force_controller:/home/carver/py_tree_ws/install/py_trees_ros_tutorials:/home/carver/py_tree_ws/install/py_trees_ros:/home/carver/ur_ws/install/rqt_joint_trajectory_controller:/home/carver/ur_ws/install/ros2_controllers_test_nodes:/opt/ros/humble:/home/carver/cartesian_controller_ws/install/cartesian_controller_tests:/home/carver/cartesian_controller_ws/install/cartesian_controller_simulation:/home/carver/cartesian_controller_ws/install/cartesian_controller_handles:/home/carver/cartesian_controller_ws/install/cartesian_controller_base:/home/carver/ur_ws/install/ur:/home/carver/ur_ws/install/ur_calibration:/home/carver/ur_ws/install/ur_robot_driver:/home/carver/ur_ws/install/ur_bringup:/home/carver/ur_ws/install/ros2_controllers:/home/carver/ur_ws/install/velocity_controllers:/home/carver/ur_ws/install/ur_moveit_config:/home/carver/ur_ws/install/ur_description:/home/carver/ur_ws/install/ur_controllers:/home/carver/ur_ws/install/ur_dashboard_msgs:/home/carver/ur_ws/install/tricycle_controller:/home/carver/ur_ws/install/position_controllers:/home/carver/ur_ws/install/joint_trajectory_controller:/home/carver/ur_ws/install/joint_state_broadcaster:/home/carver/ur_ws/install/imu_sensor_broadcaster:/home/carver/ur_ws/install/gripper_controllers:/home/carver/ur_ws/install/effort_controllers:/home/carver/ur_ws/install/forward_command_controller:/home/carver/ur_ws/install/force_torque_sensor_broadcaster:/home/carver/ur_ws/install/diff_drive_controller:/home/carver/carverhand_ws/install/package_name:/home/carver/carverhand_ws/install/carver_ft /usr/bin/cmake --install /home/carver/kim_open_topic/linux/ws/build/fake_image
[1.758s] -- Install configuration: ""
[1.758s] -- Installing: /home/carver/kim_open_topic/linux/ws/install/fake_image/share/fake_image/environment/pythonpath.sh
[1.758s] -- Installing: /home/carver/kim_open_topic/linux/ws/install/fake_image/share/fake_image/environment/pythonpath.dsv
[1.758s] -- Installing: /home/carver/kim_open_topic/linux/ws/install/fake_image/local/lib/python3.10/dist-packages/fake_image-0.0.0-py3.10.egg-info
[1.758s] -- Installing: /home/carver/kim_open_topic/linux/ws/install/fake_image/local/lib/python3.10/dist-packages/fake_image-0.0.0-py3.10.egg-info/top_level.txt
[1.759s] -- Installing: /home/carver/kim_open_topic/linux/ws/install/fake_image/local/lib/python3.10/dist-packages/fake_image-0.0.0-py3.10.egg-info/SOURCES.txt
[1.759s] -- Installing: /home/carver/kim_open_topic/linux/ws/install/fake_image/local/lib/python3.10/dist-packages/fake_image-0.0.0-py3.10.egg-info/PKG-INFO
[1.759s] -- Installing: /home/carver/kim_open_topic/linux/ws/install/fake_image/local/lib/python3.10/dist-packages/fake_image-0.0.0-py3.10.egg-info/dependency_links.txt
[1.759s] -- Installing: /home/carver/kim_open_topic/linux/ws/install/fake_image/local/lib/python3.10/dist-packages/fake_image
[1.759s] -- Installing: /home/carver/kim_open_topic/linux/ws/install/fake_image/local/lib/python3.10/dist-packages/fake_image/dummy_module.py
[1.759s] -- Installing: /home/carver/kim_open_topic/linux/ws/install/fake_image/local/lib/python3.10/dist-packages/fake_image/__init__.py
[1.803s] Listing '/home/carver/kim_open_topic/linux/ws/install/fake_image/local/lib/python3.10/dist-packages/fake_image'...
[1.803s] Compiling '/home/carver/kim_open_topic/linux/ws/install/fake_image/local/lib/python3.10/dist-packages/fake_image/__init__.py'...
[1.803s] Compiling '/home/carver/kim_open_topic/linux/ws/install/fake_image/local/lib/python3.10/dist-packages/fake_image/dummy_module.py'...
[1.803s] -- Installing: /home/carver/kim_open_topic/linux/ws/install/fake_image/lib/fake_image/pub_image.py
[1.803s] -- Up-to-date: /home/carver/kim_open_topic/linux/ws/install/fake_image/share/fake_image
[1.803s] -- Installing: /home/carver/kim_open_topic/linux/ws/install/fake_image/share/ament_index/resource_index/package_run_dependencies/fake_image
[1.804s] -- Installing: /home/carver/kim_open_topic/linux/ws/install/fake_image/share/ament_index/resource_index/parent_prefix_path/fake_image
[1.804s] -- Installing: /home/carver/kim_open_topic/linux/ws/install/fake_image/share/fake_image/environment/ament_prefix_path.sh
[1.804s] -- Installing: /home/carver/kim_open_topic/linux/ws/install/fake_image/share/fake_image/environment/ament_prefix_path.dsv
[1.804s] -- Installing: /home/carver/kim_open_topic/linux/ws/install/fake_image/share/fake_image/environment/path.sh
[1.804s] -- Installing: /home/carver/kim_open_topic/linux/ws/install/fake_image/share/fake_image/environment/path.dsv
[1.804s] -- Installing: /home/carver/kim_open_topic/linux/ws/install/fake_image/share/fake_image/local_setup.bash
[1.804s] -- Installing: /home/carver/kim_open_topic/linux/ws/install/fake_image/share/fake_image/local_setup.sh
[1.804s] -- Installing: /home/carver/kim_open_topic/linux/ws/install/fake_image/share/fake_image/local_setup.zsh
[1.804s] -- Installing: /home/carver/kim_open_topic/linux/ws/install/fake_image/share/fake_image/local_setup.dsv
[1.804s] -- Installing: /home/carver/kim_open_topic/linux/ws/install/fake_image/share/fake_image/package.dsv
[1.804s] -- Installing: /home/carver/kim_open_topic/linux/ws/install/fake_image/share/ament_index/resource_index/packages/fake_image
[1.804s] -- Installing: /home/carver/kim_open_topic/linux/ws/install/fake_image/share/fake_image/cmake/fake_imageConfig.cmake
[1.804s] -- Installing: /home/carver/kim_open_topic/linux/ws/install/fake_image/share/fake_image/cmake/fake_imageConfig-version.cmake
[1.804s] -- Installing: /home/carver/kim_open_topic/linux/ws/install/fake_image/share/fake_image/package.xml
[1.824s] Invoked command in '/home/carver/kim_open_topic/linux/ws/build/fake_image' returned '0': CMAKE_PREFIX_PATH=/home/carver/cartesian_controller_ws/install/cartesian_compliance_controller:/home/carver/cartesian_controller_ws/install/cartesian_motion_controller:/home/carver/cartesian_controller_ws/install/cartesian_force_controller:/home/carver/py_tree_ws/install/py_trees_ros_tutorials:/home/carver/py_tree_ws/install/py_trees_ros:/home/carver/ur_ws/install/rqt_joint_trajectory_controller:/home/carver/ur_ws/install/ros2_controllers_test_nodes:/opt/ros/humble:/home/carver/cartesian_controller_ws/install/cartesian_controller_tests:/home/carver/cartesian_controller_ws/install/cartesian_controller_simulation:/home/carver/cartesian_controller_ws/install/cartesian_controller_handles:/home/carver/cartesian_controller_ws/install/cartesian_controller_base:/home/carver/ur_ws/install/ur:/home/carver/ur_ws/install/ur_calibration:/home/carver/ur_ws/install/ur_robot_driver:/home/carver/ur_ws/install/ur_bringup:/home/carver/ur_ws/install/ros2_controllers:/home/carver/ur_ws/install/velocity_controllers:/home/carver/ur_ws/install/ur_moveit_config:/home/carver/ur_ws/install/ur_description:/home/carver/ur_ws/install/ur_controllers:/home/carver/ur_ws/install/ur_dashboard_msgs:/home/carver/ur_ws/install/tricycle_controller:/home/carver/ur_ws/install/position_controllers:/home/carver/ur_ws/install/joint_trajectory_controller:/home/carver/ur_ws/install/joint_state_broadcaster:/home/carver/ur_ws/install/imu_sensor_broadcaster:/home/carver/ur_ws/install/gripper_controllers:/home/carver/ur_ws/install/effort_controllers:/home/carver/ur_ws/install/forward_command_controller:/home/carver/ur_ws/install/force_torque_sensor_broadcaster:/home/carver/ur_ws/install/diff_drive_controller:/home/carver/carverhand_ws/install/package_name:/home/carver/carverhand_ws/install/carver_ft /usr/bin/cmake --install /home/carver/kim_open_topic/linux/ws/build/fake_image
