[0.341s] DEBUG:colcon:Command line arguments: ['/home/kim/.local/bin/colcon', 'build']
[0.341s] DEBUG:colcon:Parsed command line arguments: Namespace(allow_overriding=[], ament_cmake_args=None, base_paths=['.'], build_base='build', catkin_cmake_args=None, catkin_skip_building_tests=False, cmake_args=None, cmake_clean_cache=False, cmake_clean_first=False, cmake_force_configure=False, cmake_target=None, cmake_target_skip_unavailable=False, continue_on_error=False, event_handlers=None, executor='parallel', ignore_user_meta=False, install_base='install', log_base=None, log_level=None, main=<bound method BuildVerb.main of <colcon_core.verb.build.BuildVerb object at 0x7f5f3ed65df0>>, merge_install=False, metas=['./colcon.meta'], packages_above=None, packages_above_and_dependencies=None, packages_above_depth=None, packages_end=None, packages_ignore=None, packages_ignore_regex=None, packages_select=None, packages_select_build_failed=False, packages_select_by_dep=None, packages_select_regex=None, packages_select_test_failures=False, packages_skip=None, packages_skip_build_finished=False, packages_skip_by_dep=None, packages_skip_regex=None, packages_skip_test_passed=False, packages_skip_up_to=None, packages_start=None, packages_up_to=None, packages_up_to_regex=None, parallel_workers=12, paths=None, symlink_install=False, test_result_base=None, verb_extension=<colcon_core.verb.build.BuildVerb object at 0x7f5f3ed65df0>, verb_name='build', verb_parser=<colcon_defaults.argument_parser.defaults.DefaultArgumentsDecorator object at 0x7f5f3ecaa5e0>)
[0.384s] Level 1:colcon.colcon_core.package_discovery:discover_packages(colcon_meta) check parameters
[0.384s] Level 1:colcon.colcon_core.package_discovery:discover_packages(recursive) check parameters
[0.384s] Level 1:colcon.colcon_core.package_discovery:discover_packages(ignore) check parameters
[0.384s] Level 1:colcon.colcon_core.package_discovery:discover_packages(path) check parameters
[0.384s] Level 1:colcon.colcon_core.package_discovery:discover_packages(colcon_meta) discover
[0.384s] Level 1:colcon.colcon_core.package_discovery:discover_packages(recursive) discover
[0.385s] INFO:colcon.colcon_core.package_discovery:Crawling recursively for packages in '/home/kim/open_topic/linux/ws'
[0.385s] Level 1:colcon.colcon_core.package_identification:_identify(.) by extensions ['ignore', 'ignore_ament_install']
[0.385s] Level 1:colcon.colcon_core.package_identification:_identify(.) by extension 'ignore'
[0.385s] Level 1:colcon.colcon_core.package_identification:_identify(.) by extension 'ignore_ament_install'
[0.385s] Level 1:colcon.colcon_core.package_identification:_identify(.) by extensions ['colcon_pkg']
[0.385s] Level 1:colcon.colcon_core.package_identification:_identify(.) by extension 'colcon_pkg'
[0.385s] Level 1:colcon.colcon_core.package_identification:_identify(.) by extensions ['colcon_meta']
[0.385s] Level 1:colcon.colcon_core.package_identification:_identify(.) by extension 'colcon_meta'
[0.385s] Level 1:colcon.colcon_core.package_identification:_identify(.) by extensions ['ros']
[0.385s] Level 1:colcon.colcon_core.package_identification:_identify(.) by extension 'ros'
[0.399s] Level 1:colcon.colcon_core.package_identification:_identify(.) by extensions ['cmake', 'python']
[0.399s] Level 1:colcon.colcon_core.package_identification:_identify(.) by extension 'cmake'
[0.399s] Level 1:colcon.colcon_core.package_identification:_identify(.) by extension 'python'
[0.399s] Level 1:colcon.colcon_core.package_identification:_identify(.) by extensions ['python_setup_py']
[0.399s] Level 1:colcon.colcon_core.package_identification:_identify(.) by extension 'python_setup_py'
[0.399s] Level 1:colcon.colcon_core.package_identification:_identify(build) by extensions ['ignore', 'ignore_ament_install']
[0.400s] Level 1:colcon.colcon_core.package_identification:_identify(build) by extension 'ignore'
[0.400s] Level 1:colcon.colcon_core.package_identification:_identify(build) ignored
[0.400s] Level 1:colcon.colcon_core.package_identification:_identify(install) by extensions ['ignore', 'ignore_ament_install']
[0.400s] Level 1:colcon.colcon_core.package_identification:_identify(install) by extension 'ignore'
[0.400s] Level 1:colcon.colcon_core.package_identification:_identify(install) ignored
[0.400s] Level 1:colcon.colcon_core.package_identification:_identify(log) by extensions ['ignore', 'ignore_ament_install']
[0.400s] Level 1:colcon.colcon_core.package_identification:_identify(log) by extension 'ignore'
[0.400s] Level 1:colcon.colcon_core.package_identification:_identify(log) ignored
[0.400s] Level 1:colcon.colcon_core.package_identification:_identify(src) by extensions ['ignore', 'ignore_ament_install']
[0.400s] Level 1:colcon.colcon_core.package_identification:_identify(src) by extension 'ignore'
[0.400s] Level 1:colcon.colcon_core.package_identification:_identify(src) by extension 'ignore_ament_install'
[0.400s] Level 1:colcon.colcon_core.package_identification:_identify(src) by extensions ['colcon_pkg']
[0.400s] Level 1:colcon.colcon_core.package_identification:_identify(src) by extension 'colcon_pkg'
[0.400s] Level 1:colcon.colcon_core.package_identification:_identify(src) by extensions ['colcon_meta']
[0.400s] Level 1:colcon.colcon_core.package_identification:_identify(src) by extension 'colcon_meta'
[0.400s] Level 1:colcon.colcon_core.package_identification:_identify(src) by extensions ['ros']
[0.400s] Level 1:colcon.colcon_core.package_identification:_identify(src) by extension 'ros'
[0.400s] Level 1:colcon.colcon_core.package_identification:_identify(src) by extensions ['cmake', 'python']
[0.400s] Level 1:colcon.colcon_core.package_identification:_identify(src) by extension 'cmake'
[0.401s] Level 1:colcon.colcon_core.package_identification:_identify(src) by extension 'python'
[0.401s] Level 1:colcon.colcon_core.package_identification:_identify(src) by extensions ['python_setup_py']
[0.401s] Level 1:colcon.colcon_core.package_identification:_identify(src) by extension 'python_setup_py'
[0.401s] Level 1:colcon.colcon_core.package_identification:_identify(src/bag_file) by extensions ['ignore', 'ignore_ament_install']
[0.401s] Level 1:colcon.colcon_core.package_identification:_identify(src/bag_file) by extension 'ignore'
[0.401s] Level 1:colcon.colcon_core.package_identification:_identify(src/bag_file) by extension 'ignore_ament_install'
[0.401s] Level 1:colcon.colcon_core.package_identification:_identify(src/bag_file) by extensions ['colcon_pkg']
[0.401s] Level 1:colcon.colcon_core.package_identification:_identify(src/bag_file) by extension 'colcon_pkg'
[0.401s] Level 1:colcon.colcon_core.package_identification:_identify(src/bag_file) by extensions ['colcon_meta']
[0.401s] Level 1:colcon.colcon_core.package_identification:_identify(src/bag_file) by extension 'colcon_meta'
[0.401s] Level 1:colcon.colcon_core.package_identification:_identify(src/bag_file) by extensions ['ros']
[0.401s] Level 1:colcon.colcon_core.package_identification:_identify(src/bag_file) by extension 'ros'
[0.401s] Level 1:colcon.colcon_core.package_identification:_identify(src/bag_file) by extensions ['cmake', 'python']
[0.401s] Level 1:colcon.colcon_core.package_identification:_identify(src/bag_file) by extension 'cmake'
[0.401s] Level 1:colcon.colcon_core.package_identification:_identify(src/bag_file) by extension 'python'
[0.401s] Level 1:colcon.colcon_core.package_identification:_identify(src/bag_file) by extensions ['python_setup_py']
[0.401s] Level 1:colcon.colcon_core.package_identification:_identify(src/bag_file) by extension 'python_setup_py'
[0.401s] Level 1:colcon.colcon_core.package_identification:_identify(src/bag_file/normal) by extensions ['ignore', 'ignore_ament_install']
[0.401s] Level 1:colcon.colcon_core.package_identification:_identify(src/bag_file/normal) by extension 'ignore'
[0.401s] Level 1:colcon.colcon_core.package_identification:_identify(src/bag_file/normal) by extension 'ignore_ament_install'
[0.401s] Level 1:colcon.colcon_core.package_identification:_identify(src/bag_file/normal) by extensions ['colcon_pkg']
[0.401s] Level 1:colcon.colcon_core.package_identification:_identify(src/bag_file/normal) by extension 'colcon_pkg'
[0.401s] Level 1:colcon.colcon_core.package_identification:_identify(src/bag_file/normal) by extensions ['colcon_meta']
[0.401s] Level 1:colcon.colcon_core.package_identification:_identify(src/bag_file/normal) by extension 'colcon_meta'
[0.401s] Level 1:colcon.colcon_core.package_identification:_identify(src/bag_file/normal) by extensions ['ros']
[0.401s] Level 1:colcon.colcon_core.package_identification:_identify(src/bag_file/normal) by extension 'ros'
[0.402s] Level 1:colcon.colcon_core.package_identification:_identify(src/bag_file/normal) by extensions ['cmake', 'python']
[0.402s] Level 1:colcon.colcon_core.package_identification:_identify(src/bag_file/normal) by extension 'cmake'
[0.402s] Level 1:colcon.colcon_core.package_identification:_identify(src/bag_file/normal) by extension 'python'
[0.402s] Level 1:colcon.colcon_core.package_identification:_identify(src/bag_file/normal) by extensions ['python_setup_py']
[0.402s] Level 1:colcon.colcon_core.package_identification:_identify(src/bag_file/normal) by extension 'python_setup_py'
[0.402s] Level 1:colcon.colcon_core.package_identification:_identify(src/bag_file/rosbag2_2023_04_24-23_41_06) by extensions ['ignore', 'ignore_ament_install']
[0.402s] Level 1:colcon.colcon_core.package_identification:_identify(src/bag_file/rosbag2_2023_04_24-23_41_06) by extension 'ignore'
[0.402s] Level 1:colcon.colcon_core.package_identification:_identify(src/bag_file/rosbag2_2023_04_24-23_41_06) by extension 'ignore_ament_install'
[0.402s] Level 1:colcon.colcon_core.package_identification:_identify(src/bag_file/rosbag2_2023_04_24-23_41_06) by extensions ['colcon_pkg']
[0.402s] Level 1:colcon.colcon_core.package_identification:_identify(src/bag_file/rosbag2_2023_04_24-23_41_06) by extension 'colcon_pkg'
[0.402s] Level 1:colcon.colcon_core.package_identification:_identify(src/bag_file/rosbag2_2023_04_24-23_41_06) by extensions ['colcon_meta']
[0.402s] Level 1:colcon.colcon_core.package_identification:_identify(src/bag_file/rosbag2_2023_04_24-23_41_06) by extension 'colcon_meta'
[0.402s] Level 1:colcon.colcon_core.package_identification:_identify(src/bag_file/rosbag2_2023_04_24-23_41_06) by extensions ['ros']
[0.402s] Level 1:colcon.colcon_core.package_identification:_identify(src/bag_file/rosbag2_2023_04_24-23_41_06) by extension 'ros'
[0.402s] Level 1:colcon.colcon_core.package_identification:_identify(src/bag_file/rosbag2_2023_04_24-23_41_06) by extensions ['cmake', 'python']
[0.402s] Level 1:colcon.colcon_core.package_identification:_identify(src/bag_file/rosbag2_2023_04_24-23_41_06) by extension 'cmake'
[0.402s] Level 1:colcon.colcon_core.package_identification:_identify(src/bag_file/rosbag2_2023_04_24-23_41_06) by extension 'python'
[0.402s] Level 1:colcon.colcon_core.package_identification:_identify(src/bag_file/rosbag2_2023_04_24-23_41_06) by extensions ['python_setup_py']
[0.402s] Level 1:colcon.colcon_core.package_identification:_identify(src/bag_file/rosbag2_2023_04_24-23_41_06) by extension 'python_setup_py'
[0.402s] Level 1:colcon.colcon_core.package_identification:_identify(src/bag_file/rosbag2_2023_04_24-23_42_09) by extensions ['ignore', 'ignore_ament_install']
[0.402s] Level 1:colcon.colcon_core.package_identification:_identify(src/bag_file/rosbag2_2023_04_24-23_42_09) by extension 'ignore'
[0.402s] Level 1:colcon.colcon_core.package_identification:_identify(src/bag_file/rosbag2_2023_04_24-23_42_09) by extension 'ignore_ament_install'
[0.403s] Level 1:colcon.colcon_core.package_identification:_identify(src/bag_file/rosbag2_2023_04_24-23_42_09) by extensions ['colcon_pkg']
[0.403s] Level 1:colcon.colcon_core.package_identification:_identify(src/bag_file/rosbag2_2023_04_24-23_42_09) by extension 'colcon_pkg'
[0.403s] Level 1:colcon.colcon_core.package_identification:_identify(src/bag_file/rosbag2_2023_04_24-23_42_09) by extensions ['colcon_meta']
[0.403s] Level 1:colcon.colcon_core.package_identification:_identify(src/bag_file/rosbag2_2023_04_24-23_42_09) by extension 'colcon_meta'
[0.403s] Level 1:colcon.colcon_core.package_identification:_identify(src/bag_file/rosbag2_2023_04_24-23_42_09) by extensions ['ros']
[0.403s] Level 1:colcon.colcon_core.package_identification:_identify(src/bag_file/rosbag2_2023_04_24-23_42_09) by extension 'ros'
[0.403s] Level 1:colcon.colcon_core.package_identification:_identify(src/bag_file/rosbag2_2023_04_24-23_42_09) by extensions ['cmake', 'python']
[0.403s] Level 1:colcon.colcon_core.package_identification:_identify(src/bag_file/rosbag2_2023_04_24-23_42_09) by extension 'cmake'
[0.403s] Level 1:colcon.colcon_core.package_identification:_identify(src/bag_file/rosbag2_2023_04_24-23_42_09) by extension 'python'
[0.403s] Level 1:colcon.colcon_core.package_identification:_identify(src/bag_file/rosbag2_2023_04_24-23_42_09) by extensions ['python_setup_py']
[0.403s] Level 1:colcon.colcon_core.package_identification:_identify(src/bag_file/rosbag2_2023_04_24-23_42_09) by extension 'python_setup_py'
[0.403s] Level 1:colcon.colcon_core.package_identification:_identify(src/bag_file/sensor) by extensions ['ignore', 'ignore_ament_install']
[0.403s] Level 1:colcon.colcon_core.package_identification:_identify(src/bag_file/sensor) by extension 'ignore'
[0.403s] Level 1:colcon.colcon_core.package_identification:_identify(src/bag_file/sensor) by extension 'ignore_ament_install'
[0.403s] Level 1:colcon.colcon_core.package_identification:_identify(src/bag_file/sensor) by extensions ['colcon_pkg']
[0.403s] Level 1:colcon.colcon_core.package_identification:_identify(src/bag_file/sensor) by extension 'colcon_pkg'
[0.403s] Level 1:colcon.colcon_core.package_identification:_identify(src/bag_file/sensor) by extensions ['colcon_meta']
[0.403s] Level 1:colcon.colcon_core.package_identification:_identify(src/bag_file/sensor) by extension 'colcon_meta'
[0.403s] Level 1:colcon.colcon_core.package_identification:_identify(src/bag_file/sensor) by extensions ['ros']
[0.403s] Level 1:colcon.colcon_core.package_identification:_identify(src/bag_file/sensor) by extension 'ros'
[0.403s] Level 1:colcon.colcon_core.package_identification:_identify(src/bag_file/sensor) by extensions ['cmake', 'python']
[0.403s] Level 1:colcon.colcon_core.package_identification:_identify(src/bag_file/sensor) by extension 'cmake'
[0.403s] Level 1:colcon.colcon_core.package_identification:_identify(src/bag_file/sensor) by extension 'python'
[0.403s] Level 1:colcon.colcon_core.package_identification:_identify(src/bag_file/sensor) by extensions ['python_setup_py']
[0.403s] Level 1:colcon.colcon_core.package_identification:_identify(src/bag_file/sensor) by extension 'python_setup_py'
[0.403s] Level 1:colcon.colcon_core.package_identification:_identify(src/check_qos) by extensions ['ignore', 'ignore_ament_install']
[0.404s] Level 1:colcon.colcon_core.package_identification:_identify(src/check_qos) by extension 'ignore'
[0.404s] Level 1:colcon.colcon_core.package_identification:_identify(src/check_qos) by extension 'ignore_ament_install'
[0.404s] Level 1:colcon.colcon_core.package_identification:_identify(src/check_qos) by extensions ['colcon_pkg']
[0.404s] Level 1:colcon.colcon_core.package_identification:_identify(src/check_qos) by extension 'colcon_pkg'
[0.404s] Level 1:colcon.colcon_core.package_identification:_identify(src/check_qos) by extensions ['colcon_meta']
[0.404s] Level 1:colcon.colcon_core.package_identification:_identify(src/check_qos) by extension 'colcon_meta'
[0.404s] Level 1:colcon.colcon_core.package_identification:_identify(src/check_qos) by extensions ['ros']
[0.404s] Level 1:colcon.colcon_core.package_identification:_identify(src/check_qos) by extension 'ros'
[0.406s] DEBUG:colcon.colcon_core.package_identification:Package 'src/check_qos' with type 'ros.ament_cmake' and name 'check_qos'
[0.406s] Level 1:colcon.colcon_core.package_identification:_identify(src/delay_frame) by extensions ['ignore', 'ignore_ament_install']
[0.406s] Level 1:colcon.colcon_core.package_identification:_identify(src/delay_frame) by extension 'ignore'
[0.406s] Level 1:colcon.colcon_core.package_identification:_identify(src/delay_frame) by extension 'ignore_ament_install'
[0.406s] Level 1:colcon.colcon_core.package_identification:_identify(src/delay_frame) by extensions ['colcon_pkg']
[0.406s] Level 1:colcon.colcon_core.package_identification:_identify(src/delay_frame) by extension 'colcon_pkg'
[0.406s] Level 1:colcon.colcon_core.package_identification:_identify(src/delay_frame) by extensions ['colcon_meta']
[0.406s] Level 1:colcon.colcon_core.package_identification:_identify(src/delay_frame) by extension 'colcon_meta'
[0.406s] Level 1:colcon.colcon_core.package_identification:_identify(src/delay_frame) by extensions ['ros']
[0.406s] Level 1:colcon.colcon_core.package_identification:_identify(src/delay_frame) by extension 'ros'
[0.407s] DEBUG:colcon.colcon_core.package_identification:Package 'src/delay_frame' with type 'ros.ament_cmake' and name 'delay_frame'
[0.407s] Level 1:colcon.colcon_core.package_identification:_identify(src/fake_image) by extensions ['ignore', 'ignore_ament_install']
[0.407s] Level 1:colcon.colcon_core.package_identification:_identify(src/fake_image) by extension 'ignore'
[0.407s] Level 1:colcon.colcon_core.package_identification:_identify(src/fake_image) by extension 'ignore_ament_install'
[0.407s] Level 1:colcon.colcon_core.package_identification:_identify(src/fake_image) by extensions ['colcon_pkg']
[0.407s] Level 1:colcon.colcon_core.package_identification:_identify(src/fake_image) by extension 'colcon_pkg'
[0.408s] Level 1:colcon.colcon_core.package_identification:_identify(src/fake_image) by extensions ['colcon_meta']
[0.408s] Level 1:colcon.colcon_core.package_identification:_identify(src/fake_image) by extension 'colcon_meta'
[0.408s] Level 1:colcon.colcon_core.package_identification:_identify(src/fake_image) by extensions ['ros']
[0.408s] Level 1:colcon.colcon_core.package_identification:_identify(src/fake_image) by extension 'ros'
[0.408s] DEBUG:colcon.colcon_core.package_identification:Package 'src/fake_image' with type 'ros.ament_cmake' and name 'fake_image'
[0.408s] Level 1:colcon.colcon_core.package_identification:_identify(src/fake_pixel) by extensions ['ignore', 'ignore_ament_install']
[0.408s] Level 1:colcon.colcon_core.package_identification:_identify(src/fake_pixel) by extension 'ignore'
[0.408s] Level 1:colcon.colcon_core.package_identification:_identify(src/fake_pixel) by extension 'ignore_ament_install'
[0.408s] Level 1:colcon.colcon_core.package_identification:_identify(src/fake_pixel) by extensions ['colcon_pkg']
[0.408s] Level 1:colcon.colcon_core.package_identification:_identify(src/fake_pixel) by extension 'colcon_pkg'
[0.408s] Level 1:colcon.colcon_core.package_identification:_identify(src/fake_pixel) by extensions ['colcon_meta']
[0.408s] Level 1:colcon.colcon_core.package_identification:_identify(src/fake_pixel) by extension 'colcon_meta'
[0.408s] Level 1:colcon.colcon_core.package_identification:_identify(src/fake_pixel) by extensions ['ros']
[0.409s] Level 1:colcon.colcon_core.package_identification:_identify(src/fake_pixel) by extension 'ros'
[0.409s] DEBUG:colcon.colcon_core.package_identification:Package 'src/fake_pixel' with type 'ros.ament_cmake' and name 'fake_pixel'
[0.409s] Level 1:colcon.colcon_core.package_identification:_identify(src/pixel2coordinate) by extensions ['ignore', 'ignore_ament_install']
[0.409s] Level 1:colcon.colcon_core.package_identification:_identify(src/pixel2coordinate) by extension 'ignore'
[0.409s] Level 1:colcon.colcon_core.package_identification:_identify(src/pixel2coordinate) by extension 'ignore_ament_install'
[0.409s] Level 1:colcon.colcon_core.package_identification:_identify(src/pixel2coordinate) by extensions ['colcon_pkg']
[0.409s] Level 1:colcon.colcon_core.package_identification:_identify(src/pixel2coordinate) by extension 'colcon_pkg'
[0.409s] Level 1:colcon.colcon_core.package_identification:_identify(src/pixel2coordinate) by extensions ['colcon_meta']
[0.409s] Level 1:colcon.colcon_core.package_identification:_identify(src/pixel2coordinate) by extension 'colcon_meta'
[0.409s] Level 1:colcon.colcon_core.package_identification:_identify(src/pixel2coordinate) by extensions ['ros']
[0.409s] Level 1:colcon.colcon_core.package_identification:_identify(src/pixel2coordinate) by extension 'ros'
[0.410s] DEBUG:colcon.colcon_core.package_identification:Package 'src/pixel2coordinate' with type 'ros.ament_cmake' and name 'pixel2coordinate'
[0.410s] Level 1:colcon.colcon_core.package_discovery:discover_packages(recursive) using defaults
[0.410s] Level 1:colcon.colcon_core.package_discovery:discover_packages(ignore) discover
[0.410s] Level 1:colcon.colcon_core.package_discovery:discover_packages(ignore) using defaults
[0.410s] Level 1:colcon.colcon_core.package_discovery:discover_packages(path) discover
[0.410s] Level 1:colcon.colcon_core.package_discovery:discover_packages(path) using defaults
[0.444s] Level 1:colcon.colcon_core.package_discovery:discover_packages(prefix_path) check parameters
[0.444s] Level 1:colcon.colcon_core.package_discovery:discover_packages(prefix_path) discover
[0.449s] DEBUG:colcon.colcon_installed_package_information.package_discovery:Found 7 installed packages in /home/kim/open_topic/linux/ws/install
[0.451s] DEBUG:colcon.colcon_installed_package_information.package_discovery:Found 0 installed packages in /home/kim/ros2/ws/install
[0.454s] DEBUG:colcon.colcon_installed_package_information.package_discovery:Found 4 installed packages in /home/kim/ros2/downloadws/install
[0.456s] DEBUG:colcon.colcon_installed_package_information.package_discovery:Found 2 installed packages in /home/kim/is/ubnutu/ws/install
[0.459s] DEBUG:colcon.colcon_installed_package_information.package_discovery:Found 258 installed packages in /opt/ros/foxy
[0.460s] Level 1:colcon.colcon_core.package_discovery:discover_packages(prefix_path) using defaults
[0.511s] Level 5:colcon.colcon_core.verb:set package 'check_qos' build argument 'cmake_args' from command line to 'None'
[0.511s] Level 5:colcon.colcon_core.verb:set package 'check_qos' build argument 'cmake_target' from command line to 'None'
[0.511s] Level 5:colcon.colcon_core.verb:set package 'check_qos' build argument 'cmake_target_skip_unavailable' from command line to 'False'
[0.511s] Level 5:colcon.colcon_core.verb:set package 'check_qos' build argument 'cmake_clean_cache' from command line to 'False'
[0.511s] Level 5:colcon.colcon_core.verb:set package 'check_qos' build argument 'cmake_clean_first' from command line to 'False'
[0.511s] Level 5:colcon.colcon_core.verb:set package 'check_qos' build argument 'cmake_force_configure' from command line to 'False'
[0.511s] Level 5:colcon.colcon_core.verb:set package 'check_qos' build argument 'ament_cmake_args' from command line to 'None'
[0.511s] Level 5:colcon.colcon_core.verb:set package 'check_qos' build argument 'catkin_cmake_args' from command line to 'None'
[0.511s] Level 5:colcon.colcon_core.verb:set package 'check_qos' build argument 'catkin_skip_building_tests' from command line to 'False'
[0.511s] DEBUG:colcon.colcon_core.verb:Building package 'check_qos' with the following arguments: {'ament_cmake_args': None, 'build_base': '/home/kim/open_topic/linux/ws/build/check_qos', 'catkin_cmake_args': None, 'catkin_skip_building_tests': False, 'cmake_args': None, 'cmake_clean_cache': False, 'cmake_clean_first': False, 'cmake_force_configure': False, 'cmake_target': None, 'cmake_target_skip_unavailable': False, 'install_base': '/home/kim/open_topic/linux/ws/install/check_qos', 'merge_install': False, 'path': '/home/kim/open_topic/linux/ws/src/check_qos', 'symlink_install': False, 'test_result_base': None}
[0.514s] Level 5:colcon.colcon_core.verb:set package 'delay_frame' build argument 'cmake_args' from command line to 'None'
[0.514s] Level 5:colcon.colcon_core.verb:set package 'delay_frame' build argument 'cmake_target' from command line to 'None'
[0.514s] Level 5:colcon.colcon_core.verb:set package 'delay_frame' build argument 'cmake_target_skip_unavailable' from command line to 'False'
[0.514s] Level 5:colcon.colcon_core.verb:set package 'delay_frame' build argument 'cmake_clean_cache' from command line to 'False'
[0.514s] Level 5:colcon.colcon_core.verb:set package 'delay_frame' build argument 'cmake_clean_first' from command line to 'False'
[0.514s] Level 5:colcon.colcon_core.verb:set package 'delay_frame' build argument 'cmake_force_configure' from command line to 'False'
[0.514s] Level 5:colcon.colcon_core.verb:set package 'delay_frame' build argument 'ament_cmake_args' from command line to 'None'
[0.514s] Level 5:colcon.colcon_core.verb:set package 'delay_frame' build argument 'catkin_cmake_args' from command line to 'None'
[0.514s] Level 5:colcon.colcon_core.verb:set package 'delay_frame' build argument 'catkin_skip_building_tests' from command line to 'False'
[0.514s] DEBUG:colcon.colcon_core.verb:Building package 'delay_frame' with the following arguments: {'ament_cmake_args': None, 'build_base': '/home/kim/open_topic/linux/ws/build/delay_frame', 'catkin_cmake_args': None, 'catkin_skip_building_tests': False, 'cmake_args': None, 'cmake_clean_cache': False, 'cmake_clean_first': False, 'cmake_force_configure': False, 'cmake_target': None, 'cmake_target_skip_unavailable': False, 'install_base': '/home/kim/open_topic/linux/ws/install/delay_frame', 'merge_install': False, 'path': '/home/kim/open_topic/linux/ws/src/delay_frame', 'symlink_install': False, 'test_result_base': None}
[0.517s] Level 5:colcon.colcon_core.verb:set package 'fake_image' build argument 'cmake_args' from command line to 'None'
[0.517s] Level 5:colcon.colcon_core.verb:set package 'fake_image' build argument 'cmake_target' from command line to 'None'
[0.517s] Level 5:colcon.colcon_core.verb:set package 'fake_image' build argument 'cmake_target_skip_unavailable' from command line to 'False'
[0.517s] Level 5:colcon.colcon_core.verb:set package 'fake_image' build argument 'cmake_clean_cache' from command line to 'False'
[0.517s] Level 5:colcon.colcon_core.verb:set package 'fake_image' build argument 'cmake_clean_first' from command line to 'False'
[0.517s] Level 5:colcon.colcon_core.verb:set package 'fake_image' build argument 'cmake_force_configure' from command line to 'False'
[0.517s] Level 5:colcon.colcon_core.verb:set package 'fake_image' build argument 'ament_cmake_args' from command line to 'None'
[0.517s] Level 5:colcon.colcon_core.verb:set package 'fake_image' build argument 'catkin_cmake_args' from command line to 'None'
[0.517s] Level 5:colcon.colcon_core.verb:set package 'fake_image' build argument 'catkin_skip_building_tests' from command line to 'False'
[0.517s] DEBUG:colcon.colcon_core.verb:Building package 'fake_image' with the following arguments: {'ament_cmake_args': None, 'build_base': '/home/kim/open_topic/linux/ws/build/fake_image', 'catkin_cmake_args': None, 'catkin_skip_building_tests': False, 'cmake_args': None, 'cmake_clean_cache': False, 'cmake_clean_first': False, 'cmake_force_configure': False, 'cmake_target': None, 'cmake_target_skip_unavailable': False, 'install_base': '/home/kim/open_topic/linux/ws/install/fake_image', 'merge_install': False, 'path': '/home/kim/open_topic/linux/ws/src/fake_image', 'symlink_install': False, 'test_result_base': None}
[0.520s] Level 5:colcon.colcon_core.verb:set package 'fake_pixel' build argument 'cmake_args' from command line to 'None'
[0.520s] Level 5:colcon.colcon_core.verb:set package 'fake_pixel' build argument 'cmake_target' from command line to 'None'
[0.520s] Level 5:colcon.colcon_core.verb:set package 'fake_pixel' build argument 'cmake_target_skip_unavailable' from command line to 'False'
[0.520s] Level 5:colcon.colcon_core.verb:set package 'fake_pixel' build argument 'cmake_clean_cache' from command line to 'False'
[0.520s] Level 5:colcon.colcon_core.verb:set package 'fake_pixel' build argument 'cmake_clean_first' from command line to 'False'
[0.520s] Level 5:colcon.colcon_core.verb:set package 'fake_pixel' build argument 'cmake_force_configure' from command line to 'False'
[0.520s] Level 5:colcon.colcon_core.verb:set package 'fake_pixel' build argument 'ament_cmake_args' from command line to 'None'
[0.521s] Level 5:colcon.colcon_core.verb:set package 'fake_pixel' build argument 'catkin_cmake_args' from command line to 'None'
[0.521s] Level 5:colcon.colcon_core.verb:set package 'fake_pixel' build argument 'catkin_skip_building_tests' from command line to 'False'
[0.521s] DEBUG:colcon.colcon_core.verb:Building package 'fake_pixel' with the following arguments: {'ament_cmake_args': None, 'build_base': '/home/kim/open_topic/linux/ws/build/fake_pixel', 'catkin_cmake_args': None, 'catkin_skip_building_tests': False, 'cmake_args': None, 'cmake_clean_cache': False, 'cmake_clean_first': False, 'cmake_force_configure': False, 'cmake_target': None, 'cmake_target_skip_unavailable': False, 'install_base': '/home/kim/open_topic/linux/ws/install/fake_pixel', 'merge_install': False, 'path': '/home/kim/open_topic/linux/ws/src/fake_pixel', 'symlink_install': False, 'test_result_base': None}
[0.523s] Level 5:colcon.colcon_core.verb:set package 'pixel2coordinate' build argument 'cmake_args' from command line to 'None'
[0.523s] Level 5:colcon.colcon_core.verb:set package 'pixel2coordinate' build argument 'cmake_target' from command line to 'None'
[0.523s] Level 5:colcon.colcon_core.verb:set package 'pixel2coordinate' build argument 'cmake_target_skip_unavailable' from command line to 'False'
[0.523s] Level 5:colcon.colcon_core.verb:set package 'pixel2coordinate' build argument 'cmake_clean_cache' from command line to 'False'
[0.523s] Level 5:colcon.colcon_core.verb:set package 'pixel2coordinate' build argument 'cmake_clean_first' from command line to 'False'
[0.523s] Level 5:colcon.colcon_core.verb:set package 'pixel2coordinate' build argument 'cmake_force_configure' from command line to 'False'
[0.523s] Level 5:colcon.colcon_core.verb:set package 'pixel2coordinate' build argument 'ament_cmake_args' from command line to 'None'
[0.523s] Level 5:colcon.colcon_core.verb:set package 'pixel2coordinate' build argument 'catkin_cmake_args' from command line to 'None'
[0.523s] Level 5:colcon.colcon_core.verb:set package 'pixel2coordinate' build argument 'catkin_skip_building_tests' from command line to 'False'
[0.523s] DEBUG:colcon.colcon_core.verb:Building package 'pixel2coordinate' with the following arguments: {'ament_cmake_args': None, 'build_base': '/home/kim/open_topic/linux/ws/build/pixel2coordinate', 'catkin_cmake_args': None, 'catkin_skip_building_tests': False, 'cmake_args': None, 'cmake_clean_cache': False, 'cmake_clean_first': False, 'cmake_force_configure': False, 'cmake_target': None, 'cmake_target_skip_unavailable': False, 'install_base': '/home/kim/open_topic/linux/ws/install/pixel2coordinate', 'merge_install': False, 'path': '/home/kim/open_topic/linux/ws/src/pixel2coordinate', 'symlink_install': False, 'test_result_base': None}
[0.525s] INFO:colcon.colcon_core.executor:Executing jobs using 'parallel' executor
[0.543s] DEBUG:colcon.colcon_parallel_executor.executor.parallel:run_until_complete
[0.543s] INFO:colcon.colcon_ros.task.ament_cmake.build:Building ROS package in '/home/kim/open_topic/linux/ws/src/check_qos' with build type 'ament_cmake'
[0.543s] INFO:colcon.colcon_cmake.task.cmake.build:Building CMake package in '/home/kim/open_topic/linux/ws/src/check_qos'
[0.552s] INFO:colcon.colcon_core.plugin_system:Skipping extension 'colcon_core.shell.bat': Not used on non-Windows systems
[0.552s] INFO:colcon.colcon_core.shell:Skip shell extension 'powershell' for command environment: Not usable outside of PowerShell
[0.552s] DEBUG:colcon.colcon_core.shell:Skip shell extension 'dsv' for command environment
[0.579s] INFO:colcon.colcon_ros.task.ament_cmake.build:Building ROS package in '/home/kim/open_topic/linux/ws/src/delay_frame' with build type 'ament_cmake'
[0.579s] INFO:colcon.colcon_cmake.task.cmake.build:Building CMake package in '/home/kim/open_topic/linux/ws/src/delay_frame'
[0.592s] INFO:colcon.colcon_core.shell:Skip shell extension 'powershell' for command environment: Not usable outside of PowerShell
[0.592s] DEBUG:colcon.colcon_core.shell:Skip shell extension 'dsv' for command environment
[0.615s] INFO:colcon.colcon_ros.task.ament_cmake.build:Building ROS package in '/home/kim/open_topic/linux/ws/src/fake_image' with build type 'ament_cmake'
[0.615s] INFO:colcon.colcon_cmake.task.cmake.build:Building CMake package in '/home/kim/open_topic/linux/ws/src/fake_image'
[0.621s] INFO:colcon.colcon_core.shell:Skip shell extension 'powershell' for command environment: Not usable outside of PowerShell
[0.621s] DEBUG:colcon.colcon_core.shell:Skip shell extension 'dsv' for command environment
[0.653s] INFO:colcon.colcon_ros.task.ament_cmake.build:Building ROS package in '/home/kim/open_topic/linux/ws/src/fake_pixel' with build type 'ament_cmake'
[0.653s] INFO:colcon.colcon_cmake.task.cmake.build:Building CMake package in '/home/kim/open_topic/linux/ws/src/fake_pixel'
[0.660s] INFO:colcon.colcon_core.shell:Skip shell extension 'powershell' for command environment: Not usable outside of PowerShell
[0.660s] DEBUG:colcon.colcon_core.shell:Skip shell extension 'dsv' for command environment
[0.682s] INFO:colcon.colcon_ros.task.ament_cmake.build:Building ROS package in '/home/kim/open_topic/linux/ws/src/pixel2coordinate' with build type 'ament_cmake'
[0.683s] INFO:colcon.colcon_cmake.task.cmake.build:Building CMake package in '/home/kim/open_topic/linux/ws/src/pixel2coordinate'
[0.688s] INFO:colcon.colcon_core.shell:Skip shell extension 'powershell' for command environment: Not usable outside of PowerShell
[0.688s] DEBUG:colcon.colcon_core.shell:Skip shell extension 'dsv' for command environment
[0.720s] DEBUG:colcon.colcon_core.event_handler.log_command:Invoking command in '/home/kim/open_topic/linux/ws/build/check_qos': CMAKE_PREFIX_PATH=${CMAKE_PREFIX_PATH}:/opt/ros/foxy /home/kim/.local/bin/cmake --build /home/kim/open_topic/linux/ws/build/check_qos -- -j12 -l12
[0.734s] DEBUG:colcon.colcon_core.event_handler.log_command:Invoking command in '/home/kim/open_topic/linux/ws/build/delay_frame': CMAKE_PREFIX_PATH=${CMAKE_PREFIX_PATH}:/opt/ros/foxy /home/kim/.local/bin/cmake --build /home/kim/open_topic/linux/ws/build/delay_frame -- -j12 -l12
[0.753s] DEBUG:colcon.colcon_core.event_handler.log_command:Invoking command in '/home/kim/open_topic/linux/ws/build/fake_image': CMAKE_PREFIX_PATH=${CMAKE_PREFIX_PATH}:/opt/ros/foxy /home/kim/.local/bin/cmake --build /home/kim/open_topic/linux/ws/build/fake_image -- -j12 -l12
[0.770s] DEBUG:colcon.colcon_core.event_handler.log_command:Invoking command in '/home/kim/open_topic/linux/ws/build/fake_pixel': CMAKE_PREFIX_PATH=${CMAKE_PREFIX_PATH}:/opt/ros/foxy /home/kim/.local/bin/cmake --build /home/kim/open_topic/linux/ws/build/fake_pixel -- -j12 -l12
[0.789s] DEBUG:colcon.colcon_core.event_handler.log_command:Invoking command in '/home/kim/open_topic/linux/ws/build/pixel2coordinate': CMAKE_PREFIX_PATH=${CMAKE_PREFIX_PATH}:/opt/ros/foxy /home/kim/.local/bin/cmake --build /home/kim/open_topic/linux/ws/build/pixel2coordinate -- -j12 -l12
[0.847s] DEBUG:colcon.colcon_core.event_handler.log_command:Invoked command in '/home/kim/open_topic/linux/ws/build/fake_pixel' returned '0': CMAKE_PREFIX_PATH=${CMAKE_PREFIX_PATH}:/opt/ros/foxy /home/kim/.local/bin/cmake --build /home/kim/open_topic/linux/ws/build/fake_pixel -- -j12 -l12
[0.854s] DEBUG:colcon.colcon_core.event_handler.log_command:Invoked command in '/home/kim/open_topic/linux/ws/build/delay_frame' returned '0': CMAKE_PREFIX_PATH=${CMAKE_PREFIX_PATH}:/opt/ros/foxy /home/kim/.local/bin/cmake --build /home/kim/open_topic/linux/ws/build/delay_frame -- -j12 -l12
[0.867s] DEBUG:colcon.colcon_core.event_handler.log_command:Invoked command in '/home/kim/open_topic/linux/ws/build/fake_image' returned '0': CMAKE_PREFIX_PATH=${CMAKE_PREFIX_PATH}:/opt/ros/foxy /home/kim/.local/bin/cmake --build /home/kim/open_topic/linux/ws/build/fake_image -- -j12 -l12
[0.879s] DEBUG:colcon.colcon_core.event_handler.log_command:Invoked command in '/home/kim/open_topic/linux/ws/build/check_qos' returned '0': CMAKE_PREFIX_PATH=${CMAKE_PREFIX_PATH}:/opt/ros/foxy /home/kim/.local/bin/cmake --build /home/kim/open_topic/linux/ws/build/check_qos -- -j12 -l12
[1.005s] DEBUG:colcon.colcon_core.event_handler.log_command:Invoking command in '/home/kim/open_topic/linux/ws/build/fake_pixel': CMAKE_PREFIX_PATH=${CMAKE_PREFIX_PATH}:/opt/ros/foxy /home/kim/.local/bin/cmake --install /home/kim/open_topic/linux/ws/build/fake_pixel
[1.010s] DEBUG:colcon.colcon_core.event_handler.log_command:Invoking command in '/home/kim/open_topic/linux/ws/build/check_qos': CMAKE_PREFIX_PATH=${CMAKE_PREFIX_PATH}:/opt/ros/foxy /home/kim/.local/bin/cmake --install /home/kim/open_topic/linux/ws/build/check_qos
[1.040s] DEBUG:colcon.colcon_core.event_handler.log_command:Invoking command in '/home/kim/open_topic/linux/ws/build/fake_image': CMAKE_PREFIX_PATH=${CMAKE_PREFIX_PATH}:/opt/ros/foxy /home/kim/.local/bin/cmake --install /home/kim/open_topic/linux/ws/build/fake_image
[1.055s] DEBUG:colcon.colcon_core.event_handler.log_command:Invoking command in '/home/kim/open_topic/linux/ws/build/delay_frame': CMAKE_PREFIX_PATH=${CMAKE_PREFIX_PATH}:/opt/ros/foxy /home/kim/.local/bin/cmake --install /home/kim/open_topic/linux/ws/build/delay_frame
[1.101s] Level 1:colcon.colcon_core.environment:create_environment_scripts_only(fake_pixel)
[1.104s] DEBUG:colcon.colcon_core.event_handler.log_command:Invoked command in '/home/kim/open_topic/linux/ws/build/fake_pixel' returned '0': CMAKE_PREFIX_PATH=${CMAKE_PREFIX_PATH}:/opt/ros/foxy /home/kim/.local/bin/cmake --install /home/kim/open_topic/linux/ws/build/fake_pixel
[1.123s] Level 1:colcon.colcon_core.environment:checking '/home/kim/open_topic/linux/ws/install/fake_pixel' for CMake module files
[1.124s] Level 1:colcon.colcon_core.environment:checking '/home/kim/open_topic/linux/ws/install/fake_pixel' for CMake config files
[1.124s] Level 1:colcon.colcon_core.shell:create_environment_hook('fake_pixel', 'cmake_prefix_path')
[1.133s] INFO:colcon.colcon_core.shell:Creating environment hook '/home/kim/open_topic/linux/ws/install/fake_pixel/share/fake_pixel/hook/cmake_prefix_path.ps1'
[1.134s] INFO:colcon.colcon_core.shell:Creating environment descriptor '/home/kim/open_topic/linux/ws/install/fake_pixel/share/fake_pixel/hook/cmake_prefix_path.dsv'
[1.135s] INFO:colcon.colcon_core.shell:Creating environment hook '/home/kim/open_topic/linux/ws/install/fake_pixel/share/fake_pixel/hook/cmake_prefix_path.sh'
[1.137s] Level 1:colcon.colcon_core.environment:checking '/home/kim/open_topic/linux/ws/install/fake_pixel/lib'
[1.137s] Level 1:colcon.colcon_core.environment:checking '/home/kim/open_topic/linux/ws/install/fake_pixel/bin'
[1.137s] Level 1:colcon.colcon_core.environment:checking '/home/kim/open_topic/linux/ws/install/fake_pixel/lib/pkgconfig/fake_pixel.pc'
[1.137s] Level 1:colcon.colcon_core.environment:checking '/home/kim/open_topic/linux/ws/install/fake_pixel/lib/python3.8/site-packages'
[1.137s] Level 1:colcon.colcon_core.shell:create_environment_hook('fake_pixel', 'pythonpath')
[1.160s] INFO:colcon.colcon_core.shell:Creating environment hook '/home/kim/open_topic/linux/ws/install/fake_pixel/share/fake_pixel/hook/pythonpath.ps1'
[1.167s] INFO:colcon.colcon_core.shell:Creating environment descriptor '/home/kim/open_topic/linux/ws/install/fake_pixel/share/fake_pixel/hook/pythonpath.dsv'
[1.167s] INFO:colcon.colcon_core.shell:Creating environment hook '/home/kim/open_topic/linux/ws/install/fake_pixel/share/fake_pixel/hook/pythonpath.sh'
[1.168s] Level 1:colcon.colcon_core.environment:checking '/home/kim/open_topic/linux/ws/install/fake_pixel/bin'
[1.174s] INFO:colcon.colcon_core.shell:Creating package script '/home/kim/open_topic/linux/ws/install/fake_pixel/share/fake_pixel/package.ps1'
[1.175s] INFO:colcon.colcon_core.shell:Creating package descriptor '/home/kim/open_topic/linux/ws/install/fake_pixel/share/fake_pixel/package.dsv'
[1.176s] INFO:colcon.colcon_core.shell:Creating package script '/home/kim/open_topic/linux/ws/install/fake_pixel/share/fake_pixel/package.sh'
[1.176s] INFO:colcon.colcon_core.shell:Creating package script '/home/kim/open_topic/linux/ws/install/fake_pixel/share/fake_pixel/package.bash'
[1.177s] INFO:colcon.colcon_core.shell:Creating package script '/home/kim/open_topic/linux/ws/install/fake_pixel/share/fake_pixel/package.zsh'
[1.177s] Level 1:colcon.colcon_core.environment:create_file_with_runtime_dependencies(/home/kim/open_topic/linux/ws/install/fake_pixel/share/colcon-core/packages/fake_pixel)
[1.196s] Level 1:colcon.colcon_core.environment:create_environment_scripts_only(fake_image)
[1.197s] DEBUG:colcon.colcon_core.event_handler.log_command:Invoked command in '/home/kim/open_topic/linux/ws/build/fake_image' returned '0': CMAKE_PREFIX_PATH=${CMAKE_PREFIX_PATH}:/opt/ros/foxy /home/kim/.local/bin/cmake --install /home/kim/open_topic/linux/ws/build/fake_image
[1.207s] Level 1:colcon.colcon_core.environment:checking '/home/kim/open_topic/linux/ws/install/fake_image' for CMake module files
[1.208s] Level 1:colcon.colcon_core.environment:checking '/home/kim/open_topic/linux/ws/install/fake_image' for CMake config files
[1.208s] Level 1:colcon.colcon_core.shell:create_environment_hook('fake_image', 'cmake_prefix_path')
[1.215s] INFO:colcon.colcon_core.shell:Creating environment hook '/home/kim/open_topic/linux/ws/install/fake_image/share/fake_image/hook/cmake_prefix_path.ps1'
[1.216s] INFO:colcon.colcon_core.shell:Creating environment descriptor '/home/kim/open_topic/linux/ws/install/fake_image/share/fake_image/hook/cmake_prefix_path.dsv'
[1.216s] INFO:colcon.colcon_core.shell:Creating environment hook '/home/kim/open_topic/linux/ws/install/fake_image/share/fake_image/hook/cmake_prefix_path.sh'
[1.217s] Level 1:colcon.colcon_core.environment:checking '/home/kim/open_topic/linux/ws/install/fake_image/lib'
[1.217s] Level 1:colcon.colcon_core.environment:checking '/home/kim/open_topic/linux/ws/install/fake_image/bin'
[1.217s] Level 1:colcon.colcon_core.environment:checking '/home/kim/open_topic/linux/ws/install/fake_image/lib/pkgconfig/fake_image.pc'
[1.217s] Level 1:colcon.colcon_core.environment:checking '/home/kim/open_topic/linux/ws/install/fake_image/lib/python3.8/site-packages'
[1.217s] Level 1:colcon.colcon_core.shell:create_environment_hook('fake_image', 'pythonpath')
[1.222s] INFO:colcon.colcon_core.shell:Creating environment hook '/home/kim/open_topic/linux/ws/install/fake_image/share/fake_image/hook/pythonpath.ps1'
[1.223s] INFO:colcon.colcon_core.shell:Creating environment descriptor '/home/kim/open_topic/linux/ws/install/fake_image/share/fake_image/hook/pythonpath.dsv'
[1.223s] INFO:colcon.colcon_core.shell:Creating environment hook '/home/kim/open_topic/linux/ws/install/fake_image/share/fake_image/hook/pythonpath.sh'
[1.224s] Level 1:colcon.colcon_core.environment:checking '/home/kim/open_topic/linux/ws/install/fake_image/bin'
[1.229s] INFO:colcon.colcon_core.shell:Creating package script '/home/kim/open_topic/linux/ws/install/fake_image/share/fake_image/package.ps1'
[1.230s] INFO:colcon.colcon_core.shell:Creating package descriptor '/home/kim/open_topic/linux/ws/install/fake_image/share/fake_image/package.dsv'
[1.231s] INFO:colcon.colcon_core.shell:Creating package script '/home/kim/open_topic/linux/ws/install/fake_image/share/fake_image/package.sh'
[1.232s] INFO:colcon.colcon_core.shell:Creating package script '/home/kim/open_topic/linux/ws/install/fake_image/share/fake_image/package.bash'
[1.232s] INFO:colcon.colcon_core.shell:Creating package script '/home/kim/open_topic/linux/ws/install/fake_image/share/fake_image/package.zsh'
[1.232s] Level 1:colcon.colcon_core.environment:create_file_with_runtime_dependencies(/home/kim/open_topic/linux/ws/install/fake_image/share/colcon-core/packages/fake_image)
[1.243s] Level 1:colcon.colcon_core.environment:create_environment_scripts_only(check_qos)
[1.251s] Level 1:colcon.colcon_core.environment:checking '/home/kim/open_topic/linux/ws/install/check_qos' for CMake module files
[1.251s] Level 1:colcon.colcon_core.environment:checking '/home/kim/open_topic/linux/ws/install/check_qos' for CMake config files
[1.251s] Level 1:colcon.colcon_core.shell:create_environment_hook('check_qos', 'cmake_prefix_path')
[1.257s] INFO:colcon.colcon_core.shell:Creating environment hook '/home/kim/open_topic/linux/ws/install/check_qos/share/check_qos/hook/cmake_prefix_path.ps1'
[1.257s] INFO:colcon.colcon_core.shell:Creating environment descriptor '/home/kim/open_topic/linux/ws/install/check_qos/share/check_qos/hook/cmake_prefix_path.dsv'
[1.258s] INFO:colcon.colcon_core.shell:Creating environment hook '/home/kim/open_topic/linux/ws/install/check_qos/share/check_qos/hook/cmake_prefix_path.sh'
[1.258s] Level 1:colcon.colcon_core.environment:checking '/home/kim/open_topic/linux/ws/install/check_qos/lib'
[1.259s] DEBUG:colcon.colcon_core.event_handler.log_command:Invoked command in '/home/kim/open_topic/linux/ws/build/check_qos' returned '0': CMAKE_PREFIX_PATH=${CMAKE_PREFIX_PATH}:/opt/ros/foxy /home/kim/.local/bin/cmake --install /home/kim/open_topic/linux/ws/build/check_qos
[1.259s] Level 1:colcon.colcon_core.environment:checking '/home/kim/open_topic/linux/ws/install/check_qos/bin'
[1.259s] Level 1:colcon.colcon_core.environment:checking '/home/kim/open_topic/linux/ws/install/check_qos/lib/pkgconfig/check_qos.pc'
[1.259s] Level 1:colcon.colcon_core.environment:checking '/home/kim/open_topic/linux/ws/install/check_qos/lib/python3.8/site-packages'
[1.259s] Level 1:colcon.colcon_core.shell:create_environment_hook('check_qos', 'pythonpath')
[1.264s] INFO:colcon.colcon_core.shell:Creating environment hook '/home/kim/open_topic/linux/ws/install/check_qos/share/check_qos/hook/pythonpath.ps1'
[1.265s] INFO:colcon.colcon_core.shell:Creating environment descriptor '/home/kim/open_topic/linux/ws/install/check_qos/share/check_qos/hook/pythonpath.dsv'
[1.266s] INFO:colcon.colcon_core.shell:Creating environment hook '/home/kim/open_topic/linux/ws/install/check_qos/share/check_qos/hook/pythonpath.sh'
[1.266s] Level 1:colcon.colcon_core.environment:checking '/home/kim/open_topic/linux/ws/install/check_qos/bin'
[1.272s] INFO:colcon.colcon_core.shell:Creating package script '/home/kim/open_topic/linux/ws/install/check_qos/share/check_qos/package.ps1'
[1.274s] INFO:colcon.colcon_core.shell:Creating package descriptor '/home/kim/open_topic/linux/ws/install/check_qos/share/check_qos/package.dsv'
[1.275s] INFO:colcon.colcon_core.shell:Creating package script '/home/kim/open_topic/linux/ws/install/check_qos/share/check_qos/package.sh'
[1.275s] INFO:colcon.colcon_core.shell:Creating package script '/home/kim/open_topic/linux/ws/install/check_qos/share/check_qos/package.bash'
[1.276s] INFO:colcon.colcon_core.shell:Creating package script '/home/kim/open_topic/linux/ws/install/check_qos/share/check_qos/package.zsh'
[1.276s] Level 1:colcon.colcon_core.environment:create_file_with_runtime_dependencies(/home/kim/open_topic/linux/ws/install/check_qos/share/colcon-core/packages/check_qos)
[1.283s] Level 1:colcon.colcon_core.environment:create_environment_scripts_only(delay_frame)
[1.284s] DEBUG:colcon.colcon_core.event_handler.log_command:Invoked command in '/home/kim/open_topic/linux/ws/build/delay_frame' returned '0': CMAKE_PREFIX_PATH=${CMAKE_PREFIX_PATH}:/opt/ros/foxy /home/kim/.local/bin/cmake --install /home/kim/open_topic/linux/ws/build/delay_frame
[1.291s] Level 1:colcon.colcon_core.environment:checking '/home/kim/open_topic/linux/ws/install/delay_frame' for CMake module files
[1.292s] Level 1:colcon.colcon_core.environment:checking '/home/kim/open_topic/linux/ws/install/delay_frame' for CMake config files
[1.292s] Level 1:colcon.colcon_core.shell:create_environment_hook('delay_frame', 'cmake_prefix_path')
[1.296s] INFO:colcon.colcon_core.shell:Creating environment hook '/home/kim/open_topic/linux/ws/install/delay_frame/share/delay_frame/hook/cmake_prefix_path.ps1'
[1.297s] INFO:colcon.colcon_core.shell:Creating environment descriptor '/home/kim/open_topic/linux/ws/install/delay_frame/share/delay_frame/hook/cmake_prefix_path.dsv'
[1.297s] INFO:colcon.colcon_core.shell:Creating environment hook '/home/kim/open_topic/linux/ws/install/delay_frame/share/delay_frame/hook/cmake_prefix_path.sh'
[1.298s] Level 1:colcon.colcon_core.environment:checking '/home/kim/open_topic/linux/ws/install/delay_frame/lib'
[1.298s] Level 1:colcon.colcon_core.environment:checking '/home/kim/open_topic/linux/ws/install/delay_frame/bin'
[1.298s] Level 1:colcon.colcon_core.environment:checking '/home/kim/open_topic/linux/ws/install/delay_frame/lib/pkgconfig/delay_frame.pc'
[1.298s] Level 1:colcon.colcon_core.environment:checking '/home/kim/open_topic/linux/ws/install/delay_frame/lib/python3.8/site-packages'
[1.298s] Level 1:colcon.colcon_core.shell:create_environment_hook('delay_frame', 'pythonpath')
[1.303s] INFO:colcon.colcon_core.shell:Creating environment hook '/home/kim/open_topic/linux/ws/install/delay_frame/share/delay_frame/hook/pythonpath.ps1'
[1.304s] INFO:colcon.colcon_core.shell:Creating environment descriptor '/home/kim/open_topic/linux/ws/install/delay_frame/share/delay_frame/hook/pythonpath.dsv'
[1.304s] INFO:colcon.colcon_core.shell:Creating environment hook '/home/kim/open_topic/linux/ws/install/delay_frame/share/delay_frame/hook/pythonpath.sh'
[1.305s] Level 1:colcon.colcon_core.environment:checking '/home/kim/open_topic/linux/ws/install/delay_frame/bin'
[1.310s] INFO:colcon.colcon_core.shell:Creating package script '/home/kim/open_topic/linux/ws/install/delay_frame/share/delay_frame/package.ps1'
[1.311s] INFO:colcon.colcon_core.shell:Creating package descriptor '/home/kim/open_topic/linux/ws/install/delay_frame/share/delay_frame/package.dsv'
[1.312s] INFO:colcon.colcon_core.shell:Creating package script '/home/kim/open_topic/linux/ws/install/delay_frame/share/delay_frame/package.sh'
[1.312s] INFO:colcon.colcon_core.shell:Creating package script '/home/kim/open_topic/linux/ws/install/delay_frame/share/delay_frame/package.bash'
[1.312s] INFO:colcon.colcon_core.shell:Creating package script '/home/kim/open_topic/linux/ws/install/delay_frame/share/delay_frame/package.zsh'
[1.313s] Level 1:colcon.colcon_core.environment:create_file_with_runtime_dependencies(/home/kim/open_topic/linux/ws/install/delay_frame/share/colcon-core/packages/delay_frame)
[1.332s] Level 1:colcon.colcon_core.environment:create_environment_scripts_only(fake_pixel)
[1.343s] Level 1:colcon.colcon_core.environment:checking '/home/kim/open_topic/linux/ws/install/fake_pixel' for CMake module files
[1.343s] Level 1:colcon.colcon_core.environment:checking '/home/kim/open_topic/linux/ws/install/fake_pixel' for CMake config files
[1.344s] Level 1:colcon.colcon_core.shell:create_environment_hook('fake_pixel', 'cmake_prefix_path')
[1.349s] INFO:colcon.colcon_core.shell:Creating environment hook '/home/kim/open_topic/linux/ws/install/fake_pixel/share/fake_pixel/hook/cmake_prefix_path.ps1'
[1.349s] INFO:colcon.colcon_core.shell:Creating environment descriptor '/home/kim/open_topic/linux/ws/install/fake_pixel/share/fake_pixel/hook/cmake_prefix_path.dsv'
[1.350s] INFO:colcon.colcon_core.shell:Creating environment hook '/home/kim/open_topic/linux/ws/install/fake_pixel/share/fake_pixel/hook/cmake_prefix_path.sh'
[1.350s] Level 1:colcon.colcon_core.environment:checking '/home/kim/open_topic/linux/ws/install/fake_pixel/lib'
[1.351s] Level 1:colcon.colcon_core.environment:checking '/home/kim/open_topic/linux/ws/install/fake_pixel/bin'
[1.351s] Level 1:colcon.colcon_core.environment:checking '/home/kim/open_topic/linux/ws/install/fake_pixel/lib/pkgconfig/fake_pixel.pc'
[1.351s] Level 1:colcon.colcon_core.environment:checking '/home/kim/open_topic/linux/ws/install/fake_pixel/lib/python3.8/site-packages'
[1.351s] Level 1:colcon.colcon_core.shell:create_environment_hook('fake_pixel', 'pythonpath')
[1.356s] INFO:colcon.colcon_core.shell:Creating environment hook '/home/kim/open_topic/linux/ws/install/fake_pixel/share/fake_pixel/hook/pythonpath.ps1'
[1.356s] INFO:colcon.colcon_core.shell:Creating environment descriptor '/home/kim/open_topic/linux/ws/install/fake_pixel/share/fake_pixel/hook/pythonpath.dsv'
[1.357s] INFO:colcon.colcon_core.shell:Creating environment hook '/home/kim/open_topic/linux/ws/install/fake_pixel/share/fake_pixel/hook/pythonpath.sh'
[1.357s] Level 1:colcon.colcon_core.environment:checking '/home/kim/open_topic/linux/ws/install/fake_pixel/bin'
[1.362s] INFO:colcon.colcon_core.shell:Creating package script '/home/kim/open_topic/linux/ws/install/fake_pixel/share/fake_pixel/package.ps1'
[1.363s] INFO:colcon.colcon_core.shell:Creating package descriptor '/home/kim/open_topic/linux/ws/install/fake_pixel/share/fake_pixel/package.dsv'
[1.363s] INFO:colcon.colcon_core.shell:Creating package script '/home/kim/open_topic/linux/ws/install/fake_pixel/share/fake_pixel/package.sh'
[1.364s] INFO:colcon.colcon_core.shell:Creating package script '/home/kim/open_topic/linux/ws/install/fake_pixel/share/fake_pixel/package.bash'
[1.364s] INFO:colcon.colcon_core.shell:Creating package script '/home/kim/open_topic/linux/ws/install/fake_pixel/share/fake_pixel/package.zsh'
[1.365s] Level 1:colcon.colcon_core.environment:create_file_with_runtime_dependencies(/home/kim/open_topic/linux/ws/install/fake_pixel/share/colcon-core/packages/fake_pixel)
[1.373s] Level 1:colcon.colcon_core.environment:create_environment_scripts_only(fake_image)
[1.383s] Level 1:colcon.colcon_core.environment:checking '/home/kim/open_topic/linux/ws/install/fake_image' for CMake module files
[1.384s] Level 1:colcon.colcon_core.environment:checking '/home/kim/open_topic/linux/ws/install/fake_image' for CMake config files
[1.384s] Level 1:colcon.colcon_core.shell:create_environment_hook('fake_image', 'cmake_prefix_path')
[1.390s] INFO:colcon.colcon_core.shell:Creating environment hook '/home/kim/open_topic/linux/ws/install/fake_image/share/fake_image/hook/cmake_prefix_path.ps1'
[1.391s] INFO:colcon.colcon_core.shell:Creating environment descriptor '/home/kim/open_topic/linux/ws/install/fake_image/share/fake_image/hook/cmake_prefix_path.dsv'
[1.392s] INFO:colcon.colcon_core.shell:Creating environment hook '/home/kim/open_topic/linux/ws/install/fake_image/share/fake_image/hook/cmake_prefix_path.sh'
[1.395s] Level 1:colcon.colcon_core.environment:checking '/home/kim/open_topic/linux/ws/install/fake_image/lib'
[1.395s] Level 1:colcon.colcon_core.environment:checking '/home/kim/open_topic/linux/ws/install/fake_image/bin'
[1.395s] Level 1:colcon.colcon_core.environment:checking '/home/kim/open_topic/linux/ws/install/fake_image/lib/pkgconfig/fake_image.pc'
[1.395s] Level 1:colcon.colcon_core.environment:checking '/home/kim/open_topic/linux/ws/install/fake_image/lib/python3.8/site-packages'
[1.395s] Level 1:colcon.colcon_core.shell:create_environment_hook('fake_image', 'pythonpath')
[1.401s] INFO:colcon.colcon_core.shell:Creating environment hook '/home/kim/open_topic/linux/ws/install/fake_image/share/fake_image/hook/pythonpath.ps1'
[1.402s] INFO:colcon.colcon_core.shell:Creating environment descriptor '/home/kim/open_topic/linux/ws/install/fake_image/share/fake_image/hook/pythonpath.dsv'
[1.403s] INFO:colcon.colcon_core.shell:Creating environment hook '/home/kim/open_topic/linux/ws/install/fake_image/share/fake_image/hook/pythonpath.sh'
[1.404s] Level 1:colcon.colcon_core.environment:checking '/home/kim/open_topic/linux/ws/install/fake_image/bin'
[1.411s] INFO:colcon.colcon_core.shell:Creating package script '/home/kim/open_topic/linux/ws/install/fake_image/share/fake_image/package.ps1'
[1.412s] INFO:colcon.colcon_core.shell:Creating package descriptor '/home/kim/open_topic/linux/ws/install/fake_image/share/fake_image/package.dsv'
[1.413s] INFO:colcon.colcon_core.shell:Creating package script '/home/kim/open_topic/linux/ws/install/fake_image/share/fake_image/package.sh'
[1.414s] INFO:colcon.colcon_core.shell:Creating package script '/home/kim/open_topic/linux/ws/install/fake_image/share/fake_image/package.bash'
[1.414s] INFO:colcon.colcon_core.shell:Creating package script '/home/kim/open_topic/linux/ws/install/fake_image/share/fake_image/package.zsh'
[1.414s] Level 1:colcon.colcon_core.environment:create_file_with_runtime_dependencies(/home/kim/open_topic/linux/ws/install/fake_image/share/colcon-core/packages/fake_image)
[1.426s] Level 1:colcon.colcon_core.environment:create_environment_scripts_only(check_qos)
[1.434s] Level 1:colcon.colcon_core.environment:checking '/home/kim/open_topic/linux/ws/install/check_qos' for CMake module files
[1.435s] Level 1:colcon.colcon_core.environment:checking '/home/kim/open_topic/linux/ws/install/check_qos' for CMake config files
[1.435s] Level 1:colcon.colcon_core.shell:create_environment_hook('check_qos', 'cmake_prefix_path')
[1.441s] INFO:colcon.colcon_core.shell:Creating environment hook '/home/kim/open_topic/linux/ws/install/check_qos/share/check_qos/hook/cmake_prefix_path.ps1'
[1.442s] INFO:colcon.colcon_core.shell:Creating environment descriptor '/home/kim/open_topic/linux/ws/install/check_qos/share/check_qos/hook/cmake_prefix_path.dsv'
[1.442s] INFO:colcon.colcon_core.shell:Creating environment hook '/home/kim/open_topic/linux/ws/install/check_qos/share/check_qos/hook/cmake_prefix_path.sh'
[1.444s] Level 1:colcon.colcon_core.environment:checking '/home/kim/open_topic/linux/ws/install/check_qos/lib'
[1.444s] Level 1:colcon.colcon_core.environment:checking '/home/kim/open_topic/linux/ws/install/check_qos/bin'
[1.444s] Level 1:colcon.colcon_core.environment:checking '/home/kim/open_topic/linux/ws/install/check_qos/lib/pkgconfig/check_qos.pc'
[1.444s] Level 1:colcon.colcon_core.environment:checking '/home/kim/open_topic/linux/ws/install/check_qos/lib/python3.8/site-packages'
[1.444s] Level 1:colcon.colcon_core.shell:create_environment_hook('check_qos', 'pythonpath')
[1.450s] INFO:colcon.colcon_core.shell:Creating environment hook '/home/kim/open_topic/linux/ws/install/check_qos/share/check_qos/hook/pythonpath.ps1'
[1.451s] INFO:colcon.colcon_core.shell:Creating environment descriptor '/home/kim/open_topic/linux/ws/install/check_qos/share/check_qos/hook/pythonpath.dsv'
[1.451s] INFO:colcon.colcon_core.shell:Creating environment hook '/home/kim/open_topic/linux/ws/install/check_qos/share/check_qos/hook/pythonpath.sh'
[1.452s] Level 1:colcon.colcon_core.environment:checking '/home/kim/open_topic/linux/ws/install/check_qos/bin'
[1.457s] INFO:colcon.colcon_core.shell:Creating package script '/home/kim/open_topic/linux/ws/install/check_qos/share/check_qos/package.ps1'
[1.458s] INFO:colcon.colcon_core.shell:Creating package descriptor '/home/kim/open_topic/linux/ws/install/check_qos/share/check_qos/package.dsv'
[1.459s] INFO:colcon.colcon_core.shell:Creating package script '/home/kim/open_topic/linux/ws/install/check_qos/share/check_qos/package.sh'
[1.459s] INFO:colcon.colcon_core.shell:Creating package script '/home/kim/open_topic/linux/ws/install/check_qos/share/check_qos/package.bash'
[1.460s] INFO:colcon.colcon_core.shell:Creating package script '/home/kim/open_topic/linux/ws/install/check_qos/share/check_qos/package.zsh'
[1.460s] Level 1:colcon.colcon_core.environment:create_file_with_runtime_dependencies(/home/kim/open_topic/linux/ws/install/check_qos/share/colcon-core/packages/check_qos)
[1.469s] Level 1:colcon.colcon_core.environment:create_environment_scripts_only(delay_frame)
[1.487s] Level 1:colcon.colcon_core.environment:checking '/home/kim/open_topic/linux/ws/install/delay_frame' for CMake module files
[1.488s] Level 1:colcon.colcon_core.environment:checking '/home/kim/open_topic/linux/ws/install/delay_frame' for CMake config files
[1.488s] Level 1:colcon.colcon_core.shell:create_environment_hook('delay_frame', 'cmake_prefix_path')
[1.494s] INFO:colcon.colcon_core.shell:Creating environment hook '/home/kim/open_topic/linux/ws/install/delay_frame/share/delay_frame/hook/cmake_prefix_path.ps1'
[1.495s] INFO:colcon.colcon_core.shell:Creating environment descriptor '/home/kim/open_topic/linux/ws/install/delay_frame/share/delay_frame/hook/cmake_prefix_path.dsv'
[1.496s] INFO:colcon.colcon_core.shell:Creating environment hook '/home/kim/open_topic/linux/ws/install/delay_frame/share/delay_frame/hook/cmake_prefix_path.sh'
[1.496s] Level 1:colcon.colcon_core.environment:checking '/home/kim/open_topic/linux/ws/install/delay_frame/lib'
[1.496s] Level 1:colcon.colcon_core.environment:checking '/home/kim/open_topic/linux/ws/install/delay_frame/bin'
[1.496s] Level 1:colcon.colcon_core.environment:checking '/home/kim/open_topic/linux/ws/install/delay_frame/lib/pkgconfig/delay_frame.pc'
[1.497s] Level 1:colcon.colcon_core.environment:checking '/home/kim/open_topic/linux/ws/install/delay_frame/lib/python3.8/site-packages'
[1.497s] Level 1:colcon.colcon_core.shell:create_environment_hook('delay_frame', 'pythonpath')
[1.502s] INFO:colcon.colcon_core.shell:Creating environment hook '/home/kim/open_topic/linux/ws/install/delay_frame/share/delay_frame/hook/pythonpath.ps1'
[1.503s] INFO:colcon.colcon_core.shell:Creating environment descriptor '/home/kim/open_topic/linux/ws/install/delay_frame/share/delay_frame/hook/pythonpath.dsv'
[1.504s] INFO:colcon.colcon_core.shell:Creating environment hook '/home/kim/open_topic/linux/ws/install/delay_frame/share/delay_frame/hook/pythonpath.sh'
[1.504s] Level 1:colcon.colcon_core.environment:checking '/home/kim/open_topic/linux/ws/install/delay_frame/bin'
[1.511s] INFO:colcon.colcon_core.shell:Creating package script '/home/kim/open_topic/linux/ws/install/delay_frame/share/delay_frame/package.ps1'
[1.512s] INFO:colcon.colcon_core.shell:Creating package descriptor '/home/kim/open_topic/linux/ws/install/delay_frame/share/delay_frame/package.dsv'
[1.512s] INFO:colcon.colcon_core.shell:Creating package script '/home/kim/open_topic/linux/ws/install/delay_frame/share/delay_frame/package.sh'
[1.513s] INFO:colcon.colcon_core.shell:Creating package script '/home/kim/open_topic/linux/ws/install/delay_frame/share/delay_frame/package.bash'
[1.513s] INFO:colcon.colcon_core.shell:Creating package script '/home/kim/open_topic/linux/ws/install/delay_frame/share/delay_frame/package.zsh'
[1.514s] Level 1:colcon.colcon_core.environment:create_file_with_runtime_dependencies(/home/kim/open_topic/linux/ws/install/delay_frame/share/colcon-core/packages/delay_frame)
[1.618s] DEBUG:colcon.colcon_core.event_handler.log_command:Invoked command in '/home/kim/open_topic/linux/ws/build/pixel2coordinate' returned '0': CMAKE_PREFIX_PATH=${CMAKE_PREFIX_PATH}:/opt/ros/foxy /home/kim/.local/bin/cmake --build /home/kim/open_topic/linux/ws/build/pixel2coordinate -- -j12 -l12
[1.764s] DEBUG:colcon.colcon_core.event_handler.log_command:Invoking command in '/home/kim/open_topic/linux/ws/build/pixel2coordinate': CMAKE_PREFIX_PATH=${CMAKE_PREFIX_PATH}:/opt/ros/foxy /home/kim/.local/bin/cmake --install /home/kim/open_topic/linux/ws/build/pixel2coordinate
[1.846s] Level 1:colcon.colcon_core.environment:create_environment_scripts_only(pixel2coordinate)
[1.854s] Level 1:colcon.colcon_core.environment:checking '/home/kim/open_topic/linux/ws/install/pixel2coordinate' for CMake module files
[1.854s] DEBUG:colcon.colcon_core.event_handler.log_command:Invoked command in '/home/kim/open_topic/linux/ws/build/pixel2coordinate' returned '0': CMAKE_PREFIX_PATH=${CMAKE_PREFIX_PATH}:/opt/ros/foxy /home/kim/.local/bin/cmake --install /home/kim/open_topic/linux/ws/build/pixel2coordinate
[1.855s] Level 1:colcon.colcon_core.environment:checking '/home/kim/open_topic/linux/ws/install/pixel2coordinate' for CMake config files
[1.855s] Level 1:colcon.colcon_core.shell:create_environment_hook('pixel2coordinate', 'cmake_prefix_path')
[1.859s] INFO:colcon.colcon_core.shell:Creating environment hook '/home/kim/open_topic/linux/ws/install/pixel2coordinate/share/pixel2coordinate/hook/cmake_prefix_path.ps1'
[1.860s] INFO:colcon.colcon_core.shell:Creating environment descriptor '/home/kim/open_topic/linux/ws/install/pixel2coordinate/share/pixel2coordinate/hook/cmake_prefix_path.dsv'
[1.861s] INFO:colcon.colcon_core.shell:Creating environment hook '/home/kim/open_topic/linux/ws/install/pixel2coordinate/share/pixel2coordinate/hook/cmake_prefix_path.sh'
[1.861s] Level 1:colcon.colcon_core.environment:checking '/home/kim/open_topic/linux/ws/install/pixel2coordinate/lib'
[1.861s] Level 1:colcon.colcon_core.environment:checking '/home/kim/open_topic/linux/ws/install/pixel2coordinate/bin'
[1.862s] Level 1:colcon.colcon_core.environment:checking '/home/kim/open_topic/linux/ws/install/pixel2coordinate/lib/pkgconfig/pixel2coordinate.pc'
[1.862s] Level 1:colcon.colcon_core.environment:checking '/home/kim/open_topic/linux/ws/install/pixel2coordinate/lib/python3.8/site-packages'
[1.862s] Level 1:colcon.colcon_core.shell:create_environment_hook('pixel2coordinate', 'pythonpath')
[1.866s] INFO:colcon.colcon_core.shell:Creating environment hook '/home/kim/open_topic/linux/ws/install/pixel2coordinate/share/pixel2coordinate/hook/pythonpath.ps1'
[1.866s] INFO:colcon.colcon_core.shell:Creating environment descriptor '/home/kim/open_topic/linux/ws/install/pixel2coordinate/share/pixel2coordinate/hook/pythonpath.dsv'
[1.867s] INFO:colcon.colcon_core.shell:Creating environment hook '/home/kim/open_topic/linux/ws/install/pixel2coordinate/share/pixel2coordinate/hook/pythonpath.sh'
[1.867s] Level 1:colcon.colcon_core.environment:checking '/home/kim/open_topic/linux/ws/install/pixel2coordinate/bin'
[1.871s] INFO:colcon.colcon_core.shell:Creating package script '/home/kim/open_topic/linux/ws/install/pixel2coordinate/share/pixel2coordinate/package.ps1'
[1.872s] INFO:colcon.colcon_core.shell:Creating package descriptor '/home/kim/open_topic/linux/ws/install/pixel2coordinate/share/pixel2coordinate/package.dsv'
[1.872s] INFO:colcon.colcon_core.shell:Creating package script '/home/kim/open_topic/linux/ws/install/pixel2coordinate/share/pixel2coordinate/package.sh'
[1.873s] INFO:colcon.colcon_core.shell:Creating package script '/home/kim/open_topic/linux/ws/install/pixel2coordinate/share/pixel2coordinate/package.bash'
[1.873s] INFO:colcon.colcon_core.shell:Creating package script '/home/kim/open_topic/linux/ws/install/pixel2coordinate/share/pixel2coordinate/package.zsh'
[1.874s] Level 1:colcon.colcon_core.environment:create_file_with_runtime_dependencies(/home/kim/open_topic/linux/ws/install/pixel2coordinate/share/colcon-core/packages/pixel2coordinate)
[1.924s] Level 1:colcon.colcon_core.environment:create_environment_scripts_only(pixel2coordinate)
[1.932s] Level 1:colcon.colcon_core.environment:checking '/home/kim/open_topic/linux/ws/install/pixel2coordinate' for CMake module files
[1.932s] Level 1:colcon.colcon_core.environment:checking '/home/kim/open_topic/linux/ws/install/pixel2coordinate' for CMake config files
[1.932s] Level 1:colcon.colcon_core.shell:create_environment_hook('pixel2coordinate', 'cmake_prefix_path')
[1.938s] INFO:colcon.colcon_core.shell:Creating environment hook '/home/kim/open_topic/linux/ws/install/pixel2coordinate/share/pixel2coordinate/hook/cmake_prefix_path.ps1'
[1.939s] INFO:colcon.colcon_core.shell:Creating environment descriptor '/home/kim/open_topic/linux/ws/install/pixel2coordinate/share/pixel2coordinate/hook/cmake_prefix_path.dsv'
[1.939s] INFO:colcon.colcon_core.shell:Creating environment hook '/home/kim/open_topic/linux/ws/install/pixel2coordinate/share/pixel2coordinate/hook/cmake_prefix_path.sh'
[1.940s] Level 1:colcon.colcon_core.environment:checking '/home/kim/open_topic/linux/ws/install/pixel2coordinate/lib'
[1.940s] Level 1:colcon.colcon_core.environment:checking '/home/kim/open_topic/linux/ws/install/pixel2coordinate/bin'
[1.940s] Level 1:colcon.colcon_core.environment:checking '/home/kim/open_topic/linux/ws/install/pixel2coordinate/lib/pkgconfig/pixel2coordinate.pc'
[1.940s] Level 1:colcon.colcon_core.environment:checking '/home/kim/open_topic/linux/ws/install/pixel2coordinate/lib/python3.8/site-packages'
[1.940s] Level 1:colcon.colcon_core.shell:create_environment_hook('pixel2coordinate', 'pythonpath')
[1.945s] INFO:colcon.colcon_core.shell:Creating environment hook '/home/kim/open_topic/linux/ws/install/pixel2coordinate/share/pixel2coordinate/hook/pythonpath.ps1'
[1.946s] INFO:colcon.colcon_core.shell:Creating environment descriptor '/home/kim/open_topic/linux/ws/install/pixel2coordinate/share/pixel2coordinate/hook/pythonpath.dsv'
[1.947s] INFO:colcon.colcon_core.shell:Creating environment hook '/home/kim/open_topic/linux/ws/install/pixel2coordinate/share/pixel2coordinate/hook/pythonpath.sh'
[1.947s] Level 1:colcon.colcon_core.environment:checking '/home/kim/open_topic/linux/ws/install/pixel2coordinate/bin'
[1.954s] INFO:colcon.colcon_core.shell:Creating package script '/home/kim/open_topic/linux/ws/install/pixel2coordinate/share/pixel2coordinate/package.ps1'
[1.956s] INFO:colcon.colcon_core.shell:Creating package descriptor '/home/kim/open_topic/linux/ws/install/pixel2coordinate/share/pixel2coordinate/package.dsv'
[1.957s] INFO:colcon.colcon_core.shell:Creating package script '/home/kim/open_topic/linux/ws/install/pixel2coordinate/share/pixel2coordinate/package.sh'
[1.958s] INFO:colcon.colcon_core.shell:Creating package script '/home/kim/open_topic/linux/ws/install/pixel2coordinate/share/pixel2coordinate/package.bash'
[1.958s] INFO:colcon.colcon_core.shell:Creating package script '/home/kim/open_topic/linux/ws/install/pixel2coordinate/share/pixel2coordinate/package.zsh'
[1.958s] Level 1:colcon.colcon_core.environment:create_file_with_runtime_dependencies(/home/kim/open_topic/linux/ws/install/pixel2coordinate/share/colcon-core/packages/pixel2coordinate)
[1.959s] DEBUG:colcon.colcon_parallel_executor.executor.parallel:closing loop
[1.960s] DEBUG:colcon.colcon_parallel_executor.executor.parallel:loop closed
[1.960s] DEBUG:colcon.colcon_parallel_executor.executor.parallel:run_until_complete finished with '0'
[1.960s] DEBUG:colcon.colcon_core.event_reactor:joining thread
[1.965s] INFO:colcon.colcon_core.plugin_system:Skipping extension 'colcon_notification.desktop_notification.terminal_notifier': Not used on non-Darwin systems
[1.966s] INFO:colcon.colcon_core.plugin_system:Skipping extension 'colcon_notification.desktop_notification.win32': Not used on non-Windows systems
[1.966s] INFO:colcon.colcon_notification.desktop_notification:Sending desktop notification using 'notify2'
[1.985s] DEBUG:colcon.colcon_core.event_reactor:joined thread
[1.994s] INFO:colcon.colcon_core.shell:Creating prefix script '/home/kim/open_topic/linux/ws/install/local_setup.ps1'
[1.996s] INFO:colcon.colcon_core.shell:Creating prefix util module '/home/kim/open_topic/linux/ws/install/_local_setup_util_ps1.py'
[1.997s] INFO:colcon.colcon_core.shell:Creating prefix chain script '/home/kim/open_topic/linux/ws/install/setup.ps1'
[2.001s] INFO:colcon.colcon_core.shell:Creating prefix script '/home/kim/open_topic/linux/ws/install/local_setup.sh'
[2.001s] INFO:colcon.colcon_core.shell:Creating prefix util module '/home/kim/open_topic/linux/ws/install/_local_setup_util_sh.py'
[2.002s] INFO:colcon.colcon_core.shell:Creating prefix chain script '/home/kim/open_topic/linux/ws/install/setup.sh'
[2.004s] INFO:colcon.colcon_core.shell:Creating prefix script '/home/kim/open_topic/linux/ws/install/local_setup.bash'
[2.005s] INFO:colcon.colcon_core.shell:Creating prefix chain script '/home/kim/open_topic/linux/ws/install/setup.bash'
[2.007s] INFO:colcon.colcon_core.shell:Creating prefix script '/home/kim/open_topic/linux/ws/install/local_setup.zsh'
[2.008s] INFO:colcon.colcon_core.shell:Creating prefix chain script '/home/kim/open_topic/linux/ws/install/setup.zsh'
