[0.039s] Invoking command in '/home/kim/open_topic/linux/ws/build/object': CMAKE_PREFIX_PATH=${CMAKE_PREFIX_PATH}:/opt/ros/foxy /home/kim/.local/bin/cmake --build /home/kim/open_topic/linux/ws/build/object -- -j12 -l12
[0.071s] -- Found ament_cmake: 0.9.11 (/opt/ros/foxy/share/ament_cmake/cmake)
[0.088s] -- Using PYTHON_EXECUTABLE: /usr/bin/python3
[0.221s] -- Found rclcpp: 2.4.2 (/opt/ros/foxy/share/rclcpp/cmake)
[0.245s] -- Using all available rosidl_typesupport_c: rosidl_typesupport_fastrtps_c;rosidl_typesupport_introspection_c
[0.247s] -- Found rosidl_adapter: 1.3.0 (/opt/ros/foxy/share/rosidl_adapter/cmake)
[0.335s] -- Using all available rosidl_typesupport_cpp: rosidl_typesupport_fastrtps_cpp;rosidl_typesupport_introspection_cpp
[0.368s] -- Found rmw_implementation_cmake: 1.0.3 (/opt/ros/foxy/share/rmw_implementation_cmake/cmake)
[0.369s] -- Using RMW implementation 'rmw_fastrtps_cpp' as default
[0.462s] -- Found rclpy: 1.0.11 (/opt/ros/foxy/share/rclpy/cmake)
[0.509s] -- Configuring done
[0.516s] -- Generating done
[0.517s] -- Build files have been written to: /home/kim/open_topic/linux/ws/build/object
[0.534s] [100%] Built target cpp_node_test
[0.541s] Invoked command in '/home/kim/open_topic/linux/ws/build/object' returned '0': CMAKE_PREFIX_PATH=${CMAKE_PREFIX_PATH}:/opt/ros/foxy /home/kim/.local/bin/cmake --build /home/kim/open_topic/linux/ws/build/object -- -j12 -l12
[0.607s] Invoking command in '/home/kim/open_topic/linux/ws/build/object': CMAKE_PREFIX_PATH=${CMAKE_PREFIX_PATH}:/opt/ros/foxy /home/kim/.local/bin/cmake --install /home/kim/open_topic/linux/ws/build/object
[0.629s] -- Install configuration: ""
[0.629s] -- Up-to-date: /home/kim/open_topic/linux/ws/install/object/share/object/environment/pythonpath.sh
[0.629s] -- Installing: /home/kim/open_topic/linux/ws/install/object/share/object/environment/pythonpath.dsv
[0.629s] -- Up-to-date: /home/kim/open_topic/linux/ws/install/object/lib/python3.8/site-packages/object
[0.629s] -- Up-to-date: /home/kim/open_topic/linux/ws/install/object/lib/python3.8/site-packages/object/dummy_module.py
[0.629s] -- Up-to-date: /home/kim/open_topic/linux/ws/install/object/lib/python3.8/site-packages/object/__init__.py
[0.653s] Listing '/home/kim/open_topic/linux/ws/install/object/lib/python3.8/site-packages/object'...
[0.656s] -- Installing: /home/kim/open_topic/linux/ws/install/object/lib/object/test_lib.py
[0.656s] -- Up-to-date: /home/kim/open_topic/linux/ws/install/object/share/object
[0.656s] -- Up-to-date: /home/kim/open_topic/linux/ws/install/object/share/ament_index/resource_index/package_run_dependencies/object
[0.656s] -- Installing: /home/kim/open_topic/linux/ws/install/object/share/ament_index/resource_index/parent_prefix_path/object
[0.656s] -- Up-to-date: /home/kim/open_topic/linux/ws/install/object/share/object/environment/ament_prefix_path.sh
[0.657s] -- Installing: /home/kim/open_topic/linux/ws/install/object/share/object/environment/ament_prefix_path.dsv
[0.657s] -- Up-to-date: /home/kim/open_topic/linux/ws/install/object/share/object/environment/path.sh
[0.657s] -- Installing: /home/kim/open_topic/linux/ws/install/object/share/object/environment/path.dsv
[0.657s] -- Up-to-date: /home/kim/open_topic/linux/ws/install/object/share/object/local_setup.bash
[0.657s] -- Up-to-date: /home/kim/open_topic/linux/ws/install/object/share/object/local_setup.sh
[0.657s] -- Up-to-date: /home/kim/open_topic/linux/ws/install/object/share/object/local_setup.zsh
[0.657s] -- Installing: /home/kim/open_topic/linux/ws/install/object/share/object/local_setup.dsv
[0.657s] -- Installing: /home/kim/open_topic/linux/ws/install/object/share/object/package.dsv
[0.657s] -- Up-to-date: /home/kim/open_topic/linux/ws/install/object/share/ament_index/resource_index/packages/object
[0.657s] -- Up-to-date: /home/kim/open_topic/linux/ws/install/object/share/object/cmake/objectConfig.cmake
[0.657s] -- Up-to-date: /home/kim/open_topic/linux/ws/install/object/share/object/cmake/objectConfig-version.cmake
[0.657s] -- Up-to-date: /home/kim/open_topic/linux/ws/install/object/share/object/package.xml
[0.662s] Invoked command in '/home/kim/open_topic/linux/ws/build/object' returned '0': CMAKE_PREFIX_PATH=${CMAKE_PREFIX_PATH}:/opt/ros/foxy /home/kim/.local/bin/cmake --install /home/kim/open_topic/linux/ws/build/object
