[0.095s] Invoking command in '/home/kim/open_topic/linux/ws/build/pixel2coordinate': CMAKE_PREFIX_PATH=${CMAKE_PREFIX_PATH}:/opt/ros/foxy /home/kim/.local/bin/cmake --build /home/kim/open_topic/linux/ws/build/pixel2coordinate -- -j12 -l12
[0.169s] -- Found ament_cmake: 0.9.11 (/opt/ros/foxy/share/ament_cmake/cmake)
[0.194s] -- Using PYTHON_EXECUTABLE: /usr/bin/python3
[0.411s] -- Found rclcpp: 2.4.2 (/opt/ros/foxy/share/rclcpp/cmake)
[0.468s] -- Using all available rosidl_typesupport_c: rosidl_typesupport_fastrtps_c;rosidl_typesupport_introspection_c
[0.468s] -- Found rosidl_adapter: 1.3.0 (/opt/ros/foxy/share/rosidl_adapter/cmake)
[0.571s] -- Using all available rosidl_typesupport_cpp: rosidl_typesupport_fastrtps_cpp;rosidl_typesupport_introspection_cpp
[0.625s] -- Found rmw_implementation_cmake: 1.0.4 (/opt/ros/foxy/share/rmw_implementation_cmake/cmake)
[0.626s] -- Using RMW implementation 'rmw_fastrtps_cpp' as default
[0.826s] -- Found rclpy: 1.0.12 (/opt/ros/foxy/share/rclpy/cmake)
[0.848s] -- Configuring done
[0.867s] -- Generating done
[0.868s] -- Build files have been written to: /home/kim/open_topic/linux/ws/build/pixel2coordinate
[0.916s] [100%] Built target cpp_node_test
[0.924s] Invoked command in '/home/kim/open_topic/linux/ws/build/pixel2coordinate' returned '0': CMAKE_PREFIX_PATH=${CMAKE_PREFIX_PATH}:/opt/ros/foxy /home/kim/.local/bin/cmake --build /home/kim/open_topic/linux/ws/build/pixel2coordinate -- -j12 -l12
[1.070s] Invoking command in '/home/kim/open_topic/linux/ws/build/pixel2coordinate': CMAKE_PREFIX_PATH=${CMAKE_PREFIX_PATH}:/opt/ros/foxy /home/kim/.local/bin/cmake --install /home/kim/open_topic/linux/ws/build/pixel2coordinate
[1.108s] -- Install configuration: ""
[1.108s] -- Up-to-date: /home/kim/open_topic/linux/ws/install/pixel2coordinate/share/pixel2coordinate/environment/pythonpath.sh
[1.109s] -- Installing: /home/kim/open_topic/linux/ws/install/pixel2coordinate/share/pixel2coordinate/environment/pythonpath.dsv
[1.109s] -- Up-to-date: /home/kim/open_topic/linux/ws/install/pixel2coordinate/lib/python3.8/site-packages/pixel2coordinate
[1.109s] -- Up-to-date: /home/kim/open_topic/linux/ws/install/pixel2coordinate/lib/python3.8/site-packages/pixel2coordinate/dummy_module.py
[1.109s] -- Up-to-date: /home/kim/open_topic/linux/ws/install/pixel2coordinate/lib/python3.8/site-packages/pixel2coordinate/__init__.py
[1.140s] Listing '/home/kim/open_topic/linux/ws/install/pixel2coordinate/lib/python3.8/site-packages/pixel2coordinate'...
[1.143s] -- Installing: /home/kim/open_topic/linux/ws/install/pixel2coordinate/lib/pixel2coordinate/pixel2cordinate.py
[1.143s] -- Up-to-date: /home/kim/open_topic/linux/ws/install/pixel2coordinate/share/pixel2coordinate
[1.143s] -- Up-to-date: /home/kim/open_topic/linux/ws/install/pixel2coordinate/share/ament_index/resource_index/package_run_dependencies/pixel2coordinate
[1.143s] -- Installing: /home/kim/open_topic/linux/ws/install/pixel2coordinate/share/ament_index/resource_index/parent_prefix_path/pixel2coordinate
[1.144s] -- Up-to-date: /home/kim/open_topic/linux/ws/install/pixel2coordinate/share/pixel2coordinate/environment/ament_prefix_path.sh
[1.144s] -- Installing: /home/kim/open_topic/linux/ws/install/pixel2coordinate/share/pixel2coordinate/environment/ament_prefix_path.dsv
[1.144s] -- Up-to-date: /home/kim/open_topic/linux/ws/install/pixel2coordinate/share/pixel2coordinate/environment/path.sh
[1.144s] -- Installing: /home/kim/open_topic/linux/ws/install/pixel2coordinate/share/pixel2coordinate/environment/path.dsv
[1.144s] -- Up-to-date: /home/kim/open_topic/linux/ws/install/pixel2coordinate/share/pixel2coordinate/local_setup.bash
[1.144s] -- Up-to-date: /home/kim/open_topic/linux/ws/install/pixel2coordinate/share/pixel2coordinate/local_setup.sh
[1.145s] -- Up-to-date: /home/kim/open_topic/linux/ws/install/pixel2coordinate/share/pixel2coordinate/local_setup.zsh
[1.145s] -- Installing: /home/kim/open_topic/linux/ws/install/pixel2coordinate/share/pixel2coordinate/local_setup.dsv
[1.145s] -- Installing: /home/kim/open_topic/linux/ws/install/pixel2coordinate/share/pixel2coordinate/package.dsv
[1.145s] -- Up-to-date: /home/kim/open_topic/linux/ws/install/pixel2coordinate/share/ament_index/resource_index/packages/pixel2coordinate
[1.145s] -- Up-to-date: /home/kim/open_topic/linux/ws/install/pixel2coordinate/share/pixel2coordinate/cmake/pixel2coordinateConfig.cmake
[1.145s] -- Up-to-date: /home/kim/open_topic/linux/ws/install/pixel2coordinate/share/pixel2coordinate/cmake/pixel2coordinateConfig-version.cmake
[1.145s] -- Up-to-date: /home/kim/open_topic/linux/ws/install/pixel2coordinate/share/pixel2coordinate/package.xml
[1.161s] Invoked command in '/home/kim/open_topic/linux/ws/build/pixel2coordinate' returned '0': CMAKE_PREFIX_PATH=${CMAKE_PREFIX_PATH}:/opt/ros/foxy /home/kim/.local/bin/cmake --install /home/kim/open_topic/linux/ws/build/pixel2coordinate
