[100%] Built target cpp_node_test
-- Install configuration: ""
-- Up-to-date: /home/kim/open_topic/linux/ws/install/delay_frame/share/delay_frame/environment/pythonpath.sh
-- Up-to-date: /home/kim/open_topic/linux/ws/install/delay_frame/share/delay_frame/environment/pythonpath.dsv
-- Up-to-date: /home/kim/open_topic/linux/ws/install/delay_frame/lib/python3.8/site-packages/delay_frame
-- Up-to-date: /home/kim/open_topic/linux/ws/install/delay_frame/lib/python3.8/site-packages/delay_frame/dummy_module.py
-- Up-to-date: /home/kim/open_topic/linux/ws/install/delay_frame/lib/python3.8/site-packages/delay_frame/__init__.py
Listing '/home/kim/open_topic/linux/ws/install/delay_frame/lib/python3.8/site-packages/delay_frame'...
-- Up-to-date: /home/kim/open_topic/linux/ws/install/delay_frame/lib/delay_frame/delay_frame.py
-- Up-to-date: /home/kim/open_topic/linux/ws/install/delay_frame/share/delay_frame
-- Up-to-date: /home/kim/open_topic/linux/ws/install/delay_frame/share/ament_index/resource_index/package_run_dependencies/delay_frame
-- Up-to-date: /home/kim/open_topic/linux/ws/install/delay_frame/share/ament_index/resource_index/parent_prefix_path/delay_frame
-- Up-to-date: /home/kim/open_topic/linux/ws/install/delay_frame/share/delay_frame/environment/ament_prefix_path.sh
-- Up-to-date: /home/kim/open_topic/linux/ws/install/delay_frame/share/delay_frame/environment/ament_prefix_path.dsv
-- Up-to-date: /home/kim/open_topic/linux/ws/install/delay_frame/share/delay_frame/environment/path.sh
-- Up-to-date: /home/kim/open_topic/linux/ws/install/delay_frame/share/delay_frame/environment/path.dsv
-- Up-to-date: /home/kim/open_topic/linux/ws/install/delay_frame/share/delay_frame/local_setup.bash
-- Up-to-date: /home/kim/open_topic/linux/ws/install/delay_frame/share/delay_frame/local_setup.sh
-- Up-to-date: /home/kim/open_topic/linux/ws/install/delay_frame/share/delay_frame/local_setup.zsh
-- Up-to-date: /home/kim/open_topic/linux/ws/install/delay_frame/share/delay_frame/local_setup.dsv
-- Installing: /home/kim/open_topic/linux/ws/install/delay_frame/share/delay_frame/package.dsv
-- Up-to-date: /home/kim/open_topic/linux/ws/install/delay_frame/share/ament_index/resource_index/packages/delay_frame
-- Up-to-date: /home/kim/open_topic/linux/ws/install/delay_frame/share/delay_frame/cmake/delay_frameConfig.cmake
-- Up-to-date: /home/kim/open_topic/linux/ws/install/delay_frame/share/delay_frame/cmake/delay_frameConfig-version.cmake
-- Up-to-date: /home/kim/open_topic/linux/ws/install/delay_frame/share/delay_frame/package.xml
