[0.256s] DEBUG:colcon:Command line arguments: ['/home/carver/.local/bin/colcon', 'build']
[0.256s] DEBUG:colcon:Parsed command line arguments: Namespace(log_base=None, log_level=None, verb_name='build', build_base='build', install_base='install', merge_install=False, symlink_install=False, test_result_base=None, continue_on_error=False, executor='parallel', parallel_workers=20, event_handlers=None, ignore_user_meta=False, metas=['./colcon.meta'], base_paths=['.'], packages_ignore=None, packages_ignore_regex=None, paths=None, packages_up_to=None, packages_up_to_regex=None, packages_above=None, packages_above_and_dependencies=None, packages_above_depth=None, packages_select_by_dep=None, packages_skip_by_dep=None, packages_skip_up_to=None, packages_select_build_failed=False, packages_skip_build_finished=False, packages_select_test_failures=False, packages_skip_test_passed=False, packages_select=None, packages_skip=None, packages_select_regex=None, packages_skip_regex=None, packages_start=None, packages_end=None, allow_overriding=[], cmake_args=None, cmake_target=None, cmake_target_skip_unavailable=False, cmake_clean_cache=False, cmake_clean_first=False, cmake_force_configure=False, ament_cmake_args=None, catkin_cmake_args=None, catkin_skip_building_tests=False, verb_parser=<colcon_defaults.argument_parser.defaults.DefaultArgumentsDecorator object at 0x7f1c9c0a3250>, verb_extension=<colcon_core.verb.build.BuildVerb object at 0x7f1c9cb6cbe0>, main=<bound method BuildVerb.main of <colcon_core.verb.build.BuildVerb object at 0x7f1c9cb6cbe0>>)
[0.272s] Level 1:colcon.colcon_core.package_discovery:discover_packages(colcon_meta) check parameters
[0.272s] Level 1:colcon.colcon_core.package_discovery:discover_packages(recursive) check parameters
[0.272s] Level 1:colcon.colcon_core.package_discovery:discover_packages(ignore) check parameters
[0.272s] Level 1:colcon.colcon_core.package_discovery:discover_packages(path) check parameters
[0.272s] Level 1:colcon.colcon_core.package_discovery:discover_packages(colcon_meta) discover
[0.272s] Level 1:colcon.colcon_core.package_discovery:discover_packages(recursive) discover
[0.272s] INFO:colcon.colcon_core.package_discovery:Crawling recursively for packages in '/home/carver/kim_open_topic/linux/ws_download'
[0.272s] Level 1:colcon.colcon_core.package_identification:_identify(.) by extensions ['ignore', 'ignore_ament_install']
[0.272s] Level 1:colcon.colcon_core.package_identification:_identify(.) by extension 'ignore'
[0.272s] Level 1:colcon.colcon_core.package_identification:_identify(.) by extension 'ignore_ament_install'
[0.272s] Level 1:colcon.colcon_core.package_identification:_identify(.) by extensions ['colcon_pkg']
[0.272s] Level 1:colcon.colcon_core.package_identification:_identify(.) by extension 'colcon_pkg'
[0.272s] Level 1:colcon.colcon_core.package_identification:_identify(.) by extensions ['colcon_meta']
[0.272s] Level 1:colcon.colcon_core.package_identification:_identify(.) by extension 'colcon_meta'
[0.272s] Level 1:colcon.colcon_core.package_identification:_identify(.) by extensions ['ros']
[0.272s] Level 1:colcon.colcon_core.package_identification:_identify(.) by extension 'ros'
[0.279s] Level 1:colcon.colcon_core.package_identification:_identify(.) by extensions ['cmake', 'python']
[0.279s] Level 1:colcon.colcon_core.package_identification:_identify(.) by extension 'cmake'
[0.279s] Level 1:colcon.colcon_core.package_identification:_identify(.) by extension 'python'
[0.279s] Level 1:colcon.colcon_core.package_identification:_identify(.) by extensions ['python_setup_py']
[0.279s] Level 1:colcon.colcon_core.package_identification:_identify(.) by extension 'python_setup_py'
[0.279s] Level 1:colcon.colcon_core.package_identification:_identify(build) by extensions ['ignore', 'ignore_ament_install']
[0.279s] Level 1:colcon.colcon_core.package_identification:_identify(build) by extension 'ignore'
[0.279s] Level 1:colcon.colcon_core.package_identification:_identify(build) ignored
[0.279s] Level 1:colcon.colcon_core.package_identification:_identify(install) by extensions ['ignore', 'ignore_ament_install']
[0.279s] Level 1:colcon.colcon_core.package_identification:_identify(install) by extension 'ignore'
[0.279s] Level 1:colcon.colcon_core.package_identification:_identify(install) ignored
[0.279s] Level 1:colcon.colcon_core.package_identification:_identify(log) by extensions ['ignore', 'ignore_ament_install']
[0.279s] Level 1:colcon.colcon_core.package_identification:_identify(log) by extension 'ignore'
[0.279s] Level 1:colcon.colcon_core.package_identification:_identify(log) ignored
[0.279s] Level 1:colcon.colcon_core.package_identification:_identify(src) by extensions ['ignore', 'ignore_ament_install']
[0.279s] Level 1:colcon.colcon_core.package_identification:_identify(src) by extension 'ignore'
[0.279s] Level 1:colcon.colcon_core.package_identification:_identify(src) by extension 'ignore_ament_install'
[0.279s] Level 1:colcon.colcon_core.package_identification:_identify(src) by extensions ['colcon_pkg']
[0.279s] Level 1:colcon.colcon_core.package_identification:_identify(src) by extension 'colcon_pkg'
[0.279s] Level 1:colcon.colcon_core.package_identification:_identify(src) by extensions ['colcon_meta']
[0.279s] Level 1:colcon.colcon_core.package_identification:_identify(src) by extension 'colcon_meta'
[0.279s] Level 1:colcon.colcon_core.package_identification:_identify(src) by extensions ['ros']
[0.279s] Level 1:colcon.colcon_core.package_identification:_identify(src) by extension 'ros'
[0.279s] Level 1:colcon.colcon_core.package_identification:_identify(src) by extensions ['cmake', 'python']
[0.279s] Level 1:colcon.colcon_core.package_identification:_identify(src) by extension 'cmake'
[0.279s] Level 1:colcon.colcon_core.package_identification:_identify(src) by extension 'python'
[0.279s] Level 1:colcon.colcon_core.package_identification:_identify(src) by extensions ['python_setup_py']
[0.279s] Level 1:colcon.colcon_core.package_identification:_identify(src) by extension 'python_setup_py'
[0.279s] Level 1:colcon.colcon_core.package_identification:_identify(src/realsense-ros) by extensions ['ignore', 'ignore_ament_install']
[0.279s] Level 1:colcon.colcon_core.package_identification:_identify(src/realsense-ros) by extension 'ignore'
[0.279s] Level 1:colcon.colcon_core.package_identification:_identify(src/realsense-ros) by extension 'ignore_ament_install'
[0.279s] Level 1:colcon.colcon_core.package_identification:_identify(src/realsense-ros) by extensions ['colcon_pkg']
[0.279s] Level 1:colcon.colcon_core.package_identification:_identify(src/realsense-ros) by extension 'colcon_pkg'
[0.280s] Level 1:colcon.colcon_core.package_identification:_identify(src/realsense-ros) by extensions ['colcon_meta']
[0.280s] Level 1:colcon.colcon_core.package_identification:_identify(src/realsense-ros) by extension 'colcon_meta'
[0.280s] Level 1:colcon.colcon_core.package_identification:_identify(src/realsense-ros) by extensions ['ros']
[0.280s] Level 1:colcon.colcon_core.package_identification:_identify(src/realsense-ros) by extension 'ros'
[0.280s] Level 1:colcon.colcon_core.package_identification:_identify(src/realsense-ros) by extensions ['cmake', 'python']
[0.280s] Level 1:colcon.colcon_core.package_identification:_identify(src/realsense-ros) by extension 'cmake'
[0.280s] Level 1:colcon.colcon_core.package_identification:_identify(src/realsense-ros) by extension 'python'
[0.280s] Level 1:colcon.colcon_core.package_identification:_identify(src/realsense-ros) by extensions ['python_setup_py']
[0.280s] Level 1:colcon.colcon_core.package_identification:_identify(src/realsense-ros) by extension 'python_setup_py'
[0.280s] Level 1:colcon.colcon_core.package_identification:_identify(src/realsense-ros/realsense2_camera) by extensions ['ignore', 'ignore_ament_install']
[0.280s] Level 1:colcon.colcon_core.package_identification:_identify(src/realsense-ros/realsense2_camera) by extension 'ignore'
[0.280s] Level 1:colcon.colcon_core.package_identification:_identify(src/realsense-ros/realsense2_camera) by extension 'ignore_ament_install'
[0.280s] Level 1:colcon.colcon_core.package_identification:_identify(src/realsense-ros/realsense2_camera) by extensions ['colcon_pkg']
[0.280s] Level 1:colcon.colcon_core.package_identification:_identify(src/realsense-ros/realsense2_camera) by extension 'colcon_pkg'
[0.280s] Level 1:colcon.colcon_core.package_identification:_identify(src/realsense-ros/realsense2_camera) by extensions ['colcon_meta']
[0.280s] Level 1:colcon.colcon_core.package_identification:_identify(src/realsense-ros/realsense2_camera) by extension 'colcon_meta'
[0.280s] Level 1:colcon.colcon_core.package_identification:_identify(src/realsense-ros/realsense2_camera) by extensions ['ros']
[0.280s] Level 1:colcon.colcon_core.package_identification:_identify(src/realsense-ros/realsense2_camera) by extension 'ros'
[0.282s] DEBUG:colcon.colcon_core.package_identification:Package 'src/realsense-ros/realsense2_camera' with type 'ros.ament_cmake' and name 'realsense2_camera'
[0.282s] Level 1:colcon.colcon_core.package_identification:_identify(src/realsense-ros/realsense2_camera_msgs) by extensions ['ignore', 'ignore_ament_install']
[0.282s] Level 1:colcon.colcon_core.package_identification:_identify(src/realsense-ros/realsense2_camera_msgs) by extension 'ignore'
[0.282s] Level 1:colcon.colcon_core.package_identification:_identify(src/realsense-ros/realsense2_camera_msgs) by extension 'ignore_ament_install'
[0.282s] Level 1:colcon.colcon_core.package_identification:_identify(src/realsense-ros/realsense2_camera_msgs) by extensions ['colcon_pkg']
[0.282s] Level 1:colcon.colcon_core.package_identification:_identify(src/realsense-ros/realsense2_camera_msgs) by extension 'colcon_pkg'
[0.282s] Level 1:colcon.colcon_core.package_identification:_identify(src/realsense-ros/realsense2_camera_msgs) by extensions ['colcon_meta']
[0.282s] Level 1:colcon.colcon_core.package_identification:_identify(src/realsense-ros/realsense2_camera_msgs) by extension 'colcon_meta'
[0.282s] Level 1:colcon.colcon_core.package_identification:_identify(src/realsense-ros/realsense2_camera_msgs) by extensions ['ros']
[0.282s] Level 1:colcon.colcon_core.package_identification:_identify(src/realsense-ros/realsense2_camera_msgs) by extension 'ros'
[0.282s] DEBUG:colcon.colcon_core.package_identification:Package 'src/realsense-ros/realsense2_camera_msgs' with type 'ros.ament_cmake' and name 'realsense2_camera_msgs'
[0.283s] Level 1:colcon.colcon_core.package_identification:_identify(src/realsense-ros/realsense2_description) by extensions ['ignore', 'ignore_ament_install']
[0.283s] Level 1:colcon.colcon_core.package_identification:_identify(src/realsense-ros/realsense2_description) by extension 'ignore'
[0.283s] Level 1:colcon.colcon_core.package_identification:_identify(src/realsense-ros/realsense2_description) by extension 'ignore_ament_install'
[0.283s] Level 1:colcon.colcon_core.package_identification:_identify(src/realsense-ros/realsense2_description) by extensions ['colcon_pkg']
[0.283s] Level 1:colcon.colcon_core.package_identification:_identify(src/realsense-ros/realsense2_description) by extension 'colcon_pkg'
[0.283s] Level 1:colcon.colcon_core.package_identification:_identify(src/realsense-ros/realsense2_description) by extensions ['colcon_meta']
[0.283s] Level 1:colcon.colcon_core.package_identification:_identify(src/realsense-ros/realsense2_description) by extension 'colcon_meta'
[0.283s] Level 1:colcon.colcon_core.package_identification:_identify(src/realsense-ros/realsense2_description) by extensions ['ros']
[0.283s] Level 1:colcon.colcon_core.package_identification:_identify(src/realsense-ros/realsense2_description) by extension 'ros'
[0.283s] DEBUG:colcon.colcon_core.package_identification:Package 'src/realsense-ros/realsense2_description' with type 'ros.ament_cmake' and name 'realsense2_description'
[0.283s] Level 1:colcon.colcon_core.package_identification:_identify(src/realsense-ros/scripts) by extensions ['ignore', 'ignore_ament_install']
[0.283s] Level 1:colcon.colcon_core.package_identification:_identify(src/realsense-ros/scripts) by extension 'ignore'
[0.283s] Level 1:colcon.colcon_core.package_identification:_identify(src/realsense-ros/scripts) by extension 'ignore_ament_install'
[0.283s] Level 1:colcon.colcon_core.package_identification:_identify(src/realsense-ros/scripts) by extensions ['colcon_pkg']
[0.283s] Level 1:colcon.colcon_core.package_identification:_identify(src/realsense-ros/scripts) by extension 'colcon_pkg'
[0.283s] Level 1:colcon.colcon_core.package_identification:_identify(src/realsense-ros/scripts) by extensions ['colcon_meta']
[0.283s] Level 1:colcon.colcon_core.package_identification:_identify(src/realsense-ros/scripts) by extension 'colcon_meta'
[0.283s] Level 1:colcon.colcon_core.package_identification:_identify(src/realsense-ros/scripts) by extensions ['ros']
[0.284s] Level 1:colcon.colcon_core.package_identification:_identify(src/realsense-ros/scripts) by extension 'ros'
[0.284s] Level 1:colcon.colcon_core.package_identification:_identify(src/realsense-ros/scripts) by extensions ['cmake', 'python']
[0.284s] Level 1:colcon.colcon_core.package_identification:_identify(src/realsense-ros/scripts) by extension 'cmake'
[0.284s] Level 1:colcon.colcon_core.package_identification:_identify(src/realsense-ros/scripts) by extension 'python'
[0.284s] Level 1:colcon.colcon_core.package_identification:_identify(src/realsense-ros/scripts) by extensions ['python_setup_py']
[0.284s] Level 1:colcon.colcon_core.package_identification:_identify(src/realsense-ros/scripts) by extension 'python_setup_py'
[0.284s] Level 1:colcon.colcon_core.package_discovery:discover_packages(recursive) using defaults
[0.284s] Level 1:colcon.colcon_core.package_discovery:discover_packages(ignore) discover
[0.284s] Level 1:colcon.colcon_core.package_discovery:discover_packages(ignore) using defaults
[0.284s] Level 1:colcon.colcon_core.package_discovery:discover_packages(path) discover
[0.284s] Level 1:colcon.colcon_core.package_discovery:discover_packages(path) using defaults
[0.302s] Level 1:colcon.colcon_core.package_discovery:discover_packages(prefix_path) check parameters
[0.302s] Level 1:colcon.colcon_core.package_discovery:discover_packages(prefix_path) discover
[0.307s] DEBUG:colcon.colcon_installed_package_information.package_discovery:Found 5 installed packages in /home/carver/kim_open_topic/linux/ws/install
[0.309s] DEBUG:colcon.colcon_installed_package_information.package_discovery:Found 2 installed packages in /home/carver/py_tree_ws/install
[0.310s] DEBUG:colcon.colcon_installed_package_information.package_discovery:Found 7 installed packages in /home/carver/cartesian_controller_ws/install
[0.312s] DEBUG:colcon.colcon_installed_package_information.package_discovery:Found 22 installed packages in /home/carver/ur_ws/install
[0.314s] DEBUG:colcon.colcon_installed_package_information.package_discovery:Found 2 installed packages in /home/carver/carverhand_ws/install
[0.316s] DEBUG:colcon.colcon_installed_package_information.package_discovery:Found 403 installed packages in /opt/ros/humble
[0.317s] Level 1:colcon.colcon_core.package_discovery:discover_packages(prefix_path) using defaults
[0.355s] Level 5:colcon.colcon_core.verb:set package 'realsense2_camera_msgs' build argument 'cmake_args' from command line to 'None'
[0.355s] Level 5:colcon.colcon_core.verb:set package 'realsense2_camera_msgs' build argument 'cmake_target' from command line to 'None'
[0.355s] Level 5:colcon.colcon_core.verb:set package 'realsense2_camera_msgs' build argument 'cmake_target_skip_unavailable' from command line to 'False'
[0.355s] Level 5:colcon.colcon_core.verb:set package 'realsense2_camera_msgs' build argument 'cmake_clean_cache' from command line to 'False'
[0.355s] Level 5:colcon.colcon_core.verb:set package 'realsense2_camera_msgs' build argument 'cmake_clean_first' from command line to 'False'
[0.355s] Level 5:colcon.colcon_core.verb:set package 'realsense2_camera_msgs' build argument 'cmake_force_configure' from command line to 'False'
[0.355s] Level 5:colcon.colcon_core.verb:set package 'realsense2_camera_msgs' build argument 'ament_cmake_args' from command line to 'None'
[0.355s] Level 5:colcon.colcon_core.verb:set package 'realsense2_camera_msgs' build argument 'catkin_cmake_args' from command line to 'None'
[0.355s] Level 5:colcon.colcon_core.verb:set package 'realsense2_camera_msgs' build argument 'catkin_skip_building_tests' from command line to 'False'
[0.355s] DEBUG:colcon.colcon_core.verb:Building package 'realsense2_camera_msgs' with the following arguments: {'ament_cmake_args': None, 'build_base': '/home/carver/kim_open_topic/linux/ws_download/build/realsense2_camera_msgs', 'catkin_cmake_args': None, 'catkin_skip_building_tests': False, 'cmake_args': None, 'cmake_clean_cache': False, 'cmake_clean_first': False, 'cmake_force_configure': False, 'cmake_target': None, 'cmake_target_skip_unavailable': False, 'install_base': '/home/carver/kim_open_topic/linux/ws_download/install/realsense2_camera_msgs', 'merge_install': False, 'path': '/home/carver/kim_open_topic/linux/ws_download/src/realsense-ros/realsense2_camera_msgs', 'symlink_install': False, 'test_result_base': None}
[0.358s] Level 5:colcon.colcon_core.verb:set package 'realsense2_camera' build argument 'cmake_args' from command line to 'None'
[0.358s] Level 5:colcon.colcon_core.verb:set package 'realsense2_camera' build argument 'cmake_target' from command line to 'None'
[0.358s] Level 5:colcon.colcon_core.verb:set package 'realsense2_camera' build argument 'cmake_target_skip_unavailable' from command line to 'False'
[0.358s] Level 5:colcon.colcon_core.verb:set package 'realsense2_camera' build argument 'cmake_clean_cache' from command line to 'False'
[0.358s] Level 5:colcon.colcon_core.verb:set package 'realsense2_camera' build argument 'cmake_clean_first' from command line to 'False'
[0.358s] Level 5:colcon.colcon_core.verb:set package 'realsense2_camera' build argument 'cmake_force_configure' from command line to 'False'
[0.358s] Level 5:colcon.colcon_core.verb:set package 'realsense2_camera' build argument 'ament_cmake_args' from command line to 'None'
[0.358s] Level 5:colcon.colcon_core.verb:set package 'realsense2_camera' build argument 'catkin_cmake_args' from command line to 'None'
[0.358s] Level 5:colcon.colcon_core.verb:set package 'realsense2_camera' build argument 'catkin_skip_building_tests' from command line to 'False'
[0.358s] DEBUG:colcon.colcon_core.verb:Building package 'realsense2_camera' with the following arguments: {'ament_cmake_args': None, 'build_base': '/home/carver/kim_open_topic/linux/ws_download/build/realsense2_camera', 'catkin_cmake_args': None, 'catkin_skip_building_tests': False, 'cmake_args': None, 'cmake_clean_cache': False, 'cmake_clean_first': False, 'cmake_force_configure': False, 'cmake_target': None, 'cmake_target_skip_unavailable': False, 'install_base': '/home/carver/kim_open_topic/linux/ws_download/install/realsense2_camera', 'merge_install': False, 'path': '/home/carver/kim_open_topic/linux/ws_download/src/realsense-ros/realsense2_camera', 'symlink_install': False, 'test_result_base': None}
[0.362s] Level 5:colcon.colcon_core.verb:set package 'realsense2_description' build argument 'cmake_args' from command line to 'None'
[0.362s] Level 5:colcon.colcon_core.verb:set package 'realsense2_description' build argument 'cmake_target' from command line to 'None'
[0.362s] Level 5:colcon.colcon_core.verb:set package 'realsense2_description' build argument 'cmake_target_skip_unavailable' from command line to 'False'
[0.362s] Level 5:colcon.colcon_core.verb:set package 'realsense2_description' build argument 'cmake_clean_cache' from command line to 'False'
[0.362s] Level 5:colcon.colcon_core.verb:set package 'realsense2_description' build argument 'cmake_clean_first' from command line to 'False'
[0.362s] Level 5:colcon.colcon_core.verb:set package 'realsense2_description' build argument 'cmake_force_configure' from command line to 'False'
[0.362s] Level 5:colcon.colcon_core.verb:set package 'realsense2_description' build argument 'ament_cmake_args' from command line to 'None'
[0.362s] Level 5:colcon.colcon_core.verb:set package 'realsense2_description' build argument 'catkin_cmake_args' from command line to 'None'
[0.362s] Level 5:colcon.colcon_core.verb:set package 'realsense2_description' build argument 'catkin_skip_building_tests' from command line to 'False'
[0.362s] DEBUG:colcon.colcon_core.verb:Building package 'realsense2_description' with the following arguments: {'ament_cmake_args': None, 'build_base': '/home/carver/kim_open_topic/linux/ws_download/build/realsense2_description', 'catkin_cmake_args': None, 'catkin_skip_building_tests': False, 'cmake_args': None, 'cmake_clean_cache': False, 'cmake_clean_first': False, 'cmake_force_configure': False, 'cmake_target': None, 'cmake_target_skip_unavailable': False, 'install_base': '/home/carver/kim_open_topic/linux/ws_download/install/realsense2_description', 'merge_install': False, 'path': '/home/carver/kim_open_topic/linux/ws_download/src/realsense-ros/realsense2_description', 'symlink_install': False, 'test_result_base': None}
[0.363s] INFO:colcon.colcon_core.executor:Executing jobs using 'parallel' executor
[0.368s] DEBUG:colcon.colcon_parallel_executor.executor.parallel:run_until_complete
[0.368s] INFO:colcon.colcon_ros.task.ament_cmake.build:Building ROS package in '/home/carver/kim_open_topic/linux/ws_download/src/realsense-ros/realsense2_camera_msgs' with build type 'ament_cmake'
[0.368s] INFO:colcon.colcon_cmake.task.cmake.build:Building CMake package in '/home/carver/kim_open_topic/linux/ws_download/src/realsense-ros/realsense2_camera_msgs'
[0.372s] INFO:colcon.colcon_core.plugin_system:Skipping extension 'colcon_core.shell.bat': Not used on non-Windows systems
[0.372s] INFO:colcon.colcon_core.shell:Skip shell extension 'powershell' for command environment: Not usable outside of PowerShell
[0.372s] DEBUG:colcon.colcon_core.shell:Skip shell extension 'dsv' for command environment
[0.387s] DEBUG:colcon.colcon_core.event_handler.log_command:Invoking command in '/home/carver/kim_open_topic/linux/ws_download/build/realsense2_camera_msgs': CMAKE_PREFIX_PATH=/home/carver/kim_open_topic/linux/ws/install/pixel2coordinate:/home/carver/kim_open_topic/linux/ws/install/fake_pixel:/home/carver/kim_open_topic/linux/ws/install/fake_image:/home/carver/kim_open_topic/linux/ws/install/delay_frame:/home/carver/kim_open_topic/linux/ws/install/check_qos:/home/carver/cartesian_controller_ws/install/cartesian_compliance_controller:/home/carver/cartesian_controller_ws/install/cartesian_motion_controller:/home/carver/cartesian_controller_ws/install/cartesian_force_controller:/home/carver/py_tree_ws/install/py_trees_ros_tutorials:/home/carver/py_tree_ws/install/py_trees_ros:/home/carver/ur_ws/install/rqt_joint_trajectory_controller:/home/carver/ur_ws/install/ros2_controllers_test_nodes:/opt/ros/humble:/home/carver/cartesian_controller_ws/install/cartesian_controller_tests:/home/carver/cartesian_controller_ws/install/cartesian_controller_simulation:/home/carver/cartesian_controller_ws/install/cartesian_controller_handles:/home/carver/cartesian_controller_ws/install/cartesian_controller_base:/home/carver/ur_ws/install/ur:/home/carver/ur_ws/install/ur_calibration:/home/carver/ur_ws/install/ur_robot_driver:/home/carver/ur_ws/install/ur_bringup:/home/carver/ur_ws/install/ros2_controllers:/home/carver/ur_ws/install/velocity_controllers:/home/carver/ur_ws/install/ur_moveit_config:/home/carver/ur_ws/install/ur_description:/home/carver/ur_ws/install/ur_controllers:/home/carver/ur_ws/install/ur_dashboard_msgs:/home/carver/ur_ws/install/tricycle_controller:/home/carver/ur_ws/install/position_controllers:/home/carver/ur_ws/install/joint_trajectory_controller:/home/carver/ur_ws/install/joint_state_broadcaster:/home/carver/ur_ws/install/imu_sensor_broadcaster:/home/carver/ur_ws/install/gripper_controllers:/home/carver/ur_ws/install/effort_controllers:/home/carver/ur_ws/install/forward_command_controller:/home/carver/ur_ws/install/force_torque_sensor_broadcaster:/home/carver/ur_ws/install/diff_drive_controller:/home/carver/carverhand_ws/install/package_name:/home/carver/carverhand_ws/install/carver_ft /home/carver/.local/bin/cmake /home/carver/kim_open_topic/linux/ws_download/src/realsense-ros/realsense2_camera_msgs -DCMAKE_INSTALL_PREFIX=/home/carver/kim_open_topic/linux/ws_download/install/realsense2_camera_msgs
[1.419s] DEBUG:colcon.colcon_core.event_handler.log_command:Invoked command in '/home/carver/kim_open_topic/linux/ws_download/build/realsense2_camera_msgs' returned '0': CMAKE_PREFIX_PATH=/home/carver/kim_open_topic/linux/ws/install/pixel2coordinate:/home/carver/kim_open_topic/linux/ws/install/fake_pixel:/home/carver/kim_open_topic/linux/ws/install/fake_image:/home/carver/kim_open_topic/linux/ws/install/delay_frame:/home/carver/kim_open_topic/linux/ws/install/check_qos:/home/carver/cartesian_controller_ws/install/cartesian_compliance_controller:/home/carver/cartesian_controller_ws/install/cartesian_motion_controller:/home/carver/cartesian_controller_ws/install/cartesian_force_controller:/home/carver/py_tree_ws/install/py_trees_ros_tutorials:/home/carver/py_tree_ws/install/py_trees_ros:/home/carver/ur_ws/install/rqt_joint_trajectory_controller:/home/carver/ur_ws/install/ros2_controllers_test_nodes:/opt/ros/humble:/home/carver/cartesian_controller_ws/install/cartesian_controller_tests:/home/carver/cartesian_controller_ws/install/cartesian_controller_simulation:/home/carver/cartesian_controller_ws/install/cartesian_controller_handles:/home/carver/cartesian_controller_ws/install/cartesian_controller_base:/home/carver/ur_ws/install/ur:/home/carver/ur_ws/install/ur_calibration:/home/carver/ur_ws/install/ur_robot_driver:/home/carver/ur_ws/install/ur_bringup:/home/carver/ur_ws/install/ros2_controllers:/home/carver/ur_ws/install/velocity_controllers:/home/carver/ur_ws/install/ur_moveit_config:/home/carver/ur_ws/install/ur_description:/home/carver/ur_ws/install/ur_controllers:/home/carver/ur_ws/install/ur_dashboard_msgs:/home/carver/ur_ws/install/tricycle_controller:/home/carver/ur_ws/install/position_controllers:/home/carver/ur_ws/install/joint_trajectory_controller:/home/carver/ur_ws/install/joint_state_broadcaster:/home/carver/ur_ws/install/imu_sensor_broadcaster:/home/carver/ur_ws/install/gripper_controllers:/home/carver/ur_ws/install/effort_controllers:/home/carver/ur_ws/install/forward_command_controller:/home/carver/ur_ws/install/force_torque_sensor_broadcaster:/home/carver/ur_ws/install/diff_drive_controller:/home/carver/carverhand_ws/install/package_name:/home/carver/carverhand_ws/install/carver_ft /home/carver/.local/bin/cmake /home/carver/kim_open_topic/linux/ws_download/src/realsense-ros/realsense2_camera_msgs -DCMAKE_INSTALL_PREFIX=/home/carver/kim_open_topic/linux/ws_download/install/realsense2_camera_msgs
[1.419s] DEBUG:colcon.colcon_core.event_handler.log_command:Invoking command in '/home/carver/kim_open_topic/linux/ws_download/build/realsense2_camera_msgs': CMAKE_PREFIX_PATH=/home/carver/kim_open_topic/linux/ws/install/pixel2coordinate:/home/carver/kim_open_topic/linux/ws/install/fake_pixel:/home/carver/kim_open_topic/linux/ws/install/fake_image:/home/carver/kim_open_topic/linux/ws/install/delay_frame:/home/carver/kim_open_topic/linux/ws/install/check_qos:/home/carver/cartesian_controller_ws/install/cartesian_compliance_controller:/home/carver/cartesian_controller_ws/install/cartesian_motion_controller:/home/carver/cartesian_controller_ws/install/cartesian_force_controller:/home/carver/py_tree_ws/install/py_trees_ros_tutorials:/home/carver/py_tree_ws/install/py_trees_ros:/home/carver/ur_ws/install/rqt_joint_trajectory_controller:/home/carver/ur_ws/install/ros2_controllers_test_nodes:/opt/ros/humble:/home/carver/cartesian_controller_ws/install/cartesian_controller_tests:/home/carver/cartesian_controller_ws/install/cartesian_controller_simulation:/home/carver/cartesian_controller_ws/install/cartesian_controller_handles:/home/carver/cartesian_controller_ws/install/cartesian_controller_base:/home/carver/ur_ws/install/ur:/home/carver/ur_ws/install/ur_calibration:/home/carver/ur_ws/install/ur_robot_driver:/home/carver/ur_ws/install/ur_bringup:/home/carver/ur_ws/install/ros2_controllers:/home/carver/ur_ws/install/velocity_controllers:/home/carver/ur_ws/install/ur_moveit_config:/home/carver/ur_ws/install/ur_description:/home/carver/ur_ws/install/ur_controllers:/home/carver/ur_ws/install/ur_dashboard_msgs:/home/carver/ur_ws/install/tricycle_controller:/home/carver/ur_ws/install/position_controllers:/home/carver/ur_ws/install/joint_trajectory_controller:/home/carver/ur_ws/install/joint_state_broadcaster:/home/carver/ur_ws/install/imu_sensor_broadcaster:/home/carver/ur_ws/install/gripper_controllers:/home/carver/ur_ws/install/effort_controllers:/home/carver/ur_ws/install/forward_command_controller:/home/carver/ur_ws/install/force_torque_sensor_broadcaster:/home/carver/ur_ws/install/diff_drive_controller:/home/carver/carverhand_ws/install/package_name:/home/carver/carverhand_ws/install/carver_ft /home/carver/.local/bin/cmake --build /home/carver/kim_open_topic/linux/ws_download/build/realsense2_camera_msgs -- -j20 -l20
[2.705s] DEBUG:colcon.colcon_core.event_handler.log_command:Invoked command in '/home/carver/kim_open_topic/linux/ws_download/build/realsense2_camera_msgs' returned '0': CMAKE_PREFIX_PATH=/home/carver/kim_open_topic/linux/ws/install/pixel2coordinate:/home/carver/kim_open_topic/linux/ws/install/fake_pixel:/home/carver/kim_open_topic/linux/ws/install/fake_image:/home/carver/kim_open_topic/linux/ws/install/delay_frame:/home/carver/kim_open_topic/linux/ws/install/check_qos:/home/carver/cartesian_controller_ws/install/cartesian_compliance_controller:/home/carver/cartesian_controller_ws/install/cartesian_motion_controller:/home/carver/cartesian_controller_ws/install/cartesian_force_controller:/home/carver/py_tree_ws/install/py_trees_ros_tutorials:/home/carver/py_tree_ws/install/py_trees_ros:/home/carver/ur_ws/install/rqt_joint_trajectory_controller:/home/carver/ur_ws/install/ros2_controllers_test_nodes:/opt/ros/humble:/home/carver/cartesian_controller_ws/install/cartesian_controller_tests:/home/carver/cartesian_controller_ws/install/cartesian_controller_simulation:/home/carver/cartesian_controller_ws/install/cartesian_controller_handles:/home/carver/cartesian_controller_ws/install/cartesian_controller_base:/home/carver/ur_ws/install/ur:/home/carver/ur_ws/install/ur_calibration:/home/carver/ur_ws/install/ur_robot_driver:/home/carver/ur_ws/install/ur_bringup:/home/carver/ur_ws/install/ros2_controllers:/home/carver/ur_ws/install/velocity_controllers:/home/carver/ur_ws/install/ur_moveit_config:/home/carver/ur_ws/install/ur_description:/home/carver/ur_ws/install/ur_controllers:/home/carver/ur_ws/install/ur_dashboard_msgs:/home/carver/ur_ws/install/tricycle_controller:/home/carver/ur_ws/install/position_controllers:/home/carver/ur_ws/install/joint_trajectory_controller:/home/carver/ur_ws/install/joint_state_broadcaster:/home/carver/ur_ws/install/imu_sensor_broadcaster:/home/carver/ur_ws/install/gripper_controllers:/home/carver/ur_ws/install/effort_controllers:/home/carver/ur_ws/install/forward_command_controller:/home/carver/ur_ws/install/force_torque_sensor_broadcaster:/home/carver/ur_ws/install/diff_drive_controller:/home/carver/carverhand_ws/install/package_name:/home/carver/carverhand_ws/install/carver_ft /home/carver/.local/bin/cmake --build /home/carver/kim_open_topic/linux/ws_download/build/realsense2_camera_msgs -- -j20 -l20
[2.800s] DEBUG:colcon.colcon_core.event_handler.log_command:Invoking command in '/home/carver/kim_open_topic/linux/ws_download/build/realsense2_camera_msgs': CMAKE_PREFIX_PATH=/home/carver/kim_open_topic/linux/ws/install/pixel2coordinate:/home/carver/kim_open_topic/linux/ws/install/fake_pixel:/home/carver/kim_open_topic/linux/ws/install/fake_image:/home/carver/kim_open_topic/linux/ws/install/delay_frame:/home/carver/kim_open_topic/linux/ws/install/check_qos:/home/carver/cartesian_controller_ws/install/cartesian_compliance_controller:/home/carver/cartesian_controller_ws/install/cartesian_motion_controller:/home/carver/cartesian_controller_ws/install/cartesian_force_controller:/home/carver/py_tree_ws/install/py_trees_ros_tutorials:/home/carver/py_tree_ws/install/py_trees_ros:/home/carver/ur_ws/install/rqt_joint_trajectory_controller:/home/carver/ur_ws/install/ros2_controllers_test_nodes:/opt/ros/humble:/home/carver/cartesian_controller_ws/install/cartesian_controller_tests:/home/carver/cartesian_controller_ws/install/cartesian_controller_simulation:/home/carver/cartesian_controller_ws/install/cartesian_controller_handles:/home/carver/cartesian_controller_ws/install/cartesian_controller_base:/home/carver/ur_ws/install/ur:/home/carver/ur_ws/install/ur_calibration:/home/carver/ur_ws/install/ur_robot_driver:/home/carver/ur_ws/install/ur_bringup:/home/carver/ur_ws/install/ros2_controllers:/home/carver/ur_ws/install/velocity_controllers:/home/carver/ur_ws/install/ur_moveit_config:/home/carver/ur_ws/install/ur_description:/home/carver/ur_ws/install/ur_controllers:/home/carver/ur_ws/install/ur_dashboard_msgs:/home/carver/ur_ws/install/tricycle_controller:/home/carver/ur_ws/install/position_controllers:/home/carver/ur_ws/install/joint_trajectory_controller:/home/carver/ur_ws/install/joint_state_broadcaster:/home/carver/ur_ws/install/imu_sensor_broadcaster:/home/carver/ur_ws/install/gripper_controllers:/home/carver/ur_ws/install/effort_controllers:/home/carver/ur_ws/install/forward_command_controller:/home/carver/ur_ws/install/force_torque_sensor_broadcaster:/home/carver/ur_ws/install/diff_drive_controller:/home/carver/carverhand_ws/install/package_name:/home/carver/carverhand_ws/install/carver_ft /home/carver/.local/bin/cmake --install /home/carver/kim_open_topic/linux/ws_download/build/realsense2_camera_msgs
[2.854s] Level 1:colcon.colcon_core.environment:create_environment_scripts_only(realsense2_camera_msgs)
[2.855s] DEBUG:colcon.colcon_core.event_handler.log_command:Invoked command in '/home/carver/kim_open_topic/linux/ws_download/build/realsense2_camera_msgs' returned '0': CMAKE_PREFIX_PATH=/home/carver/kim_open_topic/linux/ws/install/pixel2coordinate:/home/carver/kim_open_topic/linux/ws/install/fake_pixel:/home/carver/kim_open_topic/linux/ws/install/fake_image:/home/carver/kim_open_topic/linux/ws/install/delay_frame:/home/carver/kim_open_topic/linux/ws/install/check_qos:/home/carver/cartesian_controller_ws/install/cartesian_compliance_controller:/home/carver/cartesian_controller_ws/install/cartesian_motion_controller:/home/carver/cartesian_controller_ws/install/cartesian_force_controller:/home/carver/py_tree_ws/install/py_trees_ros_tutorials:/home/carver/py_tree_ws/install/py_trees_ros:/home/carver/ur_ws/install/rqt_joint_trajectory_controller:/home/carver/ur_ws/install/ros2_controllers_test_nodes:/opt/ros/humble:/home/carver/cartesian_controller_ws/install/cartesian_controller_tests:/home/carver/cartesian_controller_ws/install/cartesian_controller_simulation:/home/carver/cartesian_controller_ws/install/cartesian_controller_handles:/home/carver/cartesian_controller_ws/install/cartesian_controller_base:/home/carver/ur_ws/install/ur:/home/carver/ur_ws/install/ur_calibration:/home/carver/ur_ws/install/ur_robot_driver:/home/carver/ur_ws/install/ur_bringup:/home/carver/ur_ws/install/ros2_controllers:/home/carver/ur_ws/install/velocity_controllers:/home/carver/ur_ws/install/ur_moveit_config:/home/carver/ur_ws/install/ur_description:/home/carver/ur_ws/install/ur_controllers:/home/carver/ur_ws/install/ur_dashboard_msgs:/home/carver/ur_ws/install/tricycle_controller:/home/carver/ur_ws/install/position_controllers:/home/carver/ur_ws/install/joint_trajectory_controller:/home/carver/ur_ws/install/joint_state_broadcaster:/home/carver/ur_ws/install/imu_sensor_broadcaster:/home/carver/ur_ws/install/gripper_controllers:/home/carver/ur_ws/install/effort_controllers:/home/carver/ur_ws/install/forward_command_controller:/home/carver/ur_ws/install/force_torque_sensor_broadcaster:/home/carver/ur_ws/install/diff_drive_controller:/home/carver/carverhand_ws/install/package_name:/home/carver/carverhand_ws/install/carver_ft /home/carver/.local/bin/cmake --install /home/carver/kim_open_topic/linux/ws_download/build/realsense2_camera_msgs
[2.858s] Level 1:colcon.colcon_core.environment:checking '/home/carver/kim_open_topic/linux/ws_download/install/realsense2_camera_msgs' for CMake module files
[2.859s] Level 1:colcon.colcon_core.environment:checking '/home/carver/kim_open_topic/linux/ws_download/install/realsense2_camera_msgs' for CMake config files
[2.859s] Level 1:colcon.colcon_core.shell:create_environment_hook('realsense2_camera_msgs', 'cmake_prefix_path')
[2.861s] INFO:colcon.colcon_core.shell:Creating environment hook '/home/carver/kim_open_topic/linux/ws_download/install/realsense2_camera_msgs/share/realsense2_camera_msgs/hook/cmake_prefix_path.ps1'
[2.861s] INFO:colcon.colcon_core.shell:Creating environment descriptor '/home/carver/kim_open_topic/linux/ws_download/install/realsense2_camera_msgs/share/realsense2_camera_msgs/hook/cmake_prefix_path.dsv'
[2.862s] INFO:colcon.colcon_core.shell:Creating environment hook '/home/carver/kim_open_topic/linux/ws_download/install/realsense2_camera_msgs/share/realsense2_camera_msgs/hook/cmake_prefix_path.sh'
[2.862s] Level 1:colcon.colcon_core.environment:checking '/home/carver/kim_open_topic/linux/ws_download/install/realsense2_camera_msgs/lib'
[2.862s] Level 1:colcon.colcon_core.shell:create_environment_hook('realsense2_camera_msgs', 'ld_library_path_lib')
[2.864s] INFO:colcon.colcon_core.shell:Creating environment hook '/home/carver/kim_open_topic/linux/ws_download/install/realsense2_camera_msgs/share/realsense2_camera_msgs/hook/ld_library_path_lib.ps1'
[2.864s] INFO:colcon.colcon_core.shell:Creating environment descriptor '/home/carver/kim_open_topic/linux/ws_download/install/realsense2_camera_msgs/share/realsense2_camera_msgs/hook/ld_library_path_lib.dsv'
[2.864s] INFO:colcon.colcon_core.shell:Creating environment hook '/home/carver/kim_open_topic/linux/ws_download/install/realsense2_camera_msgs/share/realsense2_camera_msgs/hook/ld_library_path_lib.sh'
[2.865s] Level 1:colcon.colcon_core.environment:checking '/home/carver/kim_open_topic/linux/ws_download/install/realsense2_camera_msgs/bin'
[2.865s] Level 1:colcon.colcon_core.environment:checking '/home/carver/kim_open_topic/linux/ws_download/install/realsense2_camera_msgs/lib/pkgconfig/realsense2_camera_msgs.pc'
[2.865s] Level 1:colcon.colcon_core.environment:checking '/home/carver/kim_open_topic/linux/ws_download/install/realsense2_camera_msgs/lib/python3.10/site-packages'
[2.865s] Level 1:colcon.colcon_core.environment:checking '/home/carver/kim_open_topic/linux/ws_download/install/realsense2_camera_msgs/bin'
[2.867s] INFO:colcon.colcon_core.shell:Creating package script '/home/carver/kim_open_topic/linux/ws_download/install/realsense2_camera_msgs/share/realsense2_camera_msgs/package.ps1'
[2.867s] INFO:colcon.colcon_core.shell:Creating package descriptor '/home/carver/kim_open_topic/linux/ws_download/install/realsense2_camera_msgs/share/realsense2_camera_msgs/package.dsv'
[2.868s] INFO:colcon.colcon_core.shell:Creating package script '/home/carver/kim_open_topic/linux/ws_download/install/realsense2_camera_msgs/share/realsense2_camera_msgs/package.sh'
[2.868s] INFO:colcon.colcon_core.shell:Creating package script '/home/carver/kim_open_topic/linux/ws_download/install/realsense2_camera_msgs/share/realsense2_camera_msgs/package.bash'
[2.868s] INFO:colcon.colcon_core.shell:Creating package script '/home/carver/kim_open_topic/linux/ws_download/install/realsense2_camera_msgs/share/realsense2_camera_msgs/package.zsh'
[2.869s] Level 1:colcon.colcon_core.environment:create_file_with_runtime_dependencies(/home/carver/kim_open_topic/linux/ws_download/install/realsense2_camera_msgs/share/colcon-core/packages/realsense2_camera_msgs)
[2.947s] Level 1:colcon.colcon_core.environment:create_environment_scripts_only(realsense2_camera_msgs)
[2.949s] Level 1:colcon.colcon_core.environment:checking '/home/carver/kim_open_topic/linux/ws_download/install/realsense2_camera_msgs' for CMake module files
[2.950s] Level 1:colcon.colcon_core.environment:checking '/home/carver/kim_open_topic/linux/ws_download/install/realsense2_camera_msgs' for CMake config files
[2.950s] Level 1:colcon.colcon_core.shell:create_environment_hook('realsense2_camera_msgs', 'cmake_prefix_path')
[2.952s] INFO:colcon.colcon_core.shell:Creating environment hook '/home/carver/kim_open_topic/linux/ws_download/install/realsense2_camera_msgs/share/realsense2_camera_msgs/hook/cmake_prefix_path.ps1'
[2.952s] INFO:colcon.colcon_core.shell:Creating environment descriptor '/home/carver/kim_open_topic/linux/ws_download/install/realsense2_camera_msgs/share/realsense2_camera_msgs/hook/cmake_prefix_path.dsv'
[2.952s] INFO:colcon.colcon_core.shell:Creating environment hook '/home/carver/kim_open_topic/linux/ws_download/install/realsense2_camera_msgs/share/realsense2_camera_msgs/hook/cmake_prefix_path.sh'
[2.953s] Level 1:colcon.colcon_core.environment:checking '/home/carver/kim_open_topic/linux/ws_download/install/realsense2_camera_msgs/lib'
[2.953s] Level 1:colcon.colcon_core.shell:create_environment_hook('realsense2_camera_msgs', 'ld_library_path_lib')
[2.955s] INFO:colcon.colcon_core.shell:Creating environment hook '/home/carver/kim_open_topic/linux/ws_download/install/realsense2_camera_msgs/share/realsense2_camera_msgs/hook/ld_library_path_lib.ps1'
[2.955s] INFO:colcon.colcon_core.shell:Creating environment descriptor '/home/carver/kim_open_topic/linux/ws_download/install/realsense2_camera_msgs/share/realsense2_camera_msgs/hook/ld_library_path_lib.dsv'
[2.955s] INFO:colcon.colcon_core.shell:Creating environment hook '/home/carver/kim_open_topic/linux/ws_download/install/realsense2_camera_msgs/share/realsense2_camera_msgs/hook/ld_library_path_lib.sh'
[2.955s] Level 1:colcon.colcon_core.environment:checking '/home/carver/kim_open_topic/linux/ws_download/install/realsense2_camera_msgs/bin'
[2.955s] Level 1:colcon.colcon_core.environment:checking '/home/carver/kim_open_topic/linux/ws_download/install/realsense2_camera_msgs/lib/pkgconfig/realsense2_camera_msgs.pc'
[2.955s] Level 1:colcon.colcon_core.environment:checking '/home/carver/kim_open_topic/linux/ws_download/install/realsense2_camera_msgs/lib/python3.10/site-packages'
[2.956s] Level 1:colcon.colcon_core.environment:checking '/home/carver/kim_open_topic/linux/ws_download/install/realsense2_camera_msgs/bin'
[2.958s] INFO:colcon.colcon_core.shell:Creating package script '/home/carver/kim_open_topic/linux/ws_download/install/realsense2_camera_msgs/share/realsense2_camera_msgs/package.ps1'
[2.958s] INFO:colcon.colcon_core.shell:Creating package descriptor '/home/carver/kim_open_topic/linux/ws_download/install/realsense2_camera_msgs/share/realsense2_camera_msgs/package.dsv'
[2.958s] INFO:colcon.colcon_core.shell:Creating package script '/home/carver/kim_open_topic/linux/ws_download/install/realsense2_camera_msgs/share/realsense2_camera_msgs/package.sh'
[2.958s] INFO:colcon.colcon_core.shell:Creating package script '/home/carver/kim_open_topic/linux/ws_download/install/realsense2_camera_msgs/share/realsense2_camera_msgs/package.bash'
[2.959s] INFO:colcon.colcon_core.shell:Creating package script '/home/carver/kim_open_topic/linux/ws_download/install/realsense2_camera_msgs/share/realsense2_camera_msgs/package.zsh'
[2.959s] Level 1:colcon.colcon_core.environment:create_file_with_runtime_dependencies(/home/carver/kim_open_topic/linux/ws_download/install/realsense2_camera_msgs/share/colcon-core/packages/realsense2_camera_msgs)
[2.959s] INFO:colcon.colcon_ros.task.ament_cmake.build:Building ROS package in '/home/carver/kim_open_topic/linux/ws_download/src/realsense-ros/realsense2_camera' with build type 'ament_cmake'
[2.959s] INFO:colcon.colcon_cmake.task.cmake.build:Building CMake package in '/home/carver/kim_open_topic/linux/ws_download/src/realsense-ros/realsense2_camera'
[2.961s] INFO:colcon.colcon_core.shell:Skip shell extension 'powershell' for command environment: Not usable outside of PowerShell
[2.961s] DEBUG:colcon.colcon_core.shell:Skip shell extension 'dsv' for command environment
[2.975s] INFO:colcon.colcon_ros.task.ament_cmake.build:Building ROS package in '/home/carver/kim_open_topic/linux/ws_download/src/realsense-ros/realsense2_description' with build type 'ament_cmake'
[2.975s] INFO:colcon.colcon_cmake.task.cmake.build:Building CMake package in '/home/carver/kim_open_topic/linux/ws_download/src/realsense-ros/realsense2_description'
[2.977s] INFO:colcon.colcon_core.shell:Skip shell extension 'powershell' for command environment: Not usable outside of PowerShell
[2.977s] DEBUG:colcon.colcon_core.shell:Skip shell extension 'dsv' for command environment
[2.991s] DEBUG:colcon.colcon_core.event_handler.log_command:Invoking command in '/home/carver/kim_open_topic/linux/ws_download/build/realsense2_camera': AMENT_PREFIX_PATH=/home/carver/kim_open_topic/linux/ws_download/install/realsense2_camera_msgs:${AMENT_PREFIX_PATH} CMAKE_PREFIX_PATH=/home/carver/kim_open_topic/linux/ws_download/install/realsense2_camera_msgs:/home/carver/kim_open_topic/linux/ws/install/pixel2coordinate:/home/carver/kim_open_topic/linux/ws/install/fake_pixel:/home/carver/kim_open_topic/linux/ws/install/fake_image:/home/carver/kim_open_topic/linux/ws/install/delay_frame:/home/carver/kim_open_topic/linux/ws/install/check_qos:/home/carver/cartesian_controller_ws/install/cartesian_compliance_controller:/home/carver/cartesian_controller_ws/install/cartesian_motion_controller:/home/carver/cartesian_controller_ws/install/cartesian_force_controller:/home/carver/py_tree_ws/install/py_trees_ros_tutorials:/home/carver/py_tree_ws/install/py_trees_ros:/home/carver/ur_ws/install/rqt_joint_trajectory_controller:/home/carver/ur_ws/install/ros2_controllers_test_nodes:/opt/ros/humble:/home/carver/cartesian_controller_ws/install/cartesian_controller_tests:/home/carver/cartesian_controller_ws/install/cartesian_controller_simulation:/home/carver/cartesian_controller_ws/install/cartesian_controller_handles:/home/carver/cartesian_controller_ws/install/cartesian_controller_base:/home/carver/ur_ws/install/ur:/home/carver/ur_ws/install/ur_calibration:/home/carver/ur_ws/install/ur_robot_driver:/home/carver/ur_ws/install/ur_bringup:/home/carver/ur_ws/install/ros2_controllers:/home/carver/ur_ws/install/velocity_controllers:/home/carver/ur_ws/install/ur_moveit_config:/home/carver/ur_ws/install/ur_description:/home/carver/ur_ws/install/ur_controllers:/home/carver/ur_ws/install/ur_dashboard_msgs:/home/carver/ur_ws/install/tricycle_controller:/home/carver/ur_ws/install/position_controllers:/home/carver/ur_ws/install/joint_trajectory_controller:/home/carver/ur_ws/install/joint_state_broadcaster:/home/carver/ur_ws/install/imu_sensor_broadcaster:/home/carver/ur_ws/install/gripper_controllers:/home/carver/ur_ws/install/effort_controllers:/home/carver/ur_ws/install/forward_command_controller:/home/carver/ur_ws/install/force_torque_sensor_broadcaster:/home/carver/ur_ws/install/diff_drive_controller:/home/carver/carverhand_ws/install/package_name:/home/carver/carverhand_ws/install/carver_ft LD_LIBRARY_PATH=/home/carver/kim_open_topic/linux/ws_download/install/realsense2_camera_msgs/lib:${LD_LIBRARY_PATH} PYTHONPATH=/home/carver/kim_open_topic/linux/ws_download/install/realsense2_camera_msgs/local/lib/python3.10/dist-packages:${PYTHONPATH} /home/carver/.local/bin/cmake /home/carver/kim_open_topic/linux/ws_download/src/realsense-ros/realsense2_camera -DCMAKE_INSTALL_PREFIX=/home/carver/kim_open_topic/linux/ws_download/install/realsense2_camera
[2.993s] DEBUG:colcon.colcon_core.event_handler.log_command:Invoking command in '/home/carver/kim_open_topic/linux/ws_download/build/realsense2_description': AMENT_PREFIX_PATH=/home/carver/kim_open_topic/linux/ws_download/install/realsense2_camera_msgs:${AMENT_PREFIX_PATH} CMAKE_PREFIX_PATH=/home/carver/kim_open_topic/linux/ws_download/install/realsense2_camera_msgs:/home/carver/kim_open_topic/linux/ws/install/pixel2coordinate:/home/carver/kim_open_topic/linux/ws/install/fake_pixel:/home/carver/kim_open_topic/linux/ws/install/fake_image:/home/carver/kim_open_topic/linux/ws/install/delay_frame:/home/carver/kim_open_topic/linux/ws/install/check_qos:/home/carver/cartesian_controller_ws/install/cartesian_compliance_controller:/home/carver/cartesian_controller_ws/install/cartesian_motion_controller:/home/carver/cartesian_controller_ws/install/cartesian_force_controller:/home/carver/py_tree_ws/install/py_trees_ros_tutorials:/home/carver/py_tree_ws/install/py_trees_ros:/home/carver/ur_ws/install/rqt_joint_trajectory_controller:/home/carver/ur_ws/install/ros2_controllers_test_nodes:/opt/ros/humble:/home/carver/cartesian_controller_ws/install/cartesian_controller_tests:/home/carver/cartesian_controller_ws/install/cartesian_controller_simulation:/home/carver/cartesian_controller_ws/install/cartesian_controller_handles:/home/carver/cartesian_controller_ws/install/cartesian_controller_base:/home/carver/ur_ws/install/ur:/home/carver/ur_ws/install/ur_calibration:/home/carver/ur_ws/install/ur_robot_driver:/home/carver/ur_ws/install/ur_bringup:/home/carver/ur_ws/install/ros2_controllers:/home/carver/ur_ws/install/velocity_controllers:/home/carver/ur_ws/install/ur_moveit_config:/home/carver/ur_ws/install/ur_description:/home/carver/ur_ws/install/ur_controllers:/home/carver/ur_ws/install/ur_dashboard_msgs:/home/carver/ur_ws/install/tricycle_controller:/home/carver/ur_ws/install/position_controllers:/home/carver/ur_ws/install/joint_trajectory_controller:/home/carver/ur_ws/install/joint_state_broadcaster:/home/carver/ur_ws/install/imu_sensor_broadcaster:/home/carver/ur_ws/install/gripper_controllers:/home/carver/ur_ws/install/effort_controllers:/home/carver/ur_ws/install/forward_command_controller:/home/carver/ur_ws/install/force_torque_sensor_broadcaster:/home/carver/ur_ws/install/diff_drive_controller:/home/carver/carverhand_ws/install/package_name:/home/carver/carverhand_ws/install/carver_ft LD_LIBRARY_PATH=/home/carver/kim_open_topic/linux/ws_download/install/realsense2_camera_msgs/lib:${LD_LIBRARY_PATH} PYTHONPATH=/home/carver/kim_open_topic/linux/ws_download/install/realsense2_camera_msgs/local/lib/python3.10/dist-packages:${PYTHONPATH} /home/carver/.local/bin/cmake /home/carver/kim_open_topic/linux/ws_download/src/realsense-ros/realsense2_description -DCMAKE_INSTALL_PREFIX=/home/carver/kim_open_topic/linux/ws_download/install/realsense2_description
[3.491s] DEBUG:colcon.colcon_core.event_handler.log_command:Invoked command in '/home/carver/kim_open_topic/linux/ws_download/build/realsense2_description' returned '0': AMENT_PREFIX_PATH=/home/carver/kim_open_topic/linux/ws_download/install/realsense2_camera_msgs:${AMENT_PREFIX_PATH} CMAKE_PREFIX_PATH=/home/carver/kim_open_topic/linux/ws_download/install/realsense2_camera_msgs:/home/carver/kim_open_topic/linux/ws/install/pixel2coordinate:/home/carver/kim_open_topic/linux/ws/install/fake_pixel:/home/carver/kim_open_topic/linux/ws/install/fake_image:/home/carver/kim_open_topic/linux/ws/install/delay_frame:/home/carver/kim_open_topic/linux/ws/install/check_qos:/home/carver/cartesian_controller_ws/install/cartesian_compliance_controller:/home/carver/cartesian_controller_ws/install/cartesian_motion_controller:/home/carver/cartesian_controller_ws/install/cartesian_force_controller:/home/carver/py_tree_ws/install/py_trees_ros_tutorials:/home/carver/py_tree_ws/install/py_trees_ros:/home/carver/ur_ws/install/rqt_joint_trajectory_controller:/home/carver/ur_ws/install/ros2_controllers_test_nodes:/opt/ros/humble:/home/carver/cartesian_controller_ws/install/cartesian_controller_tests:/home/carver/cartesian_controller_ws/install/cartesian_controller_simulation:/home/carver/cartesian_controller_ws/install/cartesian_controller_handles:/home/carver/cartesian_controller_ws/install/cartesian_controller_base:/home/carver/ur_ws/install/ur:/home/carver/ur_ws/install/ur_calibration:/home/carver/ur_ws/install/ur_robot_driver:/home/carver/ur_ws/install/ur_bringup:/home/carver/ur_ws/install/ros2_controllers:/home/carver/ur_ws/install/velocity_controllers:/home/carver/ur_ws/install/ur_moveit_config:/home/carver/ur_ws/install/ur_description:/home/carver/ur_ws/install/ur_controllers:/home/carver/ur_ws/install/ur_dashboard_msgs:/home/carver/ur_ws/install/tricycle_controller:/home/carver/ur_ws/install/position_controllers:/home/carver/ur_ws/install/joint_trajectory_controller:/home/carver/ur_ws/install/joint_state_broadcaster:/home/carver/ur_ws/install/imu_sensor_broadcaster:/home/carver/ur_ws/install/gripper_controllers:/home/carver/ur_ws/install/effort_controllers:/home/carver/ur_ws/install/forward_command_controller:/home/carver/ur_ws/install/force_torque_sensor_broadcaster:/home/carver/ur_ws/install/diff_drive_controller:/home/carver/carverhand_ws/install/package_name:/home/carver/carverhand_ws/install/carver_ft LD_LIBRARY_PATH=/home/carver/kim_open_topic/linux/ws_download/install/realsense2_camera_msgs/lib:${LD_LIBRARY_PATH} PYTHONPATH=/home/carver/kim_open_topic/linux/ws_download/install/realsense2_camera_msgs/local/lib/python3.10/dist-packages:${PYTHONPATH} /home/carver/.local/bin/cmake /home/carver/kim_open_topic/linux/ws_download/src/realsense-ros/realsense2_description -DCMAKE_INSTALL_PREFIX=/home/carver/kim_open_topic/linux/ws_download/install/realsense2_description
[3.492s] DEBUG:colcon.colcon_core.event_handler.log_command:Invoking command in '/home/carver/kim_open_topic/linux/ws_download/build/realsense2_description': AMENT_PREFIX_PATH=/home/carver/kim_open_topic/linux/ws_download/install/realsense2_camera_msgs:${AMENT_PREFIX_PATH} CMAKE_PREFIX_PATH=/home/carver/kim_open_topic/linux/ws_download/install/realsense2_camera_msgs:/home/carver/kim_open_topic/linux/ws/install/pixel2coordinate:/home/carver/kim_open_topic/linux/ws/install/fake_pixel:/home/carver/kim_open_topic/linux/ws/install/fake_image:/home/carver/kim_open_topic/linux/ws/install/delay_frame:/home/carver/kim_open_topic/linux/ws/install/check_qos:/home/carver/cartesian_controller_ws/install/cartesian_compliance_controller:/home/carver/cartesian_controller_ws/install/cartesian_motion_controller:/home/carver/cartesian_controller_ws/install/cartesian_force_controller:/home/carver/py_tree_ws/install/py_trees_ros_tutorials:/home/carver/py_tree_ws/install/py_trees_ros:/home/carver/ur_ws/install/rqt_joint_trajectory_controller:/home/carver/ur_ws/install/ros2_controllers_test_nodes:/opt/ros/humble:/home/carver/cartesian_controller_ws/install/cartesian_controller_tests:/home/carver/cartesian_controller_ws/install/cartesian_controller_simulation:/home/carver/cartesian_controller_ws/install/cartesian_controller_handles:/home/carver/cartesian_controller_ws/install/cartesian_controller_base:/home/carver/ur_ws/install/ur:/home/carver/ur_ws/install/ur_calibration:/home/carver/ur_ws/install/ur_robot_driver:/home/carver/ur_ws/install/ur_bringup:/home/carver/ur_ws/install/ros2_controllers:/home/carver/ur_ws/install/velocity_controllers:/home/carver/ur_ws/install/ur_moveit_config:/home/carver/ur_ws/install/ur_description:/home/carver/ur_ws/install/ur_controllers:/home/carver/ur_ws/install/ur_dashboard_msgs:/home/carver/ur_ws/install/tricycle_controller:/home/carver/ur_ws/install/position_controllers:/home/carver/ur_ws/install/joint_trajectory_controller:/home/carver/ur_ws/install/joint_state_broadcaster:/home/carver/ur_ws/install/imu_sensor_broadcaster:/home/carver/ur_ws/install/gripper_controllers:/home/carver/ur_ws/install/effort_controllers:/home/carver/ur_ws/install/forward_command_controller:/home/carver/ur_ws/install/force_torque_sensor_broadcaster:/home/carver/ur_ws/install/diff_drive_controller:/home/carver/carverhand_ws/install/package_name:/home/carver/carverhand_ws/install/carver_ft LD_LIBRARY_PATH=/home/carver/kim_open_topic/linux/ws_download/install/realsense2_camera_msgs/lib:${LD_LIBRARY_PATH} PYTHONPATH=/home/carver/kim_open_topic/linux/ws_download/install/realsense2_camera_msgs/local/lib/python3.10/dist-packages:${PYTHONPATH} /home/carver/.local/bin/cmake --build /home/carver/kim_open_topic/linux/ws_download/build/realsense2_description -- -j20 -l20
[3.518s] DEBUG:colcon.colcon_core.event_handler.log_command:Invoked command in '/home/carver/kim_open_topic/linux/ws_download/build/realsense2_description' returned '0': AMENT_PREFIX_PATH=/home/carver/kim_open_topic/linux/ws_download/install/realsense2_camera_msgs:${AMENT_PREFIX_PATH} CMAKE_PREFIX_PATH=/home/carver/kim_open_topic/linux/ws_download/install/realsense2_camera_msgs:/home/carver/kim_open_topic/linux/ws/install/pixel2coordinate:/home/carver/kim_open_topic/linux/ws/install/fake_pixel:/home/carver/kim_open_topic/linux/ws/install/fake_image:/home/carver/kim_open_topic/linux/ws/install/delay_frame:/home/carver/kim_open_topic/linux/ws/install/check_qos:/home/carver/cartesian_controller_ws/install/cartesian_compliance_controller:/home/carver/cartesian_controller_ws/install/cartesian_motion_controller:/home/carver/cartesian_controller_ws/install/cartesian_force_controller:/home/carver/py_tree_ws/install/py_trees_ros_tutorials:/home/carver/py_tree_ws/install/py_trees_ros:/home/carver/ur_ws/install/rqt_joint_trajectory_controller:/home/carver/ur_ws/install/ros2_controllers_test_nodes:/opt/ros/humble:/home/carver/cartesian_controller_ws/install/cartesian_controller_tests:/home/carver/cartesian_controller_ws/install/cartesian_controller_simulation:/home/carver/cartesian_controller_ws/install/cartesian_controller_handles:/home/carver/cartesian_controller_ws/install/cartesian_controller_base:/home/carver/ur_ws/install/ur:/home/carver/ur_ws/install/ur_calibration:/home/carver/ur_ws/install/ur_robot_driver:/home/carver/ur_ws/install/ur_bringup:/home/carver/ur_ws/install/ros2_controllers:/home/carver/ur_ws/install/velocity_controllers:/home/carver/ur_ws/install/ur_moveit_config:/home/carver/ur_ws/install/ur_description:/home/carver/ur_ws/install/ur_controllers:/home/carver/ur_ws/install/ur_dashboard_msgs:/home/carver/ur_ws/install/tricycle_controller:/home/carver/ur_ws/install/position_controllers:/home/carver/ur_ws/install/joint_trajectory_controller:/home/carver/ur_ws/install/joint_state_broadcaster:/home/carver/ur_ws/install/imu_sensor_broadcaster:/home/carver/ur_ws/install/gripper_controllers:/home/carver/ur_ws/install/effort_controllers:/home/carver/ur_ws/install/forward_command_controller:/home/carver/ur_ws/install/force_torque_sensor_broadcaster:/home/carver/ur_ws/install/diff_drive_controller:/home/carver/carverhand_ws/install/package_name:/home/carver/carverhand_ws/install/carver_ft LD_LIBRARY_PATH=/home/carver/kim_open_topic/linux/ws_download/install/realsense2_camera_msgs/lib:${LD_LIBRARY_PATH} PYTHONPATH=/home/carver/kim_open_topic/linux/ws_download/install/realsense2_camera_msgs/local/lib/python3.10/dist-packages:${PYTHONPATH} /home/carver/.local/bin/cmake --build /home/carver/kim_open_topic/linux/ws_download/build/realsense2_description -- -j20 -l20
[3.545s] DEBUG:colcon.colcon_core.event_handler.log_command:Invoking command in '/home/carver/kim_open_topic/linux/ws_download/build/realsense2_description': AMENT_PREFIX_PATH=/home/carver/kim_open_topic/linux/ws_download/install/realsense2_camera_msgs:${AMENT_PREFIX_PATH} CMAKE_PREFIX_PATH=/home/carver/kim_open_topic/linux/ws_download/install/realsense2_camera_msgs:/home/carver/kim_open_topic/linux/ws/install/pixel2coordinate:/home/carver/kim_open_topic/linux/ws/install/fake_pixel:/home/carver/kim_open_topic/linux/ws/install/fake_image:/home/carver/kim_open_topic/linux/ws/install/delay_frame:/home/carver/kim_open_topic/linux/ws/install/check_qos:/home/carver/cartesian_controller_ws/install/cartesian_compliance_controller:/home/carver/cartesian_controller_ws/install/cartesian_motion_controller:/home/carver/cartesian_controller_ws/install/cartesian_force_controller:/home/carver/py_tree_ws/install/py_trees_ros_tutorials:/home/carver/py_tree_ws/install/py_trees_ros:/home/carver/ur_ws/install/rqt_joint_trajectory_controller:/home/carver/ur_ws/install/ros2_controllers_test_nodes:/opt/ros/humble:/home/carver/cartesian_controller_ws/install/cartesian_controller_tests:/home/carver/cartesian_controller_ws/install/cartesian_controller_simulation:/home/carver/cartesian_controller_ws/install/cartesian_controller_handles:/home/carver/cartesian_controller_ws/install/cartesian_controller_base:/home/carver/ur_ws/install/ur:/home/carver/ur_ws/install/ur_calibration:/home/carver/ur_ws/install/ur_robot_driver:/home/carver/ur_ws/install/ur_bringup:/home/carver/ur_ws/install/ros2_controllers:/home/carver/ur_ws/install/velocity_controllers:/home/carver/ur_ws/install/ur_moveit_config:/home/carver/ur_ws/install/ur_description:/home/carver/ur_ws/install/ur_controllers:/home/carver/ur_ws/install/ur_dashboard_msgs:/home/carver/ur_ws/install/tricycle_controller:/home/carver/ur_ws/install/position_controllers:/home/carver/ur_ws/install/joint_trajectory_controller:/home/carver/ur_ws/install/joint_state_broadcaster:/home/carver/ur_ws/install/imu_sensor_broadcaster:/home/carver/ur_ws/install/gripper_controllers:/home/carver/ur_ws/install/effort_controllers:/home/carver/ur_ws/install/forward_command_controller:/home/carver/ur_ws/install/force_torque_sensor_broadcaster:/home/carver/ur_ws/install/diff_drive_controller:/home/carver/carverhand_ws/install/package_name:/home/carver/carverhand_ws/install/carver_ft LD_LIBRARY_PATH=/home/carver/kim_open_topic/linux/ws_download/install/realsense2_camera_msgs/lib:${LD_LIBRARY_PATH} PYTHONPATH=/home/carver/kim_open_topic/linux/ws_download/install/realsense2_camera_msgs/local/lib/python3.10/dist-packages:${PYTHONPATH} /home/carver/.local/bin/cmake --install /home/carver/kim_open_topic/linux/ws_download/build/realsense2_description
[3.628s] Level 1:colcon.colcon_core.environment:create_environment_scripts_only(realsense2_description)
[3.630s] Level 1:colcon.colcon_core.environment:checking '/home/carver/kim_open_topic/linux/ws_download/install/realsense2_description' for CMake module files
[3.630s] DEBUG:colcon.colcon_core.event_handler.log_command:Invoked command in '/home/carver/kim_open_topic/linux/ws_download/build/realsense2_description' returned '0': AMENT_PREFIX_PATH=/home/carver/kim_open_topic/linux/ws_download/install/realsense2_camera_msgs:${AMENT_PREFIX_PATH} CMAKE_PREFIX_PATH=/home/carver/kim_open_topic/linux/ws_download/install/realsense2_camera_msgs:/home/carver/kim_open_topic/linux/ws/install/pixel2coordinate:/home/carver/kim_open_topic/linux/ws/install/fake_pixel:/home/carver/kim_open_topic/linux/ws/install/fake_image:/home/carver/kim_open_topic/linux/ws/install/delay_frame:/home/carver/kim_open_topic/linux/ws/install/check_qos:/home/carver/cartesian_controller_ws/install/cartesian_compliance_controller:/home/carver/cartesian_controller_ws/install/cartesian_motion_controller:/home/carver/cartesian_controller_ws/install/cartesian_force_controller:/home/carver/py_tree_ws/install/py_trees_ros_tutorials:/home/carver/py_tree_ws/install/py_trees_ros:/home/carver/ur_ws/install/rqt_joint_trajectory_controller:/home/carver/ur_ws/install/ros2_controllers_test_nodes:/opt/ros/humble:/home/carver/cartesian_controller_ws/install/cartesian_controller_tests:/home/carver/cartesian_controller_ws/install/cartesian_controller_simulation:/home/carver/cartesian_controller_ws/install/cartesian_controller_handles:/home/carver/cartesian_controller_ws/install/cartesian_controller_base:/home/carver/ur_ws/install/ur:/home/carver/ur_ws/install/ur_calibration:/home/carver/ur_ws/install/ur_robot_driver:/home/carver/ur_ws/install/ur_bringup:/home/carver/ur_ws/install/ros2_controllers:/home/carver/ur_ws/install/velocity_controllers:/home/carver/ur_ws/install/ur_moveit_config:/home/carver/ur_ws/install/ur_description:/home/carver/ur_ws/install/ur_controllers:/home/carver/ur_ws/install/ur_dashboard_msgs:/home/carver/ur_ws/install/tricycle_controller:/home/carver/ur_ws/install/position_controllers:/home/carver/ur_ws/install/joint_trajectory_controller:/home/carver/ur_ws/install/joint_state_broadcaster:/home/carver/ur_ws/install/imu_sensor_broadcaster:/home/carver/ur_ws/install/gripper_controllers:/home/carver/ur_ws/install/effort_controllers:/home/carver/ur_ws/install/forward_command_controller:/home/carver/ur_ws/install/force_torque_sensor_broadcaster:/home/carver/ur_ws/install/diff_drive_controller:/home/carver/carverhand_ws/install/package_name:/home/carver/carverhand_ws/install/carver_ft LD_LIBRARY_PATH=/home/carver/kim_open_topic/linux/ws_download/install/realsense2_camera_msgs/lib:${LD_LIBRARY_PATH} PYTHONPATH=/home/carver/kim_open_topic/linux/ws_download/install/realsense2_camera_msgs/local/lib/python3.10/dist-packages:${PYTHONPATH} /home/carver/.local/bin/cmake --install /home/carver/kim_open_topic/linux/ws_download/build/realsense2_description
[3.631s] Level 1:colcon.colcon_core.environment:checking '/home/carver/kim_open_topic/linux/ws_download/install/realsense2_description' for CMake config files
[3.631s] Level 1:colcon.colcon_core.shell:create_environment_hook('realsense2_description', 'cmake_prefix_path')
[3.633s] INFO:colcon.colcon_core.shell:Creating environment hook '/home/carver/kim_open_topic/linux/ws_download/install/realsense2_description/share/realsense2_description/hook/cmake_prefix_path.ps1'
[3.633s] INFO:colcon.colcon_core.shell:Creating environment descriptor '/home/carver/kim_open_topic/linux/ws_download/install/realsense2_description/share/realsense2_description/hook/cmake_prefix_path.dsv'
[3.633s] INFO:colcon.colcon_core.shell:Creating environment hook '/home/carver/kim_open_topic/linux/ws_download/install/realsense2_description/share/realsense2_description/hook/cmake_prefix_path.sh'
[3.633s] Level 1:colcon.colcon_core.environment:checking '/home/carver/kim_open_topic/linux/ws_download/install/realsense2_description/bin'
[3.633s] Level 1:colcon.colcon_core.environment:checking '/home/carver/kim_open_topic/linux/ws_download/install/realsense2_description/lib/pkgconfig/realsense2_description.pc'
[3.634s] Level 1:colcon.colcon_core.environment:checking '/home/carver/kim_open_topic/linux/ws_download/install/realsense2_description/lib/python3.10/site-packages'
[3.634s] Level 1:colcon.colcon_core.environment:checking '/home/carver/kim_open_topic/linux/ws_download/install/realsense2_description/bin'
[3.636s] INFO:colcon.colcon_core.shell:Creating package script '/home/carver/kim_open_topic/linux/ws_download/install/realsense2_description/share/realsense2_description/package.ps1'
[3.636s] INFO:colcon.colcon_core.shell:Creating package descriptor '/home/carver/kim_open_topic/linux/ws_download/install/realsense2_description/share/realsense2_description/package.dsv'
[3.636s] INFO:colcon.colcon_core.shell:Creating package script '/home/carver/kim_open_topic/linux/ws_download/install/realsense2_description/share/realsense2_description/package.sh'
[3.636s] INFO:colcon.colcon_core.shell:Creating package script '/home/carver/kim_open_topic/linux/ws_download/install/realsense2_description/share/realsense2_description/package.bash'
[3.637s] INFO:colcon.colcon_core.shell:Creating package script '/home/carver/kim_open_topic/linux/ws_download/install/realsense2_description/share/realsense2_description/package.zsh'
[3.637s] Level 1:colcon.colcon_core.environment:create_file_with_runtime_dependencies(/home/carver/kim_open_topic/linux/ws_download/install/realsense2_description/share/colcon-core/packages/realsense2_description)
[3.665s] Level 1:colcon.colcon_core.environment:create_environment_scripts_only(realsense2_description)
[3.668s] Level 1:colcon.colcon_core.environment:checking '/home/carver/kim_open_topic/linux/ws_download/install/realsense2_description' for CMake module files
[3.668s] Level 1:colcon.colcon_core.environment:checking '/home/carver/kim_open_topic/linux/ws_download/install/realsense2_description' for CMake config files
[3.668s] Level 1:colcon.colcon_core.shell:create_environment_hook('realsense2_description', 'cmake_prefix_path')
[3.670s] INFO:colcon.colcon_core.shell:Creating environment hook '/home/carver/kim_open_topic/linux/ws_download/install/realsense2_description/share/realsense2_description/hook/cmake_prefix_path.ps1'
[3.670s] INFO:colcon.colcon_core.shell:Creating environment descriptor '/home/carver/kim_open_topic/linux/ws_download/install/realsense2_description/share/realsense2_description/hook/cmake_prefix_path.dsv'
[3.670s] INFO:colcon.colcon_core.shell:Creating environment hook '/home/carver/kim_open_topic/linux/ws_download/install/realsense2_description/share/realsense2_description/hook/cmake_prefix_path.sh'
[3.671s] Level 1:colcon.colcon_core.environment:checking '/home/carver/kim_open_topic/linux/ws_download/install/realsense2_description/bin'
[3.671s] Level 1:colcon.colcon_core.environment:checking '/home/carver/kim_open_topic/linux/ws_download/install/realsense2_description/lib/pkgconfig/realsense2_description.pc'
[3.671s] Level 1:colcon.colcon_core.environment:checking '/home/carver/kim_open_topic/linux/ws_download/install/realsense2_description/lib/python3.10/site-packages'
[3.671s] Level 1:colcon.colcon_core.environment:checking '/home/carver/kim_open_topic/linux/ws_download/install/realsense2_description/bin'
[3.673s] INFO:colcon.colcon_core.shell:Creating package script '/home/carver/kim_open_topic/linux/ws_download/install/realsense2_description/share/realsense2_description/package.ps1'
[3.674s] INFO:colcon.colcon_core.shell:Creating package descriptor '/home/carver/kim_open_topic/linux/ws_download/install/realsense2_description/share/realsense2_description/package.dsv'
[3.674s] INFO:colcon.colcon_core.shell:Creating package script '/home/carver/kim_open_topic/linux/ws_download/install/realsense2_description/share/realsense2_description/package.sh'
[3.674s] INFO:colcon.colcon_core.shell:Creating package script '/home/carver/kim_open_topic/linux/ws_download/install/realsense2_description/share/realsense2_description/package.bash'
[3.674s] INFO:colcon.colcon_core.shell:Creating package script '/home/carver/kim_open_topic/linux/ws_download/install/realsense2_description/share/realsense2_description/package.zsh'
[3.674s] Level 1:colcon.colcon_core.environment:create_file_with_runtime_dependencies(/home/carver/kim_open_topic/linux/ws_download/install/realsense2_description/share/colcon-core/packages/realsense2_description)
[4.428s] DEBUG:colcon.colcon_core.event_handler.log_command:Invoked command in '/home/carver/kim_open_topic/linux/ws_download/build/realsense2_camera' returned '0': AMENT_PREFIX_PATH=/home/carver/kim_open_topic/linux/ws_download/install/realsense2_camera_msgs:${AMENT_PREFIX_PATH} CMAKE_PREFIX_PATH=/home/carver/kim_open_topic/linux/ws_download/install/realsense2_camera_msgs:/home/carver/kim_open_topic/linux/ws/install/pixel2coordinate:/home/carver/kim_open_topic/linux/ws/install/fake_pixel:/home/carver/kim_open_topic/linux/ws/install/fake_image:/home/carver/kim_open_topic/linux/ws/install/delay_frame:/home/carver/kim_open_topic/linux/ws/install/check_qos:/home/carver/cartesian_controller_ws/install/cartesian_compliance_controller:/home/carver/cartesian_controller_ws/install/cartesian_motion_controller:/home/carver/cartesian_controller_ws/install/cartesian_force_controller:/home/carver/py_tree_ws/install/py_trees_ros_tutorials:/home/carver/py_tree_ws/install/py_trees_ros:/home/carver/ur_ws/install/rqt_joint_trajectory_controller:/home/carver/ur_ws/install/ros2_controllers_test_nodes:/opt/ros/humble:/home/carver/cartesian_controller_ws/install/cartesian_controller_tests:/home/carver/cartesian_controller_ws/install/cartesian_controller_simulation:/home/carver/cartesian_controller_ws/install/cartesian_controller_handles:/home/carver/cartesian_controller_ws/install/cartesian_controller_base:/home/carver/ur_ws/install/ur:/home/carver/ur_ws/install/ur_calibration:/home/carver/ur_ws/install/ur_robot_driver:/home/carver/ur_ws/install/ur_bringup:/home/carver/ur_ws/install/ros2_controllers:/home/carver/ur_ws/install/velocity_controllers:/home/carver/ur_ws/install/ur_moveit_config:/home/carver/ur_ws/install/ur_description:/home/carver/ur_ws/install/ur_controllers:/home/carver/ur_ws/install/ur_dashboard_msgs:/home/carver/ur_ws/install/tricycle_controller:/home/carver/ur_ws/install/position_controllers:/home/carver/ur_ws/install/joint_trajectory_controller:/home/carver/ur_ws/install/joint_state_broadcaster:/home/carver/ur_ws/install/imu_sensor_broadcaster:/home/carver/ur_ws/install/gripper_controllers:/home/carver/ur_ws/install/effort_controllers:/home/carver/ur_ws/install/forward_command_controller:/home/carver/ur_ws/install/force_torque_sensor_broadcaster:/home/carver/ur_ws/install/diff_drive_controller:/home/carver/carverhand_ws/install/package_name:/home/carver/carverhand_ws/install/carver_ft LD_LIBRARY_PATH=/home/carver/kim_open_topic/linux/ws_download/install/realsense2_camera_msgs/lib:${LD_LIBRARY_PATH} PYTHONPATH=/home/carver/kim_open_topic/linux/ws_download/install/realsense2_camera_msgs/local/lib/python3.10/dist-packages:${PYTHONPATH} /home/carver/.local/bin/cmake /home/carver/kim_open_topic/linux/ws_download/src/realsense-ros/realsense2_camera -DCMAKE_INSTALL_PREFIX=/home/carver/kim_open_topic/linux/ws_download/install/realsense2_camera
[4.428s] DEBUG:colcon.colcon_core.event_handler.log_command:Invoking command in '/home/carver/kim_open_topic/linux/ws_download/build/realsense2_camera': AMENT_PREFIX_PATH=/home/carver/kim_open_topic/linux/ws_download/install/realsense2_camera_msgs:${AMENT_PREFIX_PATH} CMAKE_PREFIX_PATH=/home/carver/kim_open_topic/linux/ws_download/install/realsense2_camera_msgs:/home/carver/kim_open_topic/linux/ws/install/pixel2coordinate:/home/carver/kim_open_topic/linux/ws/install/fake_pixel:/home/carver/kim_open_topic/linux/ws/install/fake_image:/home/carver/kim_open_topic/linux/ws/install/delay_frame:/home/carver/kim_open_topic/linux/ws/install/check_qos:/home/carver/cartesian_controller_ws/install/cartesian_compliance_controller:/home/carver/cartesian_controller_ws/install/cartesian_motion_controller:/home/carver/cartesian_controller_ws/install/cartesian_force_controller:/home/carver/py_tree_ws/install/py_trees_ros_tutorials:/home/carver/py_tree_ws/install/py_trees_ros:/home/carver/ur_ws/install/rqt_joint_trajectory_controller:/home/carver/ur_ws/install/ros2_controllers_test_nodes:/opt/ros/humble:/home/carver/cartesian_controller_ws/install/cartesian_controller_tests:/home/carver/cartesian_controller_ws/install/cartesian_controller_simulation:/home/carver/cartesian_controller_ws/install/cartesian_controller_handles:/home/carver/cartesian_controller_ws/install/cartesian_controller_base:/home/carver/ur_ws/install/ur:/home/carver/ur_ws/install/ur_calibration:/home/carver/ur_ws/install/ur_robot_driver:/home/carver/ur_ws/install/ur_bringup:/home/carver/ur_ws/install/ros2_controllers:/home/carver/ur_ws/install/velocity_controllers:/home/carver/ur_ws/install/ur_moveit_config:/home/carver/ur_ws/install/ur_description:/home/carver/ur_ws/install/ur_controllers:/home/carver/ur_ws/install/ur_dashboard_msgs:/home/carver/ur_ws/install/tricycle_controller:/home/carver/ur_ws/install/position_controllers:/home/carver/ur_ws/install/joint_trajectory_controller:/home/carver/ur_ws/install/joint_state_broadcaster:/home/carver/ur_ws/install/imu_sensor_broadcaster:/home/carver/ur_ws/install/gripper_controllers:/home/carver/ur_ws/install/effort_controllers:/home/carver/ur_ws/install/forward_command_controller:/home/carver/ur_ws/install/force_torque_sensor_broadcaster:/home/carver/ur_ws/install/diff_drive_controller:/home/carver/carverhand_ws/install/package_name:/home/carver/carverhand_ws/install/carver_ft LD_LIBRARY_PATH=/home/carver/kim_open_topic/linux/ws_download/install/realsense2_camera_msgs/lib:${LD_LIBRARY_PATH} PYTHONPATH=/home/carver/kim_open_topic/linux/ws_download/install/realsense2_camera_msgs/local/lib/python3.10/dist-packages:${PYTHONPATH} /home/carver/.local/bin/cmake --build /home/carver/kim_open_topic/linux/ws_download/build/realsense2_camera -- -j20 -l20
[14.927s] DEBUG:colcon.colcon_core.event_handler.log_command:Invoked command in '/home/carver/kim_open_topic/linux/ws_download/build/realsense2_camera' returned '0': AMENT_PREFIX_PATH=/home/carver/kim_open_topic/linux/ws_download/install/realsense2_camera_msgs:${AMENT_PREFIX_PATH} CMAKE_PREFIX_PATH=/home/carver/kim_open_topic/linux/ws_download/install/realsense2_camera_msgs:/home/carver/kim_open_topic/linux/ws/install/pixel2coordinate:/home/carver/kim_open_topic/linux/ws/install/fake_pixel:/home/carver/kim_open_topic/linux/ws/install/fake_image:/home/carver/kim_open_topic/linux/ws/install/delay_frame:/home/carver/kim_open_topic/linux/ws/install/check_qos:/home/carver/cartesian_controller_ws/install/cartesian_compliance_controller:/home/carver/cartesian_controller_ws/install/cartesian_motion_controller:/home/carver/cartesian_controller_ws/install/cartesian_force_controller:/home/carver/py_tree_ws/install/py_trees_ros_tutorials:/home/carver/py_tree_ws/install/py_trees_ros:/home/carver/ur_ws/install/rqt_joint_trajectory_controller:/home/carver/ur_ws/install/ros2_controllers_test_nodes:/opt/ros/humble:/home/carver/cartesian_controller_ws/install/cartesian_controller_tests:/home/carver/cartesian_controller_ws/install/cartesian_controller_simulation:/home/carver/cartesian_controller_ws/install/cartesian_controller_handles:/home/carver/cartesian_controller_ws/install/cartesian_controller_base:/home/carver/ur_ws/install/ur:/home/carver/ur_ws/install/ur_calibration:/home/carver/ur_ws/install/ur_robot_driver:/home/carver/ur_ws/install/ur_bringup:/home/carver/ur_ws/install/ros2_controllers:/home/carver/ur_ws/install/velocity_controllers:/home/carver/ur_ws/install/ur_moveit_config:/home/carver/ur_ws/install/ur_description:/home/carver/ur_ws/install/ur_controllers:/home/carver/ur_ws/install/ur_dashboard_msgs:/home/carver/ur_ws/install/tricycle_controller:/home/carver/ur_ws/install/position_controllers:/home/carver/ur_ws/install/joint_trajectory_controller:/home/carver/ur_ws/install/joint_state_broadcaster:/home/carver/ur_ws/install/imu_sensor_broadcaster:/home/carver/ur_ws/install/gripper_controllers:/home/carver/ur_ws/install/effort_controllers:/home/carver/ur_ws/install/forward_command_controller:/home/carver/ur_ws/install/force_torque_sensor_broadcaster:/home/carver/ur_ws/install/diff_drive_controller:/home/carver/carverhand_ws/install/package_name:/home/carver/carverhand_ws/install/carver_ft LD_LIBRARY_PATH=/home/carver/kim_open_topic/linux/ws_download/install/realsense2_camera_msgs/lib:${LD_LIBRARY_PATH} PYTHONPATH=/home/carver/kim_open_topic/linux/ws_download/install/realsense2_camera_msgs/local/lib/python3.10/dist-packages:${PYTHONPATH} /home/carver/.local/bin/cmake --build /home/carver/kim_open_topic/linux/ws_download/build/realsense2_camera -- -j20 -l20
[14.972s] DEBUG:colcon.colcon_core.event_handler.log_command:Invoking command in '/home/carver/kim_open_topic/linux/ws_download/build/realsense2_camera': AMENT_PREFIX_PATH=/home/carver/kim_open_topic/linux/ws_download/install/realsense2_camera_msgs:${AMENT_PREFIX_PATH} CMAKE_PREFIX_PATH=/home/carver/kim_open_topic/linux/ws_download/install/realsense2_camera_msgs:/home/carver/kim_open_topic/linux/ws/install/pixel2coordinate:/home/carver/kim_open_topic/linux/ws/install/fake_pixel:/home/carver/kim_open_topic/linux/ws/install/fake_image:/home/carver/kim_open_topic/linux/ws/install/delay_frame:/home/carver/kim_open_topic/linux/ws/install/check_qos:/home/carver/cartesian_controller_ws/install/cartesian_compliance_controller:/home/carver/cartesian_controller_ws/install/cartesian_motion_controller:/home/carver/cartesian_controller_ws/install/cartesian_force_controller:/home/carver/py_tree_ws/install/py_trees_ros_tutorials:/home/carver/py_tree_ws/install/py_trees_ros:/home/carver/ur_ws/install/rqt_joint_trajectory_controller:/home/carver/ur_ws/install/ros2_controllers_test_nodes:/opt/ros/humble:/home/carver/cartesian_controller_ws/install/cartesian_controller_tests:/home/carver/cartesian_controller_ws/install/cartesian_controller_simulation:/home/carver/cartesian_controller_ws/install/cartesian_controller_handles:/home/carver/cartesian_controller_ws/install/cartesian_controller_base:/home/carver/ur_ws/install/ur:/home/carver/ur_ws/install/ur_calibration:/home/carver/ur_ws/install/ur_robot_driver:/home/carver/ur_ws/install/ur_bringup:/home/carver/ur_ws/install/ros2_controllers:/home/carver/ur_ws/install/velocity_controllers:/home/carver/ur_ws/install/ur_moveit_config:/home/carver/ur_ws/install/ur_description:/home/carver/ur_ws/install/ur_controllers:/home/carver/ur_ws/install/ur_dashboard_msgs:/home/carver/ur_ws/install/tricycle_controller:/home/carver/ur_ws/install/position_controllers:/home/carver/ur_ws/install/joint_trajectory_controller:/home/carver/ur_ws/install/joint_state_broadcaster:/home/carver/ur_ws/install/imu_sensor_broadcaster:/home/carver/ur_ws/install/gripper_controllers:/home/carver/ur_ws/install/effort_controllers:/home/carver/ur_ws/install/forward_command_controller:/home/carver/ur_ws/install/force_torque_sensor_broadcaster:/home/carver/ur_ws/install/diff_drive_controller:/home/carver/carverhand_ws/install/package_name:/home/carver/carverhand_ws/install/carver_ft LD_LIBRARY_PATH=/home/carver/kim_open_topic/linux/ws_download/install/realsense2_camera_msgs/lib:${LD_LIBRARY_PATH} PYTHONPATH=/home/carver/kim_open_topic/linux/ws_download/install/realsense2_camera_msgs/local/lib/python3.10/dist-packages:${PYTHONPATH} /home/carver/.local/bin/cmake --install /home/carver/kim_open_topic/linux/ws_download/build/realsense2_camera
[14.996s] Level 1:colcon.colcon_core.environment:create_environment_scripts_only(realsense2_camera)
[14.996s] DEBUG:colcon.colcon_core.event_handler.log_command:Invoked command in '/home/carver/kim_open_topic/linux/ws_download/build/realsense2_camera' returned '0': AMENT_PREFIX_PATH=/home/carver/kim_open_topic/linux/ws_download/install/realsense2_camera_msgs:${AMENT_PREFIX_PATH} CMAKE_PREFIX_PATH=/home/carver/kim_open_topic/linux/ws_download/install/realsense2_camera_msgs:/home/carver/kim_open_topic/linux/ws/install/pixel2coordinate:/home/carver/kim_open_topic/linux/ws/install/fake_pixel:/home/carver/kim_open_topic/linux/ws/install/fake_image:/home/carver/kim_open_topic/linux/ws/install/delay_frame:/home/carver/kim_open_topic/linux/ws/install/check_qos:/home/carver/cartesian_controller_ws/install/cartesian_compliance_controller:/home/carver/cartesian_controller_ws/install/cartesian_motion_controller:/home/carver/cartesian_controller_ws/install/cartesian_force_controller:/home/carver/py_tree_ws/install/py_trees_ros_tutorials:/home/carver/py_tree_ws/install/py_trees_ros:/home/carver/ur_ws/install/rqt_joint_trajectory_controller:/home/carver/ur_ws/install/ros2_controllers_test_nodes:/opt/ros/humble:/home/carver/cartesian_controller_ws/install/cartesian_controller_tests:/home/carver/cartesian_controller_ws/install/cartesian_controller_simulation:/home/carver/cartesian_controller_ws/install/cartesian_controller_handles:/home/carver/cartesian_controller_ws/install/cartesian_controller_base:/home/carver/ur_ws/install/ur:/home/carver/ur_ws/install/ur_calibration:/home/carver/ur_ws/install/ur_robot_driver:/home/carver/ur_ws/install/ur_bringup:/home/carver/ur_ws/install/ros2_controllers:/home/carver/ur_ws/install/velocity_controllers:/home/carver/ur_ws/install/ur_moveit_config:/home/carver/ur_ws/install/ur_description:/home/carver/ur_ws/install/ur_controllers:/home/carver/ur_ws/install/ur_dashboard_msgs:/home/carver/ur_ws/install/tricycle_controller:/home/carver/ur_ws/install/position_controllers:/home/carver/ur_ws/install/joint_trajectory_controller:/home/carver/ur_ws/install/joint_state_broadcaster:/home/carver/ur_ws/install/imu_sensor_broadcaster:/home/carver/ur_ws/install/gripper_controllers:/home/carver/ur_ws/install/effort_controllers:/home/carver/ur_ws/install/forward_command_controller:/home/carver/ur_ws/install/force_torque_sensor_broadcaster:/home/carver/ur_ws/install/diff_drive_controller:/home/carver/carverhand_ws/install/package_name:/home/carver/carverhand_ws/install/carver_ft LD_LIBRARY_PATH=/home/carver/kim_open_topic/linux/ws_download/install/realsense2_camera_msgs/lib:${LD_LIBRARY_PATH} PYTHONPATH=/home/carver/kim_open_topic/linux/ws_download/install/realsense2_camera_msgs/local/lib/python3.10/dist-packages:${PYTHONPATH} /home/carver/.local/bin/cmake --install /home/carver/kim_open_topic/linux/ws_download/build/realsense2_camera
[14.999s] Level 1:colcon.colcon_core.environment:checking '/home/carver/kim_open_topic/linux/ws_download/install/realsense2_camera' for CMake module files
[14.999s] Level 1:colcon.colcon_core.environment:checking '/home/carver/kim_open_topic/linux/ws_download/install/realsense2_camera' for CMake config files
[14.999s] Level 1:colcon.colcon_core.shell:create_environment_hook('realsense2_camera', 'cmake_prefix_path')
[15.002s] INFO:colcon.colcon_core.shell:Creating environment hook '/home/carver/kim_open_topic/linux/ws_download/install/realsense2_camera/share/realsense2_camera/hook/cmake_prefix_path.ps1'
[15.002s] INFO:colcon.colcon_core.shell:Creating environment descriptor '/home/carver/kim_open_topic/linux/ws_download/install/realsense2_camera/share/realsense2_camera/hook/cmake_prefix_path.dsv'
[15.002s] INFO:colcon.colcon_core.shell:Creating environment hook '/home/carver/kim_open_topic/linux/ws_download/install/realsense2_camera/share/realsense2_camera/hook/cmake_prefix_path.sh'
[15.002s] Level 1:colcon.colcon_core.environment:checking '/home/carver/kim_open_topic/linux/ws_download/install/realsense2_camera/lib'
[15.002s] Level 1:colcon.colcon_core.shell:create_environment_hook('realsense2_camera', 'ld_library_path_lib')
[15.004s] INFO:colcon.colcon_core.shell:Creating environment hook '/home/carver/kim_open_topic/linux/ws_download/install/realsense2_camera/share/realsense2_camera/hook/ld_library_path_lib.ps1'
[15.005s] INFO:colcon.colcon_core.shell:Creating environment descriptor '/home/carver/kim_open_topic/linux/ws_download/install/realsense2_camera/share/realsense2_camera/hook/ld_library_path_lib.dsv'
[15.005s] INFO:colcon.colcon_core.shell:Creating environment hook '/home/carver/kim_open_topic/linux/ws_download/install/realsense2_camera/share/realsense2_camera/hook/ld_library_path_lib.sh'
[15.005s] Level 1:colcon.colcon_core.environment:checking '/home/carver/kim_open_topic/linux/ws_download/install/realsense2_camera/bin'
[15.005s] Level 1:colcon.colcon_core.environment:checking '/home/carver/kim_open_topic/linux/ws_download/install/realsense2_camera/lib/pkgconfig/realsense2_camera.pc'
[15.005s] Level 1:colcon.colcon_core.environment:checking '/home/carver/kim_open_topic/linux/ws_download/install/realsense2_camera/lib/python3.10/site-packages'
[15.005s] Level 1:colcon.colcon_core.environment:checking '/home/carver/kim_open_topic/linux/ws_download/install/realsense2_camera/bin'
[15.007s] INFO:colcon.colcon_core.shell:Creating package script '/home/carver/kim_open_topic/linux/ws_download/install/realsense2_camera/share/realsense2_camera/package.ps1'
[15.007s] INFO:colcon.colcon_core.shell:Creating package descriptor '/home/carver/kim_open_topic/linux/ws_download/install/realsense2_camera/share/realsense2_camera/package.dsv'
[15.008s] INFO:colcon.colcon_core.shell:Creating package script '/home/carver/kim_open_topic/linux/ws_download/install/realsense2_camera/share/realsense2_camera/package.sh'
[15.008s] INFO:colcon.colcon_core.shell:Creating package script '/home/carver/kim_open_topic/linux/ws_download/install/realsense2_camera/share/realsense2_camera/package.bash'
[15.008s] INFO:colcon.colcon_core.shell:Creating package script '/home/carver/kim_open_topic/linux/ws_download/install/realsense2_camera/share/realsense2_camera/package.zsh'
[15.008s] Level 1:colcon.colcon_core.environment:create_file_with_runtime_dependencies(/home/carver/kim_open_topic/linux/ws_download/install/realsense2_camera/share/colcon-core/packages/realsense2_camera)
[15.055s] Level 1:colcon.colcon_core.environment:create_environment_scripts_only(realsense2_camera)
[15.057s] Level 1:colcon.colcon_core.environment:checking '/home/carver/kim_open_topic/linux/ws_download/install/realsense2_camera' for CMake module files
[15.057s] Level 1:colcon.colcon_core.environment:checking '/home/carver/kim_open_topic/linux/ws_download/install/realsense2_camera' for CMake config files
[15.057s] Level 1:colcon.colcon_core.shell:create_environment_hook('realsense2_camera', 'cmake_prefix_path')
[15.060s] INFO:colcon.colcon_core.shell:Creating environment hook '/home/carver/kim_open_topic/linux/ws_download/install/realsense2_camera/share/realsense2_camera/hook/cmake_prefix_path.ps1'
[15.060s] INFO:colcon.colcon_core.shell:Creating environment descriptor '/home/carver/kim_open_topic/linux/ws_download/install/realsense2_camera/share/realsense2_camera/hook/cmake_prefix_path.dsv'
[15.060s] INFO:colcon.colcon_core.shell:Creating environment hook '/home/carver/kim_open_topic/linux/ws_download/install/realsense2_camera/share/realsense2_camera/hook/cmake_prefix_path.sh'
[15.060s] Level 1:colcon.colcon_core.environment:checking '/home/carver/kim_open_topic/linux/ws_download/install/realsense2_camera/lib'
[15.060s] Level 1:colcon.colcon_core.shell:create_environment_hook('realsense2_camera', 'ld_library_path_lib')
[15.063s] INFO:colcon.colcon_core.shell:Creating environment hook '/home/carver/kim_open_topic/linux/ws_download/install/realsense2_camera/share/realsense2_camera/hook/ld_library_path_lib.ps1'
[15.063s] INFO:colcon.colcon_core.shell:Creating environment descriptor '/home/carver/kim_open_topic/linux/ws_download/install/realsense2_camera/share/realsense2_camera/hook/ld_library_path_lib.dsv'
[15.063s] INFO:colcon.colcon_core.shell:Creating environment hook '/home/carver/kim_open_topic/linux/ws_download/install/realsense2_camera/share/realsense2_camera/hook/ld_library_path_lib.sh'
[15.063s] Level 1:colcon.colcon_core.environment:checking '/home/carver/kim_open_topic/linux/ws_download/install/realsense2_camera/bin'
[15.063s] Level 1:colcon.colcon_core.environment:checking '/home/carver/kim_open_topic/linux/ws_download/install/realsense2_camera/lib/pkgconfig/realsense2_camera.pc'
[15.063s] Level 1:colcon.colcon_core.environment:checking '/home/carver/kim_open_topic/linux/ws_download/install/realsense2_camera/lib/python3.10/site-packages'
[15.063s] Level 1:colcon.colcon_core.environment:checking '/home/carver/kim_open_topic/linux/ws_download/install/realsense2_camera/bin'
[15.066s] INFO:colcon.colcon_core.shell:Creating package script '/home/carver/kim_open_topic/linux/ws_download/install/realsense2_camera/share/realsense2_camera/package.ps1'
[15.066s] INFO:colcon.colcon_core.shell:Creating package descriptor '/home/carver/kim_open_topic/linux/ws_download/install/realsense2_camera/share/realsense2_camera/package.dsv'
[15.066s] INFO:colcon.colcon_core.shell:Creating package script '/home/carver/kim_open_topic/linux/ws_download/install/realsense2_camera/share/realsense2_camera/package.sh'
[15.066s] INFO:colcon.colcon_core.shell:Creating package script '/home/carver/kim_open_topic/linux/ws_download/install/realsense2_camera/share/realsense2_camera/package.bash'
[15.066s] INFO:colcon.colcon_core.shell:Creating package script '/home/carver/kim_open_topic/linux/ws_download/install/realsense2_camera/share/realsense2_camera/package.zsh'
[15.067s] Level 1:colcon.colcon_core.environment:create_file_with_runtime_dependencies(/home/carver/kim_open_topic/linux/ws_download/install/realsense2_camera/share/colcon-core/packages/realsense2_camera)
[15.067s] DEBUG:colcon.colcon_parallel_executor.executor.parallel:closing loop
[15.067s] DEBUG:colcon.colcon_parallel_executor.executor.parallel:loop closed
[15.067s] DEBUG:colcon.colcon_parallel_executor.executor.parallel:run_until_complete finished with '0'
[15.068s] DEBUG:colcon.colcon_core.event_reactor:joining thread
[15.074s] INFO:colcon.colcon_core.plugin_system:Skipping extension 'colcon_notification.desktop_notification.terminal_notifier': Not used on non-Darwin systems
[15.074s] INFO:colcon.colcon_core.plugin_system:Skipping extension 'colcon_notification.desktop_notification.win32': Not used on non-Windows systems
[15.074s] INFO:colcon.colcon_notification.desktop_notification:Sending desktop notification using 'notify2'
[15.080s] DEBUG:colcon.colcon_core.event_reactor:joined thread
[15.082s] INFO:colcon.colcon_core.shell:Creating prefix script '/home/carver/kim_open_topic/linux/ws_download/install/local_setup.ps1'
[15.083s] INFO:colcon.colcon_core.shell:Creating prefix util module '/home/carver/kim_open_topic/linux/ws_download/install/_local_setup_util_ps1.py'
[15.084s] INFO:colcon.colcon_core.shell:Creating prefix chain script '/home/carver/kim_open_topic/linux/ws_download/install/setup.ps1'
[15.087s] INFO:colcon.colcon_core.shell:Creating prefix script '/home/carver/kim_open_topic/linux/ws_download/install/local_setup.sh'
[15.087s] INFO:colcon.colcon_core.shell:Creating prefix util module '/home/carver/kim_open_topic/linux/ws_download/install/_local_setup_util_sh.py'
[15.088s] INFO:colcon.colcon_core.shell:Creating prefix chain script '/home/carver/kim_open_topic/linux/ws_download/install/setup.sh'
[15.091s] INFO:colcon.colcon_core.shell:Creating prefix script '/home/carver/kim_open_topic/linux/ws_download/install/local_setup.bash'
[15.091s] INFO:colcon.colcon_core.shell:Creating prefix chain script '/home/carver/kim_open_topic/linux/ws_download/install/setup.bash'
[15.094s] INFO:colcon.colcon_core.shell:Creating prefix script '/home/carver/kim_open_topic/linux/ws_download/install/local_setup.zsh'
[15.094s] INFO:colcon.colcon_core.shell:Creating prefix chain script '/home/carver/kim_open_topic/linux/ws_download/install/setup.zsh'
