[35m[1mConsolidate compiler generated dependencies of target cpp_node_test[0m
[100%] Built target cpp_node_test
[100%] Built target ament_cmake_python_copy_delay_frame
running egg_info
writing delay_frame.egg-info/PKG-INFO
writing dependency_links to delay_frame.egg-info/dependency_links.txt
writing top-level names to delay_frame.egg-info/top_level.txt
reading manifest file 'delay_frame.egg-info/SOURCES.txt'
writing manifest file 'delay_frame.egg-info/SOURCES.txt'
[100%] Built target ament_cmake_python_build_delay_frame_egg
-- Install configuration: ""
-- Up-to-date: /home/carver/kim_open_topic/linux/ws/install/delay_frame/share/delay_frame/environment/pythonpath.sh
-- Up-to-date: /home/carver/kim_open_topic/linux/ws/install/delay_frame/share/delay_frame/environment/pythonpath.dsv
-- Up-to-date: /home/carver/kim_open_topic/linux/ws/install/delay_frame/local/lib/python3.10/dist-packages/delay_frame-0.0.0-py3.10.egg-info
-- Installing: /home/carver/kim_open_topic/linux/ws/install/delay_frame/local/lib/python3.10/dist-packages/delay_frame-0.0.0-py3.10.egg-info/top_level.txt
-- Installing: /home/carver/kim_open_topic/linux/ws/install/delay_frame/local/lib/python3.10/dist-packages/delay_frame-0.0.0-py3.10.egg-info/SOURCES.txt
-- Installing: /home/carver/kim_open_topic/linux/ws/install/delay_frame/local/lib/python3.10/dist-packages/delay_frame-0.0.0-py3.10.egg-info/PKG-INFO
-- Installing: /home/carver/kim_open_topic/linux/ws/install/delay_frame/local/lib/python3.10/dist-packages/delay_frame-0.0.0-py3.10.egg-info/dependency_links.txt
-- Up-to-date: /home/carver/kim_open_topic/linux/ws/install/delay_frame/local/lib/python3.10/dist-packages/delay_frame
-- Up-to-date: /home/carver/kim_open_topic/linux/ws/install/delay_frame/local/lib/python3.10/dist-packages/delay_frame/dummy_module.py
-- Up-to-date: /home/carver/kim_open_topic/linux/ws/install/delay_frame/local/lib/python3.10/dist-packages/delay_frame/__init__.py
Listing '/home/carver/kim_open_topic/linux/ws/install/delay_frame/local/lib/python3.10/dist-packages/delay_frame'...
-- Up-to-date: /home/carver/kim_open_topic/linux/ws/install/delay_frame/lib/delay_frame/delay_frame.py
-- Up-to-date: /home/carver/kim_open_topic/linux/ws/install/delay_frame/share/delay_frame
-- Up-to-date: /home/carver/kim_open_topic/linux/ws/install/delay_frame/share/ament_index/resource_index/package_run_dependencies/delay_frame
-- Up-to-date: /home/carver/kim_open_topic/linux/ws/install/delay_frame/share/ament_index/resource_index/parent_prefix_path/delay_frame
-- Installing: /home/carver/kim_open_topic/linux/ws/install/delay_frame/share/delay_frame/environment/ament_prefix_path.sh
-- Up-to-date: /home/carver/kim_open_topic/linux/ws/install/delay_frame/share/delay_frame/environment/ament_prefix_path.dsv
-- Installing: /home/carver/kim_open_topic/linux/ws/install/delay_frame/share/delay_frame/environment/path.sh
-- Up-to-date: /home/carver/kim_open_topic/linux/ws/install/delay_frame/share/delay_frame/environment/path.dsv
-- Up-to-date: /home/carver/kim_open_topic/linux/ws/install/delay_frame/share/delay_frame/local_setup.bash
-- Up-to-date: /home/carver/kim_open_topic/linux/ws/install/delay_frame/share/delay_frame/local_setup.sh
-- Up-to-date: /home/carver/kim_open_topic/linux/ws/install/delay_frame/share/delay_frame/local_setup.zsh
-- Up-to-date: /home/carver/kim_open_topic/linux/ws/install/delay_frame/share/delay_frame/local_setup.dsv
-- Up-to-date: /home/carver/kim_open_topic/linux/ws/install/delay_frame/share/delay_frame/package.dsv
-- Up-to-date: /home/carver/kim_open_topic/linux/ws/install/delay_frame/share/ament_index/resource_index/packages/delay_frame
-- Up-to-date: /home/carver/kim_open_topic/linux/ws/install/delay_frame/share/delay_frame/cmake/delay_frameConfig.cmake
-- Up-to-date: /home/carver/kim_open_topic/linux/ws/install/delay_frame/share/delay_frame/cmake/delay_frameConfig-version.cmake
-- Up-to-date: /home/carver/kim_open_topic/linux/ws/install/delay_frame/share/delay_frame/package.xml
