-- Found ament_cmake: 0.9.11 (/opt/ros/foxy/share/ament_cmake/cmake)
-- Using PYTHON_EXECUTABLE: /usr/bin/python3
-- Override CMake install command with custom implementation using symlinks instead of copying resources
-- Found rclcpp: 2.4.2 (/opt/ros/foxy/share/rclcpp/cmake)
-- Using all available rosidl_typesupport_c: rosidl_typesupport_fastrtps_c;rosidl_typesupport_introspection_c
-- Found rosidl_adapter: 1.3.0 (/opt/ros/foxy/share/rosidl_adapter/cmake)
-- Using all available rosidl_typesupport_cpp: rosidl_typesupport_fastrtps_cpp;rosidl_typesupport_introspection_cpp
-- Found rmw_implementation_cmake: 1.0.3 (/opt/ros/foxy/share/rmw_implementation_cmake/cmake)
-- Using RMW implementation 'rmw_fastrtps_cpp' as default
-- Found rclpy: 1.0.11 (/opt/ros/foxy/share/rclpy/cmake)
-- Configuring done
-- Generating done
-- Build files have been written to: /home/kim/open_topic/linux/ws/build/object
[100%] Built target cpp_node_test
-- Install configuration: ""
-- Execute custom install script
-- Up-to-date symlink: /home/kim/open_topic/linux/ws/install/object/share/object/environment/pythonpath.sh
-- Up-to-date symlink: /home/kim/open_topic/linux/ws/install/object/share/object/environment/pythonpath.dsv
-- Up-to-date symlink: /home/kim/open_topic/linux/ws/install/object/lib/python3.8/site-packages/object/__init__.py
-- Up-to-date symlink: /home/kim/open_topic/linux/ws/install/object/lib/python3.8/site-packages/object/dummy_module.py
-- Symlinking: /home/kim/open_topic/linux/ws/install/object/lib/object/detect.py
-- Symlinking: /home/kim/open_topic/linux/ws/install/object/lib/object/display.py
-- Symlinking: /home/kim/open_topic/linux/ws/install/object/share/ament_index/resource_index/package_run_dependencies/object
-- Symlinking: /home/kim/open_topic/linux/ws/install/object/share/ament_index/resource_index/parent_prefix_path/object
-- Symlinking: /home/kim/open_topic/linux/ws/install/object/share/object/environment/ament_prefix_path.sh
-- Symlinking: /home/kim/open_topic/linux/ws/install/object/share/object/environment/ament_prefix_path.dsv
-- Symlinking: /home/kim/open_topic/linux/ws/install/object/share/object/environment/path.sh
-- Symlinking: /home/kim/open_topic/linux/ws/install/object/share/object/environment/path.dsv
-- Symlinking: /home/kim/open_topic/linux/ws/install/object/share/object/local_setup.bash
-- Symlinking: /home/kim/open_topic/linux/ws/install/object/share/object/local_setup.sh
-- Symlinking: /home/kim/open_topic/linux/ws/install/object/share/object/local_setup.zsh
-- Symlinking: /home/kim/open_topic/linux/ws/install/object/share/object/local_setup.dsv
-- Symlinking: /home/kim/open_topic/linux/ws/install/object/share/object/package.dsv
-- Symlinking: /home/kim/open_topic/linux/ws/install/object/share/ament_index/resource_index/packages/object
-- Symlinking: /home/kim/open_topic/linux/ws/install/object/share/object/cmake/objectConfig.cmake
-- Symlinking: /home/kim/open_topic/linux/ws/install/object/share/object/cmake/objectConfig-version.cmake
-- Symlinking: /home/kim/open_topic/linux/ws/install/object/share/object/package.xml
Listing '/home/kim/open_topic/linux/ws/install/object/lib/python3.8/site-packages/object'...
