[0.048s] Invoking command in '/home/kim/open_topic/linux/ws/build/object': CMAKE_PREFIX_PATH=${CMAKE_PREFIX_PATH}:/opt/ros/foxy /home/kim/.local/bin/cmake --build /home/kim/open_topic/linux/ws/build/object -- -j12 -l12
[0.083s] -- Found ament_cmake: 0.9.11 (/opt/ros/foxy/share/ament_cmake/cmake)
[0.102s] -- Using PYTHON_EXECUTABLE: /usr/bin/python3
[0.241s] -- Override CMake install command with custom implementation using symlinks instead of copying resources
[0.247s] -- Found rclcpp: 2.4.2 (/opt/ros/foxy/share/rclcpp/cmake)
[0.273s] -- Using all available rosidl_typesupport_c: rosidl_typesupport_fastrtps_c;rosidl_typesupport_introspection_c
[0.275s] -- Found rosidl_adapter: 1.3.0 (/opt/ros/foxy/share/rosidl_adapter/cmake)
[0.370s] -- Using all available rosidl_typesupport_cpp: rosidl_typesupport_fastrtps_cpp;rosidl_typesupport_introspection_cpp
[0.404s] -- Found rmw_implementation_cmake: 1.0.3 (/opt/ros/foxy/share/rmw_implementation_cmake/cmake)
[0.405s] -- Using RMW implementation 'rmw_fastrtps_cpp' as default
[0.503s] -- Found rclpy: 1.0.11 (/opt/ros/foxy/share/rclpy/cmake)
[0.563s] -- Configuring done
[0.570s] -- Generating done
[0.572s] -- Build files have been written to: /home/kim/open_topic/linux/ws/build/object
[0.589s] [100%] Built target cpp_node_test
[0.596s] Invoked command in '/home/kim/open_topic/linux/ws/build/object' returned '0': CMAKE_PREFIX_PATH=${CMAKE_PREFIX_PATH}:/opt/ros/foxy /home/kim/.local/bin/cmake --build /home/kim/open_topic/linux/ws/build/object -- -j12 -l12
[0.640s] Invoking command in '/home/kim/open_topic/linux/ws/build/object': CMAKE_PREFIX_PATH=${CMAKE_PREFIX_PATH}:/opt/ros/foxy /home/kim/.local/bin/cmake --install /home/kim/open_topic/linux/ws/build/object
[0.665s] -- Install configuration: ""
[0.665s] -- Execute custom install script
[0.665s] -- Up-to-date symlink: /home/kim/open_topic/linux/ws/install/object/share/object/environment/pythonpath.sh
[0.665s] -- Up-to-date symlink: /home/kim/open_topic/linux/ws/install/object/share/object/environment/pythonpath.dsv
[0.666s] -- Up-to-date symlink: /home/kim/open_topic/linux/ws/install/object/lib/python3.8/site-packages/object/__init__.py
[0.666s] -- Up-to-date symlink: /home/kim/open_topic/linux/ws/install/object/lib/python3.8/site-packages/object/dummy_module.py
[0.666s] -- Symlinking: /home/kim/open_topic/linux/ws/install/object/lib/object/detect.py
[0.668s] -- Symlinking: /home/kim/open_topic/linux/ws/install/object/lib/object/display.py
[0.670s] -- Symlinking: /home/kim/open_topic/linux/ws/install/object/share/ament_index/resource_index/package_run_dependencies/object
[0.673s] -- Symlinking: /home/kim/open_topic/linux/ws/install/object/share/ament_index/resource_index/parent_prefix_path/object
[0.675s] -- Symlinking: /home/kim/open_topic/linux/ws/install/object/share/object/environment/ament_prefix_path.sh
[0.677s] -- Symlinking: /home/kim/open_topic/linux/ws/install/object/share/object/environment/ament_prefix_path.dsv
[0.679s] -- Symlinking: /home/kim/open_topic/linux/ws/install/object/share/object/environment/path.sh
[0.682s] -- Symlinking: /home/kim/open_topic/linux/ws/install/object/share/object/environment/path.dsv
[0.684s] -- Symlinking: /home/kim/open_topic/linux/ws/install/object/share/object/local_setup.bash
[0.685s] -- Symlinking: /home/kim/open_topic/linux/ws/install/object/share/object/local_setup.sh
[0.687s] -- Symlinking: /home/kim/open_topic/linux/ws/install/object/share/object/local_setup.zsh
[0.689s] -- Symlinking: /home/kim/open_topic/linux/ws/install/object/share/object/local_setup.dsv
[0.691s] -- Symlinking: /home/kim/open_topic/linux/ws/install/object/share/object/package.dsv
[0.693s] -- Symlinking: /home/kim/open_topic/linux/ws/install/object/share/ament_index/resource_index/packages/object
[0.695s] -- Symlinking: /home/kim/open_topic/linux/ws/install/object/share/object/cmake/objectConfig.cmake
[0.697s] -- Symlinking: /home/kim/open_topic/linux/ws/install/object/share/object/cmake/objectConfig-version.cmake
[0.698s] -- Symlinking: /home/kim/open_topic/linux/ws/install/object/share/object/package.xml
[0.726s] Listing '/home/kim/open_topic/linux/ws/install/object/lib/python3.8/site-packages/object'...
[0.741s] Invoked command in '/home/kim/open_topic/linux/ws/build/object' returned '0': CMAKE_PREFIX_PATH=${CMAKE_PREFIX_PATH}:/opt/ros/foxy /home/kim/.local/bin/cmake --install /home/kim/open_topic/linux/ws/build/object
