[100%] Built target cpp_node_test
-- Install configuration: ""
-- Up-to-date: /home/kim/open_topic/linux/ws/install/object/share/object/environment/pythonpath.sh
-- Up-to-date: /home/kim/open_topic/linux/ws/install/object/share/object/environment/pythonpath.dsv
-- Up-to-date: /home/kim/open_topic/linux/ws/install/object/lib/python3.8/site-packages/object
-- Up-to-date: /home/kim/open_topic/linux/ws/install/object/lib/python3.8/site-packages/object/dummy_module.py
-- Up-to-date: /home/kim/open_topic/linux/ws/install/object/lib/python3.8/site-packages/object/__init__.py
Listing '/home/kim/open_topic/linux/ws/install/object/lib/python3.8/site-packages/object'...
-- Installing: /home/kim/open_topic/linux/ws/install/object/lib/object/test_lib.py
-- Up-to-date: /home/kim/open_topic/linux/ws/install/object/share/object
-- Up-to-date: /home/kim/open_topic/linux/ws/install/object/share/ament_index/resource_index/package_run_dependencies/object
-- Up-to-date: /home/kim/open_topic/linux/ws/install/object/share/ament_index/resource_index/parent_prefix_path/object
-- Up-to-date: /home/kim/open_topic/linux/ws/install/object/share/object/environment/ament_prefix_path.sh
-- Up-to-date: /home/kim/open_topic/linux/ws/install/object/share/object/environment/ament_prefix_path.dsv
-- Up-to-date: /home/kim/open_topic/linux/ws/install/object/share/object/environment/path.sh
-- Up-to-date: /home/kim/open_topic/linux/ws/install/object/share/object/environment/path.dsv
-- Up-to-date: /home/kim/open_topic/linux/ws/install/object/share/object/local_setup.bash
-- Up-to-date: /home/kim/open_topic/linux/ws/install/object/share/object/local_setup.sh
-- Up-to-date: /home/kim/open_topic/linux/ws/install/object/share/object/local_setup.zsh
-- Up-to-date: /home/kim/open_topic/linux/ws/install/object/share/object/local_setup.dsv
-- Up-to-date: /home/kim/open_topic/linux/ws/install/object/share/object/package.dsv
-- Up-to-date: /home/kim/open_topic/linux/ws/install/object/share/ament_index/resource_index/packages/object
-- Up-to-date: /home/kim/open_topic/linux/ws/install/object/share/object/cmake/objectConfig.cmake
-- Up-to-date: /home/kim/open_topic/linux/ws/install/object/share/object/cmake/objectConfig-version.cmake
-- Up-to-date: /home/kim/open_topic/linux/ws/install/object/share/object/package.xml
