[0.049s] Invoking command in '/home/kim/open_topic/linux/ws/build/object': CMAKE_PREFIX_PATH=${CMAKE_PREFIX_PATH}:/opt/ros/foxy /home/kim/.local/bin/cmake --build /home/kim/open_topic/linux/ws/build/object -- -j12 -l12
[0.146s] [100%] Built target cpp_node_test
[0.153s] Invoked command in '/home/kim/open_topic/linux/ws/build/object' returned '0': CMAKE_PREFIX_PATH=${CMAKE_PREFIX_PATH}:/opt/ros/foxy /home/kim/.local/bin/cmake --build /home/kim/open_topic/linux/ws/build/object -- -j12 -l12
[0.226s] Invoking command in '/home/kim/open_topic/linux/ws/build/object': CMAKE_PREFIX_PATH=${CMAKE_PREFIX_PATH}:/opt/ros/foxy /home/kim/.local/bin/cmake --install /home/kim/open_topic/linux/ws/build/object
[0.251s] -- Install configuration: ""
[0.251s] -- Up-to-date: /home/kim/open_topic/linux/ws/install/object/share/object/environment/pythonpath.sh
[0.251s] -- Up-to-date: /home/kim/open_topic/linux/ws/install/object/share/object/environment/pythonpath.dsv
[0.251s] -- Up-to-date: /home/kim/open_topic/linux/ws/install/object/lib/python3.8/site-packages/object
[0.251s] -- Up-to-date: /home/kim/open_topic/linux/ws/install/object/lib/python3.8/site-packages/object/dummy_module.py
[0.251s] -- Up-to-date: /home/kim/open_topic/linux/ws/install/object/lib/python3.8/site-packages/object/__init__.py
[0.278s] Listing '/home/kim/open_topic/linux/ws/install/object/lib/python3.8/site-packages/object'...
[0.281s] -- Installing: /home/kim/open_topic/linux/ws/install/object/lib/object/test_lib.py
[0.282s] -- Up-to-date: /home/kim/open_topic/linux/ws/install/object/share/object
[0.282s] -- Up-to-date: /home/kim/open_topic/linux/ws/install/object/share/ament_index/resource_index/package_run_dependencies/object
[0.282s] -- Up-to-date: /home/kim/open_topic/linux/ws/install/object/share/ament_index/resource_index/parent_prefix_path/object
[0.282s] -- Up-to-date: /home/kim/open_topic/linux/ws/install/object/share/object/environment/ament_prefix_path.sh
[0.282s] -- Up-to-date: /home/kim/open_topic/linux/ws/install/object/share/object/environment/ament_prefix_path.dsv
[0.282s] -- Up-to-date: /home/kim/open_topic/linux/ws/install/object/share/object/environment/path.sh
[0.282s] -- Up-to-date: /home/kim/open_topic/linux/ws/install/object/share/object/environment/path.dsv
[0.282s] -- Up-to-date: /home/kim/open_topic/linux/ws/install/object/share/object/local_setup.bash
[0.282s] -- Up-to-date: /home/kim/open_topic/linux/ws/install/object/share/object/local_setup.sh
[0.282s] -- Up-to-date: /home/kim/open_topic/linux/ws/install/object/share/object/local_setup.zsh
[0.282s] -- Up-to-date: /home/kim/open_topic/linux/ws/install/object/share/object/local_setup.dsv
[0.283s] -- Up-to-date: /home/kim/open_topic/linux/ws/install/object/share/object/package.dsv
[0.283s] -- Up-to-date: /home/kim/open_topic/linux/ws/install/object/share/ament_index/resource_index/packages/object
[0.283s] -- Up-to-date: /home/kim/open_topic/linux/ws/install/object/share/object/cmake/objectConfig.cmake
[0.283s] -- Up-to-date: /home/kim/open_topic/linux/ws/install/object/share/object/cmake/objectConfig-version.cmake
[0.283s] -- Up-to-date: /home/kim/open_topic/linux/ws/install/object/share/object/package.xml
[0.310s] Invoked command in '/home/kim/open_topic/linux/ws/build/object' returned '0': CMAKE_PREFIX_PATH=${CMAKE_PREFIX_PATH}:/opt/ros/foxy /home/kim/.local/bin/cmake --install /home/kim/open_topic/linux/ws/build/object
