[0.018s] Invoking command in '/home/carver/kim_open_topic/linux/ws_download/build/realsense2_camera_msgs': CMAKE_PREFIX_PATH=/home/carver/kim_open_topic/linux/ws/install/pixel2coordinate:/home/carver/kim_open_topic/linux/ws/install/fake_pixel:/home/carver/kim_open_topic/linux/ws/install/fake_image:/home/carver/kim_open_topic/linux/ws/install/delay_frame:/home/carver/kim_open_topic/linux/ws/install/check_qos:/home/carver/cartesian_controller_ws/install/cartesian_compliance_controller:/home/carver/cartesian_controller_ws/install/cartesian_motion_controller:/home/carver/cartesian_controller_ws/install/cartesian_force_controller:/home/carver/py_tree_ws/install/py_trees_ros_tutorials:/home/carver/py_tree_ws/install/py_trees_ros:/home/carver/ur_ws/install/rqt_joint_trajectory_controller:/home/carver/ur_ws/install/ros2_controllers_test_nodes:/opt/ros/humble:/home/carver/cartesian_controller_ws/install/cartesian_controller_tests:/home/carver/cartesian_controller_ws/install/cartesian_controller_simulation:/home/carver/cartesian_controller_ws/install/cartesian_controller_handles:/home/carver/cartesian_controller_ws/install/cartesian_controller_base:/home/carver/ur_ws/install/ur:/home/carver/ur_ws/install/ur_calibration:/home/carver/ur_ws/install/ur_robot_driver:/home/carver/ur_ws/install/ur_bringup:/home/carver/ur_ws/install/ros2_controllers:/home/carver/ur_ws/install/velocity_controllers:/home/carver/ur_ws/install/ur_moveit_config:/home/carver/ur_ws/install/ur_description:/home/carver/ur_ws/install/ur_controllers:/home/carver/ur_ws/install/ur_dashboard_msgs:/home/carver/ur_ws/install/tricycle_controller:/home/carver/ur_ws/install/position_controllers:/home/carver/ur_ws/install/joint_trajectory_controller:/home/carver/ur_ws/install/joint_state_broadcaster:/home/carver/ur_ws/install/imu_sensor_broadcaster:/home/carver/ur_ws/install/gripper_controllers:/home/carver/ur_ws/install/effort_controllers:/home/carver/ur_ws/install/forward_command_controller:/home/carver/ur_ws/install/force_torque_sensor_broadcaster:/home/carver/ur_ws/install/diff_drive_controller:/home/carver/carverhand_ws/install/package_name:/home/carver/carverhand_ws/install/carver_ft /home/carver/.local/bin/cmake /home/carver/kim_open_topic/linux/ws_download/src/realsense-ros/realsense2_camera_msgs -DCMAKE_INSTALL_PREFIX=/home/carver/kim_open_topic/linux/ws_download/install/realsense2_camera_msgs
[0.062s] -- The C compiler identification is GNU 11.3.0
[0.091s] -- The CXX compiler identification is GNU 11.3.0
[0.096s] -- Detecting C compiler ABI info
[0.126s] -- Detecting C compiler ABI info - done
[0.132s] -- Check for working C compiler: /usr/bin/cc - skipped
[0.132s] -- Detecting C compile features
[0.133s] -- Detecting C compile features - done
[0.135s] -- Detecting CXX compiler ABI info
[0.170s] -- Detecting CXX compiler ABI info - done
[0.176s] -- Check for working CXX compiler: /usr/bin/c++ - skipped
[0.176s] -- Detecting CXX compile features
[0.177s] -- Detecting CXX compile features - done
[0.182s] -- Found ament_cmake: 1.3.4 (/opt/ros/humble/share/ament_cmake/cmake)
[0.413s] -- Found Python3: /usr/bin/python3.10 (found version "3.10.6") found components: Interpreter 
[0.471s] -- Found rosidl_default_generators: 1.2.0 (/opt/ros/humble/share/rosidl_default_generators/cmake)
[0.481s] -- Using all available rosidl_typesupport_c: rosidl_typesupport_fastrtps_c;rosidl_typesupport_introspection_c
[0.487s] -- Found rosidl_adapter: 3.1.4 (/opt/ros/humble/share/rosidl_adapter/cmake)
[0.521s] -- Using all available rosidl_typesupport_cpp: rosidl_typesupport_fastrtps_cpp;rosidl_typesupport_introspection_cpp
[0.549s] -- Found builtin_interfaces: 1.2.1 (/opt/ros/humble/share/builtin_interfaces/cmake)
[0.565s] -- Found std_msgs: 4.2.3 (/opt/ros/humble/share/std_msgs/cmake)
[0.719s] -- Found ament_cmake_cppcheck: 0.12.6 (/opt/ros/humble/share/ament_cmake_cppcheck/cmake)
[0.721s] -- Found ament_cmake_cpplint: 0.12.6 (/opt/ros/humble/share/ament_cmake_cpplint/cmake)
[0.723s] -- Found ament_cmake_uncrustify: 0.12.6 (/opt/ros/humble/share/ament_cmake_uncrustify/cmake)
[0.725s] -- Found ament_cmake_ros: 0.10.0 (/opt/ros/humble/share/ament_cmake_ros/cmake)
[0.810s] -- Using all available rosidl_typesupport_c: rosidl_typesupport_fastrtps_c;rosidl_typesupport_introspection_c
[0.918s] -- Using all available rosidl_typesupport_cpp: rosidl_typesupport_fastrtps_cpp;rosidl_typesupport_introspection_cpp
[0.934s] -- Found PythonInterp: /usr/bin/python3 (found suitable version "3.10.6", minimum required is "3.6") 
[0.936s] -- Found python_cmake_module: 0.10.0 (/opt/ros/humble/share/python_cmake_module/cmake)
[0.957s] -- Found PythonLibs: /usr/lib/x86_64-linux-gnu/libpython3.10.so (found suitable version "3.10.6", minimum required is "3.5") 
[0.957s] -- Using PYTHON_EXECUTABLE: /usr/bin/python3
[0.957s] -- Using PYTHON_INCLUDE_DIRS: /usr/include/python3.10
[0.957s] -- Using PYTHON_LIBRARIES: /usr/lib/x86_64-linux-gnu/libpython3.10.so
[0.971s] -- Found PythonExtra: .so  
[1.016s] -- Found ament_cmake_flake8: 0.12.6 (/opt/ros/humble/share/ament_cmake_flake8/cmake)
[1.018s] -- Found ament_cmake_pep257: 0.12.6 (/opt/ros/humble/share/ament_cmake_pep257/cmake)
[1.021s] -- Configuring done (1.0s)
[1.042s] -- Generating done (0.0s)
[1.044s] -- Build files have been written to: /home/carver/kim_open_topic/linux/ws_download/build/realsense2_camera_msgs
[1.050s] Invoked command in '/home/carver/kim_open_topic/linux/ws_download/build/realsense2_camera_msgs' returned '0': CMAKE_PREFIX_PATH=/home/carver/kim_open_topic/linux/ws/install/pixel2coordinate:/home/carver/kim_open_topic/linux/ws/install/fake_pixel:/home/carver/kim_open_topic/linux/ws/install/fake_image:/home/carver/kim_open_topic/linux/ws/install/delay_frame:/home/carver/kim_open_topic/linux/ws/install/check_qos:/home/carver/cartesian_controller_ws/install/cartesian_compliance_controller:/home/carver/cartesian_controller_ws/install/cartesian_motion_controller:/home/carver/cartesian_controller_ws/install/cartesian_force_controller:/home/carver/py_tree_ws/install/py_trees_ros_tutorials:/home/carver/py_tree_ws/install/py_trees_ros:/home/carver/ur_ws/install/rqt_joint_trajectory_controller:/home/carver/ur_ws/install/ros2_controllers_test_nodes:/opt/ros/humble:/home/carver/cartesian_controller_ws/install/cartesian_controller_tests:/home/carver/cartesian_controller_ws/install/cartesian_controller_simulation:/home/carver/cartesian_controller_ws/install/cartesian_controller_handles:/home/carver/cartesian_controller_ws/install/cartesian_controller_base:/home/carver/ur_ws/install/ur:/home/carver/ur_ws/install/ur_calibration:/home/carver/ur_ws/install/ur_robot_driver:/home/carver/ur_ws/install/ur_bringup:/home/carver/ur_ws/install/ros2_controllers:/home/carver/ur_ws/install/velocity_controllers:/home/carver/ur_ws/install/ur_moveit_config:/home/carver/ur_ws/install/ur_description:/home/carver/ur_ws/install/ur_controllers:/home/carver/ur_ws/install/ur_dashboard_msgs:/home/carver/ur_ws/install/tricycle_controller:/home/carver/ur_ws/install/position_controllers:/home/carver/ur_ws/install/joint_trajectory_controller:/home/carver/ur_ws/install/joint_state_broadcaster:/home/carver/ur_ws/install/imu_sensor_broadcaster:/home/carver/ur_ws/install/gripper_controllers:/home/carver/ur_ws/install/effort_controllers:/home/carver/ur_ws/install/forward_command_controller:/home/carver/ur_ws/install/force_torque_sensor_broadcaster:/home/carver/ur_ws/install/diff_drive_controller:/home/carver/carverhand_ws/install/package_name:/home/carver/carverhand_ws/install/carver_ft /home/carver/.local/bin/cmake /home/carver/kim_open_topic/linux/ws_download/src/realsense-ros/realsense2_camera_msgs -DCMAKE_INSTALL_PREFIX=/home/carver/kim_open_topic/linux/ws_download/install/realsense2_camera_msgs
[1.050s] Invoking command in '/home/carver/kim_open_topic/linux/ws_download/build/realsense2_camera_msgs': CMAKE_PREFIX_PATH=/home/carver/kim_open_topic/linux/ws/install/pixel2coordinate:/home/carver/kim_open_topic/linux/ws/install/fake_pixel:/home/carver/kim_open_topic/linux/ws/install/fake_image:/home/carver/kim_open_topic/linux/ws/install/delay_frame:/home/carver/kim_open_topic/linux/ws/install/check_qos:/home/carver/cartesian_controller_ws/install/cartesian_compliance_controller:/home/carver/cartesian_controller_ws/install/cartesian_motion_controller:/home/carver/cartesian_controller_ws/install/cartesian_force_controller:/home/carver/py_tree_ws/install/py_trees_ros_tutorials:/home/carver/py_tree_ws/install/py_trees_ros:/home/carver/ur_ws/install/rqt_joint_trajectory_controller:/home/carver/ur_ws/install/ros2_controllers_test_nodes:/opt/ros/humble:/home/carver/cartesian_controller_ws/install/cartesian_controller_tests:/home/carver/cartesian_controller_ws/install/cartesian_controller_simulation:/home/carver/cartesian_controller_ws/install/cartesian_controller_handles:/home/carver/cartesian_controller_ws/install/cartesian_controller_base:/home/carver/ur_ws/install/ur:/home/carver/ur_ws/install/ur_calibration:/home/carver/ur_ws/install/ur_robot_driver:/home/carver/ur_ws/install/ur_bringup:/home/carver/ur_ws/install/ros2_controllers:/home/carver/ur_ws/install/velocity_controllers:/home/carver/ur_ws/install/ur_moveit_config:/home/carver/ur_ws/install/ur_description:/home/carver/ur_ws/install/ur_controllers:/home/carver/ur_ws/install/ur_dashboard_msgs:/home/carver/ur_ws/install/tricycle_controller:/home/carver/ur_ws/install/position_controllers:/home/carver/ur_ws/install/joint_trajectory_controller:/home/carver/ur_ws/install/joint_state_broadcaster:/home/carver/ur_ws/install/imu_sensor_broadcaster:/home/carver/ur_ws/install/gripper_controllers:/home/carver/ur_ws/install/effort_controllers:/home/carver/ur_ws/install/forward_command_controller:/home/carver/ur_ws/install/force_torque_sensor_broadcaster:/home/carver/ur_ws/install/diff_drive_controller:/home/carver/carverhand_ws/install/package_name:/home/carver/carverhand_ws/install/carver_ft /home/carver/.local/bin/cmake --build /home/carver/kim_open_topic/linux/ws_download/build/realsense2_camera_msgs -- -j20 -l20
[1.077s] [  1%] [34m[1mGenerating C code for ROS interfaces[0m
[1.079s] [  3%] [34m[1mGenerating C++ code for ROS interfaces[0m
[1.080s] [  3%] Built target ament_cmake_python_copy_realsense2_camera_msgs
[1.207s] running egg_info
[1.207s] creating realsense2_camera_msgs.egg-info
[1.208s] writing realsense2_camera_msgs.egg-info/PKG-INFO
[1.208s] writing dependency_links to realsense2_camera_msgs.egg-info/dependency_links.txt
[1.208s] writing top-level names to realsense2_camera_msgs.egg-info/top_level.txt
[1.208s] writing manifest file 'realsense2_camera_msgs.egg-info/SOURCES.txt'
[1.209s] reading manifest file 'realsense2_camera_msgs.egg-info/SOURCES.txt'
[1.209s] writing manifest file 'realsense2_camera_msgs.egg-info/SOURCES.txt'
[1.221s] [  3%] Built target ament_cmake_python_build_realsense2_camera_msgs_egg
[1.285s] [  3%] Built target realsense2_camera_msgs__cpp
[1.287s] [  5%] [34m[1mGenerating C++ type support for eProsima Fast-RTPS[0m
[1.287s] [  9%] [34m[1mGenerating C++ type support dispatch for ROS interfaces[0m
[1.287s] [  9%] [34m[1mGenerating C++ introspection for ROS interfaces[0m
[1.295s] [ 10%] [32mBuilding C object CMakeFiles/realsense2_camera_msgs__rosidl_generator_c.dir/rosidl_generator_c/realsense2_camera_msgs/msg/detail/imu_info__functions.c.o[0m
[1.295s] [ 12%] [32mBuilding C object CMakeFiles/realsense2_camera_msgs__rosidl_generator_c.dir/rosidl_generator_c/realsense2_camera_msgs/msg/detail/extrinsics__functions.c.o[0m
[1.295s] [ 16%] [32mBuilding C object CMakeFiles/realsense2_camera_msgs__rosidl_generator_c.dir/rosidl_generator_c/realsense2_camera_msgs/srv/detail/device_info__functions.c.o[0m
[1.296s] [ 14%] [32mBuilding C object CMakeFiles/realsense2_camera_msgs__rosidl_generator_c.dir/rosidl_generator_c/realsense2_camera_msgs/msg/detail/metadata__functions.c.o[0m
[1.327s] [ 18%] [32m[1mLinking C shared library librealsense2_camera_msgs__rosidl_generator_c.so[0m
[1.341s] [ 18%] Built target realsense2_camera_msgs__rosidl_generator_c
[1.344s] [ 20%] [34m[1mGenerating C type support for eProsima Fast-RTPS[0m
[1.344s] [ 21%] [34m[1mGenerating C introspection for ROS interfaces[0m
[1.344s] [ 23%] [34m[1mGenerating C type support dispatch for ROS interfaces[0m
[1.449s] [ 25%] [32mBuilding CXX object CMakeFiles/realsense2_camera_msgs__rosidl_typesupport_cpp.dir/rosidl_typesupport_cpp/realsense2_camera_msgs/msg/imu_info__type_support.cpp.o[0m
[1.449s] [ 27%] [32mBuilding CXX object CMakeFiles/realsense2_camera_msgs__rosidl_typesupport_cpp.dir/rosidl_typesupport_cpp/realsense2_camera_msgs/msg/extrinsics__type_support.cpp.o[0m
[1.449s] [ 29%] [32mBuilding CXX object CMakeFiles/realsense2_camera_msgs__rosidl_typesupport_cpp.dir/rosidl_typesupport_cpp/realsense2_camera_msgs/msg/metadata__type_support.cpp.o[0m
[1.450s] [ 30%] [32mBuilding CXX object CMakeFiles/realsense2_camera_msgs__rosidl_typesupport_cpp.dir/rosidl_typesupport_cpp/realsense2_camera_msgs/srv/device_info__type_support.cpp.o[0m
[1.471s] [ 34%] [32mBuilding CXX object CMakeFiles/realsense2_camera_msgs__rosidl_typesupport_introspection_cpp.dir/rosidl_typesupport_introspection_cpp/realsense2_camera_msgs/msg/detail/extrinsics__type_support.cpp.o[0m
[1.472s] [ 34%] [32mBuilding CXX object CMakeFiles/realsense2_camera_msgs__rosidl_typesupport_introspection_cpp.dir/rosidl_typesupport_introspection_cpp/realsense2_camera_msgs/msg/detail/imu_info__type_support.cpp.o[0m
[1.472s] [ 36%] [32mBuilding CXX object CMakeFiles/realsense2_camera_msgs__rosidl_typesupport_introspection_cpp.dir/rosidl_typesupport_introspection_cpp/realsense2_camera_msgs/msg/detail/metadata__type_support.cpp.o[0m
[1.472s] [ 38%] [32mBuilding CXX object CMakeFiles/realsense2_camera_msgs__rosidl_typesupport_introspection_cpp.dir/rosidl_typesupport_introspection_cpp/realsense2_camera_msgs/srv/detail/device_info__type_support.cpp.o[0m
[1.491s] [ 43%] [32mBuilding CXX object CMakeFiles/realsense2_camera_msgs__rosidl_typesupport_fastrtps_cpp.dir/rosidl_typesupport_fastrtps_cpp/realsense2_camera_msgs/msg/detail/dds_fastrtps/extrinsics__type_support.cpp.o[0m
[1.491s] [ 43%] [32mBuilding CXX object CMakeFiles/realsense2_camera_msgs__rosidl_typesupport_fastrtps_cpp.dir/rosidl_typesupport_fastrtps_cpp/realsense2_camera_msgs/msg/detail/dds_fastrtps/imu_info__type_support.cpp.o[0m
[1.491s] [ 43%] [32mBuilding CXX object CMakeFiles/realsense2_camera_msgs__rosidl_typesupport_fastrtps_cpp.dir/rosidl_typesupport_fastrtps_cpp/realsense2_camera_msgs/msg/detail/dds_fastrtps/metadata__type_support.cpp.o[0m
[1.491s] [ 45%] [32mBuilding CXX object CMakeFiles/realsense2_camera_msgs__rosidl_typesupport_fastrtps_cpp.dir/rosidl_typesupport_fastrtps_cpp/realsense2_camera_msgs/srv/detail/dds_fastrtps/device_info__type_support.cpp.o[0m
[1.509s] [ 47%] [32mBuilding CXX object CMakeFiles/realsense2_camera_msgs__rosidl_typesupport_c.dir/rosidl_typesupport_c/realsense2_camera_msgs/msg/imu_info__type_support.cpp.o[0m
[1.509s] [ 49%] [32mBuilding CXX object CMakeFiles/realsense2_camera_msgs__rosidl_typesupport_c.dir/rosidl_typesupport_c/realsense2_camera_msgs/msg/extrinsics__type_support.cpp.o[0m
[1.509s] [ 50%] [32mBuilding CXX object CMakeFiles/realsense2_camera_msgs__rosidl_typesupport_c.dir/rosidl_typesupport_c/realsense2_camera_msgs/msg/metadata__type_support.cpp.o[0m
[1.509s] [ 52%] [32mBuilding CXX object CMakeFiles/realsense2_camera_msgs__rosidl_typesupport_c.dir/rosidl_typesupport_c/realsense2_camera_msgs/srv/device_info__type_support.cpp.o[0m
[1.531s] [ 54%] [32m[1mLinking CXX shared library librealsense2_camera_msgs__rosidl_typesupport_c.so[0m
[1.553s] [ 56%] [32mBuilding C object CMakeFiles/realsense2_camera_msgs__rosidl_typesupport_introspection_c.dir/rosidl_typesupport_introspection_c/realsense2_camera_msgs/msg/detail/imu_info__type_support.c.o[0m
[1.553s] [ 56%] Built target realsense2_camera_msgs__rosidl_typesupport_c
[1.554s] [ 58%] [32mBuilding C object CMakeFiles/realsense2_camera_msgs__rosidl_typesupport_introspection_c.dir/rosidl_typesupport_introspection_c/realsense2_camera_msgs/msg/detail/extrinsics__type_support.c.o[0m
[1.555s] [ 60%] [32mBuilding C object CMakeFiles/realsense2_camera_msgs__rosidl_typesupport_introspection_c.dir/rosidl_typesupport_introspection_c/realsense2_camera_msgs/msg/detail/metadata__type_support.c.o[0m
[1.556s] [ 61%] [32mBuilding C object CMakeFiles/realsense2_camera_msgs__rosidl_typesupport_introspection_c.dir/rosidl_typesupport_introspection_c/realsense2_camera_msgs/srv/detail/device_info__type_support.c.o[0m
[1.565s] [ 65%] [32mBuilding CXX object CMakeFiles/realsense2_camera_msgs__rosidl_typesupport_fastrtps_c.dir/rosidl_typesupport_fastrtps_c/realsense2_camera_msgs/msg/detail/extrinsics__type_support_c.cpp.o[0m
[1.565s] [ 65%] [32mBuilding CXX object CMakeFiles/realsense2_camera_msgs__rosidl_typesupport_fastrtps_c.dir/rosidl_typesupport_fastrtps_c/realsense2_camera_msgs/msg/detail/imu_info__type_support_c.cpp.o[0m
[1.567s] [ 67%] [32mBuilding CXX object CMakeFiles/realsense2_camera_msgs__rosidl_typesupport_fastrtps_c.dir/rosidl_typesupport_fastrtps_c/realsense2_camera_msgs/msg/detail/metadata__type_support_c.cpp.o[0m
[1.570s] [ 69%] [32mBuilding CXX object CMakeFiles/realsense2_camera_msgs__rosidl_typesupport_fastrtps_c.dir/rosidl_typesupport_fastrtps_c/realsense2_camera_msgs/srv/detail/device_info__type_support_c.cpp.o[0m
[1.605s] [ 70%] [32m[1mLinking C shared library librealsense2_camera_msgs__rosidl_typesupport_introspection_c.so[0m
[1.626s] [ 70%] Built target realsense2_camera_msgs__rosidl_typesupport_introspection_c
[1.728s] [ 72%] [32m[1mLinking CXX shared library librealsense2_camera_msgs__rosidl_typesupport_cpp.so[0m
[1.755s] [ 72%] Built target realsense2_camera_msgs__rosidl_typesupport_cpp
[1.794s] [ 74%] [32m[1mLinking CXX shared library librealsense2_camera_msgs__rosidl_typesupport_fastrtps_cpp.so[0m
[1.812s] [ 76%] [32m[1mLinking CXX shared library librealsense2_camera_msgs__rosidl_typesupport_introspection_cpp.so[0m
[1.812s] [ 78%] [32m[1mLinking CXX shared library librealsense2_camera_msgs__rosidl_typesupport_fastrtps_c.so[0m
[1.829s] [ 78%] Built target realsense2_camera_msgs__rosidl_typesupport_fastrtps_cpp
[1.846s] [ 78%] Built target realsense2_camera_msgs__rosidl_typesupport_fastrtps_c
[1.846s] [ 78%] Built target realsense2_camera_msgs__rosidl_typesupport_introspection_cpp
[1.851s] [ 78%] Built target realsense2_camera_msgs
[1.857s] [ 80%] [34m[1mGenerating Python code for ROS interfaces[0m
[2.165s] [ 80%] Built target realsense2_camera_msgs__py
[2.170s] [ 81%] [32mBuilding C object CMakeFiles/realsense2_camera_msgs__rosidl_generator_py.dir/rosidl_generator_py/realsense2_camera_msgs/msg/_imu_info_s.c.o[0m
[2.170s] [ 83%] [32mBuilding C object CMakeFiles/realsense2_camera_msgs__rosidl_generator_py.dir/rosidl_generator_py/realsense2_camera_msgs/msg/_extrinsics_s.c.o[0m
[2.171s] [ 85%] [32mBuilding C object CMakeFiles/realsense2_camera_msgs__rosidl_generator_py.dir/rosidl_generator_py/realsense2_camera_msgs/msg/_metadata_s.c.o[0m
[2.171s] [ 87%] [32mBuilding C object CMakeFiles/realsense2_camera_msgs__rosidl_generator_py.dir/rosidl_generator_py/realsense2_camera_msgs/srv/_device_info_s.c.o[0m
[2.240s] [ 89%] [32m[1mLinking C shared library rosidl_generator_py/realsense2_camera_msgs/librealsense2_camera_msgs__rosidl_generator_py.so[0m
[2.258s] [ 89%] Built target realsense2_camera_msgs__rosidl_generator_py
[2.263s] [ 90%] [32mBuilding C object CMakeFiles/realsense2_camera_msgs__rosidl_typesupport_fastrtps_c__pyext.dir/rosidl_generator_py/realsense2_camera_msgs/_realsense2_camera_msgs_s.ep.rosidl_typesupport_fastrtps_c.c.o[0m
[2.263s] [ 92%] [32mBuilding C object CMakeFiles/realsense2_camera_msgs__rosidl_typesupport_introspection_c__pyext.dir/rosidl_generator_py/realsense2_camera_msgs/_realsense2_camera_msgs_s.ep.rosidl_typesupport_introspection_c.c.o[0m
[2.263s] [ 94%] [32mBuilding C object CMakeFiles/realsense2_camera_msgs__rosidl_typesupport_c__pyext.dir/rosidl_generator_py/realsense2_camera_msgs/_realsense2_camera_msgs_s.ep.rosidl_typesupport_c.c.o[0m
[2.316s] [100%] [32m[1mLinking C shared library rosidl_generator_py/realsense2_camera_msgs/realsense2_camera_msgs_s__rosidl_typesupport_fastrtps_c.cpython-310-x86_64-linux-gnu.so[0m
[2.316s] [100%] [32m[1mLinking C shared library rosidl_generator_py/realsense2_camera_msgs/realsense2_camera_msgs_s__rosidl_typesupport_introspection_c.cpython-310-x86_64-linux-gnu.so[0m
[2.316s] [100%] [32m[1mLinking C shared library rosidl_generator_py/realsense2_camera_msgs/realsense2_camera_msgs_s__rosidl_typesupport_c.cpython-310-x86_64-linux-gnu.so[0m
[2.330s] [100%] Built target realsense2_camera_msgs__rosidl_typesupport_c__pyext
[2.331s] [100%] Built target realsense2_camera_msgs__rosidl_typesupport_fastrtps_c__pyext
[2.331s] [100%] Built target realsense2_camera_msgs__rosidl_typesupport_introspection_c__pyext
[2.336s] Invoked command in '/home/carver/kim_open_topic/linux/ws_download/build/realsense2_camera_msgs' returned '0': CMAKE_PREFIX_PATH=/home/carver/kim_open_topic/linux/ws/install/pixel2coordinate:/home/carver/kim_open_topic/linux/ws/install/fake_pixel:/home/carver/kim_open_topic/linux/ws/install/fake_image:/home/carver/kim_open_topic/linux/ws/install/delay_frame:/home/carver/kim_open_topic/linux/ws/install/check_qos:/home/carver/cartesian_controller_ws/install/cartesian_compliance_controller:/home/carver/cartesian_controller_ws/install/cartesian_motion_controller:/home/carver/cartesian_controller_ws/install/cartesian_force_controller:/home/carver/py_tree_ws/install/py_trees_ros_tutorials:/home/carver/py_tree_ws/install/py_trees_ros:/home/carver/ur_ws/install/rqt_joint_trajectory_controller:/home/carver/ur_ws/install/ros2_controllers_test_nodes:/opt/ros/humble:/home/carver/cartesian_controller_ws/install/cartesian_controller_tests:/home/carver/cartesian_controller_ws/install/cartesian_controller_simulation:/home/carver/cartesian_controller_ws/install/cartesian_controller_handles:/home/carver/cartesian_controller_ws/install/cartesian_controller_base:/home/carver/ur_ws/install/ur:/home/carver/ur_ws/install/ur_calibration:/home/carver/ur_ws/install/ur_robot_driver:/home/carver/ur_ws/install/ur_bringup:/home/carver/ur_ws/install/ros2_controllers:/home/carver/ur_ws/install/velocity_controllers:/home/carver/ur_ws/install/ur_moveit_config:/home/carver/ur_ws/install/ur_description:/home/carver/ur_ws/install/ur_controllers:/home/carver/ur_ws/install/ur_dashboard_msgs:/home/carver/ur_ws/install/tricycle_controller:/home/carver/ur_ws/install/position_controllers:/home/carver/ur_ws/install/joint_trajectory_controller:/home/carver/ur_ws/install/joint_state_broadcaster:/home/carver/ur_ws/install/imu_sensor_broadcaster:/home/carver/ur_ws/install/gripper_controllers:/home/carver/ur_ws/install/effort_controllers:/home/carver/ur_ws/install/forward_command_controller:/home/carver/ur_ws/install/force_torque_sensor_broadcaster:/home/carver/ur_ws/install/diff_drive_controller:/home/carver/carverhand_ws/install/package_name:/home/carver/carverhand_ws/install/carver_ft /home/carver/.local/bin/cmake --build /home/carver/kim_open_topic/linux/ws_download/build/realsense2_camera_msgs -- -j20 -l20
[2.431s] Invoking command in '/home/carver/kim_open_topic/linux/ws_download/build/realsense2_camera_msgs': CMAKE_PREFIX_PATH=/home/carver/kim_open_topic/linux/ws/install/pixel2coordinate:/home/carver/kim_open_topic/linux/ws/install/fake_pixel:/home/carver/kim_open_topic/linux/ws/install/fake_image:/home/carver/kim_open_topic/linux/ws/install/delay_frame:/home/carver/kim_open_topic/linux/ws/install/check_qos:/home/carver/cartesian_controller_ws/install/cartesian_compliance_controller:/home/carver/cartesian_controller_ws/install/cartesian_motion_controller:/home/carver/cartesian_controller_ws/install/cartesian_force_controller:/home/carver/py_tree_ws/install/py_trees_ros_tutorials:/home/carver/py_tree_ws/install/py_trees_ros:/home/carver/ur_ws/install/rqt_joint_trajectory_controller:/home/carver/ur_ws/install/ros2_controllers_test_nodes:/opt/ros/humble:/home/carver/cartesian_controller_ws/install/cartesian_controller_tests:/home/carver/cartesian_controller_ws/install/cartesian_controller_simulation:/home/carver/cartesian_controller_ws/install/cartesian_controller_handles:/home/carver/cartesian_controller_ws/install/cartesian_controller_base:/home/carver/ur_ws/install/ur:/home/carver/ur_ws/install/ur_calibration:/home/carver/ur_ws/install/ur_robot_driver:/home/carver/ur_ws/install/ur_bringup:/home/carver/ur_ws/install/ros2_controllers:/home/carver/ur_ws/install/velocity_controllers:/home/carver/ur_ws/install/ur_moveit_config:/home/carver/ur_ws/install/ur_description:/home/carver/ur_ws/install/ur_controllers:/home/carver/ur_ws/install/ur_dashboard_msgs:/home/carver/ur_ws/install/tricycle_controller:/home/carver/ur_ws/install/position_controllers:/home/carver/ur_ws/install/joint_trajectory_controller:/home/carver/ur_ws/install/joint_state_broadcaster:/home/carver/ur_ws/install/imu_sensor_broadcaster:/home/carver/ur_ws/install/gripper_controllers:/home/carver/ur_ws/install/effort_controllers:/home/carver/ur_ws/install/forward_command_controller:/home/carver/ur_ws/install/force_torque_sensor_broadcaster:/home/carver/ur_ws/install/diff_drive_controller:/home/carver/carverhand_ws/install/package_name:/home/carver/carverhand_ws/install/carver_ft /home/carver/.local/bin/cmake --install /home/carver/kim_open_topic/linux/ws_download/build/realsense2_camera_msgs
[2.448s] -- Install configuration: ""
[2.448s] -- Installing: /home/carver/kim_open_topic/linux/ws_download/install/realsense2_camera_msgs/share/ament_index/resource_index/rosidl_interfaces/realsense2_camera_msgs
[2.449s] -- Installing: /home/carver/kim_open_topic/linux/ws_download/install/realsense2_camera_msgs/include/realsense2_camera_msgs/realsense2_camera_msgs
[2.449s] -- Installing: /home/carver/kim_open_topic/linux/ws_download/install/realsense2_camera_msgs/include/realsense2_camera_msgs/realsense2_camera_msgs/srv
[2.449s] -- Installing: /home/carver/kim_open_topic/linux/ws_download/install/realsense2_camera_msgs/include/realsense2_camera_msgs/realsense2_camera_msgs/srv/device_info.h
[2.449s] -- Installing: /home/carver/kim_open_topic/linux/ws_download/install/realsense2_camera_msgs/include/realsense2_camera_msgs/realsense2_camera_msgs/srv/detail
[2.449s] -- Installing: /home/carver/kim_open_topic/linux/ws_download/install/realsense2_camera_msgs/include/realsense2_camera_msgs/realsense2_camera_msgs/srv/detail/device_info__functions.c
[2.449s] -- Installing: /home/carver/kim_open_topic/linux/ws_download/install/realsense2_camera_msgs/include/realsense2_camera_msgs/realsense2_camera_msgs/srv/detail/device_info__struct.h
[2.449s] -- Installing: /home/carver/kim_open_topic/linux/ws_download/install/realsense2_camera_msgs/include/realsense2_camera_msgs/realsense2_camera_msgs/srv/detail/device_info__type_support.h
[2.449s] -- Installing: /home/carver/kim_open_topic/linux/ws_download/install/realsense2_camera_msgs/include/realsense2_camera_msgs/realsense2_camera_msgs/srv/detail/device_info__functions.h
[2.449s] -- Installing: /home/carver/kim_open_topic/linux/ws_download/install/realsense2_camera_msgs/include/realsense2_camera_msgs/realsense2_camera_msgs/msg
[2.449s] -- Installing: /home/carver/kim_open_topic/linux/ws_download/install/realsense2_camera_msgs/include/realsense2_camera_msgs/realsense2_camera_msgs/msg/rosidl_generator_c__visibility_control.h
[2.450s] -- Installing: /home/carver/kim_open_topic/linux/ws_download/install/realsense2_camera_msgs/include/realsense2_camera_msgs/realsense2_camera_msgs/msg/extrinsics.h
[2.450s] -- Installing: /home/carver/kim_open_topic/linux/ws_download/install/realsense2_camera_msgs/include/realsense2_camera_msgs/realsense2_camera_msgs/msg/imu_info.h
[2.450s] -- Installing: /home/carver/kim_open_topic/linux/ws_download/install/realsense2_camera_msgs/include/realsense2_camera_msgs/realsense2_camera_msgs/msg/detail
[2.450s] -- Installing: /home/carver/kim_open_topic/linux/ws_download/install/realsense2_camera_msgs/include/realsense2_camera_msgs/realsense2_camera_msgs/msg/detail/metadata__struct.h
[2.450s] -- Installing: /home/carver/kim_open_topic/linux/ws_download/install/realsense2_camera_msgs/include/realsense2_camera_msgs/realsense2_camera_msgs/msg/detail/imu_info__functions.c
[2.450s] -- Installing: /home/carver/kim_open_topic/linux/ws_download/install/realsense2_camera_msgs/include/realsense2_camera_msgs/realsense2_camera_msgs/msg/detail/imu_info__functions.h
[2.450s] -- Installing: /home/carver/kim_open_topic/linux/ws_download/install/realsense2_camera_msgs/include/realsense2_camera_msgs/realsense2_camera_msgs/msg/detail/extrinsics__type_support.h
[2.450s] -- Installing: /home/carver/kim_open_topic/linux/ws_download/install/realsense2_camera_msgs/include/realsense2_camera_msgs/realsense2_camera_msgs/msg/detail/extrinsics__functions.c
[2.450s] -- Installing: /home/carver/kim_open_topic/linux/ws_download/install/realsense2_camera_msgs/include/realsense2_camera_msgs/realsense2_camera_msgs/msg/detail/extrinsics__functions.h
[2.450s] -- Installing: /home/carver/kim_open_topic/linux/ws_download/install/realsense2_camera_msgs/include/realsense2_camera_msgs/realsense2_camera_msgs/msg/detail/extrinsics__struct.h
[2.450s] -- Installing: /home/carver/kim_open_topic/linux/ws_download/install/realsense2_camera_msgs/include/realsense2_camera_msgs/realsense2_camera_msgs/msg/detail/metadata__functions.h
[2.450s] -- Installing: /home/carver/kim_open_topic/linux/ws_download/install/realsense2_camera_msgs/include/realsense2_camera_msgs/realsense2_camera_msgs/msg/detail/imu_info__struct.h
[2.450s] -- Installing: /home/carver/kim_open_topic/linux/ws_download/install/realsense2_camera_msgs/include/realsense2_camera_msgs/realsense2_camera_msgs/msg/detail/imu_info__type_support.h
[2.451s] -- Installing: /home/carver/kim_open_topic/linux/ws_download/install/realsense2_camera_msgs/include/realsense2_camera_msgs/realsense2_camera_msgs/msg/detail/metadata__functions.c
[2.451s] -- Installing: /home/carver/kim_open_topic/linux/ws_download/install/realsense2_camera_msgs/include/realsense2_camera_msgs/realsense2_camera_msgs/msg/detail/metadata__type_support.h
[2.451s] -- Installing: /home/carver/kim_open_topic/linux/ws_download/install/realsense2_camera_msgs/include/realsense2_camera_msgs/realsense2_camera_msgs/msg/metadata.h
[2.451s] -- Installing: /home/carver/kim_open_topic/linux/ws_download/install/realsense2_camera_msgs/share/realsense2_camera_msgs/environment/library_path.sh
[2.451s] -- Installing: /home/carver/kim_open_topic/linux/ws_download/install/realsense2_camera_msgs/share/realsense2_camera_msgs/environment/library_path.dsv
[2.451s] -- Installing: /home/carver/kim_open_topic/linux/ws_download/install/realsense2_camera_msgs/lib/librealsense2_camera_msgs__rosidl_generator_c.so
[2.451s] -- Set runtime path of "/home/carver/kim_open_topic/linux/ws_download/install/realsense2_camera_msgs/lib/librealsense2_camera_msgs__rosidl_generator_c.so" to ""
[2.451s] -- Up-to-date: /home/carver/kim_open_topic/linux/ws_download/install/realsense2_camera_msgs/include/realsense2_camera_msgs/realsense2_camera_msgs
[2.451s] -- Up-to-date: /home/carver/kim_open_topic/linux/ws_download/install/realsense2_camera_msgs/include/realsense2_camera_msgs/realsense2_camera_msgs/srv
[2.451s] -- Up-to-date: /home/carver/kim_open_topic/linux/ws_download/install/realsense2_camera_msgs/include/realsense2_camera_msgs/realsense2_camera_msgs/srv/detail
[2.451s] -- Installing: /home/carver/kim_open_topic/linux/ws_download/install/realsense2_camera_msgs/include/realsense2_camera_msgs/realsense2_camera_msgs/srv/detail/device_info__rosidl_typesupport_fastrtps_c.h
[2.451s] -- Up-to-date: /home/carver/kim_open_topic/linux/ws_download/install/realsense2_camera_msgs/include/realsense2_camera_msgs/realsense2_camera_msgs/msg
[2.451s] -- Installing: /home/carver/kim_open_topic/linux/ws_download/install/realsense2_camera_msgs/include/realsense2_camera_msgs/realsense2_camera_msgs/msg/rosidl_typesupport_fastrtps_c__visibility_control.h
[2.451s] -- Up-to-date: /home/carver/kim_open_topic/linux/ws_download/install/realsense2_camera_msgs/include/realsense2_camera_msgs/realsense2_camera_msgs/msg/detail
[2.451s] -- Installing: /home/carver/kim_open_topic/linux/ws_download/install/realsense2_camera_msgs/include/realsense2_camera_msgs/realsense2_camera_msgs/msg/detail/metadata__rosidl_typesupport_fastrtps_c.h
[2.451s] -- Installing: /home/carver/kim_open_topic/linux/ws_download/install/realsense2_camera_msgs/include/realsense2_camera_msgs/realsense2_camera_msgs/msg/detail/extrinsics__rosidl_typesupport_fastrtps_c.h
[2.451s] -- Installing: /home/carver/kim_open_topic/linux/ws_download/install/realsense2_camera_msgs/include/realsense2_camera_msgs/realsense2_camera_msgs/msg/detail/imu_info__rosidl_typesupport_fastrtps_c.h
[2.451s] -- Installing: /home/carver/kim_open_topic/linux/ws_download/install/realsense2_camera_msgs/lib/librealsense2_camera_msgs__rosidl_typesupport_fastrtps_c.so
[2.451s] -- Set runtime path of "/home/carver/kim_open_topic/linux/ws_download/install/realsense2_camera_msgs/lib/librealsense2_camera_msgs__rosidl_typesupport_fastrtps_c.so" to ""
[2.451s] -- Up-to-date: /home/carver/kim_open_topic/linux/ws_download/install/realsense2_camera_msgs/include/realsense2_camera_msgs/realsense2_camera_msgs
[2.451s] -- Up-to-date: /home/carver/kim_open_topic/linux/ws_download/install/realsense2_camera_msgs/include/realsense2_camera_msgs/realsense2_camera_msgs/srv
[2.451s] -- Up-to-date: /home/carver/kim_open_topic/linux/ws_download/install/realsense2_camera_msgs/include/realsense2_camera_msgs/realsense2_camera_msgs/srv/detail
[2.451s] -- Installing: /home/carver/kim_open_topic/linux/ws_download/install/realsense2_camera_msgs/include/realsense2_camera_msgs/realsense2_camera_msgs/srv/detail/device_info__rosidl_typesupport_introspection_c.h
[2.451s] -- Installing: /home/carver/kim_open_topic/linux/ws_download/install/realsense2_camera_msgs/include/realsense2_camera_msgs/realsense2_camera_msgs/srv/detail/device_info__type_support.c
[2.451s] -- Up-to-date: /home/carver/kim_open_topic/linux/ws_download/install/realsense2_camera_msgs/include/realsense2_camera_msgs/realsense2_camera_msgs/msg
[2.451s] -- Up-to-date: /home/carver/kim_open_topic/linux/ws_download/install/realsense2_camera_msgs/include/realsense2_camera_msgs/realsense2_camera_msgs/msg/detail
[2.451s] -- Installing: /home/carver/kim_open_topic/linux/ws_download/install/realsense2_camera_msgs/include/realsense2_camera_msgs/realsense2_camera_msgs/msg/detail/imu_info__rosidl_typesupport_introspection_c.h
[2.451s] -- Installing: /home/carver/kim_open_topic/linux/ws_download/install/realsense2_camera_msgs/include/realsense2_camera_msgs/realsense2_camera_msgs/msg/detail/extrinsics__rosidl_typesupport_introspection_c.h
[2.451s] -- Installing: /home/carver/kim_open_topic/linux/ws_download/install/realsense2_camera_msgs/include/realsense2_camera_msgs/realsense2_camera_msgs/msg/detail/metadata__rosidl_typesupport_introspection_c.h
[2.451s] -- Installing: /home/carver/kim_open_topic/linux/ws_download/install/realsense2_camera_msgs/include/realsense2_camera_msgs/realsense2_camera_msgs/msg/detail/imu_info__type_support.c
[2.451s] -- Installing: /home/carver/kim_open_topic/linux/ws_download/install/realsense2_camera_msgs/include/realsense2_camera_msgs/realsense2_camera_msgs/msg/detail/extrinsics__type_support.c
[2.451s] -- Installing: /home/carver/kim_open_topic/linux/ws_download/install/realsense2_camera_msgs/include/realsense2_camera_msgs/realsense2_camera_msgs/msg/detail/metadata__type_support.c
[2.452s] -- Installing: /home/carver/kim_open_topic/linux/ws_download/install/realsense2_camera_msgs/include/realsense2_camera_msgs/realsense2_camera_msgs/msg/rosidl_typesupport_introspection_c__visibility_control.h
[2.452s] -- Installing: /home/carver/kim_open_topic/linux/ws_download/install/realsense2_camera_msgs/lib/librealsense2_camera_msgs__rosidl_typesupport_introspection_c.so
[2.452s] -- Set runtime path of "/home/carver/kim_open_topic/linux/ws_download/install/realsense2_camera_msgs/lib/librealsense2_camera_msgs__rosidl_typesupport_introspection_c.so" to ""
[2.452s] -- Installing: /home/carver/kim_open_topic/linux/ws_download/install/realsense2_camera_msgs/lib/librealsense2_camera_msgs__rosidl_typesupport_c.so
[2.452s] -- Set runtime path of "/home/carver/kim_open_topic/linux/ws_download/install/realsense2_camera_msgs/lib/librealsense2_camera_msgs__rosidl_typesupport_c.so" to ""
[2.452s] -- Up-to-date: /home/carver/kim_open_topic/linux/ws_download/install/realsense2_camera_msgs/include/realsense2_camera_msgs/realsense2_camera_msgs
[2.452s] -- Up-to-date: /home/carver/kim_open_topic/linux/ws_download/install/realsense2_camera_msgs/include/realsense2_camera_msgs/realsense2_camera_msgs/srv
[2.452s] -- Up-to-date: /home/carver/kim_open_topic/linux/ws_download/install/realsense2_camera_msgs/include/realsense2_camera_msgs/realsense2_camera_msgs/srv/detail
[2.452s] -- Installing: /home/carver/kim_open_topic/linux/ws_download/install/realsense2_camera_msgs/include/realsense2_camera_msgs/realsense2_camera_msgs/srv/detail/device_info__traits.hpp
[2.452s] -- Installing: /home/carver/kim_open_topic/linux/ws_download/install/realsense2_camera_msgs/include/realsense2_camera_msgs/realsense2_camera_msgs/srv/detail/device_info__struct.hpp
[2.452s] -- Installing: /home/carver/kim_open_topic/linux/ws_download/install/realsense2_camera_msgs/include/realsense2_camera_msgs/realsense2_camera_msgs/srv/detail/device_info__builder.hpp
[2.452s] -- Installing: /home/carver/kim_open_topic/linux/ws_download/install/realsense2_camera_msgs/include/realsense2_camera_msgs/realsense2_camera_msgs/srv/device_info.hpp
[2.452s] -- Up-to-date: /home/carver/kim_open_topic/linux/ws_download/install/realsense2_camera_msgs/include/realsense2_camera_msgs/realsense2_camera_msgs/msg
[2.452s] -- Installing: /home/carver/kim_open_topic/linux/ws_download/install/realsense2_camera_msgs/include/realsense2_camera_msgs/realsense2_camera_msgs/msg/imu_info.hpp
[2.452s] -- Installing: /home/carver/kim_open_topic/linux/ws_download/install/realsense2_camera_msgs/include/realsense2_camera_msgs/realsense2_camera_msgs/msg/extrinsics.hpp
[2.452s] -- Up-to-date: /home/carver/kim_open_topic/linux/ws_download/install/realsense2_camera_msgs/include/realsense2_camera_msgs/realsense2_camera_msgs/msg/detail
[2.452s] -- Installing: /home/carver/kim_open_topic/linux/ws_download/install/realsense2_camera_msgs/include/realsense2_camera_msgs/realsense2_camera_msgs/msg/detail/metadata__struct.hpp
[2.452s] -- Installing: /home/carver/kim_open_topic/linux/ws_download/install/realsense2_camera_msgs/include/realsense2_camera_msgs/realsense2_camera_msgs/msg/detail/extrinsics__traits.hpp
[2.452s] -- Installing: /home/carver/kim_open_topic/linux/ws_download/install/realsense2_camera_msgs/include/realsense2_camera_msgs/realsense2_camera_msgs/msg/detail/imu_info__builder.hpp
[2.452s] -- Installing: /home/carver/kim_open_topic/linux/ws_download/install/realsense2_camera_msgs/include/realsense2_camera_msgs/realsense2_camera_msgs/msg/detail/imu_info__traits.hpp
[2.452s] -- Installing: /home/carver/kim_open_topic/linux/ws_download/install/realsense2_camera_msgs/include/realsense2_camera_msgs/realsense2_camera_msgs/msg/detail/extrinsics__builder.hpp
[2.452s] -- Installing: /home/carver/kim_open_topic/linux/ws_download/install/realsense2_camera_msgs/include/realsense2_camera_msgs/realsense2_camera_msgs/msg/detail/extrinsics__struct.hpp
[2.452s] -- Installing: /home/carver/kim_open_topic/linux/ws_download/install/realsense2_camera_msgs/include/realsense2_camera_msgs/realsense2_camera_msgs/msg/detail/metadata__traits.hpp
[2.452s] -- Installing: /home/carver/kim_open_topic/linux/ws_download/install/realsense2_camera_msgs/include/realsense2_camera_msgs/realsense2_camera_msgs/msg/detail/imu_info__struct.hpp
[2.452s] -- Installing: /home/carver/kim_open_topic/linux/ws_download/install/realsense2_camera_msgs/include/realsense2_camera_msgs/realsense2_camera_msgs/msg/detail/metadata__builder.hpp
[2.452s] -- Installing: /home/carver/kim_open_topic/linux/ws_download/install/realsense2_camera_msgs/include/realsense2_camera_msgs/realsense2_camera_msgs/msg/metadata.hpp
[2.452s] -- Up-to-date: /home/carver/kim_open_topic/linux/ws_download/install/realsense2_camera_msgs/include/realsense2_camera_msgs/realsense2_camera_msgs
[2.452s] -- Up-to-date: /home/carver/kim_open_topic/linux/ws_download/install/realsense2_camera_msgs/include/realsense2_camera_msgs/realsense2_camera_msgs/srv
[2.452s] -- Up-to-date: /home/carver/kim_open_topic/linux/ws_download/install/realsense2_camera_msgs/include/realsense2_camera_msgs/realsense2_camera_msgs/srv/detail
[2.452s] -- Installing: /home/carver/kim_open_topic/linux/ws_download/install/realsense2_camera_msgs/include/realsense2_camera_msgs/realsense2_camera_msgs/srv/detail/dds_fastrtps
[2.452s] -- Installing: /home/carver/kim_open_topic/linux/ws_download/install/realsense2_camera_msgs/include/realsense2_camera_msgs/realsense2_camera_msgs/srv/detail/device_info__rosidl_typesupport_fastrtps_cpp.hpp
[2.452s] -- Up-to-date: /home/carver/kim_open_topic/linux/ws_download/install/realsense2_camera_msgs/include/realsense2_camera_msgs/realsense2_camera_msgs/msg
[2.452s] -- Installing: /home/carver/kim_open_topic/linux/ws_download/install/realsense2_camera_msgs/include/realsense2_camera_msgs/realsense2_camera_msgs/msg/rosidl_typesupport_fastrtps_cpp__visibility_control.h
[2.452s] -- Up-to-date: /home/carver/kim_open_topic/linux/ws_download/install/realsense2_camera_msgs/include/realsense2_camera_msgs/realsense2_camera_msgs/msg/detail
[2.452s] -- Installing: /home/carver/kim_open_topic/linux/ws_download/install/realsense2_camera_msgs/include/realsense2_camera_msgs/realsense2_camera_msgs/msg/detail/extrinsics__rosidl_typesupport_fastrtps_cpp.hpp
[2.452s] -- Installing: /home/carver/kim_open_topic/linux/ws_download/install/realsense2_camera_msgs/include/realsense2_camera_msgs/realsense2_camera_msgs/msg/detail/metadata__rosidl_typesupport_fastrtps_cpp.hpp
[2.452s] -- Installing: /home/carver/kim_open_topic/linux/ws_download/install/realsense2_camera_msgs/include/realsense2_camera_msgs/realsense2_camera_msgs/msg/detail/dds_fastrtps
[2.452s] -- Installing: /home/carver/kim_open_topic/linux/ws_download/install/realsense2_camera_msgs/include/realsense2_camera_msgs/realsense2_camera_msgs/msg/detail/imu_info__rosidl_typesupport_fastrtps_cpp.hpp
[2.453s] -- Installing: /home/carver/kim_open_topic/linux/ws_download/install/realsense2_camera_msgs/lib/librealsense2_camera_msgs__rosidl_typesupport_fastrtps_cpp.so
[2.453s] -- Set runtime path of "/home/carver/kim_open_topic/linux/ws_download/install/realsense2_camera_msgs/lib/librealsense2_camera_msgs__rosidl_typesupport_fastrtps_cpp.so" to ""
[2.453s] -- Up-to-date: /home/carver/kim_open_topic/linux/ws_download/install/realsense2_camera_msgs/include/realsense2_camera_msgs/realsense2_camera_msgs
[2.453s] -- Up-to-date: /home/carver/kim_open_topic/linux/ws_download/install/realsense2_camera_msgs/include/realsense2_camera_msgs/realsense2_camera_msgs/srv
[2.453s] -- Up-to-date: /home/carver/kim_open_topic/linux/ws_download/install/realsense2_camera_msgs/include/realsense2_camera_msgs/realsense2_camera_msgs/srv/detail
[2.453s] -- Installing: /home/carver/kim_open_topic/linux/ws_download/install/realsense2_camera_msgs/include/realsense2_camera_msgs/realsense2_camera_msgs/srv/detail/device_info__rosidl_typesupport_introspection_cpp.hpp
[2.453s] -- Installing: /home/carver/kim_open_topic/linux/ws_download/install/realsense2_camera_msgs/include/realsense2_camera_msgs/realsense2_camera_msgs/srv/detail/device_info__type_support.cpp
[2.453s] -- Up-to-date: /home/carver/kim_open_topic/linux/ws_download/install/realsense2_camera_msgs/include/realsense2_camera_msgs/realsense2_camera_msgs/msg
[2.453s] -- Up-to-date: /home/carver/kim_open_topic/linux/ws_download/install/realsense2_camera_msgs/include/realsense2_camera_msgs/realsense2_camera_msgs/msg/detail
[2.453s] -- Installing: /home/carver/kim_open_topic/linux/ws_download/install/realsense2_camera_msgs/include/realsense2_camera_msgs/realsense2_camera_msgs/msg/detail/extrinsics__type_support.cpp
[2.453s] -- Installing: /home/carver/kim_open_topic/linux/ws_download/install/realsense2_camera_msgs/include/realsense2_camera_msgs/realsense2_camera_msgs/msg/detail/metadata__type_support.cpp
[2.453s] -- Installing: /home/carver/kim_open_topic/linux/ws_download/install/realsense2_camera_msgs/include/realsense2_camera_msgs/realsense2_camera_msgs/msg/detail/imu_info__type_support.cpp
[2.453s] -- Installing: /home/carver/kim_open_topic/linux/ws_download/install/realsense2_camera_msgs/include/realsense2_camera_msgs/realsense2_camera_msgs/msg/detail/extrinsics__rosidl_typesupport_introspection_cpp.hpp
[2.453s] -- Installing: /home/carver/kim_open_topic/linux/ws_download/install/realsense2_camera_msgs/include/realsense2_camera_msgs/realsense2_camera_msgs/msg/detail/imu_info__rosidl_typesupport_introspection_cpp.hpp
[2.453s] -- Installing: /home/carver/kim_open_topic/linux/ws_download/install/realsense2_camera_msgs/include/realsense2_camera_msgs/realsense2_camera_msgs/msg/detail/metadata__rosidl_typesupport_introspection_cpp.hpp
[2.453s] -- Installing: /home/carver/kim_open_topic/linux/ws_download/install/realsense2_camera_msgs/lib/librealsense2_camera_msgs__rosidl_typesupport_introspection_cpp.so
[2.453s] -- Set runtime path of "/home/carver/kim_open_topic/linux/ws_download/install/realsense2_camera_msgs/lib/librealsense2_camera_msgs__rosidl_typesupport_introspection_cpp.so" to ""
[2.453s] -- Installing: /home/carver/kim_open_topic/linux/ws_download/install/realsense2_camera_msgs/lib/librealsense2_camera_msgs__rosidl_typesupport_cpp.so
[2.453s] -- Set runtime path of "/home/carver/kim_open_topic/linux/ws_download/install/realsense2_camera_msgs/lib/librealsense2_camera_msgs__rosidl_typesupport_cpp.so" to ""
[2.453s] -- Installing: /home/carver/kim_open_topic/linux/ws_download/install/realsense2_camera_msgs/share/realsense2_camera_msgs/environment/pythonpath.sh
[2.453s] -- Installing: /home/carver/kim_open_topic/linux/ws_download/install/realsense2_camera_msgs/share/realsense2_camera_msgs/environment/pythonpath.dsv
[2.453s] -- Installing: /home/carver/kim_open_topic/linux/ws_download/install/realsense2_camera_msgs/local/lib/python3.10/dist-packages/realsense2_camera_msgs-4.51.1-py3.10.egg-info
[2.453s] -- Installing: /home/carver/kim_open_topic/linux/ws_download/install/realsense2_camera_msgs/local/lib/python3.10/dist-packages/realsense2_camera_msgs-4.51.1-py3.10.egg-info/top_level.txt
[2.453s] -- Installing: /home/carver/kim_open_topic/linux/ws_download/install/realsense2_camera_msgs/local/lib/python3.10/dist-packages/realsense2_camera_msgs-4.51.1-py3.10.egg-info/SOURCES.txt
[2.453s] -- Installing: /home/carver/kim_open_topic/linux/ws_download/install/realsense2_camera_msgs/local/lib/python3.10/dist-packages/realsense2_camera_msgs-4.51.1-py3.10.egg-info/PKG-INFO
[2.453s] -- Installing: /home/carver/kim_open_topic/linux/ws_download/install/realsense2_camera_msgs/local/lib/python3.10/dist-packages/realsense2_camera_msgs-4.51.1-py3.10.egg-info/dependency_links.txt
[2.453s] -- Installing: /home/carver/kim_open_topic/linux/ws_download/install/realsense2_camera_msgs/local/lib/python3.10/dist-packages/realsense2_camera_msgs
[2.453s] -- Installing: /home/carver/kim_open_topic/linux/ws_download/install/realsense2_camera_msgs/local/lib/python3.10/dist-packages/realsense2_camera_msgs/_realsense2_camera_msgs_s.ep.rosidl_typesupport_introspection_c.c
[2.453s] -- Installing: /home/carver/kim_open_topic/linux/ws_download/install/realsense2_camera_msgs/local/lib/python3.10/dist-packages/realsense2_camera_msgs/realsense2_camera_msgs_s__rosidl_typesupport_introspection_c.cpython-310-x86_64-linux-gnu.so
[2.453s] -- Installing: /home/carver/kim_open_topic/linux/ws_download/install/realsense2_camera_msgs/local/lib/python3.10/dist-packages/realsense2_camera_msgs/srv
[2.453s] -- Installing: /home/carver/kim_open_topic/linux/ws_download/install/realsense2_camera_msgs/local/lib/python3.10/dist-packages/realsense2_camera_msgs/srv/_device_info_s.c
[2.453s] -- Installing: /home/carver/kim_open_topic/linux/ws_download/install/realsense2_camera_msgs/local/lib/python3.10/dist-packages/realsense2_camera_msgs/srv/_device_info.py
[2.453s] -- Installing: /home/carver/kim_open_topic/linux/ws_download/install/realsense2_camera_msgs/local/lib/python3.10/dist-packages/realsense2_camera_msgs/srv/__init__.py
[2.453s] -- Installing: /home/carver/kim_open_topic/linux/ws_download/install/realsense2_camera_msgs/local/lib/python3.10/dist-packages/realsense2_camera_msgs/_realsense2_camera_msgs_s.ep.rosidl_typesupport_fastrtps_c.c
[2.453s] -- Installing: /home/carver/kim_open_topic/linux/ws_download/install/realsense2_camera_msgs/local/lib/python3.10/dist-packages/realsense2_camera_msgs/msg
[2.453s] -- Installing: /home/carver/kim_open_topic/linux/ws_download/install/realsense2_camera_msgs/local/lib/python3.10/dist-packages/realsense2_camera_msgs/msg/_extrinsics_s.c
[2.453s] -- Installing: /home/carver/kim_open_topic/linux/ws_download/install/realsense2_camera_msgs/local/lib/python3.10/dist-packages/realsense2_camera_msgs/msg/_metadata_s.c
[2.453s] -- Installing: /home/carver/kim_open_topic/linux/ws_download/install/realsense2_camera_msgs/local/lib/python3.10/dist-packages/realsense2_camera_msgs/msg/_extrinsics.py
[2.453s] -- Installing: /home/carver/kim_open_topic/linux/ws_download/install/realsense2_camera_msgs/local/lib/python3.10/dist-packages/realsense2_camera_msgs/msg/_metadata.py
[2.453s] -- Installing: /home/carver/kim_open_topic/linux/ws_download/install/realsense2_camera_msgs/local/lib/python3.10/dist-packages/realsense2_camera_msgs/msg/__init__.py
[2.454s] -- Installing: /home/carver/kim_open_topic/linux/ws_download/install/realsense2_camera_msgs/local/lib/python3.10/dist-packages/realsense2_camera_msgs/msg/_imu_info_s.c
[2.454s] -- Installing: /home/carver/kim_open_topic/linux/ws_download/install/realsense2_camera_msgs/local/lib/python3.10/dist-packages/realsense2_camera_msgs/msg/_imu_info.py
[2.454s] -- Installing: /home/carver/kim_open_topic/linux/ws_download/install/realsense2_camera_msgs/local/lib/python3.10/dist-packages/realsense2_camera_msgs/realsense2_camera_msgs_s__rosidl_typesupport_c.cpython-310-x86_64-linux-gnu.so
[2.454s] -- Installing: /home/carver/kim_open_topic/linux/ws_download/install/realsense2_camera_msgs/local/lib/python3.10/dist-packages/realsense2_camera_msgs/librealsense2_camera_msgs__rosidl_generator_py.so
[2.454s] -- Installing: /home/carver/kim_open_topic/linux/ws_download/install/realsense2_camera_msgs/local/lib/python3.10/dist-packages/realsense2_camera_msgs/__init__.py
[2.454s] -- Installing: /home/carver/kim_open_topic/linux/ws_download/install/realsense2_camera_msgs/local/lib/python3.10/dist-packages/realsense2_camera_msgs/_realsense2_camera_msgs_s.ep.rosidl_typesupport_c.c
[2.454s] -- Installing: /home/carver/kim_open_topic/linux/ws_download/install/realsense2_camera_msgs/local/lib/python3.10/dist-packages/realsense2_camera_msgs/realsense2_camera_msgs_s__rosidl_typesupport_fastrtps_c.cpython-310-x86_64-linux-gnu.so
[2.477s] Listing '/home/carver/kim_open_topic/linux/ws_download/install/realsense2_camera_msgs/local/lib/python3.10/dist-packages/realsense2_camera_msgs'...
[2.477s] Compiling '/home/carver/kim_open_topic/linux/ws_download/install/realsense2_camera_msgs/local/lib/python3.10/dist-packages/realsense2_camera_msgs/__init__.py'...
[2.477s] Listing '/home/carver/kim_open_topic/linux/ws_download/install/realsense2_camera_msgs/local/lib/python3.10/dist-packages/realsense2_camera_msgs/msg'...
[2.477s] Compiling '/home/carver/kim_open_topic/linux/ws_download/install/realsense2_camera_msgs/local/lib/python3.10/dist-packages/realsense2_camera_msgs/msg/__init__.py'...
[2.477s] Compiling '/home/carver/kim_open_topic/linux/ws_download/install/realsense2_camera_msgs/local/lib/python3.10/dist-packages/realsense2_camera_msgs/msg/_extrinsics.py'...
[2.477s] Compiling '/home/carver/kim_open_topic/linux/ws_download/install/realsense2_camera_msgs/local/lib/python3.10/dist-packages/realsense2_camera_msgs/msg/_imu_info.py'...
[2.477s] Compiling '/home/carver/kim_open_topic/linux/ws_download/install/realsense2_camera_msgs/local/lib/python3.10/dist-packages/realsense2_camera_msgs/msg/_metadata.py'...
[2.477s] Listing '/home/carver/kim_open_topic/linux/ws_download/install/realsense2_camera_msgs/local/lib/python3.10/dist-packages/realsense2_camera_msgs/srv'...
[2.477s] Compiling '/home/carver/kim_open_topic/linux/ws_download/install/realsense2_camera_msgs/local/lib/python3.10/dist-packages/realsense2_camera_msgs/srv/__init__.py'...
[2.477s] Compiling '/home/carver/kim_open_topic/linux/ws_download/install/realsense2_camera_msgs/local/lib/python3.10/dist-packages/realsense2_camera_msgs/srv/_device_info.py'...
[2.479s] -- Installing: /home/carver/kim_open_topic/linux/ws_download/install/realsense2_camera_msgs/local/lib/python3.10/dist-packages/realsense2_camera_msgs/realsense2_camera_msgs_s__rosidl_typesupport_fastrtps_c.cpython-310-x86_64-linux-gnu.so
[2.479s] -- Set runtime path of "/home/carver/kim_open_topic/linux/ws_download/install/realsense2_camera_msgs/local/lib/python3.10/dist-packages/realsense2_camera_msgs/realsense2_camera_msgs_s__rosidl_typesupport_fastrtps_c.cpython-310-x86_64-linux-gnu.so" to ""
[2.480s] -- Installing: /home/carver/kim_open_topic/linux/ws_download/install/realsense2_camera_msgs/local/lib/python3.10/dist-packages/realsense2_camera_msgs/realsense2_camera_msgs_s__rosidl_typesupport_introspection_c.cpython-310-x86_64-linux-gnu.so
[2.480s] -- Set runtime path of "/home/carver/kim_open_topic/linux/ws_download/install/realsense2_camera_msgs/local/lib/python3.10/dist-packages/realsense2_camera_msgs/realsense2_camera_msgs_s__rosidl_typesupport_introspection_c.cpython-310-x86_64-linux-gnu.so" to ""
[2.480s] -- Installing: /home/carver/kim_open_topic/linux/ws_download/install/realsense2_camera_msgs/local/lib/python3.10/dist-packages/realsense2_camera_msgs/realsense2_camera_msgs_s__rosidl_typesupport_c.cpython-310-x86_64-linux-gnu.so
[2.480s] -- Set runtime path of "/home/carver/kim_open_topic/linux/ws_download/install/realsense2_camera_msgs/local/lib/python3.10/dist-packages/realsense2_camera_msgs/realsense2_camera_msgs_s__rosidl_typesupport_c.cpython-310-x86_64-linux-gnu.so" to ""
[2.480s] -- Installing: /home/carver/kim_open_topic/linux/ws_download/install/realsense2_camera_msgs/lib/librealsense2_camera_msgs__rosidl_generator_py.so
[2.480s] -- Set runtime path of "/home/carver/kim_open_topic/linux/ws_download/install/realsense2_camera_msgs/lib/librealsense2_camera_msgs__rosidl_generator_py.so" to ""
[2.480s] -- Installing: /home/carver/kim_open_topic/linux/ws_download/install/realsense2_camera_msgs/share/realsense2_camera_msgs/msg/IMUInfo.idl
[2.480s] -- Installing: /home/carver/kim_open_topic/linux/ws_download/install/realsense2_camera_msgs/share/realsense2_camera_msgs/msg/Extrinsics.idl
[2.480s] -- Installing: /home/carver/kim_open_topic/linux/ws_download/install/realsense2_camera_msgs/share/realsense2_camera_msgs/msg/Metadata.idl
[2.480s] -- Installing: /home/carver/kim_open_topic/linux/ws_download/install/realsense2_camera_msgs/share/realsense2_camera_msgs/srv/DeviceInfo.idl
[2.480s] -- Installing: /home/carver/kim_open_topic/linux/ws_download/install/realsense2_camera_msgs/share/realsense2_camera_msgs/msg/IMUInfo.msg
[2.480s] -- Installing: /home/carver/kim_open_topic/linux/ws_download/install/realsense2_camera_msgs/share/realsense2_camera_msgs/msg/Extrinsics.msg
[2.480s] -- Installing: /home/carver/kim_open_topic/linux/ws_download/install/realsense2_camera_msgs/share/realsense2_camera_msgs/msg/Metadata.msg
[2.480s] -- Installing: /home/carver/kim_open_topic/linux/ws_download/install/realsense2_camera_msgs/share/realsense2_camera_msgs/srv/DeviceInfo.srv
[2.480s] -- Installing: /home/carver/kim_open_topic/linux/ws_download/install/realsense2_camera_msgs/share/realsense2_camera_msgs/srv/DeviceInfo_Request.msg
[2.480s] -- Installing: /home/carver/kim_open_topic/linux/ws_download/install/realsense2_camera_msgs/share/realsense2_camera_msgs/srv/DeviceInfo_Response.msg
[2.480s] -- Installing: /home/carver/kim_open_topic/linux/ws_download/install/realsense2_camera_msgs/share/ament_index/resource_index/package_run_dependencies/realsense2_camera_msgs
[2.480s] -- Installing: /home/carver/kim_open_topic/linux/ws_download/install/realsense2_camera_msgs/share/ament_index/resource_index/parent_prefix_path/realsense2_camera_msgs
[2.480s] -- Installing: /home/carver/kim_open_topic/linux/ws_download/install/realsense2_camera_msgs/share/realsense2_camera_msgs/environment/ament_prefix_path.sh
[2.481s] -- Installing: /home/carver/kim_open_topic/linux/ws_download/install/realsense2_camera_msgs/share/realsense2_camera_msgs/environment/ament_prefix_path.dsv
[2.481s] -- Installing: /home/carver/kim_open_topic/linux/ws_download/install/realsense2_camera_msgs/share/realsense2_camera_msgs/environment/path.sh
[2.481s] -- Installing: /home/carver/kim_open_topic/linux/ws_download/install/realsense2_camera_msgs/share/realsense2_camera_msgs/environment/path.dsv
[2.481s] -- Installing: /home/carver/kim_open_topic/linux/ws_download/install/realsense2_camera_msgs/share/realsense2_camera_msgs/local_setup.bash
[2.481s] -- Installing: /home/carver/kim_open_topic/linux/ws_download/install/realsense2_camera_msgs/share/realsense2_camera_msgs/local_setup.sh
[2.481s] -- Installing: /home/carver/kim_open_topic/linux/ws_download/install/realsense2_camera_msgs/share/realsense2_camera_msgs/local_setup.zsh
[2.481s] -- Installing: /home/carver/kim_open_topic/linux/ws_download/install/realsense2_camera_msgs/share/realsense2_camera_msgs/local_setup.dsv
[2.481s] -- Installing: /home/carver/kim_open_topic/linux/ws_download/install/realsense2_camera_msgs/share/realsense2_camera_msgs/package.dsv
[2.481s] -- Installing: /home/carver/kim_open_topic/linux/ws_download/install/realsense2_camera_msgs/share/ament_index/resource_index/packages/realsense2_camera_msgs
[2.481s] -- Installing: /home/carver/kim_open_topic/linux/ws_download/install/realsense2_camera_msgs/share/realsense2_camera_msgs/cmake/export_realsense2_camera_msgs__rosidl_generator_cExport.cmake
[2.481s] -- Installing: /home/carver/kim_open_topic/linux/ws_download/install/realsense2_camera_msgs/share/realsense2_camera_msgs/cmake/export_realsense2_camera_msgs__rosidl_generator_cExport-noconfig.cmake
[2.481s] -- Installing: /home/carver/kim_open_topic/linux/ws_download/install/realsense2_camera_msgs/share/realsense2_camera_msgs/cmake/export_realsense2_camera_msgs__rosidl_typesupport_fastrtps_cExport.cmake
[2.481s] -- Installing: /home/carver/kim_open_topic/linux/ws_download/install/realsense2_camera_msgs/share/realsense2_camera_msgs/cmake/export_realsense2_camera_msgs__rosidl_typesupport_fastrtps_cExport-noconfig.cmake
[2.481s] -- Installing: /home/carver/kim_open_topic/linux/ws_download/install/realsense2_camera_msgs/share/realsense2_camera_msgs/cmake/realsense2_camera_msgs__rosidl_typesupport_introspection_cExport.cmake
[2.481s] -- Installing: /home/carver/kim_open_topic/linux/ws_download/install/realsense2_camera_msgs/share/realsense2_camera_msgs/cmake/realsense2_camera_msgs__rosidl_typesupport_introspection_cExport-noconfig.cmake
[2.481s] -- Installing: /home/carver/kim_open_topic/linux/ws_download/install/realsense2_camera_msgs/share/realsense2_camera_msgs/cmake/realsense2_camera_msgs__rosidl_typesupport_cExport.cmake
[2.481s] -- Installing: /home/carver/kim_open_topic/linux/ws_download/install/realsense2_camera_msgs/share/realsense2_camera_msgs/cmake/realsense2_camera_msgs__rosidl_typesupport_cExport-noconfig.cmake
[2.481s] -- Installing: /home/carver/kim_open_topic/linux/ws_download/install/realsense2_camera_msgs/share/realsense2_camera_msgs/cmake/export_realsense2_camera_msgs__rosidl_generator_cppExport.cmake
[2.481s] -- Installing: /home/carver/kim_open_topic/linux/ws_download/install/realsense2_camera_msgs/share/realsense2_camera_msgs/cmake/export_realsense2_camera_msgs__rosidl_typesupport_fastrtps_cppExport.cmake
[2.481s] -- Installing: /home/carver/kim_open_topic/linux/ws_download/install/realsense2_camera_msgs/share/realsense2_camera_msgs/cmake/export_realsense2_camera_msgs__rosidl_typesupport_fastrtps_cppExport-noconfig.cmake
[2.481s] -- Installing: /home/carver/kim_open_topic/linux/ws_download/install/realsense2_camera_msgs/share/realsense2_camera_msgs/cmake/realsense2_camera_msgs__rosidl_typesupport_introspection_cppExport.cmake
[2.481s] -- Installing: /home/carver/kim_open_topic/linux/ws_download/install/realsense2_camera_msgs/share/realsense2_camera_msgs/cmake/realsense2_camera_msgs__rosidl_typesupport_introspection_cppExport-noconfig.cmake
[2.481s] -- Installing: /home/carver/kim_open_topic/linux/ws_download/install/realsense2_camera_msgs/share/realsense2_camera_msgs/cmake/realsense2_camera_msgs__rosidl_typesupport_cppExport.cmake
[2.482s] -- Installing: /home/carver/kim_open_topic/linux/ws_download/install/realsense2_camera_msgs/share/realsense2_camera_msgs/cmake/realsense2_camera_msgs__rosidl_typesupport_cppExport-noconfig.cmake
[2.482s] -- Installing: /home/carver/kim_open_topic/linux/ws_download/install/realsense2_camera_msgs/share/realsense2_camera_msgs/cmake/export_realsense2_camera_msgs__rosidl_generator_pyExport.cmake
[2.482s] -- Installing: /home/carver/kim_open_topic/linux/ws_download/install/realsense2_camera_msgs/share/realsense2_camera_msgs/cmake/export_realsense2_camera_msgs__rosidl_generator_pyExport-noconfig.cmake
[2.482s] -- Installing: /home/carver/kim_open_topic/linux/ws_download/install/realsense2_camera_msgs/share/realsense2_camera_msgs/cmake/rosidl_cmake-extras.cmake
[2.482s] -- Installing: /home/carver/kim_open_topic/linux/ws_download/install/realsense2_camera_msgs/share/realsense2_camera_msgs/cmake/ament_cmake_export_dependencies-extras.cmake
[2.482s] -- Installing: /home/carver/kim_open_topic/linux/ws_download/install/realsense2_camera_msgs/share/realsense2_camera_msgs/cmake/ament_cmake_export_include_directories-extras.cmake
[2.482s] -- Installing: /home/carver/kim_open_topic/linux/ws_download/install/realsense2_camera_msgs/share/realsense2_camera_msgs/cmake/ament_cmake_export_libraries-extras.cmake
[2.482s] -- Installing: /home/carver/kim_open_topic/linux/ws_download/install/realsense2_camera_msgs/share/realsense2_camera_msgs/cmake/ament_cmake_export_targets-extras.cmake
[2.482s] -- Installing: /home/carver/kim_open_topic/linux/ws_download/install/realsense2_camera_msgs/share/realsense2_camera_msgs/cmake/rosidl_cmake_export_typesupport_targets-extras.cmake
[2.482s] -- Installing: /home/carver/kim_open_topic/linux/ws_download/install/realsense2_camera_msgs/share/realsense2_camera_msgs/cmake/rosidl_cmake_export_typesupport_libraries-extras.cmake
[2.482s] -- Installing: /home/carver/kim_open_topic/linux/ws_download/install/realsense2_camera_msgs/share/realsense2_camera_msgs/cmake/realsense2_camera_msgsConfig.cmake
[2.482s] -- Installing: /home/carver/kim_open_topic/linux/ws_download/install/realsense2_camera_msgs/share/realsense2_camera_msgs/cmake/realsense2_camera_msgsConfig-version.cmake
[2.482s] -- Installing: /home/carver/kim_open_topic/linux/ws_download/install/realsense2_camera_msgs/share/realsense2_camera_msgs/package.xml
[2.486s] Invoked command in '/home/carver/kim_open_topic/linux/ws_download/build/realsense2_camera_msgs' returned '0': CMAKE_PREFIX_PATH=/home/carver/kim_open_topic/linux/ws/install/pixel2coordinate:/home/carver/kim_open_topic/linux/ws/install/fake_pixel:/home/carver/kim_open_topic/linux/ws/install/fake_image:/home/carver/kim_open_topic/linux/ws/install/delay_frame:/home/carver/kim_open_topic/linux/ws/install/check_qos:/home/carver/cartesian_controller_ws/install/cartesian_compliance_controller:/home/carver/cartesian_controller_ws/install/cartesian_motion_controller:/home/carver/cartesian_controller_ws/install/cartesian_force_controller:/home/carver/py_tree_ws/install/py_trees_ros_tutorials:/home/carver/py_tree_ws/install/py_trees_ros:/home/carver/ur_ws/install/rqt_joint_trajectory_controller:/home/carver/ur_ws/install/ros2_controllers_test_nodes:/opt/ros/humble:/home/carver/cartesian_controller_ws/install/cartesian_controller_tests:/home/carver/cartesian_controller_ws/install/cartesian_controller_simulation:/home/carver/cartesian_controller_ws/install/cartesian_controller_handles:/home/carver/cartesian_controller_ws/install/cartesian_controller_base:/home/carver/ur_ws/install/ur:/home/carver/ur_ws/install/ur_calibration:/home/carver/ur_ws/install/ur_robot_driver:/home/carver/ur_ws/install/ur_bringup:/home/carver/ur_ws/install/ros2_controllers:/home/carver/ur_ws/install/velocity_controllers:/home/carver/ur_ws/install/ur_moveit_config:/home/carver/ur_ws/install/ur_description:/home/carver/ur_ws/install/ur_controllers:/home/carver/ur_ws/install/ur_dashboard_msgs:/home/carver/ur_ws/install/tricycle_controller:/home/carver/ur_ws/install/position_controllers:/home/carver/ur_ws/install/joint_trajectory_controller:/home/carver/ur_ws/install/joint_state_broadcaster:/home/carver/ur_ws/install/imu_sensor_broadcaster:/home/carver/ur_ws/install/gripper_controllers:/home/carver/ur_ws/install/effort_controllers:/home/carver/ur_ws/install/forward_command_controller:/home/carver/ur_ws/install/force_torque_sensor_broadcaster:/home/carver/ur_ws/install/diff_drive_controller:/home/carver/carverhand_ws/install/package_name:/home/carver/carverhand_ws/install/carver_ft /home/carver/.local/bin/cmake --install /home/carver/kim_open_topic/linux/ws_download/build/realsense2_camera_msgs
