[0.055s] Invoking command in '/home/kim/open_topic/linux/ws/build/fake_pixel': CMAKE_PREFIX_PATH=${CMAKE_PREFIX_PATH}:/opt/ros/foxy /home/kim/.local/bin/cmake --build /home/kim/open_topic/linux/ws/build/fake_pixel -- -j12 -l12
[0.086s] -- Found ament_cmake: 0.9.11 (/opt/ros/foxy/share/ament_cmake/cmake)
[0.105s] -- Using PYTHON_EXECUTABLE: /usr/bin/python3
[0.257s] -- Found rclcpp: 2.4.2 (/opt/ros/foxy/share/rclcpp/cmake)
[0.286s] -- Using all available rosidl_typesupport_c: rosidl_typesupport_fastrtps_c;rosidl_typesupport_introspection_c
[0.286s] -- Found rosidl_adapter: 1.3.0 (/opt/ros/foxy/share/rosidl_adapter/cmake)
[0.378s] -- Using all available rosidl_typesupport_cpp: rosidl_typesupport_fastrtps_cpp;rosidl_typesupport_introspection_cpp
[0.413s] -- Found rmw_implementation_cmake: 1.0.3 (/opt/ros/foxy/share/rmw_implementation_cmake/cmake)
[0.414s] -- Using RMW implementation 'rmw_fastrtps_cpp' as default
[0.509s] -- Found rclpy: 1.0.11 (/opt/ros/foxy/share/rclpy/cmake)
[0.560s] -- Configuring done
[0.567s] -- Generating done
[0.568s] -- Build files have been written to: /home/kim/open_topic/linux/ws/build/fake_pixel
[0.584s] [100%] Built target cpp_node_test
[0.590s] Invoked command in '/home/kim/open_topic/linux/ws/build/fake_pixel' returned '0': CMAKE_PREFIX_PATH=${CMAKE_PREFIX_PATH}:/opt/ros/foxy /home/kim/.local/bin/cmake --build /home/kim/open_topic/linux/ws/build/fake_pixel -- -j12 -l12
[0.634s] Invoking command in '/home/kim/open_topic/linux/ws/build/fake_pixel': CMAKE_PREFIX_PATH=${CMAKE_PREFIX_PATH}:/opt/ros/foxy /home/kim/.local/bin/cmake --install /home/kim/open_topic/linux/ws/build/fake_pixel
[0.658s] -- Install configuration: ""
[0.659s] -- Up-to-date: /home/kim/open_topic/linux/ws/install/fake_pixel/share/fake_pixel/environment/pythonpath.sh
[0.659s] -- Installing: /home/kim/open_topic/linux/ws/install/fake_pixel/share/fake_pixel/environment/pythonpath.dsv
[0.659s] -- Up-to-date: /home/kim/open_topic/linux/ws/install/fake_pixel/lib/python3.8/site-packages/fake_pixel
[0.659s] -- Up-to-date: /home/kim/open_topic/linux/ws/install/fake_pixel/lib/python3.8/site-packages/fake_pixel/dummy_module.py
[0.659s] -- Up-to-date: /home/kim/open_topic/linux/ws/install/fake_pixel/lib/python3.8/site-packages/fake_pixel/__init__.py
[0.684s] Listing '/home/kim/open_topic/linux/ws/install/fake_pixel/lib/python3.8/site-packages/fake_pixel'...
[0.687s] -- Installing: /home/kim/open_topic/linux/ws/install/fake_pixel/lib/fake_pixel/pub_pixel.py
[0.688s] -- Up-to-date: /home/kim/open_topic/linux/ws/install/fake_pixel/share/fake_pixel
[0.688s] -- Up-to-date: /home/kim/open_topic/linux/ws/install/fake_pixel/share/ament_index/resource_index/package_run_dependencies/fake_pixel
[0.688s] -- Installing: /home/kim/open_topic/linux/ws/install/fake_pixel/share/ament_index/resource_index/parent_prefix_path/fake_pixel
[0.688s] -- Up-to-date: /home/kim/open_topic/linux/ws/install/fake_pixel/share/fake_pixel/environment/ament_prefix_path.sh
[0.688s] -- Installing: /home/kim/open_topic/linux/ws/install/fake_pixel/share/fake_pixel/environment/ament_prefix_path.dsv
[0.688s] -- Up-to-date: /home/kim/open_topic/linux/ws/install/fake_pixel/share/fake_pixel/environment/path.sh
[0.688s] -- Installing: /home/kim/open_topic/linux/ws/install/fake_pixel/share/fake_pixel/environment/path.dsv
[0.688s] -- Up-to-date: /home/kim/open_topic/linux/ws/install/fake_pixel/share/fake_pixel/local_setup.bash
[0.688s] -- Up-to-date: /home/kim/open_topic/linux/ws/install/fake_pixel/share/fake_pixel/local_setup.sh
[0.688s] -- Up-to-date: /home/kim/open_topic/linux/ws/install/fake_pixel/share/fake_pixel/local_setup.zsh
[0.688s] -- Installing: /home/kim/open_topic/linux/ws/install/fake_pixel/share/fake_pixel/local_setup.dsv
[0.688s] -- Installing: /home/kim/open_topic/linux/ws/install/fake_pixel/share/fake_pixel/package.dsv
[0.688s] -- Up-to-date: /home/kim/open_topic/linux/ws/install/fake_pixel/share/ament_index/resource_index/packages/fake_pixel
[0.688s] -- Up-to-date: /home/kim/open_topic/linux/ws/install/fake_pixel/share/fake_pixel/cmake/fake_pixelConfig.cmake
[0.689s] -- Up-to-date: /home/kim/open_topic/linux/ws/install/fake_pixel/share/fake_pixel/cmake/fake_pixelConfig-version.cmake
[0.689s] -- Up-to-date: /home/kim/open_topic/linux/ws/install/fake_pixel/share/fake_pixel/package.xml
[0.698s] Invoked command in '/home/kim/open_topic/linux/ws/build/fake_pixel' returned '0': CMAKE_PREFIX_PATH=${CMAKE_PREFIX_PATH}:/opt/ros/foxy /home/kim/.local/bin/cmake --install /home/kim/open_topic/linux/ws/build/fake_pixel
