Performing C SOURCE FILE Test CMAKE_HAVE_LIBC_PTHREAD failed with the following output:
Change Dir: /home/kim/open_topic/linux/ws/build/pixel2coordinate/CMakeFiles/CMakeScratch/TryCompile-JDYYQa

Run Build Command(s):/usr/bin/make -f Makefile cmTC_4152e/fast && /usr/bin/make  -f CMakeFiles/cmTC_4152e.dir/build.make CMakeFiles/cmTC_4152e.dir/build
make[1]: Entering directory '/home/kim/open_topic/linux/ws/build/pixel2coordinate/CMakeFiles/CMakeScratch/TryCompile-JDYYQa'
Building C object CMakeFiles/cmTC_4152e.dir/src.c.o
/usr/bin/cc -DCMAKE_HAVE_LIBC_PTHREAD   -o CMakeFiles/cmTC_4152e.dir/src.c.o -c /home/kim/open_topic/linux/ws/build/pixel2coordinate/CMakeFiles/CMakeScratch/TryCompile-JDYYQa/src.c
Linking C executable cmTC_4152e
/home/kim/.local/lib/python3.8/site-packages/cmake/data/bin/cmake -E cmake_link_script CMakeFiles/cmTC_4152e.dir/link.txt --verbose=1
/usr/bin/cc CMakeFiles/cmTC_4152e.dir/src.c.o -o cmTC_4152e 
/usr/bin/ld: CMakeFiles/cmTC_4152e.dir/src.c.o: in function `main':
src.c:(.text+0x46): undefined reference to `pthread_create'
/usr/bin/ld: src.c:(.text+0x52): undefined reference to `pthread_detach'
/usr/bin/ld: src.c:(.text+0x5e): undefined reference to `pthread_cancel'
/usr/bin/ld: src.c:(.text+0x6f): undefined reference to `pthread_join'
collect2: error: ld returned 1 exit status
make[1]: *** [CMakeFiles/cmTC_4152e.dir/build.make:99: cmTC_4152e] Error 1
make[1]: Leaving directory '/home/kim/open_topic/linux/ws/build/pixel2coordinate/CMakeFiles/CMakeScratch/TryCompile-JDYYQa'
make: *** [Makefile:127: cmTC_4152e/fast] Error 2


Source file was:
#include <pthread.h>

static void* test_func(void* data)
{
  return data;
}

int main(void)
{
  pthread_t thread;
  pthread_create(&thread, NULL, test_func, NULL);
  pthread_detach(thread);
  pthread_cancel(thread);
  pthread_join(thread, NULL);
  pthread_atfork(NULL, NULL, NULL);
  pthread_exit(NULL);

  return 0;
}


Determining if the function pthread_create exists in the pthreads failed with the following output:
Change Dir: /home/kim/open_topic/linux/ws/build/pixel2coordinate/CMakeFiles/CMakeScratch/TryCompile-aE0f5a

Run Build Command(s):/usr/bin/make -f Makefile cmTC_1e4ab/fast && /usr/bin/make  -f CMakeFiles/cmTC_1e4ab.dir/build.make CMakeFiles/cmTC_1e4ab.dir/build
make[1]: Entering directory '/home/kim/open_topic/linux/ws/build/pixel2coordinate/CMakeFiles/CMakeScratch/TryCompile-aE0f5a'
Building C object CMakeFiles/cmTC_1e4ab.dir/CheckFunctionExists.c.o
/usr/bin/cc   -DCHECK_FUNCTION_EXISTS=pthread_create -o CMakeFiles/cmTC_1e4ab.dir/CheckFunctionExists.c.o -c /home/kim/open_topic/linux/ws/build/pixel2coordinate/CMakeFiles/CMakeScratch/TryCompile-aE0f5a/CheckFunctionExists.c
Linking C executable cmTC_1e4ab
/home/kim/.local/lib/python3.8/site-packages/cmake/data/bin/cmake -E cmake_link_script CMakeFiles/cmTC_1e4ab.dir/link.txt --verbose=1
/usr/bin/cc  -DCHECK_FUNCTION_EXISTS=pthread_create CMakeFiles/cmTC_1e4ab.dir/CheckFunctionExists.c.o -o cmTC_1e4ab  -lpthreads 
/usr/bin/ld: cannot find -lpthreads
collect2: error: ld returned 1 exit status
make[1]: *** [CMakeFiles/cmTC_1e4ab.dir/build.make:99: cmTC_1e4ab] Error 1
make[1]: Leaving directory '/home/kim/open_topic/linux/ws/build/pixel2coordinate/CMakeFiles/CMakeScratch/TryCompile-aE0f5a'
make: *** [Makefile:127: cmTC_1e4ab/fast] Error 2



