-- The C compiler identification is GNU 9.4.0
-- The CXX compiler identification is GNU 9.4.0
-- Detecting C compiler ABI info
-- Detecting C compiler ABI info - done
-- Check for working C compiler: /usr/bin/cc - skipped
-- Detecting C compile features
-- Detecting C compile features - done
-- Detecting CXX compiler ABI info
-- Detecting CXX compiler ABI info - done
-- Check for working CXX compiler: /usr/bin/c++ - skipped
-- Detecting CXX compile features
-- Detecting CXX compile features - done
-- Found ament_cmake: 0.9.11 (/opt/ros/foxy/share/ament_cmake/cmake)
-- Found PythonInterp: /usr/bin/python3 (found suitable version "3.8.10", minimum required is "3") 
-- Using PYTHON_EXECUTABLE: /usr/bin/python3
-- Found rclcpp: 2.4.2 (/opt/ros/foxy/share/rclcpp/cmake)
-- Using all available rosidl_typesupport_c: rosidl_typesupport_fastrtps_c;rosidl_typesupport_introspection_c
-- Found rosidl_adapter: 1.3.0 (/opt/ros/foxy/share/rosidl_adapter/cmake)
-- Found OpenSSL: /usr/lib/x86_64-linux-gnu/libcrypto.so (found version "1.1.1f")  
-- Found FastRTPS: /opt/ros/foxy/include  
-- Using all available rosidl_typesupport_cpp: rosidl_typesupport_fastrtps_cpp;rosidl_typesupport_introspection_cpp
-- Found rmw_implementation_cmake: 1.0.3 (/opt/ros/foxy/share/rmw_implementation_cmake/cmake)
-- Using RMW implementation 'rmw_fastrtps_cpp' as default
-- Performing Test CMAKE_HAVE_LIBC_PTHREAD
-- Performing Test CMAKE_HAVE_LIBC_PTHREAD - Failed
-- Looking for pthread_create in pthreads
-- Looking for pthread_create in pthreads - not found
-- Looking for pthread_create in pthread
-- Looking for pthread_create in pthread - found
-- Found Threads: TRUE  
-- Found rclpy: 1.0.11 (/opt/ros/foxy/share/rclpy/cmake)
-- Configuring done
-- Generating done
-- Build files have been written to: /home/kim/open_topic/linux/ws/build/object
[ 50%] [32mBuilding CXX object CMakeFiles/cpp_node_test.dir/src/cpp_node.cpp.o[0m
[100%] [32m[1mLinking CXX executable cpp_node_test[0m
[100%] Built target cpp_node_test
-- Install configuration: ""
-- Installing: /home/kim/open_topic/linux/ws/install/object/share/object/environment/pythonpath.sh
-- Installing: /home/kim/open_topic/linux/ws/install/object/share/object/environment/pythonpath.dsv
-- Installing: /home/kim/open_topic/linux/ws/install/object/lib/python3.8/site-packages/object
-- Installing: /home/kim/open_topic/linux/ws/install/object/lib/python3.8/site-packages/object/dummy_module.py
-- Installing: /home/kim/open_topic/linux/ws/install/object/lib/python3.8/site-packages/object/__init__.py
Listing '/home/kim/open_topic/linux/ws/install/object/lib/python3.8/site-packages/object'...
Compiling '/home/kim/open_topic/linux/ws/install/object/lib/python3.8/site-packages/object/__init__.py'...
Compiling '/home/kim/open_topic/linux/ws/install/object/lib/python3.8/site-packages/object/dummy_module.py'...
-- Installing: /home/kim/open_topic/linux/ws/install/object/lib/object/dummy_script.py
-- Up-to-date: /home/kim/open_topic/linux/ws/install/object/share/object
-- Installing: /home/kim/open_topic/linux/ws/install/object/share/ament_index/resource_index/package_run_dependencies/object
-- Installing: /home/kim/open_topic/linux/ws/install/object/share/ament_index/resource_index/parent_prefix_path/object
-- Installing: /home/kim/open_topic/linux/ws/install/object/share/object/environment/ament_prefix_path.sh
-- Installing: /home/kim/open_topic/linux/ws/install/object/share/object/environment/ament_prefix_path.dsv
-- Installing: /home/kim/open_topic/linux/ws/install/object/share/object/environment/path.sh
-- Installing: /home/kim/open_topic/linux/ws/install/object/share/object/environment/path.dsv
-- Installing: /home/kim/open_topic/linux/ws/install/object/share/object/local_setup.bash
-- Installing: /home/kim/open_topic/linux/ws/install/object/share/object/local_setup.sh
-- Installing: /home/kim/open_topic/linux/ws/install/object/share/object/local_setup.zsh
-- Installing: /home/kim/open_topic/linux/ws/install/object/share/object/local_setup.dsv
-- Installing: /home/kim/open_topic/linux/ws/install/object/share/object/package.dsv
-- Installing: /home/kim/open_topic/linux/ws/install/object/share/ament_index/resource_index/packages/object
-- Installing: /home/kim/open_topic/linux/ws/install/object/share/object/cmake/objectConfig.cmake
-- Installing: /home/kim/open_topic/linux/ws/install/object/share/object/cmake/objectConfig-version.cmake
-- Installing: /home/kim/open_topic/linux/ws/install/object/share/object/package.xml
