[0.020s] Invoking command in '/home/kim/open_topic/linux/ws/build/object': CMAKE_PREFIX_PATH=${CMAKE_PREFIX_PATH}:/opt/ros/foxy /home/kim/.local/bin/cmake /home/kim/open_topic/linux/ws/src/object -DCMAKE_INSTALL_PREFIX=/home/kim/open_topic/linux/ws/install/object
[0.085s] -- The C compiler identification is GNU 9.4.0
[0.129s] -- The CXX compiler identification is GNU 9.4.0
[0.138s] -- Detecting C compiler ABI info
[0.183s] -- Detecting C compiler ABI info - done
[0.190s] -- Check for working C compiler: /usr/bin/cc - skipped
[0.190s] -- Detecting C compile features
[0.191s] -- Detecting C compile features - done
[0.193s] -- Detecting CXX compiler ABI info
[0.243s] -- Detecting CXX compiler ABI info - done
[0.251s] -- Check for working CXX compiler: /usr/bin/c++ - skipped
[0.251s] -- Detecting CXX compile features
[0.252s] -- Detecting CXX compile features - done
[0.254s] -- Found ament_cmake: 0.9.11 (/opt/ros/foxy/share/ament_cmake/cmake)
[0.274s] -- Found PythonInterp: /usr/bin/python3 (found suitable version "3.8.10", minimum required is "3") 
[0.274s] -- Using PYTHON_EXECUTABLE: /usr/bin/python3
[0.423s] -- Found rclcpp: 2.4.2 (/opt/ros/foxy/share/rclcpp/cmake)
[0.457s] -- Using all available rosidl_typesupport_c: rosidl_typesupport_fastrtps_c;rosidl_typesupport_introspection_c
[0.462s] -- Found rosidl_adapter: 1.3.0 (/opt/ros/foxy/share/rosidl_adapter/cmake)
[0.518s] -- Found OpenSSL: /usr/lib/x86_64-linux-gnu/libcrypto.so (found version "1.1.1f")  
[0.541s] -- Found FastRTPS: /opt/ros/foxy/include  
[0.601s] -- Using all available rosidl_typesupport_cpp: rosidl_typesupport_fastrtps_cpp;rosidl_typesupport_introspection_cpp
[0.642s] -- Found rmw_implementation_cmake: 1.0.3 (/opt/ros/foxy/share/rmw_implementation_cmake/cmake)
[0.643s] -- Using RMW implementation 'rmw_fastrtps_cpp' as default
[0.644s] -- Performing Test CMAKE_HAVE_LIBC_PTHREAD
[0.694s] -- Performing Test CMAKE_HAVE_LIBC_PTHREAD - Failed
[0.694s] -- Looking for pthread_create in pthreads
[0.729s] -- Looking for pthread_create in pthreads - not found
[0.729s] -- Looking for pthread_create in pthread
[0.777s] -- Looking for pthread_create in pthread - found
[0.778s] -- Found Threads: TRUE  
[0.885s] -- Found rclpy: 1.0.11 (/opt/ros/foxy/share/rclpy/cmake)
[0.955s] -- Configuring done
[0.962s] -- Generating done
[0.963s] -- Build files have been written to: /home/kim/open_topic/linux/ws/build/object
[0.976s] Invoked command in '/home/kim/open_topic/linux/ws/build/object' returned '0': CMAKE_PREFIX_PATH=${CMAKE_PREFIX_PATH}:/opt/ros/foxy /home/kim/.local/bin/cmake /home/kim/open_topic/linux/ws/src/object -DCMAKE_INSTALL_PREFIX=/home/kim/open_topic/linux/ws/install/object
[0.979s] Invoking command in '/home/kim/open_topic/linux/ws/build/object': CMAKE_PREFIX_PATH=${CMAKE_PREFIX_PATH}:/opt/ros/foxy /home/kim/.local/bin/cmake --build /home/kim/open_topic/linux/ws/build/object -- -j12 -l12
[1.017s] [ 50%] [32mBuilding CXX object CMakeFiles/cpp_node_test.dir/src/cpp_node.cpp.o[0m
[1.181s] [100%] [32m[1mLinking CXX executable cpp_node_test[0m
[1.246s] [100%] Built target cpp_node_test
[1.256s] Invoked command in '/home/kim/open_topic/linux/ws/build/object' returned '0': CMAKE_PREFIX_PATH=${CMAKE_PREFIX_PATH}:/opt/ros/foxy /home/kim/.local/bin/cmake --build /home/kim/open_topic/linux/ws/build/object -- -j12 -l12
[1.333s] Invoking command in '/home/kim/open_topic/linux/ws/build/object': CMAKE_PREFIX_PATH=${CMAKE_PREFIX_PATH}:/opt/ros/foxy /home/kim/.local/bin/cmake --install /home/kim/open_topic/linux/ws/build/object
[1.355s] -- Install configuration: ""
[1.355s] -- Installing: /home/kim/open_topic/linux/ws/install/object/share/object/environment/pythonpath.sh
[1.355s] -- Installing: /home/kim/open_topic/linux/ws/install/object/share/object/environment/pythonpath.dsv
[1.355s] -- Installing: /home/kim/open_topic/linux/ws/install/object/lib/python3.8/site-packages/object
[1.355s] -- Installing: /home/kim/open_topic/linux/ws/install/object/lib/python3.8/site-packages/object/dummy_module.py
[1.355s] -- Installing: /home/kim/open_topic/linux/ws/install/object/lib/python3.8/site-packages/object/__init__.py
[1.385s] Listing '/home/kim/open_topic/linux/ws/install/object/lib/python3.8/site-packages/object'...
[1.385s] Compiling '/home/kim/open_topic/linux/ws/install/object/lib/python3.8/site-packages/object/__init__.py'...
[1.385s] Compiling '/home/kim/open_topic/linux/ws/install/object/lib/python3.8/site-packages/object/dummy_module.py'...
[1.389s] -- Installing: /home/kim/open_topic/linux/ws/install/object/lib/object/dummy_script.py
[1.389s] -- Up-to-date: /home/kim/open_topic/linux/ws/install/object/share/object
[1.389s] -- Installing: /home/kim/open_topic/linux/ws/install/object/share/ament_index/resource_index/package_run_dependencies/object
[1.389s] -- Installing: /home/kim/open_topic/linux/ws/install/object/share/ament_index/resource_index/parent_prefix_path/object
[1.389s] -- Installing: /home/kim/open_topic/linux/ws/install/object/share/object/environment/ament_prefix_path.sh
[1.389s] -- Installing: /home/kim/open_topic/linux/ws/install/object/share/object/environment/ament_prefix_path.dsv
[1.389s] -- Installing: /home/kim/open_topic/linux/ws/install/object/share/object/environment/path.sh
[1.389s] -- Installing: /home/kim/open_topic/linux/ws/install/object/share/object/environment/path.dsv
[1.390s] -- Installing: /home/kim/open_topic/linux/ws/install/object/share/object/local_setup.bash
[1.390s] -- Installing: /home/kim/open_topic/linux/ws/install/object/share/object/local_setup.sh
[1.390s] -- Installing: /home/kim/open_topic/linux/ws/install/object/share/object/local_setup.zsh
[1.390s] -- Installing: /home/kim/open_topic/linux/ws/install/object/share/object/local_setup.dsv
[1.390s] -- Installing: /home/kim/open_topic/linux/ws/install/object/share/object/package.dsv
[1.390s] -- Installing: /home/kim/open_topic/linux/ws/install/object/share/ament_index/resource_index/packages/object
[1.390s] -- Installing: /home/kim/open_topic/linux/ws/install/object/share/object/cmake/objectConfig.cmake
[1.390s] -- Installing: /home/kim/open_topic/linux/ws/install/object/share/object/cmake/objectConfig-version.cmake
[1.390s] -- Installing: /home/kim/open_topic/linux/ws/install/object/share/object/package.xml
[1.395s] Invoked command in '/home/kim/open_topic/linux/ws/build/object' returned '0': CMAKE_PREFIX_PATH=${CMAKE_PREFIX_PATH}:/opt/ros/foxy /home/kim/.local/bin/cmake --install /home/kim/open_topic/linux/ws/build/object
