[0.028s] Invoking command in '/home/carver/kim_open_topic/linux/ws_download/build/realsense2_camera': AMENT_PREFIX_PATH=/home/carver/kim_open_topic/linux/ws_download/install/realsense2_camera_msgs:${AMENT_PREFIX_PATH} CMAKE_PREFIX_PATH=/home/carver/kim_open_topic/linux/ws_download/install/realsense2_camera_msgs:/home/carver/kim_open_topic/linux/ws/install/pixel2coordinate:/home/carver/kim_open_topic/linux/ws/install/fake_pixel:/home/carver/kim_open_topic/linux/ws/install/fake_image:/home/carver/kim_open_topic/linux/ws/install/delay_frame:/home/carver/kim_open_topic/linux/ws/install/check_qos:/home/carver/cartesian_controller_ws/install/cartesian_compliance_controller:/home/carver/cartesian_controller_ws/install/cartesian_motion_controller:/home/carver/cartesian_controller_ws/install/cartesian_force_controller:/home/carver/py_tree_ws/install/py_trees_ros_tutorials:/home/carver/py_tree_ws/install/py_trees_ros:/home/carver/ur_ws/install/rqt_joint_trajectory_controller:/home/carver/ur_ws/install/ros2_controllers_test_nodes:/opt/ros/humble:/home/carver/cartesian_controller_ws/install/cartesian_controller_tests:/home/carver/cartesian_controller_ws/install/cartesian_controller_simulation:/home/carver/cartesian_controller_ws/install/cartesian_controller_handles:/home/carver/cartesian_controller_ws/install/cartesian_controller_base:/home/carver/ur_ws/install/ur:/home/carver/ur_ws/install/ur_calibration:/home/carver/ur_ws/install/ur_robot_driver:/home/carver/ur_ws/install/ur_bringup:/home/carver/ur_ws/install/ros2_controllers:/home/carver/ur_ws/install/velocity_controllers:/home/carver/ur_ws/install/ur_moveit_config:/home/carver/ur_ws/install/ur_description:/home/carver/ur_ws/install/ur_controllers:/home/carver/ur_ws/install/ur_dashboard_msgs:/home/carver/ur_ws/install/tricycle_controller:/home/carver/ur_ws/install/position_controllers:/home/carver/ur_ws/install/joint_trajectory_controller:/home/carver/ur_ws/install/joint_state_broadcaster:/home/carver/ur_ws/install/imu_sensor_broadcaster:/home/carver/ur_ws/install/gripper_controllers:/home/carver/ur_ws/install/effort_controllers:/home/carver/ur_ws/install/forward_command_controller:/home/carver/ur_ws/install/force_torque_sensor_broadcaster:/home/carver/ur_ws/install/diff_drive_controller:/home/carver/carverhand_ws/install/package_name:/home/carver/carverhand_ws/install/carver_ft LD_LIBRARY_PATH=/home/carver/kim_open_topic/linux/ws_download/install/realsense2_camera_msgs/lib:${LD_LIBRARY_PATH} PYTHONPATH=/home/carver/kim_open_topic/linux/ws_download/install/realsense2_camera_msgs/local/lib/python3.10/dist-packages:${PYTHONPATH} /home/carver/.local/bin/cmake /home/carver/kim_open_topic/linux/ws_download/src/realsense-ros/realsense2_camera -DCMAKE_INSTALL_PREFIX=/home/carver/kim_open_topic/linux/ws_download/install/realsense2_camera
[0.071s] -- The C compiler identification is GNU 11.3.0
[0.100s] -- The CXX compiler identification is GNU 11.3.0
[0.105s] -- Detecting C compiler ABI info
[0.136s] -- Detecting C compiler ABI info - done
[0.142s] -- Check for working C compiler: /usr/bin/cc - skipped
[0.142s] -- Detecting C compile features
[0.142s] -- Detecting C compile features - done
[0.144s] -- Detecting CXX compiler ABI info
[0.180s] -- Detecting CXX compiler ABI info - done
[0.186s] -- Check for working CXX compiler: /usr/bin/c++ - skipped
[0.187s] -- Detecting CXX compile features
[0.187s] -- Detecting CXX compile features - done
[0.187s] -- Create Release Build.
[0.189s] -- Found ament_cmake: 1.3.4 (/opt/ros/humble/share/ament_cmake/cmake)
[0.427s] -- Found Python3: /usr/bin/python3.10 (found version "3.10.6") found components: Interpreter 
[0.485s] -- Found builtin_interfaces: 1.2.1 (/opt/ros/humble/share/builtin_interfaces/cmake)
[0.510s] -- Found rosidl_generator_c: 3.1.4 (/opt/ros/humble/share/rosidl_generator_c/cmake)
[0.514s] -- Found rosidl_adapter: 3.1.4 (/opt/ros/humble/share/rosidl_adapter/cmake)
[0.521s] -- Found rosidl_generator_cpp: 3.1.4 (/opt/ros/humble/share/rosidl_generator_cpp/cmake)
[0.532s] -- Using all available rosidl_typesupport_c: rosidl_typesupport_fastrtps_c;rosidl_typesupport_introspection_c
[0.547s] -- Using all available rosidl_typesupport_cpp: rosidl_typesupport_fastrtps_cpp;rosidl_typesupport_introspection_cpp
[0.561s] -- Found cv_bridge: 3.2.1 (/opt/ros/humble/share/cv_bridge/cmake)
[0.710s] -- Found image_transport: 3.1.5 (/opt/ros/humble/share/image_transport/cmake)
[0.760s] -- Found rmw_implementation_cmake: 6.1.1 (/opt/ros/humble/share/rmw_implementation_cmake/cmake)
[0.763s] -- Found rmw_fastrtps_cpp: 6.2.2 (/opt/ros/humble/share/rmw_fastrtps_cpp/cmake)
[0.826s] -- Found OpenSSL: /usr/lib/x86_64-linux-gnu/libcrypto.so (found version "3.0.2")  
[0.846s] -- Found FastRTPS: /opt/ros/humble/include  
[0.878s] -- Using RMW implementation 'rmw_fastrtps_cpp' as default
[0.887s] -- Performing Test CMAKE_HAVE_LIBC_PTHREAD
[0.920s] -- Performing Test CMAKE_HAVE_LIBC_PTHREAD - Success
[0.921s] -- Found Threads: TRUE  
[1.046s] -- Found rclcpp_components: 16.0.4 (/opt/ros/humble/share/rclcpp_components/cmake)
[1.084s] -- Found realsense2_camera_msgs: 4.51.1 (/home/carver/kim_open_topic/linux/ws_download/install/realsense2_camera_msgs/share/realsense2_camera_msgs/cmake)
[1.120s] -- Found nav_msgs: 4.2.3 (/opt/ros/humble/share/nav_msgs/cmake)
[1.174s] -- Found tf2_ros: 0.25.2 (/opt/ros/humble/share/tf2_ros/cmake)
[1.346s] -- Found diagnostic_updater: 3.1.2 (/opt/ros/humble/share/diagnostic_updater/cmake)
[1.394s] -- Build for ROS2 Humble
[1.442s] -- Configuring done (1.4s)
[1.454s] -- Generating done (0.0s)
[1.456s] -- Build files have been written to: /home/carver/kim_open_topic/linux/ws_download/build/realsense2_camera
[1.465s] Invoked command in '/home/carver/kim_open_topic/linux/ws_download/build/realsense2_camera' returned '0': AMENT_PREFIX_PATH=/home/carver/kim_open_topic/linux/ws_download/install/realsense2_camera_msgs:${AMENT_PREFIX_PATH} CMAKE_PREFIX_PATH=/home/carver/kim_open_topic/linux/ws_download/install/realsense2_camera_msgs:/home/carver/kim_open_topic/linux/ws/install/pixel2coordinate:/home/carver/kim_open_topic/linux/ws/install/fake_pixel:/home/carver/kim_open_topic/linux/ws/install/fake_image:/home/carver/kim_open_topic/linux/ws/install/delay_frame:/home/carver/kim_open_topic/linux/ws/install/check_qos:/home/carver/cartesian_controller_ws/install/cartesian_compliance_controller:/home/carver/cartesian_controller_ws/install/cartesian_motion_controller:/home/carver/cartesian_controller_ws/install/cartesian_force_controller:/home/carver/py_tree_ws/install/py_trees_ros_tutorials:/home/carver/py_tree_ws/install/py_trees_ros:/home/carver/ur_ws/install/rqt_joint_trajectory_controller:/home/carver/ur_ws/install/ros2_controllers_test_nodes:/opt/ros/humble:/home/carver/cartesian_controller_ws/install/cartesian_controller_tests:/home/carver/cartesian_controller_ws/install/cartesian_controller_simulation:/home/carver/cartesian_controller_ws/install/cartesian_controller_handles:/home/carver/cartesian_controller_ws/install/cartesian_controller_base:/home/carver/ur_ws/install/ur:/home/carver/ur_ws/install/ur_calibration:/home/carver/ur_ws/install/ur_robot_driver:/home/carver/ur_ws/install/ur_bringup:/home/carver/ur_ws/install/ros2_controllers:/home/carver/ur_ws/install/velocity_controllers:/home/carver/ur_ws/install/ur_moveit_config:/home/carver/ur_ws/install/ur_description:/home/carver/ur_ws/install/ur_controllers:/home/carver/ur_ws/install/ur_dashboard_msgs:/home/carver/ur_ws/install/tricycle_controller:/home/carver/ur_ws/install/position_controllers:/home/carver/ur_ws/install/joint_trajectory_controller:/home/carver/ur_ws/install/joint_state_broadcaster:/home/carver/ur_ws/install/imu_sensor_broadcaster:/home/carver/ur_ws/install/gripper_controllers:/home/carver/ur_ws/install/effort_controllers:/home/carver/ur_ws/install/forward_command_controller:/home/carver/ur_ws/install/force_torque_sensor_broadcaster:/home/carver/ur_ws/install/diff_drive_controller:/home/carver/carverhand_ws/install/package_name:/home/carver/carverhand_ws/install/carver_ft LD_LIBRARY_PATH=/home/carver/kim_open_topic/linux/ws_download/install/realsense2_camera_msgs/lib:${LD_LIBRARY_PATH} PYTHONPATH=/home/carver/kim_open_topic/linux/ws_download/install/realsense2_camera_msgs/local/lib/python3.10/dist-packages:${PYTHONPATH} /home/carver/.local/bin/cmake /home/carver/kim_open_topic/linux/ws_download/src/realsense-ros/realsense2_camera -DCMAKE_INSTALL_PREFIX=/home/carver/kim_open_topic/linux/ws_download/install/realsense2_camera
[1.465s] Invoking command in '/home/carver/kim_open_topic/linux/ws_download/build/realsense2_camera': AMENT_PREFIX_PATH=/home/carver/kim_open_topic/linux/ws_download/install/realsense2_camera_msgs:${AMENT_PREFIX_PATH} CMAKE_PREFIX_PATH=/home/carver/kim_open_topic/linux/ws_download/install/realsense2_camera_msgs:/home/carver/kim_open_topic/linux/ws/install/pixel2coordinate:/home/carver/kim_open_topic/linux/ws/install/fake_pixel:/home/carver/kim_open_topic/linux/ws/install/fake_image:/home/carver/kim_open_topic/linux/ws/install/delay_frame:/home/carver/kim_open_topic/linux/ws/install/check_qos:/home/carver/cartesian_controller_ws/install/cartesian_compliance_controller:/home/carver/cartesian_controller_ws/install/cartesian_motion_controller:/home/carver/cartesian_controller_ws/install/cartesian_force_controller:/home/carver/py_tree_ws/install/py_trees_ros_tutorials:/home/carver/py_tree_ws/install/py_trees_ros:/home/carver/ur_ws/install/rqt_joint_trajectory_controller:/home/carver/ur_ws/install/ros2_controllers_test_nodes:/opt/ros/humble:/home/carver/cartesian_controller_ws/install/cartesian_controller_tests:/home/carver/cartesian_controller_ws/install/cartesian_controller_simulation:/home/carver/cartesian_controller_ws/install/cartesian_controller_handles:/home/carver/cartesian_controller_ws/install/cartesian_controller_base:/home/carver/ur_ws/install/ur:/home/carver/ur_ws/install/ur_calibration:/home/carver/ur_ws/install/ur_robot_driver:/home/carver/ur_ws/install/ur_bringup:/home/carver/ur_ws/install/ros2_controllers:/home/carver/ur_ws/install/velocity_controllers:/home/carver/ur_ws/install/ur_moveit_config:/home/carver/ur_ws/install/ur_description:/home/carver/ur_ws/install/ur_controllers:/home/carver/ur_ws/install/ur_dashboard_msgs:/home/carver/ur_ws/install/tricycle_controller:/home/carver/ur_ws/install/position_controllers:/home/carver/ur_ws/install/joint_trajectory_controller:/home/carver/ur_ws/install/joint_state_broadcaster:/home/carver/ur_ws/install/imu_sensor_broadcaster:/home/carver/ur_ws/install/gripper_controllers:/home/carver/ur_ws/install/effort_controllers:/home/carver/ur_ws/install/forward_command_controller:/home/carver/ur_ws/install/force_torque_sensor_broadcaster:/home/carver/ur_ws/install/diff_drive_controller:/home/carver/carverhand_ws/install/package_name:/home/carver/carverhand_ws/install/carver_ft LD_LIBRARY_PATH=/home/carver/kim_open_topic/linux/ws_download/install/realsense2_camera_msgs/lib:${LD_LIBRARY_PATH} PYTHONPATH=/home/carver/kim_open_topic/linux/ws_download/install/realsense2_camera_msgs/local/lib/python3.10/dist-packages:${PYTHONPATH} /home/carver/.local/bin/cmake --build /home/carver/kim_open_topic/linux/ws_download/build/realsense2_camera -- -j20 -l20
[1.494s] [  6%] [32mBuilding CXX object CMakeFiles/realsense2_camera_node.dir/rclcpp_components/node_main_realsense2_camera_node.cpp.o[0m
[1.494s] [ 12%] [32mBuilding CXX object CMakeFiles/realsense2_camera.dir/src/realsense_node_factory.cpp.o[0m
[1.494s] [ 18%] [32mBuilding CXX object CMakeFiles/realsense2_camera.dir/src/base_realsense_node.cpp.o[0m
[1.494s] [ 25%] [32mBuilding CXX object CMakeFiles/realsense2_camera.dir/src/t265_realsense_node.cpp.o[0m
[1.494s] [ 31%] [32mBuilding CXX object CMakeFiles/realsense2_camera.dir/src/parameters.cpp.o[0m
[1.495s] [ 37%] [32mBuilding CXX object CMakeFiles/realsense2_camera.dir/src/ros_sensor.cpp.o[0m
[1.495s] [ 43%] [32mBuilding CXX object CMakeFiles/realsense2_camera.dir/src/rs_node_setup.cpp.o[0m
[1.495s] [ 50%] [32mBuilding CXX object CMakeFiles/realsense2_camera.dir/src/ros_utils.cpp.o[0m
[1.495s] [ 56%] [32mBuilding CXX object CMakeFiles/realsense2_camera.dir/src/dynamic_params.cpp.o[0m
[1.496s] [ 62%] [32mBuilding CXX object CMakeFiles/realsense2_camera.dir/src/ros_param_backend_foxy.cpp.o[0m
[1.496s] [ 68%] [32mBuilding CXX object CMakeFiles/realsense2_camera.dir/src/named_filter.cpp.o[0m
[1.496s] [ 81%] [32mBuilding CXX object CMakeFiles/realsense2_camera.dir/src/sensor_params.cpp.o[0m
[1.496s] [ 81%] [32mBuilding CXX object CMakeFiles/realsense2_camera.dir/src/profile_manager.cpp.o[0m
[1.496s] [ 87%] [32mBuilding CXX object CMakeFiles/realsense2_camera.dir/src/image_publisher.cpp.o[0m
[4.057s] [ 93%] [32m[1mLinking CXX executable realsense2_camera_node[0m
[4.204s] [ 93%] Built target realsense2_camera_node
[11.691s] [100%] [32m[1mLinking CXX shared library librealsense2_camera.so[0m
[11.958s] [100%] Built target realsense2_camera
[11.964s] Invoked command in '/home/carver/kim_open_topic/linux/ws_download/build/realsense2_camera' returned '0': AMENT_PREFIX_PATH=/home/carver/kim_open_topic/linux/ws_download/install/realsense2_camera_msgs:${AMENT_PREFIX_PATH} CMAKE_PREFIX_PATH=/home/carver/kim_open_topic/linux/ws_download/install/realsense2_camera_msgs:/home/carver/kim_open_topic/linux/ws/install/pixel2coordinate:/home/carver/kim_open_topic/linux/ws/install/fake_pixel:/home/carver/kim_open_topic/linux/ws/install/fake_image:/home/carver/kim_open_topic/linux/ws/install/delay_frame:/home/carver/kim_open_topic/linux/ws/install/check_qos:/home/carver/cartesian_controller_ws/install/cartesian_compliance_controller:/home/carver/cartesian_controller_ws/install/cartesian_motion_controller:/home/carver/cartesian_controller_ws/install/cartesian_force_controller:/home/carver/py_tree_ws/install/py_trees_ros_tutorials:/home/carver/py_tree_ws/install/py_trees_ros:/home/carver/ur_ws/install/rqt_joint_trajectory_controller:/home/carver/ur_ws/install/ros2_controllers_test_nodes:/opt/ros/humble:/home/carver/cartesian_controller_ws/install/cartesian_controller_tests:/home/carver/cartesian_controller_ws/install/cartesian_controller_simulation:/home/carver/cartesian_controller_ws/install/cartesian_controller_handles:/home/carver/cartesian_controller_ws/install/cartesian_controller_base:/home/carver/ur_ws/install/ur:/home/carver/ur_ws/install/ur_calibration:/home/carver/ur_ws/install/ur_robot_driver:/home/carver/ur_ws/install/ur_bringup:/home/carver/ur_ws/install/ros2_controllers:/home/carver/ur_ws/install/velocity_controllers:/home/carver/ur_ws/install/ur_moveit_config:/home/carver/ur_ws/install/ur_description:/home/carver/ur_ws/install/ur_controllers:/home/carver/ur_ws/install/ur_dashboard_msgs:/home/carver/ur_ws/install/tricycle_controller:/home/carver/ur_ws/install/position_controllers:/home/carver/ur_ws/install/joint_trajectory_controller:/home/carver/ur_ws/install/joint_state_broadcaster:/home/carver/ur_ws/install/imu_sensor_broadcaster:/home/carver/ur_ws/install/gripper_controllers:/home/carver/ur_ws/install/effort_controllers:/home/carver/ur_ws/install/forward_command_controller:/home/carver/ur_ws/install/force_torque_sensor_broadcaster:/home/carver/ur_ws/install/diff_drive_controller:/home/carver/carverhand_ws/install/package_name:/home/carver/carverhand_ws/install/carver_ft LD_LIBRARY_PATH=/home/carver/kim_open_topic/linux/ws_download/install/realsense2_camera_msgs/lib:${LD_LIBRARY_PATH} PYTHONPATH=/home/carver/kim_open_topic/linux/ws_download/install/realsense2_camera_msgs/local/lib/python3.10/dist-packages:${PYTHONPATH} /home/carver/.local/bin/cmake --build /home/carver/kim_open_topic/linux/ws_download/build/realsense2_camera -- -j20 -l20
[12.009s] Invoking command in '/home/carver/kim_open_topic/linux/ws_download/build/realsense2_camera': AMENT_PREFIX_PATH=/home/carver/kim_open_topic/linux/ws_download/install/realsense2_camera_msgs:${AMENT_PREFIX_PATH} CMAKE_PREFIX_PATH=/home/carver/kim_open_topic/linux/ws_download/install/realsense2_camera_msgs:/home/carver/kim_open_topic/linux/ws/install/pixel2coordinate:/home/carver/kim_open_topic/linux/ws/install/fake_pixel:/home/carver/kim_open_topic/linux/ws/install/fake_image:/home/carver/kim_open_topic/linux/ws/install/delay_frame:/home/carver/kim_open_topic/linux/ws/install/check_qos:/home/carver/cartesian_controller_ws/install/cartesian_compliance_controller:/home/carver/cartesian_controller_ws/install/cartesian_motion_controller:/home/carver/cartesian_controller_ws/install/cartesian_force_controller:/home/carver/py_tree_ws/install/py_trees_ros_tutorials:/home/carver/py_tree_ws/install/py_trees_ros:/home/carver/ur_ws/install/rqt_joint_trajectory_controller:/home/carver/ur_ws/install/ros2_controllers_test_nodes:/opt/ros/humble:/home/carver/cartesian_controller_ws/install/cartesian_controller_tests:/home/carver/cartesian_controller_ws/install/cartesian_controller_simulation:/home/carver/cartesian_controller_ws/install/cartesian_controller_handles:/home/carver/cartesian_controller_ws/install/cartesian_controller_base:/home/carver/ur_ws/install/ur:/home/carver/ur_ws/install/ur_calibration:/home/carver/ur_ws/install/ur_robot_driver:/home/carver/ur_ws/install/ur_bringup:/home/carver/ur_ws/install/ros2_controllers:/home/carver/ur_ws/install/velocity_controllers:/home/carver/ur_ws/install/ur_moveit_config:/home/carver/ur_ws/install/ur_description:/home/carver/ur_ws/install/ur_controllers:/home/carver/ur_ws/install/ur_dashboard_msgs:/home/carver/ur_ws/install/tricycle_controller:/home/carver/ur_ws/install/position_controllers:/home/carver/ur_ws/install/joint_trajectory_controller:/home/carver/ur_ws/install/joint_state_broadcaster:/home/carver/ur_ws/install/imu_sensor_broadcaster:/home/carver/ur_ws/install/gripper_controllers:/home/carver/ur_ws/install/effort_controllers:/home/carver/ur_ws/install/forward_command_controller:/home/carver/ur_ws/install/force_torque_sensor_broadcaster:/home/carver/ur_ws/install/diff_drive_controller:/home/carver/carverhand_ws/install/package_name:/home/carver/carverhand_ws/install/carver_ft LD_LIBRARY_PATH=/home/carver/kim_open_topic/linux/ws_download/install/realsense2_camera_msgs/lib:${LD_LIBRARY_PATH} PYTHONPATH=/home/carver/kim_open_topic/linux/ws_download/install/realsense2_camera_msgs/local/lib/python3.10/dist-packages:${PYTHONPATH} /home/carver/.local/bin/cmake --install /home/carver/kim_open_topic/linux/ws_download/build/realsense2_camera
[12.026s] -- Install configuration: "Release"
[12.026s] -- Installing: /home/carver/kim_open_topic/linux/ws_download/install/realsense2_camera/lib/realsense2_camera/realsense2_camera_node
[12.026s] -- Set runtime path of "/home/carver/kim_open_topic/linux/ws_download/install/realsense2_camera/lib/realsense2_camera/realsense2_camera_node" to ""
[12.027s] -- Installing: /home/carver/kim_open_topic/linux/ws_download/install/realsense2_camera/lib/librealsense2_camera.so
[12.028s] -- Set runtime path of "/home/carver/kim_open_topic/linux/ws_download/install/realsense2_camera/lib/librealsense2_camera.so" to ""
[12.028s] -- Installing: /home/carver/kim_open_topic/linux/ws_download/install/realsense2_camera/include
[12.028s] -- Installing: /home/carver/kim_open_topic/linux/ws_download/install/realsense2_camera/include/profile_manager.h
[12.028s] -- Installing: /home/carver/kim_open_topic/linux/ws_download/install/realsense2_camera/include/t265_realsense_node.h
[12.028s] -- Installing: /home/carver/kim_open_topic/linux/ws_download/install/realsense2_camera/include/image_publisher.h
[12.028s] -- Installing: /home/carver/kim_open_topic/linux/ws_download/install/realsense2_camera/include/named_filter.h
[12.028s] -- Installing: /home/carver/kim_open_topic/linux/ws_download/install/realsense2_camera/include/constants.h
[12.028s] -- Installing: /home/carver/kim_open_topic/linux/ws_download/install/realsense2_camera/include/dynamic_params.h
[12.028s] -- Installing: /home/carver/kim_open_topic/linux/ws_download/install/realsense2_camera/include/ros_utils.h
[12.028s] -- Installing: /home/carver/kim_open_topic/linux/ws_download/install/realsense2_camera/include/base_realsense_node.h
[12.028s] -- Installing: /home/carver/kim_open_topic/linux/ws_download/install/realsense2_camera/include/ros_param_backend.h
[12.028s] -- Installing: /home/carver/kim_open_topic/linux/ws_download/install/realsense2_camera/include/sensor_params.h
[12.028s] -- Installing: /home/carver/kim_open_topic/linux/ws_download/install/realsense2_camera/include/realsense_node_factory.h
[12.028s] -- Installing: /home/carver/kim_open_topic/linux/ws_download/install/realsense2_camera/include/ros_sensor.h
[12.028s] -- Installing: /home/carver/kim_open_topic/linux/ws_download/install/realsense2_camera/share/realsense2_camera/launch
[12.029s] -- Installing: /home/carver/kim_open_topic/linux/ws_download/install/realsense2_camera/share/realsense2_camera/launch/rs_d400_and_t265_launch.py
[12.029s] -- Installing: /home/carver/kim_open_topic/linux/ws_download/install/realsense2_camera/share/realsense2_camera/launch/rs_launch.py
[12.029s] -- Installing: /home/carver/kim_open_topic/linux/ws_download/install/realsense2_camera/share/realsense2_camera/launch/rs_intra_process_demo_launch.py
[12.029s] -- Installing: /home/carver/kim_open_topic/linux/ws_download/install/realsense2_camera/share/realsense2_camera/launch/rs_multi_camera_launch.py
[12.029s] -- Installing: /home/carver/kim_open_topic/linux/ws_download/install/realsense2_camera/share/realsense2_camera/launch/default.rviz
[12.029s] -- Installing: /home/carver/kim_open_topic/linux/ws_download/install/realsense2_camera/share/realsense2_camera/environment/library_path.sh
[12.029s] -- Installing: /home/carver/kim_open_topic/linux/ws_download/install/realsense2_camera/share/realsense2_camera/environment/library_path.dsv
[12.029s] -- Installing: /home/carver/kim_open_topic/linux/ws_download/install/realsense2_camera/share/ament_index/resource_index/package_run_dependencies/realsense2_camera
[12.029s] -- Installing: /home/carver/kim_open_topic/linux/ws_download/install/realsense2_camera/share/ament_index/resource_index/parent_prefix_path/realsense2_camera
[12.029s] -- Installing: /home/carver/kim_open_topic/linux/ws_download/install/realsense2_camera/share/realsense2_camera/environment/ament_prefix_path.sh
[12.029s] -- Installing: /home/carver/kim_open_topic/linux/ws_download/install/realsense2_camera/share/realsense2_camera/environment/ament_prefix_path.dsv
[12.030s] -- Installing: /home/carver/kim_open_topic/linux/ws_download/install/realsense2_camera/share/realsense2_camera/environment/path.sh
[12.030s] -- Installing: /home/carver/kim_open_topic/linux/ws_download/install/realsense2_camera/share/realsense2_camera/environment/path.dsv
[12.030s] -- Installing: /home/carver/kim_open_topic/linux/ws_download/install/realsense2_camera/share/realsense2_camera/local_setup.bash
[12.030s] -- Installing: /home/carver/kim_open_topic/linux/ws_download/install/realsense2_camera/share/realsense2_camera/local_setup.sh
[12.030s] -- Installing: /home/carver/kim_open_topic/linux/ws_download/install/realsense2_camera/share/realsense2_camera/local_setup.zsh
[12.030s] -- Installing: /home/carver/kim_open_topic/linux/ws_download/install/realsense2_camera/share/realsense2_camera/local_setup.dsv
[12.030s] -- Installing: /home/carver/kim_open_topic/linux/ws_download/install/realsense2_camera/share/realsense2_camera/package.dsv
[12.030s] -- Installing: /home/carver/kim_open_topic/linux/ws_download/install/realsense2_camera/share/ament_index/resource_index/packages/realsense2_camera
[12.030s] -- Installing: /home/carver/kim_open_topic/linux/ws_download/install/realsense2_camera/share/ament_index/resource_index/rclcpp_components/realsense2_camera
[12.030s] -- Installing: /home/carver/kim_open_topic/linux/ws_download/install/realsense2_camera/share/realsense2_camera/cmake/ament_cmake_export_include_directories-extras.cmake
[12.030s] -- Installing: /home/carver/kim_open_topic/linux/ws_download/install/realsense2_camera/share/realsense2_camera/cmake/ament_cmake_export_libraries-extras.cmake
[12.030s] -- Installing: /home/carver/kim_open_topic/linux/ws_download/install/realsense2_camera/share/realsense2_camera/cmake/ament_cmake_export_dependencies-extras.cmake
[12.030s] -- Installing: /home/carver/kim_open_topic/linux/ws_download/install/realsense2_camera/share/realsense2_camera/cmake/realsense2_cameraConfig.cmake
[12.030s] -- Installing: /home/carver/kim_open_topic/linux/ws_download/install/realsense2_camera/share/realsense2_camera/cmake/realsense2_cameraConfig-version.cmake
[12.030s] -- Installing: /home/carver/kim_open_topic/linux/ws_download/install/realsense2_camera/share/realsense2_camera/package.xml
[12.033s] Invoked command in '/home/carver/kim_open_topic/linux/ws_download/build/realsense2_camera' returned '0': AMENT_PREFIX_PATH=/home/carver/kim_open_topic/linux/ws_download/install/realsense2_camera_msgs:${AMENT_PREFIX_PATH} CMAKE_PREFIX_PATH=/home/carver/kim_open_topic/linux/ws_download/install/realsense2_camera_msgs:/home/carver/kim_open_topic/linux/ws/install/pixel2coordinate:/home/carver/kim_open_topic/linux/ws/install/fake_pixel:/home/carver/kim_open_topic/linux/ws/install/fake_image:/home/carver/kim_open_topic/linux/ws/install/delay_frame:/home/carver/kim_open_topic/linux/ws/install/check_qos:/home/carver/cartesian_controller_ws/install/cartesian_compliance_controller:/home/carver/cartesian_controller_ws/install/cartesian_motion_controller:/home/carver/cartesian_controller_ws/install/cartesian_force_controller:/home/carver/py_tree_ws/install/py_trees_ros_tutorials:/home/carver/py_tree_ws/install/py_trees_ros:/home/carver/ur_ws/install/rqt_joint_trajectory_controller:/home/carver/ur_ws/install/ros2_controllers_test_nodes:/opt/ros/humble:/home/carver/cartesian_controller_ws/install/cartesian_controller_tests:/home/carver/cartesian_controller_ws/install/cartesian_controller_simulation:/home/carver/cartesian_controller_ws/install/cartesian_controller_handles:/home/carver/cartesian_controller_ws/install/cartesian_controller_base:/home/carver/ur_ws/install/ur:/home/carver/ur_ws/install/ur_calibration:/home/carver/ur_ws/install/ur_robot_driver:/home/carver/ur_ws/install/ur_bringup:/home/carver/ur_ws/install/ros2_controllers:/home/carver/ur_ws/install/velocity_controllers:/home/carver/ur_ws/install/ur_moveit_config:/home/carver/ur_ws/install/ur_description:/home/carver/ur_ws/install/ur_controllers:/home/carver/ur_ws/install/ur_dashboard_msgs:/home/carver/ur_ws/install/tricycle_controller:/home/carver/ur_ws/install/position_controllers:/home/carver/ur_ws/install/joint_trajectory_controller:/home/carver/ur_ws/install/joint_state_broadcaster:/home/carver/ur_ws/install/imu_sensor_broadcaster:/home/carver/ur_ws/install/gripper_controllers:/home/carver/ur_ws/install/effort_controllers:/home/carver/ur_ws/install/forward_command_controller:/home/carver/ur_ws/install/force_torque_sensor_broadcaster:/home/carver/ur_ws/install/diff_drive_controller:/home/carver/carverhand_ws/install/package_name:/home/carver/carverhand_ws/install/carver_ft LD_LIBRARY_PATH=/home/carver/kim_open_topic/linux/ws_download/install/realsense2_camera_msgs/lib:${LD_LIBRARY_PATH} PYTHONPATH=/home/carver/kim_open_topic/linux/ws_download/install/realsense2_camera_msgs/local/lib/python3.10/dist-packages:${PYTHONPATH} /home/carver/.local/bin/cmake --install /home/carver/kim_open_topic/linux/ws_download/build/realsense2_camera
