[0.332s] DEBUG:colcon:Command line arguments: ['/home/kim/.local/bin/colcon', 'build']
[0.332s] DEBUG:colcon:Parsed command line arguments: Namespace(allow_overriding=[], ament_cmake_args=None, base_paths=['.'], build_base='build', catkin_cmake_args=None, catkin_skip_building_tests=False, cmake_args=None, cmake_clean_cache=False, cmake_clean_first=False, cmake_force_configure=False, cmake_target=None, cmake_target_skip_unavailable=False, continue_on_error=False, event_handlers=None, executor='parallel', ignore_user_meta=False, install_base='install', log_base=None, log_level=None, main=<bound method BuildVerb.main of <colcon_core.verb.build.BuildVerb object at 0x7f0fc358fe20>>, merge_install=False, metas=['./colcon.meta'], packages_above=None, packages_above_and_dependencies=None, packages_above_depth=None, packages_end=None, packages_ignore=None, packages_ignore_regex=None, packages_select=None, packages_select_build_failed=False, packages_select_by_dep=None, packages_select_regex=None, packages_select_test_failures=False, packages_skip=None, packages_skip_build_finished=False, packages_skip_by_dep=None, packages_skip_regex=None, packages_skip_test_passed=False, packages_skip_up_to=None, packages_start=None, packages_up_to=None, packages_up_to_regex=None, parallel_workers=12, paths=None, symlink_install=False, test_result_base=None, verb_extension=<colcon_core.verb.build.BuildVerb object at 0x7f0fc358fe20>, verb_name='build', verb_parser=<colcon_defaults.argument_parser.defaults.DefaultArgumentsDecorator object at 0x7f0fc34d2670>)
[0.386s] Level 1:colcon.colcon_core.package_discovery:discover_packages(colcon_meta) check parameters
[0.387s] Level 1:colcon.colcon_core.package_discovery:discover_packages(recursive) check parameters
[0.387s] Level 1:colcon.colcon_core.package_discovery:discover_packages(ignore) check parameters
[0.387s] Level 1:colcon.colcon_core.package_discovery:discover_packages(path) check parameters
[0.387s] Level 1:colcon.colcon_core.package_discovery:discover_packages(colcon_meta) discover
[0.387s] Level 1:colcon.colcon_core.package_discovery:discover_packages(recursive) discover
[0.387s] INFO:colcon.colcon_core.package_discovery:Crawling recursively for packages in '/home/kim/open_topic/linux/ws'
[0.387s] Level 1:colcon.colcon_core.package_identification:_identify(.) by extensions ['ignore', 'ignore_ament_install']
[0.387s] Level 1:colcon.colcon_core.package_identification:_identify(.) by extension 'ignore'
[0.387s] Level 1:colcon.colcon_core.package_identification:_identify(.) by extension 'ignore_ament_install'
[0.387s] Level 1:colcon.colcon_core.package_identification:_identify(.) by extensions ['colcon_pkg']
[0.387s] Level 1:colcon.colcon_core.package_identification:_identify(.) by extension 'colcon_pkg'
[0.387s] Level 1:colcon.colcon_core.package_identification:_identify(.) by extensions ['colcon_meta']
[0.387s] Level 1:colcon.colcon_core.package_identification:_identify(.) by extension 'colcon_meta'
[0.387s] Level 1:colcon.colcon_core.package_identification:_identify(.) by extensions ['ros']
[0.387s] Level 1:colcon.colcon_core.package_identification:_identify(.) by extension 'ros'
[0.400s] Level 1:colcon.colcon_core.package_identification:_identify(.) by extensions ['cmake', 'python']
[0.400s] Level 1:colcon.colcon_core.package_identification:_identify(.) by extension 'cmake'
[0.400s] Level 1:colcon.colcon_core.package_identification:_identify(.) by extension 'python'
[0.400s] Level 1:colcon.colcon_core.package_identification:_identify(.) by extensions ['python_setup_py']
[0.400s] Level 1:colcon.colcon_core.package_identification:_identify(.) by extension 'python_setup_py'
[0.400s] Level 1:colcon.colcon_core.package_identification:_identify(build) by extensions ['ignore', 'ignore_ament_install']
[0.400s] Level 1:colcon.colcon_core.package_identification:_identify(build) by extension 'ignore'
[0.400s] Level 1:colcon.colcon_core.package_identification:_identify(build) ignored
[0.401s] Level 1:colcon.colcon_core.package_identification:_identify(install) by extensions ['ignore', 'ignore_ament_install']
[0.401s] Level 1:colcon.colcon_core.package_identification:_identify(install) by extension 'ignore'
[0.401s] Level 1:colcon.colcon_core.package_identification:_identify(install) ignored
[0.401s] Level 1:colcon.colcon_core.package_identification:_identify(log) by extensions ['ignore', 'ignore_ament_install']
[0.401s] Level 1:colcon.colcon_core.package_identification:_identify(log) by extension 'ignore'
[0.401s] Level 1:colcon.colcon_core.package_identification:_identify(log) ignored
[0.401s] Level 1:colcon.colcon_core.package_identification:_identify(src) by extensions ['ignore', 'ignore_ament_install']
[0.401s] Level 1:colcon.colcon_core.package_identification:_identify(src) by extension 'ignore'
[0.401s] Level 1:colcon.colcon_core.package_identification:_identify(src) by extension 'ignore_ament_install'
[0.401s] Level 1:colcon.colcon_core.package_identification:_identify(src) by extensions ['colcon_pkg']
[0.401s] Level 1:colcon.colcon_core.package_identification:_identify(src) by extension 'colcon_pkg'
[0.401s] Level 1:colcon.colcon_core.package_identification:_identify(src) by extensions ['colcon_meta']
[0.401s] Level 1:colcon.colcon_core.package_identification:_identify(src) by extension 'colcon_meta'
[0.401s] Level 1:colcon.colcon_core.package_identification:_identify(src) by extensions ['ros']
[0.401s] Level 1:colcon.colcon_core.package_identification:_identify(src) by extension 'ros'
[0.401s] Level 1:colcon.colcon_core.package_identification:_identify(src) by extensions ['cmake', 'python']
[0.401s] Level 1:colcon.colcon_core.package_identification:_identify(src) by extension 'cmake'
[0.401s] Level 1:colcon.colcon_core.package_identification:_identify(src) by extension 'python'
[0.401s] Level 1:colcon.colcon_core.package_identification:_identify(src) by extensions ['python_setup_py']
[0.401s] Level 1:colcon.colcon_core.package_identification:_identify(src) by extension 'python_setup_py'
[0.401s] Level 1:colcon.colcon_core.package_identification:_identify(src/fake_image) by extensions ['ignore', 'ignore_ament_install']
[0.401s] Level 1:colcon.colcon_core.package_identification:_identify(src/fake_image) by extension 'ignore'
[0.401s] Level 1:colcon.colcon_core.package_identification:_identify(src/fake_image) by extension 'ignore_ament_install'
[0.401s] Level 1:colcon.colcon_core.package_identification:_identify(src/fake_image) by extensions ['colcon_pkg']
[0.402s] Level 1:colcon.colcon_core.package_identification:_identify(src/fake_image) by extension 'colcon_pkg'
[0.402s] Level 1:colcon.colcon_core.package_identification:_identify(src/fake_image) by extensions ['colcon_meta']
[0.402s] Level 1:colcon.colcon_core.package_identification:_identify(src/fake_image) by extension 'colcon_meta'
[0.402s] Level 1:colcon.colcon_core.package_identification:_identify(src/fake_image) by extensions ['ros']
[0.402s] Level 1:colcon.colcon_core.package_identification:_identify(src/fake_image) by extension 'ros'
[0.404s] DEBUG:colcon.colcon_core.package_identification:Package 'src/fake_image' with type 'ros.ament_cmake' and name 'fake_image'
[0.404s] Level 1:colcon.colcon_core.package_identification:_identify(src/fake_pixel) by extensions ['ignore', 'ignore_ament_install']
[0.404s] Level 1:colcon.colcon_core.package_identification:_identify(src/fake_pixel) by extension 'ignore'
[0.404s] Level 1:colcon.colcon_core.package_identification:_identify(src/fake_pixel) by extension 'ignore_ament_install'
[0.404s] Level 1:colcon.colcon_core.package_identification:_identify(src/fake_pixel) by extensions ['colcon_pkg']
[0.404s] Level 1:colcon.colcon_core.package_identification:_identify(src/fake_pixel) by extension 'colcon_pkg'
[0.404s] Level 1:colcon.colcon_core.package_identification:_identify(src/fake_pixel) by extensions ['colcon_meta']
[0.404s] Level 1:colcon.colcon_core.package_identification:_identify(src/fake_pixel) by extension 'colcon_meta'
[0.404s] Level 1:colcon.colcon_core.package_identification:_identify(src/fake_pixel) by extensions ['ros']
[0.404s] Level 1:colcon.colcon_core.package_identification:_identify(src/fake_pixel) by extension 'ros'
[0.404s] DEBUG:colcon.colcon_core.package_identification:Package 'src/fake_pixel' with type 'ros.ament_cmake' and name 'fake_pixel'
[0.405s] Level 1:colcon.colcon_core.package_identification:_identify(src/pixel2coordinate) by extensions ['ignore', 'ignore_ament_install']
[0.405s] Level 1:colcon.colcon_core.package_identification:_identify(src/pixel2coordinate) by extension 'ignore'
[0.405s] Level 1:colcon.colcon_core.package_identification:_identify(src/pixel2coordinate) by extension 'ignore_ament_install'
[0.405s] Level 1:colcon.colcon_core.package_identification:_identify(src/pixel2coordinate) by extensions ['colcon_pkg']
[0.405s] Level 1:colcon.colcon_core.package_identification:_identify(src/pixel2coordinate) by extension 'colcon_pkg'
[0.405s] Level 1:colcon.colcon_core.package_identification:_identify(src/pixel2coordinate) by extensions ['colcon_meta']
[0.405s] Level 1:colcon.colcon_core.package_identification:_identify(src/pixel2coordinate) by extension 'colcon_meta'
[0.405s] Level 1:colcon.colcon_core.package_identification:_identify(src/pixel2coordinate) by extensions ['ros']
[0.405s] Level 1:colcon.colcon_core.package_identification:_identify(src/pixel2coordinate) by extension 'ros'
[0.405s] DEBUG:colcon.colcon_core.package_identification:Package 'src/pixel2coordinate' with type 'ros.ament_cmake' and name 'pixel2coordinate'
[0.405s] Level 1:colcon.colcon_core.package_discovery:discover_packages(recursive) using defaults
[0.405s] Level 1:colcon.colcon_core.package_discovery:discover_packages(ignore) discover
[0.405s] Level 1:colcon.colcon_core.package_discovery:discover_packages(ignore) using defaults
[0.405s] Level 1:colcon.colcon_core.package_discovery:discover_packages(path) discover
[0.405s] Level 1:colcon.colcon_core.package_discovery:discover_packages(path) using defaults
[0.441s] Level 1:colcon.colcon_core.package_discovery:discover_packages(prefix_path) check parameters
[0.441s] Level 1:colcon.colcon_core.package_discovery:discover_packages(prefix_path) discover
[0.446s] DEBUG:colcon.colcon_installed_package_information.package_discovery:Found 5 installed packages in /home/kim/open_topic/linux/ws/install
[0.449s] DEBUG:colcon.colcon_installed_package_information.package_discovery:Found 0 installed packages in /home/kim/ros2/ws/install
[0.451s] DEBUG:colcon.colcon_installed_package_information.package_discovery:Found 4 installed packages in /home/kim/ros2/downloadws/install
[0.453s] DEBUG:colcon.colcon_installed_package_information.package_discovery:Found 2 installed packages in /home/kim/is/ubnutu/ws/install
[0.456s] DEBUG:colcon.colcon_installed_package_information.package_discovery:Found 258 installed packages in /opt/ros/foxy
[0.457s] Level 1:colcon.colcon_core.package_discovery:discover_packages(prefix_path) using defaults
[0.504s] Level 5:colcon.colcon_core.verb:set package 'fake_image' build argument 'cmake_args' from command line to 'None'
[0.504s] Level 5:colcon.colcon_core.verb:set package 'fake_image' build argument 'cmake_target' from command line to 'None'
[0.504s] Level 5:colcon.colcon_core.verb:set package 'fake_image' build argument 'cmake_target_skip_unavailable' from command line to 'False'
[0.504s] Level 5:colcon.colcon_core.verb:set package 'fake_image' build argument 'cmake_clean_cache' from command line to 'False'
[0.504s] Level 5:colcon.colcon_core.verb:set package 'fake_image' build argument 'cmake_clean_first' from command line to 'False'
[0.504s] Level 5:colcon.colcon_core.verb:set package 'fake_image' build argument 'cmake_force_configure' from command line to 'False'
[0.504s] Level 5:colcon.colcon_core.verb:set package 'fake_image' build argument 'ament_cmake_args' from command line to 'None'
[0.504s] Level 5:colcon.colcon_core.verb:set package 'fake_image' build argument 'catkin_cmake_args' from command line to 'None'
[0.504s] Level 5:colcon.colcon_core.verb:set package 'fake_image' build argument 'catkin_skip_building_tests' from command line to 'False'
[0.505s] DEBUG:colcon.colcon_core.verb:Building package 'fake_image' with the following arguments: {'ament_cmake_args': None, 'build_base': '/home/kim/open_topic/linux/ws/build/fake_image', 'catkin_cmake_args': None, 'catkin_skip_building_tests': False, 'cmake_args': None, 'cmake_clean_cache': False, 'cmake_clean_first': False, 'cmake_force_configure': False, 'cmake_target': None, 'cmake_target_skip_unavailable': False, 'install_base': '/home/kim/open_topic/linux/ws/install/fake_image', 'merge_install': False, 'path': '/home/kim/open_topic/linux/ws/src/fake_image', 'symlink_install': False, 'test_result_base': None}
[0.507s] Level 5:colcon.colcon_core.verb:set package 'fake_pixel' build argument 'cmake_args' from command line to 'None'
[0.507s] Level 5:colcon.colcon_core.verb:set package 'fake_pixel' build argument 'cmake_target' from command line to 'None'
[0.507s] Level 5:colcon.colcon_core.verb:set package 'fake_pixel' build argument 'cmake_target_skip_unavailable' from command line to 'False'
[0.507s] Level 5:colcon.colcon_core.verb:set package 'fake_pixel' build argument 'cmake_clean_cache' from command line to 'False'
[0.507s] Level 5:colcon.colcon_core.verb:set package 'fake_pixel' build argument 'cmake_clean_first' from command line to 'False'
[0.507s] Level 5:colcon.colcon_core.verb:set package 'fake_pixel' build argument 'cmake_force_configure' from command line to 'False'
[0.507s] Level 5:colcon.colcon_core.verb:set package 'fake_pixel' build argument 'ament_cmake_args' from command line to 'None'
[0.507s] Level 5:colcon.colcon_core.verb:set package 'fake_pixel' build argument 'catkin_cmake_args' from command line to 'None'
[0.507s] Level 5:colcon.colcon_core.verb:set package 'fake_pixel' build argument 'catkin_skip_building_tests' from command line to 'False'
[0.507s] DEBUG:colcon.colcon_core.verb:Building package 'fake_pixel' with the following arguments: {'ament_cmake_args': None, 'build_base': '/home/kim/open_topic/linux/ws/build/fake_pixel', 'catkin_cmake_args': None, 'catkin_skip_building_tests': False, 'cmake_args': None, 'cmake_clean_cache': False, 'cmake_clean_first': False, 'cmake_force_configure': False, 'cmake_target': None, 'cmake_target_skip_unavailable': False, 'install_base': '/home/kim/open_topic/linux/ws/install/fake_pixel', 'merge_install': False, 'path': '/home/kim/open_topic/linux/ws/src/fake_pixel', 'symlink_install': False, 'test_result_base': None}
[0.509s] Level 5:colcon.colcon_core.verb:set package 'pixel2coordinate' build argument 'cmake_args' from command line to 'None'
[0.509s] Level 5:colcon.colcon_core.verb:set package 'pixel2coordinate' build argument 'cmake_target' from command line to 'None'
[0.509s] Level 5:colcon.colcon_core.verb:set package 'pixel2coordinate' build argument 'cmake_target_skip_unavailable' from command line to 'False'
[0.509s] Level 5:colcon.colcon_core.verb:set package 'pixel2coordinate' build argument 'cmake_clean_cache' from command line to 'False'
[0.509s] Level 5:colcon.colcon_core.verb:set package 'pixel2coordinate' build argument 'cmake_clean_first' from command line to 'False'
[0.509s] Level 5:colcon.colcon_core.verb:set package 'pixel2coordinate' build argument 'cmake_force_configure' from command line to 'False'
[0.509s] Level 5:colcon.colcon_core.verb:set package 'pixel2coordinate' build argument 'ament_cmake_args' from command line to 'None'
[0.509s] Level 5:colcon.colcon_core.verb:set package 'pixel2coordinate' build argument 'catkin_cmake_args' from command line to 'None'
[0.509s] Level 5:colcon.colcon_core.verb:set package 'pixel2coordinate' build argument 'catkin_skip_building_tests' from command line to 'False'
[0.509s] DEBUG:colcon.colcon_core.verb:Building package 'pixel2coordinate' with the following arguments: {'ament_cmake_args': None, 'build_base': '/home/kim/open_topic/linux/ws/build/pixel2coordinate', 'catkin_cmake_args': None, 'catkin_skip_building_tests': False, 'cmake_args': None, 'cmake_clean_cache': False, 'cmake_clean_first': False, 'cmake_force_configure': False, 'cmake_target': None, 'cmake_target_skip_unavailable': False, 'install_base': '/home/kim/open_topic/linux/ws/install/pixel2coordinate', 'merge_install': False, 'path': '/home/kim/open_topic/linux/ws/src/pixel2coordinate', 'symlink_install': False, 'test_result_base': None}
[0.511s] INFO:colcon.colcon_core.executor:Executing jobs using 'parallel' executor
[0.521s] DEBUG:colcon.colcon_parallel_executor.executor.parallel:run_until_complete
[0.521s] INFO:colcon.colcon_ros.task.ament_cmake.build:Building ROS package in '/home/kim/open_topic/linux/ws/src/fake_image' with build type 'ament_cmake'
[0.522s] INFO:colcon.colcon_cmake.task.cmake.build:Building CMake package in '/home/kim/open_topic/linux/ws/src/fake_image'
[0.529s] INFO:colcon.colcon_core.plugin_system:Skipping extension 'colcon_core.shell.bat': Not used on non-Windows systems
[0.530s] INFO:colcon.colcon_core.shell:Skip shell extension 'powershell' for command environment: Not usable outside of PowerShell
[0.530s] DEBUG:colcon.colcon_core.shell:Skip shell extension 'dsv' for command environment
[0.544s] INFO:colcon.colcon_ros.task.ament_cmake.build:Building ROS package in '/home/kim/open_topic/linux/ws/src/fake_pixel' with build type 'ament_cmake'
[0.545s] INFO:colcon.colcon_cmake.task.cmake.build:Building CMake package in '/home/kim/open_topic/linux/ws/src/fake_pixel'
[0.553s] INFO:colcon.colcon_core.shell:Skip shell extension 'powershell' for command environment: Not usable outside of PowerShell
[0.554s] DEBUG:colcon.colcon_core.shell:Skip shell extension 'dsv' for command environment
[0.575s] INFO:colcon.colcon_ros.task.ament_cmake.build:Building ROS package in '/home/kim/open_topic/linux/ws/src/pixel2coordinate' with build type 'ament_cmake'
[0.576s] INFO:colcon.colcon_cmake.task.cmake.build:Building CMake package in '/home/kim/open_topic/linux/ws/src/pixel2coordinate'
[0.580s] INFO:colcon.colcon_core.shell:Skip shell extension 'powershell' for command environment: Not usable outside of PowerShell
[0.581s] DEBUG:colcon.colcon_core.shell:Skip shell extension 'dsv' for command environment
[0.602s] DEBUG:colcon.colcon_core.event_handler.log_command:Invoking command in '/home/kim/open_topic/linux/ws/build/fake_image': CMAKE_PREFIX_PATH=${CMAKE_PREFIX_PATH}:/opt/ros/foxy /home/kim/.local/bin/cmake --build /home/kim/open_topic/linux/ws/build/fake_image -- -j12 -l12
[0.618s] DEBUG:colcon.colcon_core.event_handler.log_command:Invoking command in '/home/kim/open_topic/linux/ws/build/fake_pixel': CMAKE_PREFIX_PATH=${CMAKE_PREFIX_PATH}:/opt/ros/foxy /home/kim/.local/bin/cmake --build /home/kim/open_topic/linux/ws/build/fake_pixel -- -j12 -l12
[0.631s] DEBUG:colcon.colcon_core.event_handler.log_command:Invoking command in '/home/kim/open_topic/linux/ws/build/pixel2coordinate': CMAKE_PREFIX_PATH=${CMAKE_PREFIX_PATH}:/opt/ros/foxy /home/kim/.local/bin/cmake --build /home/kim/open_topic/linux/ws/build/pixel2coordinate -- -j12 -l12
[0.687s] DEBUG:colcon.colcon_core.event_handler.log_command:Invoked command in '/home/kim/open_topic/linux/ws/build/fake_image' returned '0': CMAKE_PREFIX_PATH=${CMAKE_PREFIX_PATH}:/opt/ros/foxy /home/kim/.local/bin/cmake --build /home/kim/open_topic/linux/ws/build/fake_image -- -j12 -l12
[0.708s] DEBUG:colcon.colcon_core.event_handler.log_command:Invoked command in '/home/kim/open_topic/linux/ws/build/pixel2coordinate' returned '0': CMAKE_PREFIX_PATH=${CMAKE_PREFIX_PATH}:/opt/ros/foxy /home/kim/.local/bin/cmake --build /home/kim/open_topic/linux/ws/build/pixel2coordinate -- -j12 -l12
[0.713s] DEBUG:colcon.colcon_core.event_handler.log_command:Invoked command in '/home/kim/open_topic/linux/ws/build/fake_pixel' returned '0': CMAKE_PREFIX_PATH=${CMAKE_PREFIX_PATH}:/opt/ros/foxy /home/kim/.local/bin/cmake --build /home/kim/open_topic/linux/ws/build/fake_pixel -- -j12 -l12
[0.787s] DEBUG:colcon.colcon_core.event_handler.log_command:Invoking command in '/home/kim/open_topic/linux/ws/build/fake_image': CMAKE_PREFIX_PATH=${CMAKE_PREFIX_PATH}:/opt/ros/foxy /home/kim/.local/bin/cmake --install /home/kim/open_topic/linux/ws/build/fake_image
[0.790s] DEBUG:colcon.colcon_core.event_handler.log_command:Invoking command in '/home/kim/open_topic/linux/ws/build/fake_pixel': CMAKE_PREFIX_PATH=${CMAKE_PREFIX_PATH}:/opt/ros/foxy /home/kim/.local/bin/cmake --install /home/kim/open_topic/linux/ws/build/fake_pixel
[0.795s] DEBUG:colcon.colcon_core.event_handler.log_command:Invoking command in '/home/kim/open_topic/linux/ws/build/pixel2coordinate': CMAKE_PREFIX_PATH=${CMAKE_PREFIX_PATH}:/opt/ros/foxy /home/kim/.local/bin/cmake --install /home/kim/open_topic/linux/ws/build/pixel2coordinate
[0.882s] Level 1:colcon.colcon_core.environment:create_environment_scripts_only(fake_pixel)
[0.885s] DEBUG:colcon.colcon_core.event_handler.log_command:Invoked command in '/home/kim/open_topic/linux/ws/build/fake_pixel' returned '0': CMAKE_PREFIX_PATH=${CMAKE_PREFIX_PATH}:/opt/ros/foxy /home/kim/.local/bin/cmake --install /home/kim/open_topic/linux/ws/build/fake_pixel
[0.898s] Level 1:colcon.colcon_core.environment:checking '/home/kim/open_topic/linux/ws/install/fake_pixel' for CMake module files
[0.898s] Level 1:colcon.colcon_core.environment:checking '/home/kim/open_topic/linux/ws/install/fake_pixel' for CMake config files
[0.899s] Level 1:colcon.colcon_core.shell:create_environment_hook('fake_pixel', 'cmake_prefix_path')
[0.903s] INFO:colcon.colcon_core.shell:Creating environment hook '/home/kim/open_topic/linux/ws/install/fake_pixel/share/fake_pixel/hook/cmake_prefix_path.ps1'
[0.905s] INFO:colcon.colcon_core.shell:Creating environment descriptor '/home/kim/open_topic/linux/ws/install/fake_pixel/share/fake_pixel/hook/cmake_prefix_path.dsv'
[0.906s] INFO:colcon.colcon_core.shell:Creating environment hook '/home/kim/open_topic/linux/ws/install/fake_pixel/share/fake_pixel/hook/cmake_prefix_path.sh'
[0.906s] Level 1:colcon.colcon_core.environment:checking '/home/kim/open_topic/linux/ws/install/fake_pixel/lib'
[0.907s] Level 1:colcon.colcon_core.environment:checking '/home/kim/open_topic/linux/ws/install/fake_pixel/bin'
[0.907s] Level 1:colcon.colcon_core.environment:checking '/home/kim/open_topic/linux/ws/install/fake_pixel/lib/pkgconfig/fake_pixel.pc'
[0.907s] Level 1:colcon.colcon_core.environment:checking '/home/kim/open_topic/linux/ws/install/fake_pixel/lib/python3.8/site-packages'
[0.907s] Level 1:colcon.colcon_core.shell:create_environment_hook('fake_pixel', 'pythonpath')
[0.912s] INFO:colcon.colcon_core.shell:Creating environment hook '/home/kim/open_topic/linux/ws/install/fake_pixel/share/fake_pixel/hook/pythonpath.ps1'
[0.912s] INFO:colcon.colcon_core.shell:Creating environment descriptor '/home/kim/open_topic/linux/ws/install/fake_pixel/share/fake_pixel/hook/pythonpath.dsv'
[0.913s] INFO:colcon.colcon_core.shell:Creating environment hook '/home/kim/open_topic/linux/ws/install/fake_pixel/share/fake_pixel/hook/pythonpath.sh'
[0.914s] Level 1:colcon.colcon_core.environment:checking '/home/kim/open_topic/linux/ws/install/fake_pixel/bin'
[0.918s] INFO:colcon.colcon_core.shell:Creating package script '/home/kim/open_topic/linux/ws/install/fake_pixel/share/fake_pixel/package.ps1'
[0.920s] INFO:colcon.colcon_core.shell:Creating package descriptor '/home/kim/open_topic/linux/ws/install/fake_pixel/share/fake_pixel/package.dsv'
[0.920s] INFO:colcon.colcon_core.shell:Creating package script '/home/kim/open_topic/linux/ws/install/fake_pixel/share/fake_pixel/package.sh'
[0.921s] INFO:colcon.colcon_core.shell:Creating package script '/home/kim/open_topic/linux/ws/install/fake_pixel/share/fake_pixel/package.bash'
[0.922s] INFO:colcon.colcon_core.shell:Creating package script '/home/kim/open_topic/linux/ws/install/fake_pixel/share/fake_pixel/package.zsh'
[0.922s] Level 1:colcon.colcon_core.environment:create_file_with_runtime_dependencies(/home/kim/open_topic/linux/ws/install/fake_pixel/share/colcon-core/packages/fake_pixel)
[0.926s] Level 1:colcon.colcon_core.environment:create_environment_scripts_only(fake_image)
[0.934s] Level 1:colcon.colcon_core.environment:checking '/home/kim/open_topic/linux/ws/install/fake_image' for CMake module files
[0.934s] DEBUG:colcon.colcon_core.event_handler.log_command:Invoked command in '/home/kim/open_topic/linux/ws/build/fake_image' returned '0': CMAKE_PREFIX_PATH=${CMAKE_PREFIX_PATH}:/opt/ros/foxy /home/kim/.local/bin/cmake --install /home/kim/open_topic/linux/ws/build/fake_image
[0.935s] Level 1:colcon.colcon_core.environment:checking '/home/kim/open_topic/linux/ws/install/fake_image' for CMake config files
[0.935s] Level 1:colcon.colcon_core.shell:create_environment_hook('fake_image', 'cmake_prefix_path')
[0.939s] INFO:colcon.colcon_core.shell:Creating environment hook '/home/kim/open_topic/linux/ws/install/fake_image/share/fake_image/hook/cmake_prefix_path.ps1'
[0.940s] INFO:colcon.colcon_core.shell:Creating environment descriptor '/home/kim/open_topic/linux/ws/install/fake_image/share/fake_image/hook/cmake_prefix_path.dsv'
[0.940s] INFO:colcon.colcon_core.shell:Creating environment hook '/home/kim/open_topic/linux/ws/install/fake_image/share/fake_image/hook/cmake_prefix_path.sh'
[0.941s] Level 1:colcon.colcon_core.environment:checking '/home/kim/open_topic/linux/ws/install/fake_image/lib'
[0.941s] Level 1:colcon.colcon_core.environment:checking '/home/kim/open_topic/linux/ws/install/fake_image/bin'
[0.941s] Level 1:colcon.colcon_core.environment:checking '/home/kim/open_topic/linux/ws/install/fake_image/lib/pkgconfig/fake_image.pc'
[0.941s] Level 1:colcon.colcon_core.environment:checking '/home/kim/open_topic/linux/ws/install/fake_image/lib/python3.8/site-packages'
[0.941s] Level 1:colcon.colcon_core.shell:create_environment_hook('fake_image', 'pythonpath')
[0.945s] INFO:colcon.colcon_core.shell:Creating environment hook '/home/kim/open_topic/linux/ws/install/fake_image/share/fake_image/hook/pythonpath.ps1'
[0.946s] INFO:colcon.colcon_core.shell:Creating environment descriptor '/home/kim/open_topic/linux/ws/install/fake_image/share/fake_image/hook/pythonpath.dsv'
[0.946s] INFO:colcon.colcon_core.shell:Creating environment hook '/home/kim/open_topic/linux/ws/install/fake_image/share/fake_image/hook/pythonpath.sh'
[0.947s] Level 1:colcon.colcon_core.environment:checking '/home/kim/open_topic/linux/ws/install/fake_image/bin'
[0.952s] INFO:colcon.colcon_core.shell:Creating package script '/home/kim/open_topic/linux/ws/install/fake_image/share/fake_image/package.ps1'
[0.952s] INFO:colcon.colcon_core.shell:Creating package descriptor '/home/kim/open_topic/linux/ws/install/fake_image/share/fake_image/package.dsv'
[0.953s] INFO:colcon.colcon_core.shell:Creating package script '/home/kim/open_topic/linux/ws/install/fake_image/share/fake_image/package.sh'
[0.953s] INFO:colcon.colcon_core.shell:Creating package script '/home/kim/open_topic/linux/ws/install/fake_image/share/fake_image/package.bash'
[0.954s] INFO:colcon.colcon_core.shell:Creating package script '/home/kim/open_topic/linux/ws/install/fake_image/share/fake_image/package.zsh'
[0.954s] Level 1:colcon.colcon_core.environment:create_file_with_runtime_dependencies(/home/kim/open_topic/linux/ws/install/fake_image/share/colcon-core/packages/fake_image)
[0.958s] Level 1:colcon.colcon_core.environment:create_environment_scripts_only(pixel2coordinate)
[0.966s] Level 1:colcon.colcon_core.environment:checking '/home/kim/open_topic/linux/ws/install/pixel2coordinate' for CMake module files
[0.967s] DEBUG:colcon.colcon_core.event_handler.log_command:Invoked command in '/home/kim/open_topic/linux/ws/build/pixel2coordinate' returned '0': CMAKE_PREFIX_PATH=${CMAKE_PREFIX_PATH}:/opt/ros/foxy /home/kim/.local/bin/cmake --install /home/kim/open_topic/linux/ws/build/pixel2coordinate
[0.967s] Level 1:colcon.colcon_core.environment:checking '/home/kim/open_topic/linux/ws/install/pixel2coordinate' for CMake config files
[0.967s] Level 1:colcon.colcon_core.shell:create_environment_hook('pixel2coordinate', 'cmake_prefix_path')
[0.973s] INFO:colcon.colcon_core.shell:Creating environment hook '/home/kim/open_topic/linux/ws/install/pixel2coordinate/share/pixel2coordinate/hook/cmake_prefix_path.ps1'
[0.973s] INFO:colcon.colcon_core.shell:Creating environment descriptor '/home/kim/open_topic/linux/ws/install/pixel2coordinate/share/pixel2coordinate/hook/cmake_prefix_path.dsv'
[0.974s] INFO:colcon.colcon_core.shell:Creating environment hook '/home/kim/open_topic/linux/ws/install/pixel2coordinate/share/pixel2coordinate/hook/cmake_prefix_path.sh'
[0.975s] Level 1:colcon.colcon_core.environment:checking '/home/kim/open_topic/linux/ws/install/pixel2coordinate/lib'
[0.975s] Level 1:colcon.colcon_core.environment:checking '/home/kim/open_topic/linux/ws/install/pixel2coordinate/bin'
[0.975s] Level 1:colcon.colcon_core.environment:checking '/home/kim/open_topic/linux/ws/install/pixel2coordinate/lib/pkgconfig/pixel2coordinate.pc'
[0.975s] Level 1:colcon.colcon_core.environment:checking '/home/kim/open_topic/linux/ws/install/pixel2coordinate/lib/python3.8/site-packages'
[0.975s] Level 1:colcon.colcon_core.shell:create_environment_hook('pixel2coordinate', 'pythonpath')
[0.981s] INFO:colcon.colcon_core.shell:Creating environment hook '/home/kim/open_topic/linux/ws/install/pixel2coordinate/share/pixel2coordinate/hook/pythonpath.ps1'
[0.982s] INFO:colcon.colcon_core.shell:Creating environment descriptor '/home/kim/open_topic/linux/ws/install/pixel2coordinate/share/pixel2coordinate/hook/pythonpath.dsv'
[0.983s] INFO:colcon.colcon_core.shell:Creating environment hook '/home/kim/open_topic/linux/ws/install/pixel2coordinate/share/pixel2coordinate/hook/pythonpath.sh'
[0.984s] Level 1:colcon.colcon_core.environment:checking '/home/kim/open_topic/linux/ws/install/pixel2coordinate/bin'
[0.989s] INFO:colcon.colcon_core.shell:Creating package script '/home/kim/open_topic/linux/ws/install/pixel2coordinate/share/pixel2coordinate/package.ps1'
[0.990s] INFO:colcon.colcon_core.shell:Creating package descriptor '/home/kim/open_topic/linux/ws/install/pixel2coordinate/share/pixel2coordinate/package.dsv'
[0.991s] INFO:colcon.colcon_core.shell:Creating package script '/home/kim/open_topic/linux/ws/install/pixel2coordinate/share/pixel2coordinate/package.sh'
[0.991s] INFO:colcon.colcon_core.shell:Creating package script '/home/kim/open_topic/linux/ws/install/pixel2coordinate/share/pixel2coordinate/package.bash'
[0.992s] INFO:colcon.colcon_core.shell:Creating package script '/home/kim/open_topic/linux/ws/install/pixel2coordinate/share/pixel2coordinate/package.zsh'
[0.992s] Level 1:colcon.colcon_core.environment:create_file_with_runtime_dependencies(/home/kim/open_topic/linux/ws/install/pixel2coordinate/share/colcon-core/packages/pixel2coordinate)
[1.000s] Level 1:colcon.colcon_core.environment:create_environment_scripts_only(fake_pixel)
[1.006s] Level 1:colcon.colcon_core.environment:checking '/home/kim/open_topic/linux/ws/install/fake_pixel' for CMake module files
[1.007s] Level 1:colcon.colcon_core.environment:checking '/home/kim/open_topic/linux/ws/install/fake_pixel' for CMake config files
[1.007s] Level 1:colcon.colcon_core.shell:create_environment_hook('fake_pixel', 'cmake_prefix_path')
[1.011s] INFO:colcon.colcon_core.shell:Creating environment hook '/home/kim/open_topic/linux/ws/install/fake_pixel/share/fake_pixel/hook/cmake_prefix_path.ps1'
[1.013s] INFO:colcon.colcon_core.shell:Creating environment descriptor '/home/kim/open_topic/linux/ws/install/fake_pixel/share/fake_pixel/hook/cmake_prefix_path.dsv'
[1.013s] INFO:colcon.colcon_core.shell:Creating environment hook '/home/kim/open_topic/linux/ws/install/fake_pixel/share/fake_pixel/hook/cmake_prefix_path.sh'
[1.014s] Level 1:colcon.colcon_core.environment:checking '/home/kim/open_topic/linux/ws/install/fake_pixel/lib'
[1.014s] Level 1:colcon.colcon_core.environment:checking '/home/kim/open_topic/linux/ws/install/fake_pixel/bin'
[1.014s] Level 1:colcon.colcon_core.environment:checking '/home/kim/open_topic/linux/ws/install/fake_pixel/lib/pkgconfig/fake_pixel.pc'
[1.014s] Level 1:colcon.colcon_core.environment:checking '/home/kim/open_topic/linux/ws/install/fake_pixel/lib/python3.8/site-packages'
[1.014s] Level 1:colcon.colcon_core.shell:create_environment_hook('fake_pixel', 'pythonpath')
[1.019s] INFO:colcon.colcon_core.shell:Creating environment hook '/home/kim/open_topic/linux/ws/install/fake_pixel/share/fake_pixel/hook/pythonpath.ps1'
[1.019s] INFO:colcon.colcon_core.shell:Creating environment descriptor '/home/kim/open_topic/linux/ws/install/fake_pixel/share/fake_pixel/hook/pythonpath.dsv'
[1.020s] INFO:colcon.colcon_core.shell:Creating environment hook '/home/kim/open_topic/linux/ws/install/fake_pixel/share/fake_pixel/hook/pythonpath.sh'
[1.020s] Level 1:colcon.colcon_core.environment:checking '/home/kim/open_topic/linux/ws/install/fake_pixel/bin'
[1.026s] INFO:colcon.colcon_core.shell:Creating package script '/home/kim/open_topic/linux/ws/install/fake_pixel/share/fake_pixel/package.ps1'
[1.028s] INFO:colcon.colcon_core.shell:Creating package descriptor '/home/kim/open_topic/linux/ws/install/fake_pixel/share/fake_pixel/package.dsv'
[1.028s] INFO:colcon.colcon_core.shell:Creating package script '/home/kim/open_topic/linux/ws/install/fake_pixel/share/fake_pixel/package.sh'
[1.029s] INFO:colcon.colcon_core.shell:Creating package script '/home/kim/open_topic/linux/ws/install/fake_pixel/share/fake_pixel/package.bash'
[1.029s] INFO:colcon.colcon_core.shell:Creating package script '/home/kim/open_topic/linux/ws/install/fake_pixel/share/fake_pixel/package.zsh'
[1.030s] Level 1:colcon.colcon_core.environment:create_file_with_runtime_dependencies(/home/kim/open_topic/linux/ws/install/fake_pixel/share/colcon-core/packages/fake_pixel)
[1.034s] Level 1:colcon.colcon_core.environment:create_environment_scripts_only(fake_image)
[1.040s] Level 1:colcon.colcon_core.environment:checking '/home/kim/open_topic/linux/ws/install/fake_image' for CMake module files
[1.041s] Level 1:colcon.colcon_core.environment:checking '/home/kim/open_topic/linux/ws/install/fake_image' for CMake config files
[1.042s] Level 1:colcon.colcon_core.shell:create_environment_hook('fake_image', 'cmake_prefix_path')
[1.046s] INFO:colcon.colcon_core.shell:Creating environment hook '/home/kim/open_topic/linux/ws/install/fake_image/share/fake_image/hook/cmake_prefix_path.ps1'
[1.047s] INFO:colcon.colcon_core.shell:Creating environment descriptor '/home/kim/open_topic/linux/ws/install/fake_image/share/fake_image/hook/cmake_prefix_path.dsv'
[1.047s] INFO:colcon.colcon_core.shell:Creating environment hook '/home/kim/open_topic/linux/ws/install/fake_image/share/fake_image/hook/cmake_prefix_path.sh'
[1.048s] Level 1:colcon.colcon_core.environment:checking '/home/kim/open_topic/linux/ws/install/fake_image/lib'
[1.048s] Level 1:colcon.colcon_core.environment:checking '/home/kim/open_topic/linux/ws/install/fake_image/bin'
[1.048s] Level 1:colcon.colcon_core.environment:checking '/home/kim/open_topic/linux/ws/install/fake_image/lib/pkgconfig/fake_image.pc'
[1.048s] Level 1:colcon.colcon_core.environment:checking '/home/kim/open_topic/linux/ws/install/fake_image/lib/python3.8/site-packages'
[1.048s] Level 1:colcon.colcon_core.shell:create_environment_hook('fake_image', 'pythonpath')
[1.053s] INFO:colcon.colcon_core.shell:Creating environment hook '/home/kim/open_topic/linux/ws/install/fake_image/share/fake_image/hook/pythonpath.ps1'
[1.053s] INFO:colcon.colcon_core.shell:Creating environment descriptor '/home/kim/open_topic/linux/ws/install/fake_image/share/fake_image/hook/pythonpath.dsv'
[1.054s] INFO:colcon.colcon_core.shell:Creating environment hook '/home/kim/open_topic/linux/ws/install/fake_image/share/fake_image/hook/pythonpath.sh'
[1.055s] Level 1:colcon.colcon_core.environment:checking '/home/kim/open_topic/linux/ws/install/fake_image/bin'
[1.059s] INFO:colcon.colcon_core.shell:Creating package script '/home/kim/open_topic/linux/ws/install/fake_image/share/fake_image/package.ps1'
[1.060s] INFO:colcon.colcon_core.shell:Creating package descriptor '/home/kim/open_topic/linux/ws/install/fake_image/share/fake_image/package.dsv'
[1.060s] INFO:colcon.colcon_core.shell:Creating package script '/home/kim/open_topic/linux/ws/install/fake_image/share/fake_image/package.sh'
[1.061s] INFO:colcon.colcon_core.shell:Creating package script '/home/kim/open_topic/linux/ws/install/fake_image/share/fake_image/package.bash'
[1.061s] INFO:colcon.colcon_core.shell:Creating package script '/home/kim/open_topic/linux/ws/install/fake_image/share/fake_image/package.zsh'
[1.061s] Level 1:colcon.colcon_core.environment:create_file_with_runtime_dependencies(/home/kim/open_topic/linux/ws/install/fake_image/share/colcon-core/packages/fake_image)
[1.067s] Level 1:colcon.colcon_core.environment:create_environment_scripts_only(pixel2coordinate)
[1.072s] Level 1:colcon.colcon_core.environment:checking '/home/kim/open_topic/linux/ws/install/pixel2coordinate' for CMake module files
[1.073s] Level 1:colcon.colcon_core.environment:checking '/home/kim/open_topic/linux/ws/install/pixel2coordinate' for CMake config files
[1.073s] Level 1:colcon.colcon_core.shell:create_environment_hook('pixel2coordinate', 'cmake_prefix_path')
[1.077s] INFO:colcon.colcon_core.shell:Creating environment hook '/home/kim/open_topic/linux/ws/install/pixel2coordinate/share/pixel2coordinate/hook/cmake_prefix_path.ps1'
[1.078s] INFO:colcon.colcon_core.shell:Creating environment descriptor '/home/kim/open_topic/linux/ws/install/pixel2coordinate/share/pixel2coordinate/hook/cmake_prefix_path.dsv'
[1.079s] INFO:colcon.colcon_core.shell:Creating environment hook '/home/kim/open_topic/linux/ws/install/pixel2coordinate/share/pixel2coordinate/hook/cmake_prefix_path.sh'
[1.079s] Level 1:colcon.colcon_core.environment:checking '/home/kim/open_topic/linux/ws/install/pixel2coordinate/lib'
[1.079s] Level 1:colcon.colcon_core.environment:checking '/home/kim/open_topic/linux/ws/install/pixel2coordinate/bin'
[1.079s] Level 1:colcon.colcon_core.environment:checking '/home/kim/open_topic/linux/ws/install/pixel2coordinate/lib/pkgconfig/pixel2coordinate.pc'
[1.080s] Level 1:colcon.colcon_core.environment:checking '/home/kim/open_topic/linux/ws/install/pixel2coordinate/lib/python3.8/site-packages'
[1.080s] Level 1:colcon.colcon_core.shell:create_environment_hook('pixel2coordinate', 'pythonpath')
[1.084s] INFO:colcon.colcon_core.shell:Creating environment hook '/home/kim/open_topic/linux/ws/install/pixel2coordinate/share/pixel2coordinate/hook/pythonpath.ps1'
[1.085s] INFO:colcon.colcon_core.shell:Creating environment descriptor '/home/kim/open_topic/linux/ws/install/pixel2coordinate/share/pixel2coordinate/hook/pythonpath.dsv'
[1.085s] INFO:colcon.colcon_core.shell:Creating environment hook '/home/kim/open_topic/linux/ws/install/pixel2coordinate/share/pixel2coordinate/hook/pythonpath.sh'
[1.086s] Level 1:colcon.colcon_core.environment:checking '/home/kim/open_topic/linux/ws/install/pixel2coordinate/bin'
[1.091s] INFO:colcon.colcon_core.shell:Creating package script '/home/kim/open_topic/linux/ws/install/pixel2coordinate/share/pixel2coordinate/package.ps1'
[1.092s] INFO:colcon.colcon_core.shell:Creating package descriptor '/home/kim/open_topic/linux/ws/install/pixel2coordinate/share/pixel2coordinate/package.dsv'
[1.093s] INFO:colcon.colcon_core.shell:Creating package script '/home/kim/open_topic/linux/ws/install/pixel2coordinate/share/pixel2coordinate/package.sh'
[1.093s] INFO:colcon.colcon_core.shell:Creating package script '/home/kim/open_topic/linux/ws/install/pixel2coordinate/share/pixel2coordinate/package.bash'
[1.094s] INFO:colcon.colcon_core.shell:Creating package script '/home/kim/open_topic/linux/ws/install/pixel2coordinate/share/pixel2coordinate/package.zsh'
[1.094s] Level 1:colcon.colcon_core.environment:create_file_with_runtime_dependencies(/home/kim/open_topic/linux/ws/install/pixel2coordinate/share/colcon-core/packages/pixel2coordinate)
[1.095s] DEBUG:colcon.colcon_parallel_executor.executor.parallel:closing loop
[1.096s] DEBUG:colcon.colcon_parallel_executor.executor.parallel:loop closed
[1.096s] DEBUG:colcon.colcon_parallel_executor.executor.parallel:run_until_complete finished with '0'
[1.096s] DEBUG:colcon.colcon_core.event_reactor:joining thread
[1.101s] INFO:colcon.colcon_core.plugin_system:Skipping extension 'colcon_notification.desktop_notification.terminal_notifier': Not used on non-Darwin systems
[1.101s] INFO:colcon.colcon_core.plugin_system:Skipping extension 'colcon_notification.desktop_notification.win32': Not used on non-Windows systems
[1.101s] INFO:colcon.colcon_notification.desktop_notification:Sending desktop notification using 'notify2'
[1.118s] DEBUG:colcon.colcon_core.event_reactor:joined thread
[1.125s] INFO:colcon.colcon_core.shell:Creating prefix script '/home/kim/open_topic/linux/ws/install/local_setup.ps1'
[1.126s] INFO:colcon.colcon_core.shell:Creating prefix util module '/home/kim/open_topic/linux/ws/install/_local_setup_util_ps1.py'
[1.127s] INFO:colcon.colcon_core.shell:Creating prefix chain script '/home/kim/open_topic/linux/ws/install/setup.ps1'
[1.130s] INFO:colcon.colcon_core.shell:Creating prefix script '/home/kim/open_topic/linux/ws/install/local_setup.sh'
[1.130s] INFO:colcon.colcon_core.shell:Creating prefix util module '/home/kim/open_topic/linux/ws/install/_local_setup_util_sh.py'
[1.131s] INFO:colcon.colcon_core.shell:Creating prefix chain script '/home/kim/open_topic/linux/ws/install/setup.sh'
[1.133s] INFO:colcon.colcon_core.shell:Creating prefix script '/home/kim/open_topic/linux/ws/install/local_setup.bash'
[1.133s] INFO:colcon.colcon_core.shell:Creating prefix chain script '/home/kim/open_topic/linux/ws/install/setup.bash'
[1.135s] INFO:colcon.colcon_core.shell:Creating prefix script '/home/kim/open_topic/linux/ws/install/local_setup.zsh'
[1.135s] INFO:colcon.colcon_core.shell:Creating prefix chain script '/home/kim/open_topic/linux/ws/install/setup.zsh'
