Performing C SOURCE FILE Test CMAKE_HAVE_LIBC_PTHREAD failed with the following output:
Change Dir: /home/kim/open_topic/linux/ws/build/fake_pixel/CMakeFiles/CMakeScratch/TryCompile-do9oRi

Run Build Command(s):/usr/bin/make -f Makefile cmTC_030fc/fast && /usr/bin/make  -f CMakeFiles/cmTC_030fc.dir/build.make CMakeFiles/cmTC_030fc.dir/build
make[1]: Entering directory '/home/kim/open_topic/linux/ws/build/fake_pixel/CMakeFiles/CMakeScratch/TryCompile-do9oRi'
Building C object CMakeFiles/cmTC_030fc.dir/src.c.o
/usr/bin/cc -DCMAKE_HAVE_LIBC_PTHREAD   -o CMakeFiles/cmTC_030fc.dir/src.c.o -c /home/kim/open_topic/linux/ws/build/fake_pixel/CMakeFiles/CMakeScratch/TryCompile-do9oRi/src.c
Linking C executable cmTC_030fc
/home/kim/.local/lib/python3.8/site-packages/cmake/data/bin/cmake -E cmake_link_script CMakeFiles/cmTC_030fc.dir/link.txt --verbose=1
/usr/bin/cc CMakeFiles/cmTC_030fc.dir/src.c.o -o cmTC_030fc 
/usr/bin/ld: CMakeFiles/cmTC_030fc.dir/src.c.o: in function `main':
src.c:(.text+0x46): undefined reference to `pthread_create'
/usr/bin/ld: src.c:(.text+0x52): undefined reference to `pthread_detach'
/usr/bin/ld: src.c:(.text+0x5e): undefined reference to `pthread_cancel'
/usr/bin/ld: src.c:(.text+0x6f): undefined reference to `pthread_join'
collect2: error: ld returned 1 exit status
make[1]: *** [CMakeFiles/cmTC_030fc.dir/build.make:99: cmTC_030fc] Error 1
make[1]: Leaving directory '/home/kim/open_topic/linux/ws/build/fake_pixel/CMakeFiles/CMakeScratch/TryCompile-do9oRi'
make: *** [Makefile:127: cmTC_030fc/fast] Error 2


Source file was:
#include <pthread.h>

static void* test_func(void* data)
{
  return data;
}

int main(void)
{
  pthread_t thread;
  pthread_create(&thread, NULL, test_func, NULL);
  pthread_detach(thread);
  pthread_cancel(thread);
  pthread_join(thread, NULL);
  pthread_atfork(NULL, NULL, NULL);
  pthread_exit(NULL);

  return 0;
}


Determining if the function pthread_create exists in the pthreads failed with the following output:
Change Dir: /home/kim/open_topic/linux/ws/build/fake_pixel/CMakeFiles/CMakeScratch/TryCompile-jZ1qpm

Run Build Command(s):/usr/bin/make -f Makefile cmTC_b90c9/fast && /usr/bin/make  -f CMakeFiles/cmTC_b90c9.dir/build.make CMakeFiles/cmTC_b90c9.dir/build
make[1]: Entering directory '/home/kim/open_topic/linux/ws/build/fake_pixel/CMakeFiles/CMakeScratch/TryCompile-jZ1qpm'
Building C object CMakeFiles/cmTC_b90c9.dir/CheckFunctionExists.c.o
/usr/bin/cc   -DCHECK_FUNCTION_EXISTS=pthread_create -o CMakeFiles/cmTC_b90c9.dir/CheckFunctionExists.c.o -c /home/kim/open_topic/linux/ws/build/fake_pixel/CMakeFiles/CMakeScratch/TryCompile-jZ1qpm/CheckFunctionExists.c
Linking C executable cmTC_b90c9
/home/kim/.local/lib/python3.8/site-packages/cmake/data/bin/cmake -E cmake_link_script CMakeFiles/cmTC_b90c9.dir/link.txt --verbose=1
/usr/bin/cc  -DCHECK_FUNCTION_EXISTS=pthread_create CMakeFiles/cmTC_b90c9.dir/CheckFunctionExists.c.o -o cmTC_b90c9  -lpthreads 
/usr/bin/ld: cannot find -lpthreads
collect2: error: ld returned 1 exit status
make[1]: *** [CMakeFiles/cmTC_b90c9.dir/build.make:99: cmTC_b90c9] Error 1
make[1]: Leaving directory '/home/kim/open_topic/linux/ws/build/fake_pixel/CMakeFiles/CMakeScratch/TryCompile-jZ1qpm'
make: *** [Makefile:127: cmTC_b90c9/fast] Error 2



