[0.334s] DEBUG:colcon:Command line arguments: ['/home/kim/.local/bin/colcon', 'build', '--packages-select', 'fake_image']
[0.334s] DEBUG:colcon:Parsed command line arguments: Namespace(allow_overriding=[], ament_cmake_args=None, base_paths=['.'], build_base='build', catkin_cmake_args=None, catkin_skip_building_tests=False, cmake_args=None, cmake_clean_cache=False, cmake_clean_first=False, cmake_force_configure=False, cmake_target=None, cmake_target_skip_unavailable=False, continue_on_error=False, event_handlers=None, executor='parallel', ignore_user_meta=False, install_base='install', log_base=None, log_level=None, main=<bound method BuildVerb.main of <colcon_core.verb.build.BuildVerb object at 0x7fddb4010dc0>>, merge_install=False, metas=['./colcon.meta'], packages_above=None, packages_above_and_dependencies=None, packages_above_depth=None, packages_end=None, packages_ignore=None, packages_ignore_regex=None, packages_select=['fake_image'], packages_select_build_failed=False, packages_select_by_dep=None, packages_select_regex=None, packages_select_test_failures=False, packages_skip=None, packages_skip_build_finished=False, packages_skip_by_dep=None, packages_skip_regex=None, packages_skip_test_passed=False, packages_skip_up_to=None, packages_start=None, packages_up_to=None, packages_up_to_regex=None, parallel_workers=12, paths=None, symlink_install=False, test_result_base=None, verb_extension=<colcon_core.verb.build.BuildVerb object at 0x7fddb4010dc0>, verb_name='build', verb_parser=<colcon_defaults.argument_parser.defaults.DefaultArgumentsDecorator object at 0x7fddb3f56550>)
[0.402s] Level 1:colcon.colcon_core.package_discovery:discover_packages(colcon_meta) check parameters
[0.402s] Level 1:colcon.colcon_core.package_discovery:discover_packages(recursive) check parameters
[0.402s] Level 1:colcon.colcon_core.package_discovery:discover_packages(ignore) check parameters
[0.402s] Level 1:colcon.colcon_core.package_discovery:discover_packages(path) check parameters
[0.402s] Level 1:colcon.colcon_core.package_discovery:discover_packages(colcon_meta) discover
[0.402s] Level 1:colcon.colcon_core.package_discovery:discover_packages(recursive) discover
[0.402s] INFO:colcon.colcon_core.package_discovery:Crawling recursively for packages in '/home/kim/open_topic/linux/ws'
[0.402s] Level 1:colcon.colcon_core.package_identification:_identify(.) by extensions ['ignore', 'ignore_ament_install']
[0.402s] Level 1:colcon.colcon_core.package_identification:_identify(.) by extension 'ignore'
[0.402s] Level 1:colcon.colcon_core.package_identification:_identify(.) by extension 'ignore_ament_install'
[0.403s] Level 1:colcon.colcon_core.package_identification:_identify(.) by extensions ['colcon_pkg']
[0.403s] Level 1:colcon.colcon_core.package_identification:_identify(.) by extension 'colcon_pkg'
[0.403s] Level 1:colcon.colcon_core.package_identification:_identify(.) by extensions ['colcon_meta']
[0.403s] Level 1:colcon.colcon_core.package_identification:_identify(.) by extension 'colcon_meta'
[0.403s] Level 1:colcon.colcon_core.package_identification:_identify(.) by extensions ['ros']
[0.403s] Level 1:colcon.colcon_core.package_identification:_identify(.) by extension 'ros'
[0.418s] Level 1:colcon.colcon_core.package_identification:_identify(.) by extensions ['cmake', 'python']
[0.418s] Level 1:colcon.colcon_core.package_identification:_identify(.) by extension 'cmake'
[0.418s] Level 1:colcon.colcon_core.package_identification:_identify(.) by extension 'python'
[0.418s] Level 1:colcon.colcon_core.package_identification:_identify(.) by extensions ['python_setup_py']
[0.418s] Level 1:colcon.colcon_core.package_identification:_identify(.) by extension 'python_setup_py'
[0.418s] Level 1:colcon.colcon_core.package_identification:_identify(build) by extensions ['ignore', 'ignore_ament_install']
[0.418s] Level 1:colcon.colcon_core.package_identification:_identify(build) by extension 'ignore'
[0.418s] Level 1:colcon.colcon_core.package_identification:_identify(build) ignored
[0.418s] Level 1:colcon.colcon_core.package_identification:_identify(install) by extensions ['ignore', 'ignore_ament_install']
[0.419s] Level 1:colcon.colcon_core.package_identification:_identify(install) by extension 'ignore'
[0.419s] Level 1:colcon.colcon_core.package_identification:_identify(install) ignored
[0.419s] Level 1:colcon.colcon_core.package_identification:_identify(log) by extensions ['ignore', 'ignore_ament_install']
[0.419s] Level 1:colcon.colcon_core.package_identification:_identify(log) by extension 'ignore'
[0.419s] Level 1:colcon.colcon_core.package_identification:_identify(log) ignored
[0.419s] Level 1:colcon.colcon_core.package_identification:_identify(src) by extensions ['ignore', 'ignore_ament_install']
[0.419s] Level 1:colcon.colcon_core.package_identification:_identify(src) by extension 'ignore'
[0.419s] Level 1:colcon.colcon_core.package_identification:_identify(src) by extension 'ignore_ament_install'
[0.419s] Level 1:colcon.colcon_core.package_identification:_identify(src) by extensions ['colcon_pkg']
[0.419s] Level 1:colcon.colcon_core.package_identification:_identify(src) by extension 'colcon_pkg'
[0.419s] Level 1:colcon.colcon_core.package_identification:_identify(src) by extensions ['colcon_meta']
[0.419s] Level 1:colcon.colcon_core.package_identification:_identify(src) by extension 'colcon_meta'
[0.419s] Level 1:colcon.colcon_core.package_identification:_identify(src) by extensions ['ros']
[0.419s] Level 1:colcon.colcon_core.package_identification:_identify(src) by extension 'ros'
[0.419s] Level 1:colcon.colcon_core.package_identification:_identify(src) by extensions ['cmake', 'python']
[0.419s] Level 1:colcon.colcon_core.package_identification:_identify(src) by extension 'cmake'
[0.419s] Level 1:colcon.colcon_core.package_identification:_identify(src) by extension 'python'
[0.419s] Level 1:colcon.colcon_core.package_identification:_identify(src) by extensions ['python_setup_py']
[0.419s] Level 1:colcon.colcon_core.package_identification:_identify(src) by extension 'python_setup_py'
[0.419s] Level 1:colcon.colcon_core.package_identification:_identify(src/fake_image) by extensions ['ignore', 'ignore_ament_install']
[0.419s] Level 1:colcon.colcon_core.package_identification:_identify(src/fake_image) by extension 'ignore'
[0.419s] Level 1:colcon.colcon_core.package_identification:_identify(src/fake_image) by extension 'ignore_ament_install'
[0.419s] Level 1:colcon.colcon_core.package_identification:_identify(src/fake_image) by extensions ['colcon_pkg']
[0.420s] Level 1:colcon.colcon_core.package_identification:_identify(src/fake_image) by extension 'colcon_pkg'
[0.420s] Level 1:colcon.colcon_core.package_identification:_identify(src/fake_image) by extensions ['colcon_meta']
[0.420s] Level 1:colcon.colcon_core.package_identification:_identify(src/fake_image) by extension 'colcon_meta'
[0.420s] Level 1:colcon.colcon_core.package_identification:_identify(src/fake_image) by extensions ['ros']
[0.420s] Level 1:colcon.colcon_core.package_identification:_identify(src/fake_image) by extension 'ros'
[0.423s] DEBUG:colcon.colcon_core.package_identification:Package 'src/fake_image' with type 'ros.ament_cmake' and name 'fake_image'
[0.423s] Level 1:colcon.colcon_core.package_identification:_identify(src/object) by extensions ['ignore', 'ignore_ament_install']
[0.423s] Level 1:colcon.colcon_core.package_identification:_identify(src/object) by extension 'ignore'
[0.423s] Level 1:colcon.colcon_core.package_identification:_identify(src/object) by extension 'ignore_ament_install'
[0.423s] Level 1:colcon.colcon_core.package_identification:_identify(src/object) by extensions ['colcon_pkg']
[0.423s] Level 1:colcon.colcon_core.package_identification:_identify(src/object) by extension 'colcon_pkg'
[0.423s] Level 1:colcon.colcon_core.package_identification:_identify(src/object) by extensions ['colcon_meta']
[0.423s] Level 1:colcon.colcon_core.package_identification:_identify(src/object) by extension 'colcon_meta'
[0.423s] Level 1:colcon.colcon_core.package_identification:_identify(src/object) by extensions ['ros']
[0.423s] Level 1:colcon.colcon_core.package_identification:_identify(src/object) by extension 'ros'
[0.424s] DEBUG:colcon.colcon_core.package_identification:Package 'src/object' with type 'ros.ament_cmake' and name 'object'
[0.424s] Level 1:colcon.colcon_core.package_identification:_identify(src/object_detection) by extensions ['ignore', 'ignore_ament_install']
[0.424s] Level 1:colcon.colcon_core.package_identification:_identify(src/object_detection) by extension 'ignore'
[0.424s] Level 1:colcon.colcon_core.package_identification:_identify(src/object_detection) by extension 'ignore_ament_install'
[0.424s] Level 1:colcon.colcon_core.package_identification:_identify(src/object_detection) by extensions ['colcon_pkg']
[0.424s] Level 1:colcon.colcon_core.package_identification:_identify(src/object_detection) by extension 'colcon_pkg'
[0.424s] Level 1:colcon.colcon_core.package_identification:_identify(src/object_detection) by extensions ['colcon_meta']
[0.424s] Level 1:colcon.colcon_core.package_identification:_identify(src/object_detection) by extension 'colcon_meta'
[0.424s] Level 1:colcon.colcon_core.package_identification:_identify(src/object_detection) by extensions ['ros']
[0.424s] Level 1:colcon.colcon_core.package_identification:_identify(src/object_detection) by extension 'ros'
[0.425s] DEBUG:colcon.colcon_core.package_identification:Package 'src/object_detection' with type 'ros.ament_cmake' and name 'object_detection'
[0.425s] Level 1:colcon.colcon_core.package_identification:_identify(src/object_detection_in_gazebo_ros2) by extensions ['ignore', 'ignore_ament_install']
[0.425s] Level 1:colcon.colcon_core.package_identification:_identify(src/object_detection_in_gazebo_ros2) by extension 'ignore'
[0.425s] Level 1:colcon.colcon_core.package_identification:_identify(src/object_detection_in_gazebo_ros2) by extension 'ignore_ament_install'
[0.425s] Level 1:colcon.colcon_core.package_identification:_identify(src/object_detection_in_gazebo_ros2) by extensions ['colcon_pkg']
[0.425s] Level 1:colcon.colcon_core.package_identification:_identify(src/object_detection_in_gazebo_ros2) by extension 'colcon_pkg'
[0.425s] Level 1:colcon.colcon_core.package_identification:_identify(src/object_detection_in_gazebo_ros2) by extensions ['colcon_meta']
[0.425s] Level 1:colcon.colcon_core.package_identification:_identify(src/object_detection_in_gazebo_ros2) by extension 'colcon_meta'
[0.425s] Level 1:colcon.colcon_core.package_identification:_identify(src/object_detection_in_gazebo_ros2) by extensions ['ros']
[0.425s] Level 1:colcon.colcon_core.package_identification:_identify(src/object_detection_in_gazebo_ros2) by extension 'ros'
[0.426s] Level 1:colcon.colcon_core.package_identification:_identify(src/object_detection_in_gazebo_ros2) by extensions ['cmake', 'python']
[0.426s] Level 1:colcon.colcon_core.package_identification:_identify(src/object_detection_in_gazebo_ros2) by extension 'cmake'
[0.426s] Level 1:colcon.colcon_core.package_identification:_identify(src/object_detection_in_gazebo_ros2) by extension 'python'
[0.426s] Level 1:colcon.colcon_core.package_identification:_identify(src/object_detection_in_gazebo_ros2) by extensions ['python_setup_py']
[0.426s] Level 1:colcon.colcon_core.package_identification:_identify(src/object_detection_in_gazebo_ros2) by extension 'python_setup_py'
[0.426s] Level 1:colcon.colcon_core.package_identification:_identify(src/object_detection_in_gazebo_ros2/models) by extensions ['ignore', 'ignore_ament_install']
[0.426s] Level 1:colcon.colcon_core.package_identification:_identify(src/object_detection_in_gazebo_ros2/models) by extension 'ignore'
[0.426s] Level 1:colcon.colcon_core.package_identification:_identify(src/object_detection_in_gazebo_ros2/models) by extension 'ignore_ament_install'
[0.426s] Level 1:colcon.colcon_core.package_identification:_identify(src/object_detection_in_gazebo_ros2/models) by extensions ['colcon_pkg']
[0.426s] Level 1:colcon.colcon_core.package_identification:_identify(src/object_detection_in_gazebo_ros2/models) by extension 'colcon_pkg'
[0.426s] Level 1:colcon.colcon_core.package_identification:_identify(src/object_detection_in_gazebo_ros2/models) by extensions ['colcon_meta']
[0.426s] Level 1:colcon.colcon_core.package_identification:_identify(src/object_detection_in_gazebo_ros2/models) by extension 'colcon_meta'
[0.426s] Level 1:colcon.colcon_core.package_identification:_identify(src/object_detection_in_gazebo_ros2/models) by extensions ['ros']
[0.426s] Level 1:colcon.colcon_core.package_identification:_identify(src/object_detection_in_gazebo_ros2/models) by extension 'ros'
[0.426s] Level 1:colcon.colcon_core.package_identification:_identify(src/object_detection_in_gazebo_ros2/models) by extensions ['cmake', 'python']
[0.426s] Level 1:colcon.colcon_core.package_identification:_identify(src/object_detection_in_gazebo_ros2/models) by extension 'cmake'
[0.426s] Level 1:colcon.colcon_core.package_identification:_identify(src/object_detection_in_gazebo_ros2/models) by extension 'python'
[0.426s] Level 1:colcon.colcon_core.package_identification:_identify(src/object_detection_in_gazebo_ros2/models) by extensions ['python_setup_py']
[0.426s] Level 1:colcon.colcon_core.package_identification:_identify(src/object_detection_in_gazebo_ros2/models) by extension 'python_setup_py'
[0.426s] Level 1:colcon.colcon_core.package_identification:_identify(src/object_detection_in_gazebo_ros2/models/cat_block) by extensions ['ignore', 'ignore_ament_install']
[0.426s] Level 1:colcon.colcon_core.package_identification:_identify(src/object_detection_in_gazebo_ros2/models/cat_block) by extension 'ignore'
[0.426s] Level 1:colcon.colcon_core.package_identification:_identify(src/object_detection_in_gazebo_ros2/models/cat_block) by extension 'ignore_ament_install'
[0.426s] Level 1:colcon.colcon_core.package_identification:_identify(src/object_detection_in_gazebo_ros2/models/cat_block) by extensions ['colcon_pkg']
[0.426s] Level 1:colcon.colcon_core.package_identification:_identify(src/object_detection_in_gazebo_ros2/models/cat_block) by extension 'colcon_pkg'
[0.426s] Level 1:colcon.colcon_core.package_identification:_identify(src/object_detection_in_gazebo_ros2/models/cat_block) by extensions ['colcon_meta']
[0.426s] Level 1:colcon.colcon_core.package_identification:_identify(src/object_detection_in_gazebo_ros2/models/cat_block) by extension 'colcon_meta'
[0.426s] Level 1:colcon.colcon_core.package_identification:_identify(src/object_detection_in_gazebo_ros2/models/cat_block) by extensions ['ros']
[0.426s] Level 1:colcon.colcon_core.package_identification:_identify(src/object_detection_in_gazebo_ros2/models/cat_block) by extension 'ros'
[0.427s] Level 1:colcon.colcon_core.package_identification:_identify(src/object_detection_in_gazebo_ros2/models/cat_block) by extensions ['cmake', 'python']
[0.427s] Level 1:colcon.colcon_core.package_identification:_identify(src/object_detection_in_gazebo_ros2/models/cat_block) by extension 'cmake'
[0.427s] Level 1:colcon.colcon_core.package_identification:_identify(src/object_detection_in_gazebo_ros2/models/cat_block) by extension 'python'
[0.427s] Level 1:colcon.colcon_core.package_identification:_identify(src/object_detection_in_gazebo_ros2/models/cat_block) by extensions ['python_setup_py']
[0.427s] Level 1:colcon.colcon_core.package_identification:_identify(src/object_detection_in_gazebo_ros2/models/cat_block) by extension 'python_setup_py'
[0.427s] Level 1:colcon.colcon_core.package_identification:_identify(src/object_detection_in_gazebo_ros2/models/cat_block/materials) by extensions ['ignore', 'ignore_ament_install']
[0.427s] Level 1:colcon.colcon_core.package_identification:_identify(src/object_detection_in_gazebo_ros2/models/cat_block/materials) by extension 'ignore'
[0.427s] Level 1:colcon.colcon_core.package_identification:_identify(src/object_detection_in_gazebo_ros2/models/cat_block/materials) by extension 'ignore_ament_install'
[0.427s] Level 1:colcon.colcon_core.package_identification:_identify(src/object_detection_in_gazebo_ros2/models/cat_block/materials) by extensions ['colcon_pkg']
[0.427s] Level 1:colcon.colcon_core.package_identification:_identify(src/object_detection_in_gazebo_ros2/models/cat_block/materials) by extension 'colcon_pkg'
[0.427s] Level 1:colcon.colcon_core.package_identification:_identify(src/object_detection_in_gazebo_ros2/models/cat_block/materials) by extensions ['colcon_meta']
[0.427s] Level 1:colcon.colcon_core.package_identification:_identify(src/object_detection_in_gazebo_ros2/models/cat_block/materials) by extension 'colcon_meta'
[0.427s] Level 1:colcon.colcon_core.package_identification:_identify(src/object_detection_in_gazebo_ros2/models/cat_block/materials) by extensions ['ros']
[0.427s] Level 1:colcon.colcon_core.package_identification:_identify(src/object_detection_in_gazebo_ros2/models/cat_block/materials) by extension 'ros'
[0.427s] Level 1:colcon.colcon_core.package_identification:_identify(src/object_detection_in_gazebo_ros2/models/cat_block/materials) by extensions ['cmake', 'python']
[0.427s] Level 1:colcon.colcon_core.package_identification:_identify(src/object_detection_in_gazebo_ros2/models/cat_block/materials) by extension 'cmake'
[0.427s] Level 1:colcon.colcon_core.package_identification:_identify(src/object_detection_in_gazebo_ros2/models/cat_block/materials) by extension 'python'
[0.427s] Level 1:colcon.colcon_core.package_identification:_identify(src/object_detection_in_gazebo_ros2/models/cat_block/materials) by extensions ['python_setup_py']
[0.427s] Level 1:colcon.colcon_core.package_identification:_identify(src/object_detection_in_gazebo_ros2/models/cat_block/materials) by extension 'python_setup_py'
[0.427s] Level 1:colcon.colcon_core.package_identification:_identify(src/object_detection_in_gazebo_ros2/models/cat_block/meshes) by extensions ['ignore', 'ignore_ament_install']
[0.427s] Level 1:colcon.colcon_core.package_identification:_identify(src/object_detection_in_gazebo_ros2/models/cat_block/meshes) by extension 'ignore'
[0.427s] Level 1:colcon.colcon_core.package_identification:_identify(src/object_detection_in_gazebo_ros2/models/cat_block/meshes) by extension 'ignore_ament_install'
[0.427s] Level 1:colcon.colcon_core.package_identification:_identify(src/object_detection_in_gazebo_ros2/models/cat_block/meshes) by extensions ['colcon_pkg']
[0.427s] Level 1:colcon.colcon_core.package_identification:_identify(src/object_detection_in_gazebo_ros2/models/cat_block/meshes) by extension 'colcon_pkg'
[0.427s] Level 1:colcon.colcon_core.package_identification:_identify(src/object_detection_in_gazebo_ros2/models/cat_block/meshes) by extensions ['colcon_meta']
[0.427s] Level 1:colcon.colcon_core.package_identification:_identify(src/object_detection_in_gazebo_ros2/models/cat_block/meshes) by extension 'colcon_meta'
[0.427s] Level 1:colcon.colcon_core.package_identification:_identify(src/object_detection_in_gazebo_ros2/models/cat_block/meshes) by extensions ['ros']
[0.427s] Level 1:colcon.colcon_core.package_identification:_identify(src/object_detection_in_gazebo_ros2/models/cat_block/meshes) by extension 'ros'
[0.427s] Level 1:colcon.colcon_core.package_identification:_identify(src/object_detection_in_gazebo_ros2/models/cat_block/meshes) by extensions ['cmake', 'python']
[0.428s] Level 1:colcon.colcon_core.package_identification:_identify(src/object_detection_in_gazebo_ros2/models/cat_block/meshes) by extension 'cmake'
[0.428s] Level 1:colcon.colcon_core.package_identification:_identify(src/object_detection_in_gazebo_ros2/models/cat_block/meshes) by extension 'python'
[0.428s] Level 1:colcon.colcon_core.package_identification:_identify(src/object_detection_in_gazebo_ros2/models/cat_block/meshes) by extensions ['python_setup_py']
[0.428s] Level 1:colcon.colcon_core.package_identification:_identify(src/object_detection_in_gazebo_ros2/models/cat_block/meshes) by extension 'python_setup_py'
[0.428s] Level 1:colcon.colcon_core.package_identification:_identify(src/object_detection_in_gazebo_ros2/models/person_block) by extensions ['ignore', 'ignore_ament_install']
[0.428s] Level 1:colcon.colcon_core.package_identification:_identify(src/object_detection_in_gazebo_ros2/models/person_block) by extension 'ignore'
[0.428s] Level 1:colcon.colcon_core.package_identification:_identify(src/object_detection_in_gazebo_ros2/models/person_block) by extension 'ignore_ament_install'
[0.428s] Level 1:colcon.colcon_core.package_identification:_identify(src/object_detection_in_gazebo_ros2/models/person_block) by extensions ['colcon_pkg']
[0.428s] Level 1:colcon.colcon_core.package_identification:_identify(src/object_detection_in_gazebo_ros2/models/person_block) by extension 'colcon_pkg'
[0.428s] Level 1:colcon.colcon_core.package_identification:_identify(src/object_detection_in_gazebo_ros2/models/person_block) by extensions ['colcon_meta']
[0.428s] Level 1:colcon.colcon_core.package_identification:_identify(src/object_detection_in_gazebo_ros2/models/person_block) by extension 'colcon_meta'
[0.428s] Level 1:colcon.colcon_core.package_identification:_identify(src/object_detection_in_gazebo_ros2/models/person_block) by extensions ['ros']
[0.428s] Level 1:colcon.colcon_core.package_identification:_identify(src/object_detection_in_gazebo_ros2/models/person_block) by extension 'ros'
[0.428s] Level 1:colcon.colcon_core.package_identification:_identify(src/object_detection_in_gazebo_ros2/models/person_block) by extensions ['cmake', 'python']
[0.428s] Level 1:colcon.colcon_core.package_identification:_identify(src/object_detection_in_gazebo_ros2/models/person_block) by extension 'cmake'
[0.428s] Level 1:colcon.colcon_core.package_identification:_identify(src/object_detection_in_gazebo_ros2/models/person_block) by extension 'python'
[0.428s] Level 1:colcon.colcon_core.package_identification:_identify(src/object_detection_in_gazebo_ros2/models/person_block) by extensions ['python_setup_py']
[0.428s] Level 1:colcon.colcon_core.package_identification:_identify(src/object_detection_in_gazebo_ros2/models/person_block) by extension 'python_setup_py'
[0.428s] Level 1:colcon.colcon_core.package_identification:_identify(src/object_detection_in_gazebo_ros2/models/person_block/materials) by extensions ['ignore', 'ignore_ament_install']
[0.428s] Level 1:colcon.colcon_core.package_identification:_identify(src/object_detection_in_gazebo_ros2/models/person_block/materials) by extension 'ignore'
[0.428s] Level 1:colcon.colcon_core.package_identification:_identify(src/object_detection_in_gazebo_ros2/models/person_block/materials) by extension 'ignore_ament_install'
[0.428s] Level 1:colcon.colcon_core.package_identification:_identify(src/object_detection_in_gazebo_ros2/models/person_block/materials) by extensions ['colcon_pkg']
[0.428s] Level 1:colcon.colcon_core.package_identification:_identify(src/object_detection_in_gazebo_ros2/models/person_block/materials) by extension 'colcon_pkg'
[0.428s] Level 1:colcon.colcon_core.package_identification:_identify(src/object_detection_in_gazebo_ros2/models/person_block/materials) by extensions ['colcon_meta']
[0.428s] Level 1:colcon.colcon_core.package_identification:_identify(src/object_detection_in_gazebo_ros2/models/person_block/materials) by extension 'colcon_meta'
[0.428s] Level 1:colcon.colcon_core.package_identification:_identify(src/object_detection_in_gazebo_ros2/models/person_block/materials) by extensions ['ros']
[0.428s] Level 1:colcon.colcon_core.package_identification:_identify(src/object_detection_in_gazebo_ros2/models/person_block/materials) by extension 'ros'
[0.429s] Level 1:colcon.colcon_core.package_identification:_identify(src/object_detection_in_gazebo_ros2/models/person_block/materials) by extensions ['cmake', 'python']
[0.429s] Level 1:colcon.colcon_core.package_identification:_identify(src/object_detection_in_gazebo_ros2/models/person_block/materials) by extension 'cmake'
[0.429s] Level 1:colcon.colcon_core.package_identification:_identify(src/object_detection_in_gazebo_ros2/models/person_block/materials) by extension 'python'
[0.429s] Level 1:colcon.colcon_core.package_identification:_identify(src/object_detection_in_gazebo_ros2/models/person_block/materials) by extensions ['python_setup_py']
[0.429s] Level 1:colcon.colcon_core.package_identification:_identify(src/object_detection_in_gazebo_ros2/models/person_block/materials) by extension 'python_setup_py'
[0.429s] Level 1:colcon.colcon_core.package_identification:_identify(src/object_detection_in_gazebo_ros2/models/person_block/meshes) by extensions ['ignore', 'ignore_ament_install']
[0.429s] Level 1:colcon.colcon_core.package_identification:_identify(src/object_detection_in_gazebo_ros2/models/person_block/meshes) by extension 'ignore'
[0.429s] Level 1:colcon.colcon_core.package_identification:_identify(src/object_detection_in_gazebo_ros2/models/person_block/meshes) by extension 'ignore_ament_install'
[0.429s] Level 1:colcon.colcon_core.package_identification:_identify(src/object_detection_in_gazebo_ros2/models/person_block/meshes) by extensions ['colcon_pkg']
[0.429s] Level 1:colcon.colcon_core.package_identification:_identify(src/object_detection_in_gazebo_ros2/models/person_block/meshes) by extension 'colcon_pkg'
[0.429s] Level 1:colcon.colcon_core.package_identification:_identify(src/object_detection_in_gazebo_ros2/models/person_block/meshes) by extensions ['colcon_meta']
[0.429s] Level 1:colcon.colcon_core.package_identification:_identify(src/object_detection_in_gazebo_ros2/models/person_block/meshes) by extension 'colcon_meta'
[0.429s] Level 1:colcon.colcon_core.package_identification:_identify(src/object_detection_in_gazebo_ros2/models/person_block/meshes) by extensions ['ros']
[0.429s] Level 1:colcon.colcon_core.package_identification:_identify(src/object_detection_in_gazebo_ros2/models/person_block/meshes) by extension 'ros'
[0.429s] Level 1:colcon.colcon_core.package_identification:_identify(src/object_detection_in_gazebo_ros2/models/person_block/meshes) by extensions ['cmake', 'python']
[0.429s] Level 1:colcon.colcon_core.package_identification:_identify(src/object_detection_in_gazebo_ros2/models/person_block/meshes) by extension 'cmake'
[0.429s] Level 1:colcon.colcon_core.package_identification:_identify(src/object_detection_in_gazebo_ros2/models/person_block/meshes) by extension 'python'
[0.429s] Level 1:colcon.colcon_core.package_identification:_identify(src/object_detection_in_gazebo_ros2/models/person_block/meshes) by extensions ['python_setup_py']
[0.429s] Level 1:colcon.colcon_core.package_identification:_identify(src/object_detection_in_gazebo_ros2/models/person_block/meshes) by extension 'python_setup_py'
[0.429s] Level 1:colcon.colcon_core.package_identification:_identify(src/object_detection_in_gazebo_ros2/models/person_standing) by extensions ['ignore', 'ignore_ament_install']
[0.429s] Level 1:colcon.colcon_core.package_identification:_identify(src/object_detection_in_gazebo_ros2/models/person_standing) by extension 'ignore'
[0.429s] Level 1:colcon.colcon_core.package_identification:_identify(src/object_detection_in_gazebo_ros2/models/person_standing) by extension 'ignore_ament_install'
[0.429s] Level 1:colcon.colcon_core.package_identification:_identify(src/object_detection_in_gazebo_ros2/models/person_standing) by extensions ['colcon_pkg']
[0.429s] Level 1:colcon.colcon_core.package_identification:_identify(src/object_detection_in_gazebo_ros2/models/person_standing) by extension 'colcon_pkg'
[0.429s] Level 1:colcon.colcon_core.package_identification:_identify(src/object_detection_in_gazebo_ros2/models/person_standing) by extensions ['colcon_meta']
[0.429s] Level 1:colcon.colcon_core.package_identification:_identify(src/object_detection_in_gazebo_ros2/models/person_standing) by extension 'colcon_meta'
[0.429s] Level 1:colcon.colcon_core.package_identification:_identify(src/object_detection_in_gazebo_ros2/models/person_standing) by extensions ['ros']
[0.429s] Level 1:colcon.colcon_core.package_identification:_identify(src/object_detection_in_gazebo_ros2/models/person_standing) by extension 'ros'
[0.430s] Level 1:colcon.colcon_core.package_identification:_identify(src/object_detection_in_gazebo_ros2/models/person_standing) by extensions ['cmake', 'python']
[0.430s] Level 1:colcon.colcon_core.package_identification:_identify(src/object_detection_in_gazebo_ros2/models/person_standing) by extension 'cmake'
[0.430s] Level 1:colcon.colcon_core.package_identification:_identify(src/object_detection_in_gazebo_ros2/models/person_standing) by extension 'python'
[0.430s] Level 1:colcon.colcon_core.package_identification:_identify(src/object_detection_in_gazebo_ros2/models/person_standing) by extensions ['python_setup_py']
[0.430s] Level 1:colcon.colcon_core.package_identification:_identify(src/object_detection_in_gazebo_ros2/models/person_standing) by extension 'python_setup_py'
[0.430s] Level 1:colcon.colcon_core.package_identification:_identify(src/object_detection_in_gazebo_ros2/models/person_standing/materials) by extensions ['ignore', 'ignore_ament_install']
[0.430s] Level 1:colcon.colcon_core.package_identification:_identify(src/object_detection_in_gazebo_ros2/models/person_standing/materials) by extension 'ignore'
[0.430s] Level 1:colcon.colcon_core.package_identification:_identify(src/object_detection_in_gazebo_ros2/models/person_standing/materials) by extension 'ignore_ament_install'
[0.430s] Level 1:colcon.colcon_core.package_identification:_identify(src/object_detection_in_gazebo_ros2/models/person_standing/materials) by extensions ['colcon_pkg']
[0.430s] Level 1:colcon.colcon_core.package_identification:_identify(src/object_detection_in_gazebo_ros2/models/person_standing/materials) by extension 'colcon_pkg'
[0.430s] Level 1:colcon.colcon_core.package_identification:_identify(src/object_detection_in_gazebo_ros2/models/person_standing/materials) by extensions ['colcon_meta']
[0.430s] Level 1:colcon.colcon_core.package_identification:_identify(src/object_detection_in_gazebo_ros2/models/person_standing/materials) by extension 'colcon_meta'
[0.430s] Level 1:colcon.colcon_core.package_identification:_identify(src/object_detection_in_gazebo_ros2/models/person_standing/materials) by extensions ['ros']
[0.430s] Level 1:colcon.colcon_core.package_identification:_identify(src/object_detection_in_gazebo_ros2/models/person_standing/materials) by extension 'ros'
[0.430s] Level 1:colcon.colcon_core.package_identification:_identify(src/object_detection_in_gazebo_ros2/models/person_standing/materials) by extensions ['cmake', 'python']
[0.430s] Level 1:colcon.colcon_core.package_identification:_identify(src/object_detection_in_gazebo_ros2/models/person_standing/materials) by extension 'cmake'
[0.430s] Level 1:colcon.colcon_core.package_identification:_identify(src/object_detection_in_gazebo_ros2/models/person_standing/materials) by extension 'python'
[0.430s] Level 1:colcon.colcon_core.package_identification:_identify(src/object_detection_in_gazebo_ros2/models/person_standing/materials) by extensions ['python_setup_py']
[0.430s] Level 1:colcon.colcon_core.package_identification:_identify(src/object_detection_in_gazebo_ros2/models/person_standing/materials) by extension 'python_setup_py'
[0.430s] Level 1:colcon.colcon_core.package_identification:_identify(src/object_detection_in_gazebo_ros2/models/person_standing/materials/textures) by extensions ['ignore', 'ignore_ament_install']
[0.430s] Level 1:colcon.colcon_core.package_identification:_identify(src/object_detection_in_gazebo_ros2/models/person_standing/materials/textures) by extension 'ignore'
[0.430s] Level 1:colcon.colcon_core.package_identification:_identify(src/object_detection_in_gazebo_ros2/models/person_standing/materials/textures) by extension 'ignore_ament_install'
[0.430s] Level 1:colcon.colcon_core.package_identification:_identify(src/object_detection_in_gazebo_ros2/models/person_standing/materials/textures) by extensions ['colcon_pkg']
[0.430s] Level 1:colcon.colcon_core.package_identification:_identify(src/object_detection_in_gazebo_ros2/models/person_standing/materials/textures) by extension 'colcon_pkg'
[0.430s] Level 1:colcon.colcon_core.package_identification:_identify(src/object_detection_in_gazebo_ros2/models/person_standing/materials/textures) by extensions ['colcon_meta']
[0.430s] Level 1:colcon.colcon_core.package_identification:_identify(src/object_detection_in_gazebo_ros2/models/person_standing/materials/textures) by extension 'colcon_meta'
[0.430s] Level 1:colcon.colcon_core.package_identification:_identify(src/object_detection_in_gazebo_ros2/models/person_standing/materials/textures) by extensions ['ros']
[0.430s] Level 1:colcon.colcon_core.package_identification:_identify(src/object_detection_in_gazebo_ros2/models/person_standing/materials/textures) by extension 'ros'
[0.431s] Level 1:colcon.colcon_core.package_identification:_identify(src/object_detection_in_gazebo_ros2/models/person_standing/materials/textures) by extensions ['cmake', 'python']
[0.431s] Level 1:colcon.colcon_core.package_identification:_identify(src/object_detection_in_gazebo_ros2/models/person_standing/materials/textures) by extension 'cmake'
[0.431s] Level 1:colcon.colcon_core.package_identification:_identify(src/object_detection_in_gazebo_ros2/models/person_standing/materials/textures) by extension 'python'
[0.431s] Level 1:colcon.colcon_core.package_identification:_identify(src/object_detection_in_gazebo_ros2/models/person_standing/materials/textures) by extensions ['python_setup_py']
[0.431s] Level 1:colcon.colcon_core.package_identification:_identify(src/object_detection_in_gazebo_ros2/models/person_standing/materials/textures) by extension 'python_setup_py'
[0.431s] Level 1:colcon.colcon_core.package_identification:_identify(src/object_detection_in_gazebo_ros2/models/person_standing/meshes) by extensions ['ignore', 'ignore_ament_install']
[0.431s] Level 1:colcon.colcon_core.package_identification:_identify(src/object_detection_in_gazebo_ros2/models/person_standing/meshes) by extension 'ignore'
[0.431s] Level 1:colcon.colcon_core.package_identification:_identify(src/object_detection_in_gazebo_ros2/models/person_standing/meshes) by extension 'ignore_ament_install'
[0.431s] Level 1:colcon.colcon_core.package_identification:_identify(src/object_detection_in_gazebo_ros2/models/person_standing/meshes) by extensions ['colcon_pkg']
[0.431s] Level 1:colcon.colcon_core.package_identification:_identify(src/object_detection_in_gazebo_ros2/models/person_standing/meshes) by extension 'colcon_pkg'
[0.431s] Level 1:colcon.colcon_core.package_identification:_identify(src/object_detection_in_gazebo_ros2/models/person_standing/meshes) by extensions ['colcon_meta']
[0.431s] Level 1:colcon.colcon_core.package_identification:_identify(src/object_detection_in_gazebo_ros2/models/person_standing/meshes) by extension 'colcon_meta'
[0.431s] Level 1:colcon.colcon_core.package_identification:_identify(src/object_detection_in_gazebo_ros2/models/person_standing/meshes) by extensions ['ros']
[0.431s] Level 1:colcon.colcon_core.package_identification:_identify(src/object_detection_in_gazebo_ros2/models/person_standing/meshes) by extension 'ros'
[0.431s] Level 1:colcon.colcon_core.package_identification:_identify(src/object_detection_in_gazebo_ros2/models/person_standing/meshes) by extensions ['cmake', 'python']
[0.431s] Level 1:colcon.colcon_core.package_identification:_identify(src/object_detection_in_gazebo_ros2/models/person_standing/meshes) by extension 'cmake'
[0.431s] Level 1:colcon.colcon_core.package_identification:_identify(src/object_detection_in_gazebo_ros2/models/person_standing/meshes) by extension 'python'
[0.431s] Level 1:colcon.colcon_core.package_identification:_identify(src/object_detection_in_gazebo_ros2/models/person_standing/meshes) by extensions ['python_setup_py']
[0.431s] Level 1:colcon.colcon_core.package_identification:_identify(src/object_detection_in_gazebo_ros2/models/person_standing/meshes) by extension 'python_setup_py'
[0.431s] Level 1:colcon.colcon_core.package_identification:_identify(src/object_detection_in_gazebo_ros2/models/prius_hybrid) by extensions ['ignore', 'ignore_ament_install']
[0.431s] Level 1:colcon.colcon_core.package_identification:_identify(src/object_detection_in_gazebo_ros2/models/prius_hybrid) by extension 'ignore'
[0.431s] Level 1:colcon.colcon_core.package_identification:_identify(src/object_detection_in_gazebo_ros2/models/prius_hybrid) by extension 'ignore_ament_install'
[0.431s] Level 1:colcon.colcon_core.package_identification:_identify(src/object_detection_in_gazebo_ros2/models/prius_hybrid) by extensions ['colcon_pkg']
[0.431s] Level 1:colcon.colcon_core.package_identification:_identify(src/object_detection_in_gazebo_ros2/models/prius_hybrid) by extension 'colcon_pkg'
[0.431s] Level 1:colcon.colcon_core.package_identification:_identify(src/object_detection_in_gazebo_ros2/models/prius_hybrid) by extensions ['colcon_meta']
[0.431s] Level 1:colcon.colcon_core.package_identification:_identify(src/object_detection_in_gazebo_ros2/models/prius_hybrid) by extension 'colcon_meta'
[0.431s] Level 1:colcon.colcon_core.package_identification:_identify(src/object_detection_in_gazebo_ros2/models/prius_hybrid) by extensions ['ros']
[0.431s] Level 1:colcon.colcon_core.package_identification:_identify(src/object_detection_in_gazebo_ros2/models/prius_hybrid) by extension 'ros'
[0.432s] Level 1:colcon.colcon_core.package_identification:_identify(src/object_detection_in_gazebo_ros2/models/prius_hybrid) by extensions ['cmake', 'python']
[0.432s] Level 1:colcon.colcon_core.package_identification:_identify(src/object_detection_in_gazebo_ros2/models/prius_hybrid) by extension 'cmake'
[0.432s] Level 1:colcon.colcon_core.package_identification:_identify(src/object_detection_in_gazebo_ros2/models/prius_hybrid) by extension 'python'
[0.432s] Level 1:colcon.colcon_core.package_identification:_identify(src/object_detection_in_gazebo_ros2/models/prius_hybrid) by extensions ['python_setup_py']
[0.432s] Level 1:colcon.colcon_core.package_identification:_identify(src/object_detection_in_gazebo_ros2/models/prius_hybrid) by extension 'python_setup_py'
[0.432s] Level 1:colcon.colcon_core.package_identification:_identify(src/object_detection_in_gazebo_ros2/models/prius_hybrid/materials) by extensions ['ignore', 'ignore_ament_install']
[0.432s] Level 1:colcon.colcon_core.package_identification:_identify(src/object_detection_in_gazebo_ros2/models/prius_hybrid/materials) by extension 'ignore'
[0.432s] Level 1:colcon.colcon_core.package_identification:_identify(src/object_detection_in_gazebo_ros2/models/prius_hybrid/materials) by extension 'ignore_ament_install'
[0.432s] Level 1:colcon.colcon_core.package_identification:_identify(src/object_detection_in_gazebo_ros2/models/prius_hybrid/materials) by extensions ['colcon_pkg']
[0.432s] Level 1:colcon.colcon_core.package_identification:_identify(src/object_detection_in_gazebo_ros2/models/prius_hybrid/materials) by extension 'colcon_pkg'
[0.432s] Level 1:colcon.colcon_core.package_identification:_identify(src/object_detection_in_gazebo_ros2/models/prius_hybrid/materials) by extensions ['colcon_meta']
[0.432s] Level 1:colcon.colcon_core.package_identification:_identify(src/object_detection_in_gazebo_ros2/models/prius_hybrid/materials) by extension 'colcon_meta'
[0.432s] Level 1:colcon.colcon_core.package_identification:_identify(src/object_detection_in_gazebo_ros2/models/prius_hybrid/materials) by extensions ['ros']
[0.432s] Level 1:colcon.colcon_core.package_identification:_identify(src/object_detection_in_gazebo_ros2/models/prius_hybrid/materials) by extension 'ros'
[0.432s] Level 1:colcon.colcon_core.package_identification:_identify(src/object_detection_in_gazebo_ros2/models/prius_hybrid/materials) by extensions ['cmake', 'python']
[0.432s] Level 1:colcon.colcon_core.package_identification:_identify(src/object_detection_in_gazebo_ros2/models/prius_hybrid/materials) by extension 'cmake'
[0.432s] Level 1:colcon.colcon_core.package_identification:_identify(src/object_detection_in_gazebo_ros2/models/prius_hybrid/materials) by extension 'python'
[0.432s] Level 1:colcon.colcon_core.package_identification:_identify(src/object_detection_in_gazebo_ros2/models/prius_hybrid/materials) by extensions ['python_setup_py']
[0.432s] Level 1:colcon.colcon_core.package_identification:_identify(src/object_detection_in_gazebo_ros2/models/prius_hybrid/materials) by extension 'python_setup_py'
[0.432s] Level 1:colcon.colcon_core.package_identification:_identify(src/object_detection_in_gazebo_ros2/models/prius_hybrid/materials/textures) by extensions ['ignore', 'ignore_ament_install']
[0.432s] Level 1:colcon.colcon_core.package_identification:_identify(src/object_detection_in_gazebo_ros2/models/prius_hybrid/materials/textures) by extension 'ignore'
[0.432s] Level 1:colcon.colcon_core.package_identification:_identify(src/object_detection_in_gazebo_ros2/models/prius_hybrid/materials/textures) by extension 'ignore_ament_install'
[0.432s] Level 1:colcon.colcon_core.package_identification:_identify(src/object_detection_in_gazebo_ros2/models/prius_hybrid/materials/textures) by extensions ['colcon_pkg']
[0.432s] Level 1:colcon.colcon_core.package_identification:_identify(src/object_detection_in_gazebo_ros2/models/prius_hybrid/materials/textures) by extension 'colcon_pkg'
[0.432s] Level 1:colcon.colcon_core.package_identification:_identify(src/object_detection_in_gazebo_ros2/models/prius_hybrid/materials/textures) by extensions ['colcon_meta']
[0.432s] Level 1:colcon.colcon_core.package_identification:_identify(src/object_detection_in_gazebo_ros2/models/prius_hybrid/materials/textures) by extension 'colcon_meta'
[0.432s] Level 1:colcon.colcon_core.package_identification:_identify(src/object_detection_in_gazebo_ros2/models/prius_hybrid/materials/textures) by extensions ['ros']
[0.432s] Level 1:colcon.colcon_core.package_identification:_identify(src/object_detection_in_gazebo_ros2/models/prius_hybrid/materials/textures) by extension 'ros'
[0.432s] Level 1:colcon.colcon_core.package_identification:_identify(src/object_detection_in_gazebo_ros2/models/prius_hybrid/materials/textures) by extensions ['cmake', 'python']
[0.433s] Level 1:colcon.colcon_core.package_identification:_identify(src/object_detection_in_gazebo_ros2/models/prius_hybrid/materials/textures) by extension 'cmake'
[0.433s] Level 1:colcon.colcon_core.package_identification:_identify(src/object_detection_in_gazebo_ros2/models/prius_hybrid/materials/textures) by extension 'python'
[0.433s] Level 1:colcon.colcon_core.package_identification:_identify(src/object_detection_in_gazebo_ros2/models/prius_hybrid/materials/textures) by extensions ['python_setup_py']
[0.433s] Level 1:colcon.colcon_core.package_identification:_identify(src/object_detection_in_gazebo_ros2/models/prius_hybrid/materials/textures) by extension 'python_setup_py'
[0.433s] Level 1:colcon.colcon_core.package_identification:_identify(src/object_detection_in_gazebo_ros2/models/prius_hybrid/meshes) by extensions ['ignore', 'ignore_ament_install']
[0.433s] Level 1:colcon.colcon_core.package_identification:_identify(src/object_detection_in_gazebo_ros2/models/prius_hybrid/meshes) by extension 'ignore'
[0.433s] Level 1:colcon.colcon_core.package_identification:_identify(src/object_detection_in_gazebo_ros2/models/prius_hybrid/meshes) by extension 'ignore_ament_install'
[0.433s] Level 1:colcon.colcon_core.package_identification:_identify(src/object_detection_in_gazebo_ros2/models/prius_hybrid/meshes) by extensions ['colcon_pkg']
[0.433s] Level 1:colcon.colcon_core.package_identification:_identify(src/object_detection_in_gazebo_ros2/models/prius_hybrid/meshes) by extension 'colcon_pkg'
[0.433s] Level 1:colcon.colcon_core.package_identification:_identify(src/object_detection_in_gazebo_ros2/models/prius_hybrid/meshes) by extensions ['colcon_meta']
[0.433s] Level 1:colcon.colcon_core.package_identification:_identify(src/object_detection_in_gazebo_ros2/models/prius_hybrid/meshes) by extension 'colcon_meta'
[0.433s] Level 1:colcon.colcon_core.package_identification:_identify(src/object_detection_in_gazebo_ros2/models/prius_hybrid/meshes) by extensions ['ros']
[0.433s] Level 1:colcon.colcon_core.package_identification:_identify(src/object_detection_in_gazebo_ros2/models/prius_hybrid/meshes) by extension 'ros'
[0.433s] Level 1:colcon.colcon_core.package_identification:_identify(src/object_detection_in_gazebo_ros2/models/prius_hybrid/meshes) by extensions ['cmake', 'python']
[0.433s] Level 1:colcon.colcon_core.package_identification:_identify(src/object_detection_in_gazebo_ros2/models/prius_hybrid/meshes) by extension 'cmake'
[0.433s] Level 1:colcon.colcon_core.package_identification:_identify(src/object_detection_in_gazebo_ros2/models/prius_hybrid/meshes) by extension 'python'
[0.433s] Level 1:colcon.colcon_core.package_identification:_identify(src/object_detection_in_gazebo_ros2/models/prius_hybrid/meshes) by extensions ['python_setup_py']
[0.433s] Level 1:colcon.colcon_core.package_identification:_identify(src/object_detection_in_gazebo_ros2/models/prius_hybrid/meshes) by extension 'python_setup_py'
[0.433s] Level 1:colcon.colcon_core.package_identification:_identify(src/object_detection_in_gazebo_ros2/models/stop_sign) by extensions ['ignore', 'ignore_ament_install']
[0.433s] Level 1:colcon.colcon_core.package_identification:_identify(src/object_detection_in_gazebo_ros2/models/stop_sign) by extension 'ignore'
[0.433s] Level 1:colcon.colcon_core.package_identification:_identify(src/object_detection_in_gazebo_ros2/models/stop_sign) by extension 'ignore_ament_install'
[0.433s] Level 1:colcon.colcon_core.package_identification:_identify(src/object_detection_in_gazebo_ros2/models/stop_sign) by extensions ['colcon_pkg']
[0.433s] Level 1:colcon.colcon_core.package_identification:_identify(src/object_detection_in_gazebo_ros2/models/stop_sign) by extension 'colcon_pkg'
[0.433s] Level 1:colcon.colcon_core.package_identification:_identify(src/object_detection_in_gazebo_ros2/models/stop_sign) by extensions ['colcon_meta']
[0.433s] Level 1:colcon.colcon_core.package_identification:_identify(src/object_detection_in_gazebo_ros2/models/stop_sign) by extension 'colcon_meta'
[0.433s] Level 1:colcon.colcon_core.package_identification:_identify(src/object_detection_in_gazebo_ros2/models/stop_sign) by extensions ['ros']
[0.433s] Level 1:colcon.colcon_core.package_identification:_identify(src/object_detection_in_gazebo_ros2/models/stop_sign) by extension 'ros'
[0.433s] Level 1:colcon.colcon_core.package_identification:_identify(src/object_detection_in_gazebo_ros2/models/stop_sign) by extensions ['cmake', 'python']
[0.433s] Level 1:colcon.colcon_core.package_identification:_identify(src/object_detection_in_gazebo_ros2/models/stop_sign) by extension 'cmake'
[0.434s] Level 1:colcon.colcon_core.package_identification:_identify(src/object_detection_in_gazebo_ros2/models/stop_sign) by extension 'python'
[0.434s] Level 1:colcon.colcon_core.package_identification:_identify(src/object_detection_in_gazebo_ros2/models/stop_sign) by extensions ['python_setup_py']
[0.434s] Level 1:colcon.colcon_core.package_identification:_identify(src/object_detection_in_gazebo_ros2/models/stop_sign) by extension 'python_setup_py'
[0.434s] Level 1:colcon.colcon_core.package_identification:_identify(src/object_detection_in_gazebo_ros2/models/stop_sign/materials) by extensions ['ignore', 'ignore_ament_install']
[0.434s] Level 1:colcon.colcon_core.package_identification:_identify(src/object_detection_in_gazebo_ros2/models/stop_sign/materials) by extension 'ignore'
[0.434s] Level 1:colcon.colcon_core.package_identification:_identify(src/object_detection_in_gazebo_ros2/models/stop_sign/materials) by extension 'ignore_ament_install'
[0.434s] Level 1:colcon.colcon_core.package_identification:_identify(src/object_detection_in_gazebo_ros2/models/stop_sign/materials) by extensions ['colcon_pkg']
[0.434s] Level 1:colcon.colcon_core.package_identification:_identify(src/object_detection_in_gazebo_ros2/models/stop_sign/materials) by extension 'colcon_pkg'
[0.434s] Level 1:colcon.colcon_core.package_identification:_identify(src/object_detection_in_gazebo_ros2/models/stop_sign/materials) by extensions ['colcon_meta']
[0.434s] Level 1:colcon.colcon_core.package_identification:_identify(src/object_detection_in_gazebo_ros2/models/stop_sign/materials) by extension 'colcon_meta'
[0.434s] Level 1:colcon.colcon_core.package_identification:_identify(src/object_detection_in_gazebo_ros2/models/stop_sign/materials) by extensions ['ros']
[0.434s] Level 1:colcon.colcon_core.package_identification:_identify(src/object_detection_in_gazebo_ros2/models/stop_sign/materials) by extension 'ros'
[0.434s] Level 1:colcon.colcon_core.package_identification:_identify(src/object_detection_in_gazebo_ros2/models/stop_sign/materials) by extensions ['cmake', 'python']
[0.434s] Level 1:colcon.colcon_core.package_identification:_identify(src/object_detection_in_gazebo_ros2/models/stop_sign/materials) by extension 'cmake'
[0.434s] Level 1:colcon.colcon_core.package_identification:_identify(src/object_detection_in_gazebo_ros2/models/stop_sign/materials) by extension 'python'
[0.434s] Level 1:colcon.colcon_core.package_identification:_identify(src/object_detection_in_gazebo_ros2/models/stop_sign/materials) by extensions ['python_setup_py']
[0.434s] Level 1:colcon.colcon_core.package_identification:_identify(src/object_detection_in_gazebo_ros2/models/stop_sign/materials) by extension 'python_setup_py'
[0.434s] Level 1:colcon.colcon_core.package_identification:_identify(src/object_detection_in_gazebo_ros2/models/stop_sign/materials/scripts) by extensions ['ignore', 'ignore_ament_install']
[0.434s] Level 1:colcon.colcon_core.package_identification:_identify(src/object_detection_in_gazebo_ros2/models/stop_sign/materials/scripts) by extension 'ignore'
[0.434s] Level 1:colcon.colcon_core.package_identification:_identify(src/object_detection_in_gazebo_ros2/models/stop_sign/materials/scripts) by extension 'ignore_ament_install'
[0.434s] Level 1:colcon.colcon_core.package_identification:_identify(src/object_detection_in_gazebo_ros2/models/stop_sign/materials/scripts) by extensions ['colcon_pkg']
[0.434s] Level 1:colcon.colcon_core.package_identification:_identify(src/object_detection_in_gazebo_ros2/models/stop_sign/materials/scripts) by extension 'colcon_pkg'
[0.434s] Level 1:colcon.colcon_core.package_identification:_identify(src/object_detection_in_gazebo_ros2/models/stop_sign/materials/scripts) by extensions ['colcon_meta']
[0.434s] Level 1:colcon.colcon_core.package_identification:_identify(src/object_detection_in_gazebo_ros2/models/stop_sign/materials/scripts) by extension 'colcon_meta'
[0.434s] Level 1:colcon.colcon_core.package_identification:_identify(src/object_detection_in_gazebo_ros2/models/stop_sign/materials/scripts) by extensions ['ros']
[0.434s] Level 1:colcon.colcon_core.package_identification:_identify(src/object_detection_in_gazebo_ros2/models/stop_sign/materials/scripts) by extension 'ros'
[0.434s] Level 1:colcon.colcon_core.package_identification:_identify(src/object_detection_in_gazebo_ros2/models/stop_sign/materials/scripts) by extensions ['cmake', 'python']
[0.434s] Level 1:colcon.colcon_core.package_identification:_identify(src/object_detection_in_gazebo_ros2/models/stop_sign/materials/scripts) by extension 'cmake'
[0.434s] Level 1:colcon.colcon_core.package_identification:_identify(src/object_detection_in_gazebo_ros2/models/stop_sign/materials/scripts) by extension 'python'
[0.434s] Level 1:colcon.colcon_core.package_identification:_identify(src/object_detection_in_gazebo_ros2/models/stop_sign/materials/scripts) by extensions ['python_setup_py']
[0.435s] Level 1:colcon.colcon_core.package_identification:_identify(src/object_detection_in_gazebo_ros2/models/stop_sign/materials/scripts) by extension 'python_setup_py'
[0.435s] Level 1:colcon.colcon_core.package_identification:_identify(src/object_detection_in_gazebo_ros2/models/stop_sign/materials/textures) by extensions ['ignore', 'ignore_ament_install']
[0.435s] Level 1:colcon.colcon_core.package_identification:_identify(src/object_detection_in_gazebo_ros2/models/stop_sign/materials/textures) by extension 'ignore'
[0.435s] Level 1:colcon.colcon_core.package_identification:_identify(src/object_detection_in_gazebo_ros2/models/stop_sign/materials/textures) by extension 'ignore_ament_install'
[0.435s] Level 1:colcon.colcon_core.package_identification:_identify(src/object_detection_in_gazebo_ros2/models/stop_sign/materials/textures) by extensions ['colcon_pkg']
[0.435s] Level 1:colcon.colcon_core.package_identification:_identify(src/object_detection_in_gazebo_ros2/models/stop_sign/materials/textures) by extension 'colcon_pkg'
[0.435s] Level 1:colcon.colcon_core.package_identification:_identify(src/object_detection_in_gazebo_ros2/models/stop_sign/materials/textures) by extensions ['colcon_meta']
[0.435s] Level 1:colcon.colcon_core.package_identification:_identify(src/object_detection_in_gazebo_ros2/models/stop_sign/materials/textures) by extension 'colcon_meta'
[0.435s] Level 1:colcon.colcon_core.package_identification:_identify(src/object_detection_in_gazebo_ros2/models/stop_sign/materials/textures) by extensions ['ros']
[0.435s] Level 1:colcon.colcon_core.package_identification:_identify(src/object_detection_in_gazebo_ros2/models/stop_sign/materials/textures) by extension 'ros'
[0.435s] Level 1:colcon.colcon_core.package_identification:_identify(src/object_detection_in_gazebo_ros2/models/stop_sign/materials/textures) by extensions ['cmake', 'python']
[0.435s] Level 1:colcon.colcon_core.package_identification:_identify(src/object_detection_in_gazebo_ros2/models/stop_sign/materials/textures) by extension 'cmake'
[0.435s] Level 1:colcon.colcon_core.package_identification:_identify(src/object_detection_in_gazebo_ros2/models/stop_sign/materials/textures) by extension 'python'
[0.435s] Level 1:colcon.colcon_core.package_identification:_identify(src/object_detection_in_gazebo_ros2/models/stop_sign/materials/textures) by extensions ['python_setup_py']
[0.435s] Level 1:colcon.colcon_core.package_identification:_identify(src/object_detection_in_gazebo_ros2/models/stop_sign/materials/textures) by extension 'python_setup_py'
[0.435s] Level 1:colcon.colcon_core.package_identification:_identify(src/object_detection_in_gazebo_ros2/models/stop_sign/meshes) by extensions ['ignore', 'ignore_ament_install']
[0.435s] Level 1:colcon.colcon_core.package_identification:_identify(src/object_detection_in_gazebo_ros2/models/stop_sign/meshes) by extension 'ignore'
[0.435s] Level 1:colcon.colcon_core.package_identification:_identify(src/object_detection_in_gazebo_ros2/models/stop_sign/meshes) by extension 'ignore_ament_install'
[0.435s] Level 1:colcon.colcon_core.package_identification:_identify(src/object_detection_in_gazebo_ros2/models/stop_sign/meshes) by extensions ['colcon_pkg']
[0.435s] Level 1:colcon.colcon_core.package_identification:_identify(src/object_detection_in_gazebo_ros2/models/stop_sign/meshes) by extension 'colcon_pkg'
[0.435s] Level 1:colcon.colcon_core.package_identification:_identify(src/object_detection_in_gazebo_ros2/models/stop_sign/meshes) by extensions ['colcon_meta']
[0.435s] Level 1:colcon.colcon_core.package_identification:_identify(src/object_detection_in_gazebo_ros2/models/stop_sign/meshes) by extension 'colcon_meta'
[0.435s] Level 1:colcon.colcon_core.package_identification:_identify(src/object_detection_in_gazebo_ros2/models/stop_sign/meshes) by extensions ['ros']
[0.435s] Level 1:colcon.colcon_core.package_identification:_identify(src/object_detection_in_gazebo_ros2/models/stop_sign/meshes) by extension 'ros'
[0.435s] Level 1:colcon.colcon_core.package_identification:_identify(src/object_detection_in_gazebo_ros2/models/stop_sign/meshes) by extensions ['cmake', 'python']
[0.435s] Level 1:colcon.colcon_core.package_identification:_identify(src/object_detection_in_gazebo_ros2/models/stop_sign/meshes) by extension 'cmake'
[0.435s] Level 1:colcon.colcon_core.package_identification:_identify(src/object_detection_in_gazebo_ros2/models/stop_sign/meshes) by extension 'python'
[0.435s] Level 1:colcon.colcon_core.package_identification:_identify(src/object_detection_in_gazebo_ros2/models/stop_sign/meshes) by extensions ['python_setup_py']
[0.435s] Level 1:colcon.colcon_core.package_identification:_identify(src/object_detection_in_gazebo_ros2/models/stop_sign/meshes) by extension 'python_setup_py'
[0.436s] Level 1:colcon.colcon_core.package_identification:_identify(src/object_detection_in_gazebo_ros2/models/suv) by extensions ['ignore', 'ignore_ament_install']
[0.436s] Level 1:colcon.colcon_core.package_identification:_identify(src/object_detection_in_gazebo_ros2/models/suv) by extension 'ignore'
[0.436s] Level 1:colcon.colcon_core.package_identification:_identify(src/object_detection_in_gazebo_ros2/models/suv) by extension 'ignore_ament_install'
[0.436s] Level 1:colcon.colcon_core.package_identification:_identify(src/object_detection_in_gazebo_ros2/models/suv) by extensions ['colcon_pkg']
[0.436s] Level 1:colcon.colcon_core.package_identification:_identify(src/object_detection_in_gazebo_ros2/models/suv) by extension 'colcon_pkg'
[0.436s] Level 1:colcon.colcon_core.package_identification:_identify(src/object_detection_in_gazebo_ros2/models/suv) by extensions ['colcon_meta']
[0.436s] Level 1:colcon.colcon_core.package_identification:_identify(src/object_detection_in_gazebo_ros2/models/suv) by extension 'colcon_meta'
[0.436s] Level 1:colcon.colcon_core.package_identification:_identify(src/object_detection_in_gazebo_ros2/models/suv) by extensions ['ros']
[0.436s] Level 1:colcon.colcon_core.package_identification:_identify(src/object_detection_in_gazebo_ros2/models/suv) by extension 'ros'
[0.436s] Level 1:colcon.colcon_core.package_identification:_identify(src/object_detection_in_gazebo_ros2/models/suv) by extensions ['cmake', 'python']
[0.436s] Level 1:colcon.colcon_core.package_identification:_identify(src/object_detection_in_gazebo_ros2/models/suv) by extension 'cmake'
[0.436s] Level 1:colcon.colcon_core.package_identification:_identify(src/object_detection_in_gazebo_ros2/models/suv) by extension 'python'
[0.436s] Level 1:colcon.colcon_core.package_identification:_identify(src/object_detection_in_gazebo_ros2/models/suv) by extensions ['python_setup_py']
[0.436s] Level 1:colcon.colcon_core.package_identification:_identify(src/object_detection_in_gazebo_ros2/models/suv) by extension 'python_setup_py'
[0.436s] Level 1:colcon.colcon_core.package_identification:_identify(src/object_detection_in_gazebo_ros2/models/suv/materials) by extensions ['ignore', 'ignore_ament_install']
[0.436s] Level 1:colcon.colcon_core.package_identification:_identify(src/object_detection_in_gazebo_ros2/models/suv/materials) by extension 'ignore'
[0.436s] Level 1:colcon.colcon_core.package_identification:_identify(src/object_detection_in_gazebo_ros2/models/suv/materials) by extension 'ignore_ament_install'
[0.436s] Level 1:colcon.colcon_core.package_identification:_identify(src/object_detection_in_gazebo_ros2/models/suv/materials) by extensions ['colcon_pkg']
[0.436s] Level 1:colcon.colcon_core.package_identification:_identify(src/object_detection_in_gazebo_ros2/models/suv/materials) by extension 'colcon_pkg'
[0.436s] Level 1:colcon.colcon_core.package_identification:_identify(src/object_detection_in_gazebo_ros2/models/suv/materials) by extensions ['colcon_meta']
[0.436s] Level 1:colcon.colcon_core.package_identification:_identify(src/object_detection_in_gazebo_ros2/models/suv/materials) by extension 'colcon_meta'
[0.436s] Level 1:colcon.colcon_core.package_identification:_identify(src/object_detection_in_gazebo_ros2/models/suv/materials) by extensions ['ros']
[0.436s] Level 1:colcon.colcon_core.package_identification:_identify(src/object_detection_in_gazebo_ros2/models/suv/materials) by extension 'ros'
[0.436s] Level 1:colcon.colcon_core.package_identification:_identify(src/object_detection_in_gazebo_ros2/models/suv/materials) by extensions ['cmake', 'python']
[0.436s] Level 1:colcon.colcon_core.package_identification:_identify(src/object_detection_in_gazebo_ros2/models/suv/materials) by extension 'cmake'
[0.436s] Level 1:colcon.colcon_core.package_identification:_identify(src/object_detection_in_gazebo_ros2/models/suv/materials) by extension 'python'
[0.436s] Level 1:colcon.colcon_core.package_identification:_identify(src/object_detection_in_gazebo_ros2/models/suv/materials) by extensions ['python_setup_py']
[0.436s] Level 1:colcon.colcon_core.package_identification:_identify(src/object_detection_in_gazebo_ros2/models/suv/materials) by extension 'python_setup_py'
[0.437s] Level 1:colcon.colcon_core.package_identification:_identify(src/object_detection_in_gazebo_ros2/models/suv/materials/textures) by extensions ['ignore', 'ignore_ament_install']
[0.437s] Level 1:colcon.colcon_core.package_identification:_identify(src/object_detection_in_gazebo_ros2/models/suv/materials/textures) by extension 'ignore'
[0.437s] Level 1:colcon.colcon_core.package_identification:_identify(src/object_detection_in_gazebo_ros2/models/suv/materials/textures) by extension 'ignore_ament_install'
[0.437s] Level 1:colcon.colcon_core.package_identification:_identify(src/object_detection_in_gazebo_ros2/models/suv/materials/textures) by extensions ['colcon_pkg']
[0.437s] Level 1:colcon.colcon_core.package_identification:_identify(src/object_detection_in_gazebo_ros2/models/suv/materials/textures) by extension 'colcon_pkg'
[0.437s] Level 1:colcon.colcon_core.package_identification:_identify(src/object_detection_in_gazebo_ros2/models/suv/materials/textures) by extensions ['colcon_meta']
[0.437s] Level 1:colcon.colcon_core.package_identification:_identify(src/object_detection_in_gazebo_ros2/models/suv/materials/textures) by extension 'colcon_meta'
[0.437s] Level 1:colcon.colcon_core.package_identification:_identify(src/object_detection_in_gazebo_ros2/models/suv/materials/textures) by extensions ['ros']
[0.437s] Level 1:colcon.colcon_core.package_identification:_identify(src/object_detection_in_gazebo_ros2/models/suv/materials/textures) by extension 'ros'
[0.437s] Level 1:colcon.colcon_core.package_identification:_identify(src/object_detection_in_gazebo_ros2/models/suv/materials/textures) by extensions ['cmake', 'python']
[0.437s] Level 1:colcon.colcon_core.package_identification:_identify(src/object_detection_in_gazebo_ros2/models/suv/materials/textures) by extension 'cmake'
[0.437s] Level 1:colcon.colcon_core.package_identification:_identify(src/object_detection_in_gazebo_ros2/models/suv/materials/textures) by extension 'python'
[0.437s] Level 1:colcon.colcon_core.package_identification:_identify(src/object_detection_in_gazebo_ros2/models/suv/materials/textures) by extensions ['python_setup_py']
[0.437s] Level 1:colcon.colcon_core.package_identification:_identify(src/object_detection_in_gazebo_ros2/models/suv/materials/textures) by extension 'python_setup_py'
[0.437s] Level 1:colcon.colcon_core.package_identification:_identify(src/object_detection_in_gazebo_ros2/models/suv/meshes) by extensions ['ignore', 'ignore_ament_install']
[0.437s] Level 1:colcon.colcon_core.package_identification:_identify(src/object_detection_in_gazebo_ros2/models/suv/meshes) by extension 'ignore'
[0.437s] Level 1:colcon.colcon_core.package_identification:_identify(src/object_detection_in_gazebo_ros2/models/suv/meshes) by extension 'ignore_ament_install'
[0.437s] Level 1:colcon.colcon_core.package_identification:_identify(src/object_detection_in_gazebo_ros2/models/suv/meshes) by extensions ['colcon_pkg']
[0.437s] Level 1:colcon.colcon_core.package_identification:_identify(src/object_detection_in_gazebo_ros2/models/suv/meshes) by extension 'colcon_pkg'
[0.437s] Level 1:colcon.colcon_core.package_identification:_identify(src/object_detection_in_gazebo_ros2/models/suv/meshes) by extensions ['colcon_meta']
[0.437s] Level 1:colcon.colcon_core.package_identification:_identify(src/object_detection_in_gazebo_ros2/models/suv/meshes) by extension 'colcon_meta'
[0.437s] Level 1:colcon.colcon_core.package_identification:_identify(src/object_detection_in_gazebo_ros2/models/suv/meshes) by extensions ['ros']
[0.437s] Level 1:colcon.colcon_core.package_identification:_identify(src/object_detection_in_gazebo_ros2/models/suv/meshes) by extension 'ros'
[0.437s] Level 1:colcon.colcon_core.package_identification:_identify(src/object_detection_in_gazebo_ros2/models/suv/meshes) by extensions ['cmake', 'python']
[0.437s] Level 1:colcon.colcon_core.package_identification:_identify(src/object_detection_in_gazebo_ros2/models/suv/meshes) by extension 'cmake'
[0.437s] Level 1:colcon.colcon_core.package_identification:_identify(src/object_detection_in_gazebo_ros2/models/suv/meshes) by extension 'python'
[0.437s] Level 1:colcon.colcon_core.package_identification:_identify(src/object_detection_in_gazebo_ros2/models/suv/meshes) by extensions ['python_setup_py']
[0.437s] Level 1:colcon.colcon_core.package_identification:_identify(src/object_detection_in_gazebo_ros2/models/suv/meshes) by extension 'python_setup_py'
[0.437s] Level 1:colcon.colcon_core.package_identification:_identify(src/object_detection_in_gazebo_ros2/models/table) by extensions ['ignore', 'ignore_ament_install']
[0.438s] Level 1:colcon.colcon_core.package_identification:_identify(src/object_detection_in_gazebo_ros2/models/table) by extension 'ignore'
[0.438s] Level 1:colcon.colcon_core.package_identification:_identify(src/object_detection_in_gazebo_ros2/models/table) by extension 'ignore_ament_install'
[0.438s] Level 1:colcon.colcon_core.package_identification:_identify(src/object_detection_in_gazebo_ros2/models/table) by extensions ['colcon_pkg']
[0.438s] Level 1:colcon.colcon_core.package_identification:_identify(src/object_detection_in_gazebo_ros2/models/table) by extension 'colcon_pkg'
[0.438s] Level 1:colcon.colcon_core.package_identification:_identify(src/object_detection_in_gazebo_ros2/models/table) by extensions ['colcon_meta']
[0.438s] Level 1:colcon.colcon_core.package_identification:_identify(src/object_detection_in_gazebo_ros2/models/table) by extension 'colcon_meta'
[0.438s] Level 1:colcon.colcon_core.package_identification:_identify(src/object_detection_in_gazebo_ros2/models/table) by extensions ['ros']
[0.438s] Level 1:colcon.colcon_core.package_identification:_identify(src/object_detection_in_gazebo_ros2/models/table) by extension 'ros'
[0.438s] Level 1:colcon.colcon_core.package_identification:_identify(src/object_detection_in_gazebo_ros2/models/table) by extensions ['cmake', 'python']
[0.438s] Level 1:colcon.colcon_core.package_identification:_identify(src/object_detection_in_gazebo_ros2/models/table) by extension 'cmake'
[0.438s] Level 1:colcon.colcon_core.package_identification:_identify(src/object_detection_in_gazebo_ros2/models/table) by extension 'python'
[0.438s] Level 1:colcon.colcon_core.package_identification:_identify(src/object_detection_in_gazebo_ros2/models/table) by extensions ['python_setup_py']
[0.438s] Level 1:colcon.colcon_core.package_identification:_identify(src/object_detection_in_gazebo_ros2/models/table) by extension 'python_setup_py'
[0.438s] Level 1:colcon.colcon_core.package_identification:_identify(src/object_detection_in_gazebo_ros2/packages) by extensions ['ignore', 'ignore_ament_install']
[0.438s] Level 1:colcon.colcon_core.package_identification:_identify(src/object_detection_in_gazebo_ros2/packages) by extension 'ignore'
[0.438s] Level 1:colcon.colcon_core.package_identification:_identify(src/object_detection_in_gazebo_ros2/packages) by extension 'ignore_ament_install'
[0.438s] Level 1:colcon.colcon_core.package_identification:_identify(src/object_detection_in_gazebo_ros2/packages) by extensions ['colcon_pkg']
[0.438s] Level 1:colcon.colcon_core.package_identification:_identify(src/object_detection_in_gazebo_ros2/packages) by extension 'colcon_pkg'
[0.439s] Level 1:colcon.colcon_core.package_identification:_identify(src/object_detection_in_gazebo_ros2/packages) by extensions ['colcon_meta']
[0.439s] Level 1:colcon.colcon_core.package_identification:_identify(src/object_detection_in_gazebo_ros2/packages) by extension 'colcon_meta'
[0.439s] Level 1:colcon.colcon_core.package_identification:_identify(src/object_detection_in_gazebo_ros2/packages) by extensions ['ros']
[0.439s] Level 1:colcon.colcon_core.package_identification:_identify(src/object_detection_in_gazebo_ros2/packages) by extension 'ros'
[0.439s] Level 1:colcon.colcon_core.package_identification:_identify(src/object_detection_in_gazebo_ros2/packages) by extensions ['cmake', 'python']
[0.439s] Level 1:colcon.colcon_core.package_identification:_identify(src/object_detection_in_gazebo_ros2/packages) by extension 'cmake'
[0.439s] Level 1:colcon.colcon_core.package_identification:_identify(src/object_detection_in_gazebo_ros2/packages) by extension 'python'
[0.439s] Level 1:colcon.colcon_core.package_identification:_identify(src/object_detection_in_gazebo_ros2/packages) by extensions ['python_setup_py']
[0.439s] Level 1:colcon.colcon_core.package_identification:_identify(src/object_detection_in_gazebo_ros2/packages) by extension 'python_setup_py'
[0.439s] Level 1:colcon.colcon_core.package_identification:_identify(src/object_detection_in_gazebo_ros2/packages/yolobot_control) by extensions ['ignore', 'ignore_ament_install']
[0.440s] Level 1:colcon.colcon_core.package_identification:_identify(src/object_detection_in_gazebo_ros2/packages/yolobot_control) by extension 'ignore'
[0.440s] Level 1:colcon.colcon_core.package_identification:_identify(src/object_detection_in_gazebo_ros2/packages/yolobot_control) by extension 'ignore_ament_install'
[0.440s] Level 1:colcon.colcon_core.package_identification:_identify(src/object_detection_in_gazebo_ros2/packages/yolobot_control) by extensions ['colcon_pkg']
[0.440s] Level 1:colcon.colcon_core.package_identification:_identify(src/object_detection_in_gazebo_ros2/packages/yolobot_control) by extension 'colcon_pkg'
[0.440s] Level 1:colcon.colcon_core.package_identification:_identify(src/object_detection_in_gazebo_ros2/packages/yolobot_control) by extensions ['colcon_meta']
[0.440s] Level 1:colcon.colcon_core.package_identification:_identify(src/object_detection_in_gazebo_ros2/packages/yolobot_control) by extension 'colcon_meta'
[0.440s] Level 1:colcon.colcon_core.package_identification:_identify(src/object_detection_in_gazebo_ros2/packages/yolobot_control) by extensions ['ros']
[0.440s] Level 1:colcon.colcon_core.package_identification:_identify(src/object_detection_in_gazebo_ros2/packages/yolobot_control) by extension 'ros'
[0.441s] DEBUG:colcon.colcon_core.package_identification:Package 'src/object_detection_in_gazebo_ros2/packages/yolobot_control' with type 'ros.ament_cmake' and name 'yolobot_control'
[0.441s] Level 1:colcon.colcon_core.package_identification:_identify(src/object_detection_in_gazebo_ros2/packages/yolobot_description) by extensions ['ignore', 'ignore_ament_install']
[0.441s] Level 1:colcon.colcon_core.package_identification:_identify(src/object_detection_in_gazebo_ros2/packages/yolobot_description) by extension 'ignore'
[0.441s] Level 1:colcon.colcon_core.package_identification:_identify(src/object_detection_in_gazebo_ros2/packages/yolobot_description) by extension 'ignore_ament_install'
[0.441s] Level 1:colcon.colcon_core.package_identification:_identify(src/object_detection_in_gazebo_ros2/packages/yolobot_description) by extensions ['colcon_pkg']
[0.441s] Level 1:colcon.colcon_core.package_identification:_identify(src/object_detection_in_gazebo_ros2/packages/yolobot_description) by extension 'colcon_pkg'
[0.441s] Level 1:colcon.colcon_core.package_identification:_identify(src/object_detection_in_gazebo_ros2/packages/yolobot_description) by extensions ['colcon_meta']
[0.441s] Level 1:colcon.colcon_core.package_identification:_identify(src/object_detection_in_gazebo_ros2/packages/yolobot_description) by extension 'colcon_meta'
[0.441s] Level 1:colcon.colcon_core.package_identification:_identify(src/object_detection_in_gazebo_ros2/packages/yolobot_description) by extensions ['ros']
[0.441s] Level 1:colcon.colcon_core.package_identification:_identify(src/object_detection_in_gazebo_ros2/packages/yolobot_description) by extension 'ros'
[0.442s] DEBUG:colcon.colcon_core.package_identification:Package 'src/object_detection_in_gazebo_ros2/packages/yolobot_description' with type 'ros.ament_cmake' and name 'yolobot_description'
[0.442s] Level 1:colcon.colcon_core.package_identification:_identify(src/object_detection_in_gazebo_ros2/packages/yolobot_gazebo) by extensions ['ignore', 'ignore_ament_install']
[0.442s] Level 1:colcon.colcon_core.package_identification:_identify(src/object_detection_in_gazebo_ros2/packages/yolobot_gazebo) by extension 'ignore'
[0.442s] Level 1:colcon.colcon_core.package_identification:_identify(src/object_detection_in_gazebo_ros2/packages/yolobot_gazebo) by extension 'ignore_ament_install'
[0.442s] Level 1:colcon.colcon_core.package_identification:_identify(src/object_detection_in_gazebo_ros2/packages/yolobot_gazebo) by extensions ['colcon_pkg']
[0.442s] Level 1:colcon.colcon_core.package_identification:_identify(src/object_detection_in_gazebo_ros2/packages/yolobot_gazebo) by extension 'colcon_pkg'
[0.442s] Level 1:colcon.colcon_core.package_identification:_identify(src/object_detection_in_gazebo_ros2/packages/yolobot_gazebo) by extensions ['colcon_meta']
[0.442s] Level 1:colcon.colcon_core.package_identification:_identify(src/object_detection_in_gazebo_ros2/packages/yolobot_gazebo) by extension 'colcon_meta'
[0.442s] Level 1:colcon.colcon_core.package_identification:_identify(src/object_detection_in_gazebo_ros2/packages/yolobot_gazebo) by extensions ['ros']
[0.442s] Level 1:colcon.colcon_core.package_identification:_identify(src/object_detection_in_gazebo_ros2/packages/yolobot_gazebo) by extension 'ros'
[0.443s] DEBUG:colcon.colcon_core.package_identification:Package 'src/object_detection_in_gazebo_ros2/packages/yolobot_gazebo' with type 'ros.ament_cmake' and name 'yolobot_gazebo'
[0.443s] Level 1:colcon.colcon_core.package_identification:_identify(src/object_detection_in_gazebo_ros2/packages/yolobot_recognition) by extensions ['ignore', 'ignore_ament_install']
[0.443s] Level 1:colcon.colcon_core.package_identification:_identify(src/object_detection_in_gazebo_ros2/packages/yolobot_recognition) by extension 'ignore'
[0.443s] Level 1:colcon.colcon_core.package_identification:_identify(src/object_detection_in_gazebo_ros2/packages/yolobot_recognition) by extension 'ignore_ament_install'
[0.443s] Level 1:colcon.colcon_core.package_identification:_identify(src/object_detection_in_gazebo_ros2/packages/yolobot_recognition) by extensions ['colcon_pkg']
[0.443s] Level 1:colcon.colcon_core.package_identification:_identify(src/object_detection_in_gazebo_ros2/packages/yolobot_recognition) by extension 'colcon_pkg'
[0.443s] Level 1:colcon.colcon_core.package_identification:_identify(src/object_detection_in_gazebo_ros2/packages/yolobot_recognition) by extensions ['colcon_meta']
[0.443s] Level 1:colcon.colcon_core.package_identification:_identify(src/object_detection_in_gazebo_ros2/packages/yolobot_recognition) by extension 'colcon_meta'
[0.443s] Level 1:colcon.colcon_core.package_identification:_identify(src/object_detection_in_gazebo_ros2/packages/yolobot_recognition) by extensions ['ros']
[0.443s] Level 1:colcon.colcon_core.package_identification:_identify(src/object_detection_in_gazebo_ros2/packages/yolobot_recognition) by extension 'ros'
[0.444s] DEBUG:colcon.colcon_core.package_identification:Package 'src/object_detection_in_gazebo_ros2/packages/yolobot_recognition' with type 'ros.ament_cmake' and name 'yolobot_recognition'
[0.444s] Level 1:colcon.colcon_core.package_discovery:discover_packages(recursive) using defaults
[0.444s] Level 1:colcon.colcon_core.package_discovery:discover_packages(ignore) discover
[0.444s] Level 1:colcon.colcon_core.package_discovery:discover_packages(ignore) using defaults
[0.444s] Level 1:colcon.colcon_core.package_discovery:discover_packages(path) discover
[0.444s] Level 1:colcon.colcon_core.package_discovery:discover_packages(path) using defaults
[0.476s] INFO:colcon.colcon_core.package_selection:Skipping not selected package 'object' in 'src/object'
[0.476s] INFO:colcon.colcon_core.package_selection:Skipping not selected package 'object_detection' in 'src/object_detection'
[0.476s] INFO:colcon.colcon_core.package_selection:Skipping not selected package 'yolobot_control' in 'src/object_detection_in_gazebo_ros2/packages/yolobot_control'
[0.476s] INFO:colcon.colcon_core.package_selection:Skipping not selected package 'yolobot_description' in 'src/object_detection_in_gazebo_ros2/packages/yolobot_description'
[0.476s] INFO:colcon.colcon_core.package_selection:Skipping not selected package 'yolobot_gazebo' in 'src/object_detection_in_gazebo_ros2/packages/yolobot_gazebo'
[0.476s] INFO:colcon.colcon_core.package_selection:Skipping not selected package 'yolobot_recognition' in 'src/object_detection_in_gazebo_ros2/packages/yolobot_recognition'
[0.477s] Level 1:colcon.colcon_core.package_discovery:discover_packages(prefix_path) check parameters
[0.477s] Level 1:colcon.colcon_core.package_discovery:discover_packages(prefix_path) discover
[0.484s] DEBUG:colcon.colcon_installed_package_information.package_discovery:Found 2 installed packages in /home/kim/open_topic/linux/ws/install
[0.487s] DEBUG:colcon.colcon_installed_package_information.package_discovery:Found 0 installed packages in /home/kim/ros2/ws/install
[0.489s] DEBUG:colcon.colcon_installed_package_information.package_discovery:Found 4 installed packages in /home/kim/ros2/downloadws/install
[0.491s] DEBUG:colcon.colcon_installed_package_information.package_discovery:Found 2 installed packages in /home/kim/is/ubnutu/ws/install
[0.493s] DEBUG:colcon.colcon_installed_package_information.package_discovery:Found 258 installed packages in /opt/ros/foxy
[0.494s] Level 1:colcon.colcon_core.package_discovery:discover_packages(prefix_path) using defaults
[0.561s] Level 5:colcon.colcon_core.verb:set package 'fake_image' build argument 'cmake_args' from command line to 'None'
[0.562s] Level 5:colcon.colcon_core.verb:set package 'fake_image' build argument 'cmake_target' from command line to 'None'
[0.562s] Level 5:colcon.colcon_core.verb:set package 'fake_image' build argument 'cmake_target_skip_unavailable' from command line to 'False'
[0.562s] Level 5:colcon.colcon_core.verb:set package 'fake_image' build argument 'cmake_clean_cache' from command line to 'False'
[0.562s] Level 5:colcon.colcon_core.verb:set package 'fake_image' build argument 'cmake_clean_first' from command line to 'False'
[0.562s] Level 5:colcon.colcon_core.verb:set package 'fake_image' build argument 'cmake_force_configure' from command line to 'False'
[0.562s] Level 5:colcon.colcon_core.verb:set package 'fake_image' build argument 'ament_cmake_args' from command line to 'None'
[0.562s] Level 5:colcon.colcon_core.verb:set package 'fake_image' build argument 'catkin_cmake_args' from command line to 'None'
[0.562s] Level 5:colcon.colcon_core.verb:set package 'fake_image' build argument 'catkin_skip_building_tests' from command line to 'False'
[0.562s] DEBUG:colcon.colcon_core.verb:Building package 'fake_image' with the following arguments: {'ament_cmake_args': None, 'build_base': '/home/kim/open_topic/linux/ws/build/fake_image', 'catkin_cmake_args': None, 'catkin_skip_building_tests': False, 'cmake_args': None, 'cmake_clean_cache': False, 'cmake_clean_first': False, 'cmake_force_configure': False, 'cmake_target': None, 'cmake_target_skip_unavailable': False, 'install_base': '/home/kim/open_topic/linux/ws/install/fake_image', 'merge_install': False, 'path': '/home/kim/open_topic/linux/ws/src/fake_image', 'symlink_install': False, 'test_result_base': None}
[0.564s] INFO:colcon.colcon_core.executor:Executing jobs using 'parallel' executor
[0.573s] DEBUG:colcon.colcon_parallel_executor.executor.parallel:run_until_complete
[0.574s] INFO:colcon.colcon_ros.task.ament_cmake.build:Building ROS package in '/home/kim/open_topic/linux/ws/src/fake_image' with build type 'ament_cmake'
[0.574s] INFO:colcon.colcon_cmake.task.cmake.build:Building CMake package in '/home/kim/open_topic/linux/ws/src/fake_image'
[0.584s] INFO:colcon.colcon_core.plugin_system:Skipping extension 'colcon_core.shell.bat': Not used on non-Windows systems
[0.584s] INFO:colcon.colcon_core.shell:Skip shell extension 'powershell' for command environment: Not usable outside of PowerShell
[0.584s] DEBUG:colcon.colcon_core.shell:Skip shell extension 'dsv' for command environment
[0.604s] DEBUG:colcon.colcon_core.event_handler.log_command:Invoking command in '/home/kim/open_topic/linux/ws/build/fake_image': CMAKE_PREFIX_PATH=${CMAKE_PREFIX_PATH}:/opt/ros/foxy /home/kim/.local/bin/cmake /home/kim/open_topic/linux/ws/src/fake_image -DCMAKE_INSTALL_PREFIX=/home/kim/open_topic/linux/ws/install/fake_image
[2.141s] DEBUG:colcon.colcon_core.event_handler.log_command:Invoked command in '/home/kim/open_topic/linux/ws/build/fake_image' returned '0': CMAKE_PREFIX_PATH=${CMAKE_PREFIX_PATH}:/opt/ros/foxy /home/kim/.local/bin/cmake /home/kim/open_topic/linux/ws/src/fake_image -DCMAKE_INSTALL_PREFIX=/home/kim/open_topic/linux/ws/install/fake_image
[2.144s] DEBUG:colcon.colcon_core.event_handler.log_command:Invoking command in '/home/kim/open_topic/linux/ws/build/fake_image': CMAKE_PREFIX_PATH=${CMAKE_PREFIX_PATH}:/opt/ros/foxy /home/kim/.local/bin/cmake --build /home/kim/open_topic/linux/ws/build/fake_image -- -j12 -l12
[2.494s] DEBUG:colcon.colcon_core.event_handler.log_command:Invoked command in '/home/kim/open_topic/linux/ws/build/fake_image' returned '0': CMAKE_PREFIX_PATH=${CMAKE_PREFIX_PATH}:/opt/ros/foxy /home/kim/.local/bin/cmake --build /home/kim/open_topic/linux/ws/build/fake_image -- -j12 -l12
[2.568s] DEBUG:colcon.colcon_core.event_handler.log_command:Invoking command in '/home/kim/open_topic/linux/ws/build/fake_image': CMAKE_PREFIX_PATH=${CMAKE_PREFIX_PATH}:/opt/ros/foxy /home/kim/.local/bin/cmake --install /home/kim/open_topic/linux/ws/build/fake_image
[2.631s] Level 1:colcon.colcon_core.environment:create_environment_scripts_only(fake_image)
[2.631s] DEBUG:colcon.colcon_core.event_handler.log_command:Invoked command in '/home/kim/open_topic/linux/ws/build/fake_image' returned '0': CMAKE_PREFIX_PATH=${CMAKE_PREFIX_PATH}:/opt/ros/foxy /home/kim/.local/bin/cmake --install /home/kim/open_topic/linux/ws/build/fake_image
[2.644s] Level 1:colcon.colcon_core.environment:checking '/home/kim/open_topic/linux/ws/install/fake_image' for CMake module files
[2.645s] Level 1:colcon.colcon_core.environment:checking '/home/kim/open_topic/linux/ws/install/fake_image' for CMake config files
[2.645s] Level 1:colcon.colcon_core.shell:create_environment_hook('fake_image', 'cmake_prefix_path')
[2.649s] INFO:colcon.colcon_core.shell:Creating environment hook '/home/kim/open_topic/linux/ws/install/fake_image/share/fake_image/hook/cmake_prefix_path.ps1'
[2.651s] INFO:colcon.colcon_core.shell:Creating environment descriptor '/home/kim/open_topic/linux/ws/install/fake_image/share/fake_image/hook/cmake_prefix_path.dsv'
[2.652s] INFO:colcon.colcon_core.shell:Creating environment hook '/home/kim/open_topic/linux/ws/install/fake_image/share/fake_image/hook/cmake_prefix_path.sh'
[2.653s] Level 1:colcon.colcon_core.environment:checking '/home/kim/open_topic/linux/ws/install/fake_image/lib'
[2.653s] Level 1:colcon.colcon_core.environment:checking '/home/kim/open_topic/linux/ws/install/fake_image/bin'
[2.653s] Level 1:colcon.colcon_core.environment:checking '/home/kim/open_topic/linux/ws/install/fake_image/lib/pkgconfig/fake_image.pc'
[2.653s] Level 1:colcon.colcon_core.environment:checking '/home/kim/open_topic/linux/ws/install/fake_image/lib/python3.8/site-packages'
[2.654s] Level 1:colcon.colcon_core.shell:create_environment_hook('fake_image', 'pythonpath')
[2.658s] INFO:colcon.colcon_core.shell:Creating environment hook '/home/kim/open_topic/linux/ws/install/fake_image/share/fake_image/hook/pythonpath.ps1'
[2.658s] INFO:colcon.colcon_core.shell:Creating environment descriptor '/home/kim/open_topic/linux/ws/install/fake_image/share/fake_image/hook/pythonpath.dsv'
[2.658s] INFO:colcon.colcon_core.shell:Creating environment hook '/home/kim/open_topic/linux/ws/install/fake_image/share/fake_image/hook/pythonpath.sh'
[2.659s] Level 1:colcon.colcon_core.environment:checking '/home/kim/open_topic/linux/ws/install/fake_image/bin'
[2.663s] INFO:colcon.colcon_core.shell:Creating package script '/home/kim/open_topic/linux/ws/install/fake_image/share/fake_image/package.ps1'
[2.664s] INFO:colcon.colcon_core.shell:Creating package descriptor '/home/kim/open_topic/linux/ws/install/fake_image/share/fake_image/package.dsv'
[2.665s] INFO:colcon.colcon_core.shell:Creating package script '/home/kim/open_topic/linux/ws/install/fake_image/share/fake_image/package.sh'
[2.666s] INFO:colcon.colcon_core.shell:Creating package script '/home/kim/open_topic/linux/ws/install/fake_image/share/fake_image/package.bash'
[2.667s] INFO:colcon.colcon_core.shell:Creating package script '/home/kim/open_topic/linux/ws/install/fake_image/share/fake_image/package.zsh'
[2.668s] Level 1:colcon.colcon_core.environment:create_file_with_runtime_dependencies(/home/kim/open_topic/linux/ws/install/fake_image/share/colcon-core/packages/fake_image)
[2.714s] Level 1:colcon.colcon_core.environment:create_environment_scripts_only(fake_image)
[2.721s] Level 1:colcon.colcon_core.environment:checking '/home/kim/open_topic/linux/ws/install/fake_image' for CMake module files
[2.721s] Level 1:colcon.colcon_core.environment:checking '/home/kim/open_topic/linux/ws/install/fake_image' for CMake config files
[2.722s] Level 1:colcon.colcon_core.shell:create_environment_hook('fake_image', 'cmake_prefix_path')
[2.725s] INFO:colcon.colcon_core.shell:Creating environment hook '/home/kim/open_topic/linux/ws/install/fake_image/share/fake_image/hook/cmake_prefix_path.ps1'
[2.726s] INFO:colcon.colcon_core.shell:Creating environment descriptor '/home/kim/open_topic/linux/ws/install/fake_image/share/fake_image/hook/cmake_prefix_path.dsv'
[2.727s] INFO:colcon.colcon_core.shell:Creating environment hook '/home/kim/open_topic/linux/ws/install/fake_image/share/fake_image/hook/cmake_prefix_path.sh'
[2.727s] Level 1:colcon.colcon_core.environment:checking '/home/kim/open_topic/linux/ws/install/fake_image/lib'
[2.727s] Level 1:colcon.colcon_core.environment:checking '/home/kim/open_topic/linux/ws/install/fake_image/bin'
[2.727s] Level 1:colcon.colcon_core.environment:checking '/home/kim/open_topic/linux/ws/install/fake_image/lib/pkgconfig/fake_image.pc'
[2.727s] Level 1:colcon.colcon_core.environment:checking '/home/kim/open_topic/linux/ws/install/fake_image/lib/python3.8/site-packages'
[2.727s] Level 1:colcon.colcon_core.shell:create_environment_hook('fake_image', 'pythonpath')
[2.732s] INFO:colcon.colcon_core.shell:Creating environment hook '/home/kim/open_topic/linux/ws/install/fake_image/share/fake_image/hook/pythonpath.ps1'
[2.732s] INFO:colcon.colcon_core.shell:Creating environment descriptor '/home/kim/open_topic/linux/ws/install/fake_image/share/fake_image/hook/pythonpath.dsv'
[2.732s] INFO:colcon.colcon_core.shell:Creating environment hook '/home/kim/open_topic/linux/ws/install/fake_image/share/fake_image/hook/pythonpath.sh'
[2.733s] Level 1:colcon.colcon_core.environment:checking '/home/kim/open_topic/linux/ws/install/fake_image/bin'
[2.737s] INFO:colcon.colcon_core.shell:Creating package script '/home/kim/open_topic/linux/ws/install/fake_image/share/fake_image/package.ps1'
[2.738s] INFO:colcon.colcon_core.shell:Creating package descriptor '/home/kim/open_topic/linux/ws/install/fake_image/share/fake_image/package.dsv'
[2.738s] INFO:colcon.colcon_core.shell:Creating package script '/home/kim/open_topic/linux/ws/install/fake_image/share/fake_image/package.sh'
[2.738s] INFO:colcon.colcon_core.shell:Creating package script '/home/kim/open_topic/linux/ws/install/fake_image/share/fake_image/package.bash'
[2.739s] INFO:colcon.colcon_core.shell:Creating package script '/home/kim/open_topic/linux/ws/install/fake_image/share/fake_image/package.zsh'
[2.739s] Level 1:colcon.colcon_core.environment:create_file_with_runtime_dependencies(/home/kim/open_topic/linux/ws/install/fake_image/share/colcon-core/packages/fake_image)
[2.740s] DEBUG:colcon.colcon_parallel_executor.executor.parallel:closing loop
[2.741s] DEBUG:colcon.colcon_parallel_executor.executor.parallel:loop closed
[2.741s] DEBUG:colcon.colcon_parallel_executor.executor.parallel:run_until_complete finished with '0'
[2.741s] DEBUG:colcon.colcon_core.event_reactor:joining thread
[2.766s] INFO:colcon.colcon_core.plugin_system:Skipping extension 'colcon_notification.desktop_notification.terminal_notifier': Not used on non-Darwin systems
[2.766s] INFO:colcon.colcon_core.plugin_system:Skipping extension 'colcon_notification.desktop_notification.win32': Not used on non-Windows systems
[2.767s] INFO:colcon.colcon_notification.desktop_notification:Sending desktop notification using 'notify2'
[2.795s] DEBUG:colcon.colcon_core.event_reactor:joined thread
[2.799s] INFO:colcon.colcon_core.shell:Creating prefix script '/home/kim/open_topic/linux/ws/install/local_setup.ps1'
[2.807s] INFO:colcon.colcon_core.shell:Creating prefix util module '/home/kim/open_topic/linux/ws/install/_local_setup_util_ps1.py'
[2.811s] INFO:colcon.colcon_core.shell:Creating prefix chain script '/home/kim/open_topic/linux/ws/install/setup.ps1'
[2.818s] INFO:colcon.colcon_core.shell:Creating prefix script '/home/kim/open_topic/linux/ws/install/local_setup.sh'
[2.821s] INFO:colcon.colcon_core.shell:Creating prefix util module '/home/kim/open_topic/linux/ws/install/_local_setup_util_sh.py'
[2.821s] INFO:colcon.colcon_core.shell:Creating prefix chain script '/home/kim/open_topic/linux/ws/install/setup.sh'
[2.828s] INFO:colcon.colcon_core.shell:Creating prefix script '/home/kim/open_topic/linux/ws/install/local_setup.bash'
[2.831s] INFO:colcon.colcon_core.shell:Creating prefix chain script '/home/kim/open_topic/linux/ws/install/setup.bash'
[2.837s] INFO:colcon.colcon_core.shell:Creating prefix script '/home/kim/open_topic/linux/ws/install/local_setup.zsh'
[2.844s] INFO:colcon.colcon_core.shell:Creating prefix chain script '/home/kim/open_topic/linux/ws/install/setup.zsh'
