[0.280s] DEBUG:colcon:Command line arguments: ['/home/kim/.local/bin/colcon', 'build']
[0.280s] DEBUG:colcon:Parsed command line arguments: Namespace(allow_overriding=[], ament_cmake_args=None, base_paths=['.'], build_base='build', catkin_cmake_args=None, catkin_skip_building_tests=False, cmake_args=None, cmake_clean_cache=False, cmake_clean_first=False, cmake_force_configure=False, cmake_target=None, cmake_target_skip_unavailable=False, continue_on_error=False, event_handlers=None, executor='parallel', ignore_user_meta=False, install_base='install', log_base=None, log_level=None, main=<bound method BuildVerb.main of <colcon_core.verb.build.BuildVerb object at 0x7f69bb568f10>>, merge_install=False, metas=['./colcon.meta'], packages_above=None, packages_above_and_dependencies=None, packages_above_depth=None, packages_end=None, packages_ignore=None, packages_ignore_regex=None, packages_select=None, packages_select_build_failed=False, packages_select_by_dep=None, packages_select_regex=None, packages_select_test_failures=False, packages_skip=None, packages_skip_build_finished=False, packages_skip_by_dep=None, packages_skip_regex=None, packages_skip_test_passed=False, packages_skip_up_to=None, packages_start=None, packages_up_to=None, packages_up_to_regex=None, parallel_workers=12, paths=None, symlink_install=False, test_result_base=None, verb_extension=<colcon_core.verb.build.BuildVerb object at 0x7f69bb568f10>, verb_name='build', verb_parser=<colcon_defaults.argument_parser.defaults.DefaultArgumentsDecorator object at 0x7f69bb4c8790>)
[0.316s] Level 1:colcon.colcon_core.package_discovery:discover_packages(colcon_meta) check parameters
[0.316s] Level 1:colcon.colcon_core.package_discovery:discover_packages(recursive) check parameters
[0.316s] Level 1:colcon.colcon_core.package_discovery:discover_packages(ignore) check parameters
[0.316s] Level 1:colcon.colcon_core.package_discovery:discover_packages(path) check parameters
[0.316s] Level 1:colcon.colcon_core.package_discovery:discover_packages(colcon_meta) discover
[0.316s] Level 1:colcon.colcon_core.package_discovery:discover_packages(recursive) discover
[0.316s] INFO:colcon.colcon_core.package_discovery:Crawling recursively for packages in '/home/kim/open_topic/linux/ws'
[0.316s] Level 1:colcon.colcon_core.package_identification:_identify(.) by extensions ['ignore', 'ignore_ament_install']
[0.316s] Level 1:colcon.colcon_core.package_identification:_identify(.) by extension 'ignore'
[0.317s] Level 1:colcon.colcon_core.package_identification:_identify(.) by extension 'ignore_ament_install'
[0.317s] Level 1:colcon.colcon_core.package_identification:_identify(.) by extensions ['colcon_pkg']
[0.317s] Level 1:colcon.colcon_core.package_identification:_identify(.) by extension 'colcon_pkg'
[0.317s] Level 1:colcon.colcon_core.package_identification:_identify(.) by extensions ['colcon_meta']
[0.317s] Level 1:colcon.colcon_core.package_identification:_identify(.) by extension 'colcon_meta'
[0.317s] Level 1:colcon.colcon_core.package_identification:_identify(.) by extensions ['ros']
[0.317s] Level 1:colcon.colcon_core.package_identification:_identify(.) by extension 'ros'
[0.328s] Level 1:colcon.colcon_core.package_identification:_identify(.) by extensions ['cmake', 'python']
[0.328s] Level 1:colcon.colcon_core.package_identification:_identify(.) by extension 'cmake'
[0.328s] Level 1:colcon.colcon_core.package_identification:_identify(.) by extension 'python'
[0.328s] Level 1:colcon.colcon_core.package_identification:_identify(.) by extensions ['python_setup_py']
[0.328s] Level 1:colcon.colcon_core.package_identification:_identify(.) by extension 'python_setup_py'
[0.329s] Level 1:colcon.colcon_core.package_identification:_identify(build) by extensions ['ignore', 'ignore_ament_install']
[0.329s] Level 1:colcon.colcon_core.package_identification:_identify(build) by extension 'ignore'
[0.329s] Level 1:colcon.colcon_core.package_identification:_identify(build) ignored
[0.329s] Level 1:colcon.colcon_core.package_identification:_identify(install) by extensions ['ignore', 'ignore_ament_install']
[0.329s] Level 1:colcon.colcon_core.package_identification:_identify(install) by extension 'ignore'
[0.329s] Level 1:colcon.colcon_core.package_identification:_identify(install) ignored
[0.329s] Level 1:colcon.colcon_core.package_identification:_identify(log) by extensions ['ignore', 'ignore_ament_install']
[0.329s] Level 1:colcon.colcon_core.package_identification:_identify(log) by extension 'ignore'
[0.329s] Level 1:colcon.colcon_core.package_identification:_identify(log) ignored
[0.329s] Level 1:colcon.colcon_core.package_identification:_identify(src) by extensions ['ignore', 'ignore_ament_install']
[0.329s] Level 1:colcon.colcon_core.package_identification:_identify(src) by extension 'ignore'
[0.329s] Level 1:colcon.colcon_core.package_identification:_identify(src) by extension 'ignore_ament_install'
[0.329s] Level 1:colcon.colcon_core.package_identification:_identify(src) by extensions ['colcon_pkg']
[0.329s] Level 1:colcon.colcon_core.package_identification:_identify(src) by extension 'colcon_pkg'
[0.329s] Level 1:colcon.colcon_core.package_identification:_identify(src) by extensions ['colcon_meta']
[0.329s] Level 1:colcon.colcon_core.package_identification:_identify(src) by extension 'colcon_meta'
[0.329s] Level 1:colcon.colcon_core.package_identification:_identify(src) by extensions ['ros']
[0.329s] Level 1:colcon.colcon_core.package_identification:_identify(src) by extension 'ros'
[0.329s] Level 1:colcon.colcon_core.package_identification:_identify(src) by extensions ['cmake', 'python']
[0.329s] Level 1:colcon.colcon_core.package_identification:_identify(src) by extension 'cmake'
[0.329s] Level 1:colcon.colcon_core.package_identification:_identify(src) by extension 'python'
[0.329s] Level 1:colcon.colcon_core.package_identification:_identify(src) by extensions ['python_setup_py']
[0.330s] Level 1:colcon.colcon_core.package_identification:_identify(src) by extension 'python_setup_py'
[0.330s] Level 1:colcon.colcon_core.package_identification:_identify(src/bag_file) by extensions ['ignore', 'ignore_ament_install']
[0.330s] Level 1:colcon.colcon_core.package_identification:_identify(src/bag_file) by extension 'ignore'
[0.330s] Level 1:colcon.colcon_core.package_identification:_identify(src/bag_file) by extension 'ignore_ament_install'
[0.330s] Level 1:colcon.colcon_core.package_identification:_identify(src/bag_file) by extensions ['colcon_pkg']
[0.330s] Level 1:colcon.colcon_core.package_identification:_identify(src/bag_file) by extension 'colcon_pkg'
[0.330s] Level 1:colcon.colcon_core.package_identification:_identify(src/bag_file) by extensions ['colcon_meta']
[0.330s] Level 1:colcon.colcon_core.package_identification:_identify(src/bag_file) by extension 'colcon_meta'
[0.330s] Level 1:colcon.colcon_core.package_identification:_identify(src/bag_file) by extensions ['ros']
[0.330s] Level 1:colcon.colcon_core.package_identification:_identify(src/bag_file) by extension 'ros'
[0.330s] Level 1:colcon.colcon_core.package_identification:_identify(src/bag_file) by extensions ['cmake', 'python']
[0.330s] Level 1:colcon.colcon_core.package_identification:_identify(src/bag_file) by extension 'cmake'
[0.330s] Level 1:colcon.colcon_core.package_identification:_identify(src/bag_file) by extension 'python'
[0.330s] Level 1:colcon.colcon_core.package_identification:_identify(src/bag_file) by extensions ['python_setup_py']
[0.330s] Level 1:colcon.colcon_core.package_identification:_identify(src/bag_file) by extension 'python_setup_py'
[0.330s] Level 1:colcon.colcon_core.package_identification:_identify(src/bag_file/normal) by extensions ['ignore', 'ignore_ament_install']
[0.330s] Level 1:colcon.colcon_core.package_identification:_identify(src/bag_file/normal) by extension 'ignore'
[0.330s] Level 1:colcon.colcon_core.package_identification:_identify(src/bag_file/normal) by extension 'ignore_ament_install'
[0.330s] Level 1:colcon.colcon_core.package_identification:_identify(src/bag_file/normal) by extensions ['colcon_pkg']
[0.330s] Level 1:colcon.colcon_core.package_identification:_identify(src/bag_file/normal) by extension 'colcon_pkg'
[0.330s] Level 1:colcon.colcon_core.package_identification:_identify(src/bag_file/normal) by extensions ['colcon_meta']
[0.330s] Level 1:colcon.colcon_core.package_identification:_identify(src/bag_file/normal) by extension 'colcon_meta'
[0.330s] Level 1:colcon.colcon_core.package_identification:_identify(src/bag_file/normal) by extensions ['ros']
[0.330s] Level 1:colcon.colcon_core.package_identification:_identify(src/bag_file/normal) by extension 'ros'
[0.330s] Level 1:colcon.colcon_core.package_identification:_identify(src/bag_file/normal) by extensions ['cmake', 'python']
[0.330s] Level 1:colcon.colcon_core.package_identification:_identify(src/bag_file/normal) by extension 'cmake'
[0.330s] Level 1:colcon.colcon_core.package_identification:_identify(src/bag_file/normal) by extension 'python'
[0.330s] Level 1:colcon.colcon_core.package_identification:_identify(src/bag_file/normal) by extensions ['python_setup_py']
[0.330s] Level 1:colcon.colcon_core.package_identification:_identify(src/bag_file/normal) by extension 'python_setup_py'
[0.331s] Level 1:colcon.colcon_core.package_identification:_identify(src/bag_file/rosbag2_2023_04_24-23_41_06) by extensions ['ignore', 'ignore_ament_install']
[0.331s] Level 1:colcon.colcon_core.package_identification:_identify(src/bag_file/rosbag2_2023_04_24-23_41_06) by extension 'ignore'
[0.331s] Level 1:colcon.colcon_core.package_identification:_identify(src/bag_file/rosbag2_2023_04_24-23_41_06) by extension 'ignore_ament_install'
[0.331s] Level 1:colcon.colcon_core.package_identification:_identify(src/bag_file/rosbag2_2023_04_24-23_41_06) by extensions ['colcon_pkg']
[0.331s] Level 1:colcon.colcon_core.package_identification:_identify(src/bag_file/rosbag2_2023_04_24-23_41_06) by extension 'colcon_pkg'
[0.331s] Level 1:colcon.colcon_core.package_identification:_identify(src/bag_file/rosbag2_2023_04_24-23_41_06) by extensions ['colcon_meta']
[0.331s] Level 1:colcon.colcon_core.package_identification:_identify(src/bag_file/rosbag2_2023_04_24-23_41_06) by extension 'colcon_meta'
[0.331s] Level 1:colcon.colcon_core.package_identification:_identify(src/bag_file/rosbag2_2023_04_24-23_41_06) by extensions ['ros']
[0.331s] Level 1:colcon.colcon_core.package_identification:_identify(src/bag_file/rosbag2_2023_04_24-23_41_06) by extension 'ros'
[0.331s] Level 1:colcon.colcon_core.package_identification:_identify(src/bag_file/rosbag2_2023_04_24-23_41_06) by extensions ['cmake', 'python']
[0.331s] Level 1:colcon.colcon_core.package_identification:_identify(src/bag_file/rosbag2_2023_04_24-23_41_06) by extension 'cmake'
[0.331s] Level 1:colcon.colcon_core.package_identification:_identify(src/bag_file/rosbag2_2023_04_24-23_41_06) by extension 'python'
[0.331s] Level 1:colcon.colcon_core.package_identification:_identify(src/bag_file/rosbag2_2023_04_24-23_41_06) by extensions ['python_setup_py']
[0.331s] Level 1:colcon.colcon_core.package_identification:_identify(src/bag_file/rosbag2_2023_04_24-23_41_06) by extension 'python_setup_py'
[0.331s] Level 1:colcon.colcon_core.package_identification:_identify(src/bag_file/rosbag2_2023_04_24-23_42_09) by extensions ['ignore', 'ignore_ament_install']
[0.331s] Level 1:colcon.colcon_core.package_identification:_identify(src/bag_file/rosbag2_2023_04_24-23_42_09) by extension 'ignore'
[0.331s] Level 1:colcon.colcon_core.package_identification:_identify(src/bag_file/rosbag2_2023_04_24-23_42_09) by extension 'ignore_ament_install'
[0.331s] Level 1:colcon.colcon_core.package_identification:_identify(src/bag_file/rosbag2_2023_04_24-23_42_09) by extensions ['colcon_pkg']
[0.331s] Level 1:colcon.colcon_core.package_identification:_identify(src/bag_file/rosbag2_2023_04_24-23_42_09) by extension 'colcon_pkg'
[0.331s] Level 1:colcon.colcon_core.package_identification:_identify(src/bag_file/rosbag2_2023_04_24-23_42_09) by extensions ['colcon_meta']
[0.331s] Level 1:colcon.colcon_core.package_identification:_identify(src/bag_file/rosbag2_2023_04_24-23_42_09) by extension 'colcon_meta'
[0.331s] Level 1:colcon.colcon_core.package_identification:_identify(src/bag_file/rosbag2_2023_04_24-23_42_09) by extensions ['ros']
[0.331s] Level 1:colcon.colcon_core.package_identification:_identify(src/bag_file/rosbag2_2023_04_24-23_42_09) by extension 'ros'
[0.331s] Level 1:colcon.colcon_core.package_identification:_identify(src/bag_file/rosbag2_2023_04_24-23_42_09) by extensions ['cmake', 'python']
[0.331s] Level 1:colcon.colcon_core.package_identification:_identify(src/bag_file/rosbag2_2023_04_24-23_42_09) by extension 'cmake'
[0.331s] Level 1:colcon.colcon_core.package_identification:_identify(src/bag_file/rosbag2_2023_04_24-23_42_09) by extension 'python'
[0.331s] Level 1:colcon.colcon_core.package_identification:_identify(src/bag_file/rosbag2_2023_04_24-23_42_09) by extensions ['python_setup_py']
[0.331s] Level 1:colcon.colcon_core.package_identification:_identify(src/bag_file/rosbag2_2023_04_24-23_42_09) by extension 'python_setup_py'
[0.331s] Level 1:colcon.colcon_core.package_identification:_identify(src/bag_file/sensor) by extensions ['ignore', 'ignore_ament_install']
[0.331s] Level 1:colcon.colcon_core.package_identification:_identify(src/bag_file/sensor) by extension 'ignore'
[0.332s] Level 1:colcon.colcon_core.package_identification:_identify(src/bag_file/sensor) by extension 'ignore_ament_install'
[0.332s] Level 1:colcon.colcon_core.package_identification:_identify(src/bag_file/sensor) by extensions ['colcon_pkg']
[0.332s] Level 1:colcon.colcon_core.package_identification:_identify(src/bag_file/sensor) by extension 'colcon_pkg'
[0.332s] Level 1:colcon.colcon_core.package_identification:_identify(src/bag_file/sensor) by extensions ['colcon_meta']
[0.332s] Level 1:colcon.colcon_core.package_identification:_identify(src/bag_file/sensor) by extension 'colcon_meta'
[0.332s] Level 1:colcon.colcon_core.package_identification:_identify(src/bag_file/sensor) by extensions ['ros']
[0.332s] Level 1:colcon.colcon_core.package_identification:_identify(src/bag_file/sensor) by extension 'ros'
[0.332s] Level 1:colcon.colcon_core.package_identification:_identify(src/bag_file/sensor) by extensions ['cmake', 'python']
[0.332s] Level 1:colcon.colcon_core.package_identification:_identify(src/bag_file/sensor) by extension 'cmake'
[0.332s] Level 1:colcon.colcon_core.package_identification:_identify(src/bag_file/sensor) by extension 'python'
[0.332s] Level 1:colcon.colcon_core.package_identification:_identify(src/bag_file/sensor) by extensions ['python_setup_py']
[0.332s] Level 1:colcon.colcon_core.package_identification:_identify(src/bag_file/sensor) by extension 'python_setup_py'
[0.332s] Level 1:colcon.colcon_core.package_identification:_identify(src/check_qos) by extensions ['ignore', 'ignore_ament_install']
[0.332s] Level 1:colcon.colcon_core.package_identification:_identify(src/check_qos) by extension 'ignore'
[0.332s] Level 1:colcon.colcon_core.package_identification:_identify(src/check_qos) by extension 'ignore_ament_install'
[0.332s] Level 1:colcon.colcon_core.package_identification:_identify(src/check_qos) by extensions ['colcon_pkg']
[0.332s] Level 1:colcon.colcon_core.package_identification:_identify(src/check_qos) by extension 'colcon_pkg'
[0.332s] Level 1:colcon.colcon_core.package_identification:_identify(src/check_qos) by extensions ['colcon_meta']
[0.332s] Level 1:colcon.colcon_core.package_identification:_identify(src/check_qos) by extension 'colcon_meta'
[0.332s] Level 1:colcon.colcon_core.package_identification:_identify(src/check_qos) by extensions ['ros']
[0.332s] Level 1:colcon.colcon_core.package_identification:_identify(src/check_qos) by extension 'ros'
[0.334s] DEBUG:colcon.colcon_core.package_identification:Package 'src/check_qos' with type 'ros.ament_cmake' and name 'check_qos'
[0.334s] Level 1:colcon.colcon_core.package_identification:_identify(src/delay_frame) by extensions ['ignore', 'ignore_ament_install']
[0.334s] Level 1:colcon.colcon_core.package_identification:_identify(src/delay_frame) by extension 'ignore'
[0.334s] Level 1:colcon.colcon_core.package_identification:_identify(src/delay_frame) by extension 'ignore_ament_install'
[0.334s] Level 1:colcon.colcon_core.package_identification:_identify(src/delay_frame) by extensions ['colcon_pkg']
[0.334s] Level 1:colcon.colcon_core.package_identification:_identify(src/delay_frame) by extension 'colcon_pkg'
[0.334s] Level 1:colcon.colcon_core.package_identification:_identify(src/delay_frame) by extensions ['colcon_meta']
[0.334s] Level 1:colcon.colcon_core.package_identification:_identify(src/delay_frame) by extension 'colcon_meta'
[0.334s] Level 1:colcon.colcon_core.package_identification:_identify(src/delay_frame) by extensions ['ros']
[0.334s] Level 1:colcon.colcon_core.package_identification:_identify(src/delay_frame) by extension 'ros'
[0.335s] DEBUG:colcon.colcon_core.package_identification:Package 'src/delay_frame' with type 'ros.ament_cmake' and name 'delay_frame'
[0.335s] Level 1:colcon.colcon_core.package_identification:_identify(src/fake_image) by extensions ['ignore', 'ignore_ament_install']
[0.335s] Level 1:colcon.colcon_core.package_identification:_identify(src/fake_image) by extension 'ignore'
[0.335s] Level 1:colcon.colcon_core.package_identification:_identify(src/fake_image) by extension 'ignore_ament_install'
[0.335s] Level 1:colcon.colcon_core.package_identification:_identify(src/fake_image) by extensions ['colcon_pkg']
[0.335s] Level 1:colcon.colcon_core.package_identification:_identify(src/fake_image) by extension 'colcon_pkg'
[0.335s] Level 1:colcon.colcon_core.package_identification:_identify(src/fake_image) by extensions ['colcon_meta']
[0.335s] Level 1:colcon.colcon_core.package_identification:_identify(src/fake_image) by extension 'colcon_meta'
[0.335s] Level 1:colcon.colcon_core.package_identification:_identify(src/fake_image) by extensions ['ros']
[0.335s] Level 1:colcon.colcon_core.package_identification:_identify(src/fake_image) by extension 'ros'
[0.336s] DEBUG:colcon.colcon_core.package_identification:Package 'src/fake_image' with type 'ros.ament_cmake' and name 'fake_image'
[0.336s] Level 1:colcon.colcon_core.package_identification:_identify(src/fake_pixel) by extensions ['ignore', 'ignore_ament_install']
[0.336s] Level 1:colcon.colcon_core.package_identification:_identify(src/fake_pixel) by extension 'ignore'
[0.336s] Level 1:colcon.colcon_core.package_identification:_identify(src/fake_pixel) by extension 'ignore_ament_install'
[0.336s] Level 1:colcon.colcon_core.package_identification:_identify(src/fake_pixel) by extensions ['colcon_pkg']
[0.336s] Level 1:colcon.colcon_core.package_identification:_identify(src/fake_pixel) by extension 'colcon_pkg'
[0.336s] Level 1:colcon.colcon_core.package_identification:_identify(src/fake_pixel) by extensions ['colcon_meta']
[0.336s] Level 1:colcon.colcon_core.package_identification:_identify(src/fake_pixel) by extension 'colcon_meta'
[0.336s] Level 1:colcon.colcon_core.package_identification:_identify(src/fake_pixel) by extensions ['ros']
[0.336s] Level 1:colcon.colcon_core.package_identification:_identify(src/fake_pixel) by extension 'ros'
[0.337s] DEBUG:colcon.colcon_core.package_identification:Package 'src/fake_pixel' with type 'ros.ament_cmake' and name 'fake_pixel'
[0.337s] Level 1:colcon.colcon_core.package_identification:_identify(src/pixel2coordinate) by extensions ['ignore', 'ignore_ament_install']
[0.337s] Level 1:colcon.colcon_core.package_identification:_identify(src/pixel2coordinate) by extension 'ignore'
[0.337s] Level 1:colcon.colcon_core.package_identification:_identify(src/pixel2coordinate) by extension 'ignore_ament_install'
[0.337s] Level 1:colcon.colcon_core.package_identification:_identify(src/pixel2coordinate) by extensions ['colcon_pkg']
[0.337s] Level 1:colcon.colcon_core.package_identification:_identify(src/pixel2coordinate) by extension 'colcon_pkg'
[0.337s] Level 1:colcon.colcon_core.package_identification:_identify(src/pixel2coordinate) by extensions ['colcon_meta']
[0.337s] Level 1:colcon.colcon_core.package_identification:_identify(src/pixel2coordinate) by extension 'colcon_meta'
[0.337s] Level 1:colcon.colcon_core.package_identification:_identify(src/pixel2coordinate) by extensions ['ros']
[0.337s] Level 1:colcon.colcon_core.package_identification:_identify(src/pixel2coordinate) by extension 'ros'
[0.337s] DEBUG:colcon.colcon_core.package_identification:Package 'src/pixel2coordinate' with type 'ros.ament_cmake' and name 'pixel2coordinate'
[0.337s] Level 1:colcon.colcon_core.package_discovery:discover_packages(recursive) using defaults
[0.337s] Level 1:colcon.colcon_core.package_discovery:discover_packages(ignore) discover
[0.337s] Level 1:colcon.colcon_core.package_discovery:discover_packages(ignore) using defaults
[0.337s] Level 1:colcon.colcon_core.package_discovery:discover_packages(path) discover
[0.337s] Level 1:colcon.colcon_core.package_discovery:discover_packages(path) using defaults
[0.364s] Level 1:colcon.colcon_core.package_discovery:discover_packages(prefix_path) check parameters
[0.364s] Level 1:colcon.colcon_core.package_discovery:discover_packages(prefix_path) discover
[0.368s] DEBUG:colcon.colcon_installed_package_information.package_discovery:Found 7 installed packages in /home/kim/open_topic/linux/ws/install
[0.370s] DEBUG:colcon.colcon_installed_package_information.package_discovery:Found 0 installed packages in /home/kim/ros2/ws/install
[0.372s] DEBUG:colcon.colcon_installed_package_information.package_discovery:Found 4 installed packages in /home/kim/ros2/downloadws/install
[0.374s] DEBUG:colcon.colcon_installed_package_information.package_discovery:Found 2 installed packages in /home/kim/is/ubnutu/ws/install
[0.376s] DEBUG:colcon.colcon_installed_package_information.package_discovery:Found 258 installed packages in /opt/ros/foxy
[0.377s] Level 1:colcon.colcon_core.package_discovery:discover_packages(prefix_path) using defaults
[0.424s] Level 5:colcon.colcon_core.verb:set package 'check_qos' build argument 'cmake_args' from command line to 'None'
[0.424s] Level 5:colcon.colcon_core.verb:set package 'check_qos' build argument 'cmake_target' from command line to 'None'
[0.424s] Level 5:colcon.colcon_core.verb:set package 'check_qos' build argument 'cmake_target_skip_unavailable' from command line to 'False'
[0.424s] Level 5:colcon.colcon_core.verb:set package 'check_qos' build argument 'cmake_clean_cache' from command line to 'False'
[0.424s] Level 5:colcon.colcon_core.verb:set package 'check_qos' build argument 'cmake_clean_first' from command line to 'False'
[0.424s] Level 5:colcon.colcon_core.verb:set package 'check_qos' build argument 'cmake_force_configure' from command line to 'False'
[0.424s] Level 5:colcon.colcon_core.verb:set package 'check_qos' build argument 'ament_cmake_args' from command line to 'None'
[0.424s] Level 5:colcon.colcon_core.verb:set package 'check_qos' build argument 'catkin_cmake_args' from command line to 'None'
[0.424s] Level 5:colcon.colcon_core.verb:set package 'check_qos' build argument 'catkin_skip_building_tests' from command line to 'False'
[0.424s] DEBUG:colcon.colcon_core.verb:Building package 'check_qos' with the following arguments: {'ament_cmake_args': None, 'build_base': '/home/kim/open_topic/linux/ws/build/check_qos', 'catkin_cmake_args': None, 'catkin_skip_building_tests': False, 'cmake_args': None, 'cmake_clean_cache': False, 'cmake_clean_first': False, 'cmake_force_configure': False, 'cmake_target': None, 'cmake_target_skip_unavailable': False, 'install_base': '/home/kim/open_topic/linux/ws/install/check_qos', 'merge_install': False, 'path': '/home/kim/open_topic/linux/ws/src/check_qos', 'symlink_install': False, 'test_result_base': None}
[0.426s] Level 5:colcon.colcon_core.verb:set package 'delay_frame' build argument 'cmake_args' from command line to 'None'
[0.426s] Level 5:colcon.colcon_core.verb:set package 'delay_frame' build argument 'cmake_target' from command line to 'None'
[0.426s] Level 5:colcon.colcon_core.verb:set package 'delay_frame' build argument 'cmake_target_skip_unavailable' from command line to 'False'
[0.426s] Level 5:colcon.colcon_core.verb:set package 'delay_frame' build argument 'cmake_clean_cache' from command line to 'False'
[0.426s] Level 5:colcon.colcon_core.verb:set package 'delay_frame' build argument 'cmake_clean_first' from command line to 'False'
[0.426s] Level 5:colcon.colcon_core.verb:set package 'delay_frame' build argument 'cmake_force_configure' from command line to 'False'
[0.426s] Level 5:colcon.colcon_core.verb:set package 'delay_frame' build argument 'ament_cmake_args' from command line to 'None'
[0.426s] Level 5:colcon.colcon_core.verb:set package 'delay_frame' build argument 'catkin_cmake_args' from command line to 'None'
[0.426s] Level 5:colcon.colcon_core.verb:set package 'delay_frame' build argument 'catkin_skip_building_tests' from command line to 'False'
[0.426s] DEBUG:colcon.colcon_core.verb:Building package 'delay_frame' with the following arguments: {'ament_cmake_args': None, 'build_base': '/home/kim/open_topic/linux/ws/build/delay_frame', 'catkin_cmake_args': None, 'catkin_skip_building_tests': False, 'cmake_args': None, 'cmake_clean_cache': False, 'cmake_clean_first': False, 'cmake_force_configure': False, 'cmake_target': None, 'cmake_target_skip_unavailable': False, 'install_base': '/home/kim/open_topic/linux/ws/install/delay_frame', 'merge_install': False, 'path': '/home/kim/open_topic/linux/ws/src/delay_frame', 'symlink_install': False, 'test_result_base': None}
[0.428s] Level 5:colcon.colcon_core.verb:set package 'fake_image' build argument 'cmake_args' from command line to 'None'
[0.428s] Level 5:colcon.colcon_core.verb:set package 'fake_image' build argument 'cmake_target' from command line to 'None'
[0.428s] Level 5:colcon.colcon_core.verb:set package 'fake_image' build argument 'cmake_target_skip_unavailable' from command line to 'False'
[0.428s] Level 5:colcon.colcon_core.verb:set package 'fake_image' build argument 'cmake_clean_cache' from command line to 'False'
[0.428s] Level 5:colcon.colcon_core.verb:set package 'fake_image' build argument 'cmake_clean_first' from command line to 'False'
[0.428s] Level 5:colcon.colcon_core.verb:set package 'fake_image' build argument 'cmake_force_configure' from command line to 'False'
[0.428s] Level 5:colcon.colcon_core.verb:set package 'fake_image' build argument 'ament_cmake_args' from command line to 'None'
[0.428s] Level 5:colcon.colcon_core.verb:set package 'fake_image' build argument 'catkin_cmake_args' from command line to 'None'
[0.428s] Level 5:colcon.colcon_core.verb:set package 'fake_image' build argument 'catkin_skip_building_tests' from command line to 'False'
[0.428s] DEBUG:colcon.colcon_core.verb:Building package 'fake_image' with the following arguments: {'ament_cmake_args': None, 'build_base': '/home/kim/open_topic/linux/ws/build/fake_image', 'catkin_cmake_args': None, 'catkin_skip_building_tests': False, 'cmake_args': None, 'cmake_clean_cache': False, 'cmake_clean_first': False, 'cmake_force_configure': False, 'cmake_target': None, 'cmake_target_skip_unavailable': False, 'install_base': '/home/kim/open_topic/linux/ws/install/fake_image', 'merge_install': False, 'path': '/home/kim/open_topic/linux/ws/src/fake_image', 'symlink_install': False, 'test_result_base': None}
[0.430s] Level 5:colcon.colcon_core.verb:set package 'fake_pixel' build argument 'cmake_args' from command line to 'None'
[0.430s] Level 5:colcon.colcon_core.verb:set package 'fake_pixel' build argument 'cmake_target' from command line to 'None'
[0.430s] Level 5:colcon.colcon_core.verb:set package 'fake_pixel' build argument 'cmake_target_skip_unavailable' from command line to 'False'
[0.430s] Level 5:colcon.colcon_core.verb:set package 'fake_pixel' build argument 'cmake_clean_cache' from command line to 'False'
[0.430s] Level 5:colcon.colcon_core.verb:set package 'fake_pixel' build argument 'cmake_clean_first' from command line to 'False'
[0.430s] Level 5:colcon.colcon_core.verb:set package 'fake_pixel' build argument 'cmake_force_configure' from command line to 'False'
[0.430s] Level 5:colcon.colcon_core.verb:set package 'fake_pixel' build argument 'ament_cmake_args' from command line to 'None'
[0.430s] Level 5:colcon.colcon_core.verb:set package 'fake_pixel' build argument 'catkin_cmake_args' from command line to 'None'
[0.430s] Level 5:colcon.colcon_core.verb:set package 'fake_pixel' build argument 'catkin_skip_building_tests' from command line to 'False'
[0.430s] DEBUG:colcon.colcon_core.verb:Building package 'fake_pixel' with the following arguments: {'ament_cmake_args': None, 'build_base': '/home/kim/open_topic/linux/ws/build/fake_pixel', 'catkin_cmake_args': None, 'catkin_skip_building_tests': False, 'cmake_args': None, 'cmake_clean_cache': False, 'cmake_clean_first': False, 'cmake_force_configure': False, 'cmake_target': None, 'cmake_target_skip_unavailable': False, 'install_base': '/home/kim/open_topic/linux/ws/install/fake_pixel', 'merge_install': False, 'path': '/home/kim/open_topic/linux/ws/src/fake_pixel', 'symlink_install': False, 'test_result_base': None}
[0.432s] Level 5:colcon.colcon_core.verb:set package 'pixel2coordinate' build argument 'cmake_args' from command line to 'None'
[0.432s] Level 5:colcon.colcon_core.verb:set package 'pixel2coordinate' build argument 'cmake_target' from command line to 'None'
[0.432s] Level 5:colcon.colcon_core.verb:set package 'pixel2coordinate' build argument 'cmake_target_skip_unavailable' from command line to 'False'
[0.432s] Level 5:colcon.colcon_core.verb:set package 'pixel2coordinate' build argument 'cmake_clean_cache' from command line to 'False'
[0.432s] Level 5:colcon.colcon_core.verb:set package 'pixel2coordinate' build argument 'cmake_clean_first' from command line to 'False'
[0.432s] Level 5:colcon.colcon_core.verb:set package 'pixel2coordinate' build argument 'cmake_force_configure' from command line to 'False'
[0.432s] Level 5:colcon.colcon_core.verb:set package 'pixel2coordinate' build argument 'ament_cmake_args' from command line to 'None'
[0.432s] Level 5:colcon.colcon_core.verb:set package 'pixel2coordinate' build argument 'catkin_cmake_args' from command line to 'None'
[0.432s] Level 5:colcon.colcon_core.verb:set package 'pixel2coordinate' build argument 'catkin_skip_building_tests' from command line to 'False'
[0.432s] DEBUG:colcon.colcon_core.verb:Building package 'pixel2coordinate' with the following arguments: {'ament_cmake_args': None, 'build_base': '/home/kim/open_topic/linux/ws/build/pixel2coordinate', 'catkin_cmake_args': None, 'catkin_skip_building_tests': False, 'cmake_args': None, 'cmake_clean_cache': False, 'cmake_clean_first': False, 'cmake_force_configure': False, 'cmake_target': None, 'cmake_target_skip_unavailable': False, 'install_base': '/home/kim/open_topic/linux/ws/install/pixel2coordinate', 'merge_install': False, 'path': '/home/kim/open_topic/linux/ws/src/pixel2coordinate', 'symlink_install': False, 'test_result_base': None}
[0.434s] INFO:colcon.colcon_core.executor:Executing jobs using 'parallel' executor
[0.443s] DEBUG:colcon.colcon_parallel_executor.executor.parallel:run_until_complete
[0.444s] INFO:colcon.colcon_ros.task.ament_cmake.build:Building ROS package in '/home/kim/open_topic/linux/ws/src/check_qos' with build type 'ament_cmake'
[0.444s] INFO:colcon.colcon_cmake.task.cmake.build:Building CMake package in '/home/kim/open_topic/linux/ws/src/check_qos'
[0.450s] INFO:colcon.colcon_core.plugin_system:Skipping extension 'colcon_core.shell.bat': Not used on non-Windows systems
[0.450s] INFO:colcon.colcon_core.shell:Skip shell extension 'powershell' for command environment: Not usable outside of PowerShell
[0.450s] DEBUG:colcon.colcon_core.shell:Skip shell extension 'dsv' for command environment
[0.464s] INFO:colcon.colcon_ros.task.ament_cmake.build:Building ROS package in '/home/kim/open_topic/linux/ws/src/delay_frame' with build type 'ament_cmake'
[0.465s] INFO:colcon.colcon_cmake.task.cmake.build:Building CMake package in '/home/kim/open_topic/linux/ws/src/delay_frame'
[0.469s] INFO:colcon.colcon_core.shell:Skip shell extension 'powershell' for command environment: Not usable outside of PowerShell
[0.469s] DEBUG:colcon.colcon_core.shell:Skip shell extension 'dsv' for command environment
[0.484s] INFO:colcon.colcon_ros.task.ament_cmake.build:Building ROS package in '/home/kim/open_topic/linux/ws/src/fake_image' with build type 'ament_cmake'
[0.485s] INFO:colcon.colcon_cmake.task.cmake.build:Building CMake package in '/home/kim/open_topic/linux/ws/src/fake_image'
[0.489s] INFO:colcon.colcon_core.shell:Skip shell extension 'powershell' for command environment: Not usable outside of PowerShell
[0.489s] DEBUG:colcon.colcon_core.shell:Skip shell extension 'dsv' for command environment
[0.505s] INFO:colcon.colcon_ros.task.ament_cmake.build:Building ROS package in '/home/kim/open_topic/linux/ws/src/fake_pixel' with build type 'ament_cmake'
[0.505s] INFO:colcon.colcon_cmake.task.cmake.build:Building CMake package in '/home/kim/open_topic/linux/ws/src/fake_pixel'
[0.510s] INFO:colcon.colcon_core.shell:Skip shell extension 'powershell' for command environment: Not usable outside of PowerShell
[0.511s] DEBUG:colcon.colcon_core.shell:Skip shell extension 'dsv' for command environment
[0.526s] INFO:colcon.colcon_ros.task.ament_cmake.build:Building ROS package in '/home/kim/open_topic/linux/ws/src/pixel2coordinate' with build type 'ament_cmake'
[0.526s] INFO:colcon.colcon_cmake.task.cmake.build:Building CMake package in '/home/kim/open_topic/linux/ws/src/pixel2coordinate'
[0.531s] INFO:colcon.colcon_core.shell:Skip shell extension 'powershell' for command environment: Not usable outside of PowerShell
[0.531s] DEBUG:colcon.colcon_core.shell:Skip shell extension 'dsv' for command environment
[0.557s] DEBUG:colcon.colcon_core.event_handler.log_command:Invoking command in '/home/kim/open_topic/linux/ws/build/check_qos': CMAKE_PREFIX_PATH=${CMAKE_PREFIX_PATH}:/opt/ros/foxy /home/kim/.local/bin/cmake --build /home/kim/open_topic/linux/ws/build/check_qos -- -j12 -l12
[0.562s] DEBUG:colcon.colcon_core.event_handler.log_command:Invoking command in '/home/kim/open_topic/linux/ws/build/delay_frame': CMAKE_PREFIX_PATH=${CMAKE_PREFIX_PATH}:/opt/ros/foxy /home/kim/.local/bin/cmake --build /home/kim/open_topic/linux/ws/build/delay_frame -- -j12 -l12
[0.566s] DEBUG:colcon.colcon_core.event_handler.log_command:Invoking command in '/home/kim/open_topic/linux/ws/build/fake_image': CMAKE_PREFIX_PATH=${CMAKE_PREFIX_PATH}:/opt/ros/foxy /home/kim/.local/bin/cmake --build /home/kim/open_topic/linux/ws/build/fake_image -- -j12 -l12
[0.571s] DEBUG:colcon.colcon_core.event_handler.log_command:Invoking command in '/home/kim/open_topic/linux/ws/build/fake_pixel': CMAKE_PREFIX_PATH=${CMAKE_PREFIX_PATH}:/opt/ros/foxy /home/kim/.local/bin/cmake --build /home/kim/open_topic/linux/ws/build/fake_pixel -- -j12 -l12
[0.583s] DEBUG:colcon.colcon_core.event_handler.log_command:Invoking command in '/home/kim/open_topic/linux/ws/build/pixel2coordinate': CMAKE_PREFIX_PATH=${CMAKE_PREFIX_PATH}:/opt/ros/foxy /home/kim/.local/bin/cmake --build /home/kim/open_topic/linux/ws/build/pixel2coordinate -- -j12 -l12
[0.619s] DEBUG:colcon.colcon_core.event_handler.log_command:Invoked command in '/home/kim/open_topic/linux/ws/build/check_qos' returned '0': CMAKE_PREFIX_PATH=${CMAKE_PREFIX_PATH}:/opt/ros/foxy /home/kim/.local/bin/cmake --build /home/kim/open_topic/linux/ws/build/check_qos -- -j12 -l12
[0.621s] DEBUG:colcon.colcon_core.event_handler.log_command:Invoked command in '/home/kim/open_topic/linux/ws/build/delay_frame' returned '0': CMAKE_PREFIX_PATH=${CMAKE_PREFIX_PATH}:/opt/ros/foxy /home/kim/.local/bin/cmake --build /home/kim/open_topic/linux/ws/build/delay_frame -- -j12 -l12
[0.628s] DEBUG:colcon.colcon_core.event_handler.log_command:Invoked command in '/home/kim/open_topic/linux/ws/build/fake_image' returned '0': CMAKE_PREFIX_PATH=${CMAKE_PREFIX_PATH}:/opt/ros/foxy /home/kim/.local/bin/cmake --build /home/kim/open_topic/linux/ws/build/fake_image -- -j12 -l12
[0.629s] DEBUG:colcon.colcon_core.event_handler.log_command:Invoked command in '/home/kim/open_topic/linux/ws/build/fake_pixel' returned '0': CMAKE_PREFIX_PATH=${CMAKE_PREFIX_PATH}:/opt/ros/foxy /home/kim/.local/bin/cmake --build /home/kim/open_topic/linux/ws/build/fake_pixel -- -j12 -l12
[0.641s] DEBUG:colcon.colcon_core.event_handler.log_command:Invoked command in '/home/kim/open_topic/linux/ws/build/pixel2coordinate' returned '0': CMAKE_PREFIX_PATH=${CMAKE_PREFIX_PATH}:/opt/ros/foxy /home/kim/.local/bin/cmake --build /home/kim/open_topic/linux/ws/build/pixel2coordinate -- -j12 -l12
[0.700s] DEBUG:colcon.colcon_core.event_handler.log_command:Invoking command in '/home/kim/open_topic/linux/ws/build/check_qos': CMAKE_PREFIX_PATH=${CMAKE_PREFIX_PATH}:/opt/ros/foxy /home/kim/.local/bin/cmake --install /home/kim/open_topic/linux/ws/build/check_qos
[0.705s] DEBUG:colcon.colcon_core.event_handler.log_command:Invoking command in '/home/kim/open_topic/linux/ws/build/delay_frame': CMAKE_PREFIX_PATH=${CMAKE_PREFIX_PATH}:/opt/ros/foxy /home/kim/.local/bin/cmake --install /home/kim/open_topic/linux/ws/build/delay_frame
[0.709s] DEBUG:colcon.colcon_core.event_handler.log_command:Invoking command in '/home/kim/open_topic/linux/ws/build/fake_image': CMAKE_PREFIX_PATH=${CMAKE_PREFIX_PATH}:/opt/ros/foxy /home/kim/.local/bin/cmake --install /home/kim/open_topic/linux/ws/build/fake_image
[0.712s] DEBUG:colcon.colcon_core.event_handler.log_command:Invoking command in '/home/kim/open_topic/linux/ws/build/fake_pixel': CMAKE_PREFIX_PATH=${CMAKE_PREFIX_PATH}:/opt/ros/foxy /home/kim/.local/bin/cmake --install /home/kim/open_topic/linux/ws/build/fake_pixel
[0.714s] DEBUG:colcon.colcon_core.event_handler.log_command:Invoking command in '/home/kim/open_topic/linux/ws/build/pixel2coordinate': CMAKE_PREFIX_PATH=${CMAKE_PREFIX_PATH}:/opt/ros/foxy /home/kim/.local/bin/cmake --install /home/kim/open_topic/linux/ws/build/pixel2coordinate
[0.768s] Level 1:colcon.colcon_core.environment:create_environment_scripts_only(check_qos)
[0.779s] DEBUG:colcon.colcon_core.event_handler.log_command:Invoked command in '/home/kim/open_topic/linux/ws/build/check_qos' returned '0': CMAKE_PREFIX_PATH=${CMAKE_PREFIX_PATH}:/opt/ros/foxy /home/kim/.local/bin/cmake --install /home/kim/open_topic/linux/ws/build/check_qos
[0.785s] Level 1:colcon.colcon_core.environment:checking '/home/kim/open_topic/linux/ws/install/check_qos' for CMake module files
[0.785s] Level 1:colcon.colcon_core.environment:checking '/home/kim/open_topic/linux/ws/install/check_qos' for CMake config files
[0.786s] Level 1:colcon.colcon_core.shell:create_environment_hook('check_qos', 'cmake_prefix_path')
[0.790s] INFO:colcon.colcon_core.shell:Creating environment hook '/home/kim/open_topic/linux/ws/install/check_qos/share/check_qos/hook/cmake_prefix_path.ps1'
[0.791s] INFO:colcon.colcon_core.shell:Creating environment descriptor '/home/kim/open_topic/linux/ws/install/check_qos/share/check_qos/hook/cmake_prefix_path.dsv'
[0.791s] INFO:colcon.colcon_core.shell:Creating environment hook '/home/kim/open_topic/linux/ws/install/check_qos/share/check_qos/hook/cmake_prefix_path.sh'
[0.792s] Level 1:colcon.colcon_core.environment:checking '/home/kim/open_topic/linux/ws/install/check_qos/lib'
[0.792s] Level 1:colcon.colcon_core.environment:checking '/home/kim/open_topic/linux/ws/install/check_qos/bin'
[0.792s] Level 1:colcon.colcon_core.environment:checking '/home/kim/open_topic/linux/ws/install/check_qos/lib/pkgconfig/check_qos.pc'
[0.792s] Level 1:colcon.colcon_core.environment:checking '/home/kim/open_topic/linux/ws/install/check_qos/lib/python3.8/site-packages'
[0.792s] Level 1:colcon.colcon_core.shell:create_environment_hook('check_qos', 'pythonpath')
[0.796s] INFO:colcon.colcon_core.shell:Creating environment hook '/home/kim/open_topic/linux/ws/install/check_qos/share/check_qos/hook/pythonpath.ps1'
[0.797s] INFO:colcon.colcon_core.shell:Creating environment descriptor '/home/kim/open_topic/linux/ws/install/check_qos/share/check_qos/hook/pythonpath.dsv'
[0.798s] INFO:colcon.colcon_core.shell:Creating environment hook '/home/kim/open_topic/linux/ws/install/check_qos/share/check_qos/hook/pythonpath.sh'
[0.798s] Level 1:colcon.colcon_core.environment:checking '/home/kim/open_topic/linux/ws/install/check_qos/bin'
[0.802s] INFO:colcon.colcon_core.shell:Creating package script '/home/kim/open_topic/linux/ws/install/check_qos/share/check_qos/package.ps1'
[0.803s] INFO:colcon.colcon_core.shell:Creating package descriptor '/home/kim/open_topic/linux/ws/install/check_qos/share/check_qos/package.dsv'
[0.804s] INFO:colcon.colcon_core.shell:Creating package script '/home/kim/open_topic/linux/ws/install/check_qos/share/check_qos/package.sh'
[0.804s] INFO:colcon.colcon_core.shell:Creating package script '/home/kim/open_topic/linux/ws/install/check_qos/share/check_qos/package.bash'
[0.805s] INFO:colcon.colcon_core.shell:Creating package script '/home/kim/open_topic/linux/ws/install/check_qos/share/check_qos/package.zsh'
[0.805s] Level 1:colcon.colcon_core.environment:create_file_with_runtime_dependencies(/home/kim/open_topic/linux/ws/install/check_qos/share/colcon-core/packages/check_qos)
[0.812s] Level 1:colcon.colcon_core.environment:create_environment_scripts_only(fake_image)
[0.820s] Level 1:colcon.colcon_core.environment:checking '/home/kim/open_topic/linux/ws/install/fake_image' for CMake module files
[0.820s] DEBUG:colcon.colcon_core.event_handler.log_command:Invoked command in '/home/kim/open_topic/linux/ws/build/fake_image' returned '0': CMAKE_PREFIX_PATH=${CMAKE_PREFIX_PATH}:/opt/ros/foxy /home/kim/.local/bin/cmake --install /home/kim/open_topic/linux/ws/build/fake_image
[0.821s] Level 1:colcon.colcon_core.environment:checking '/home/kim/open_topic/linux/ws/install/fake_image' for CMake config files
[0.821s] Level 1:colcon.colcon_core.shell:create_environment_hook('fake_image', 'cmake_prefix_path')
[0.825s] INFO:colcon.colcon_core.shell:Creating environment hook '/home/kim/open_topic/linux/ws/install/fake_image/share/fake_image/hook/cmake_prefix_path.ps1'
[0.826s] INFO:colcon.colcon_core.shell:Creating environment descriptor '/home/kim/open_topic/linux/ws/install/fake_image/share/fake_image/hook/cmake_prefix_path.dsv'
[0.826s] INFO:colcon.colcon_core.shell:Creating environment hook '/home/kim/open_topic/linux/ws/install/fake_image/share/fake_image/hook/cmake_prefix_path.sh'
[0.826s] Level 1:colcon.colcon_core.environment:checking '/home/kim/open_topic/linux/ws/install/fake_image/lib'
[0.827s] Level 1:colcon.colcon_core.environment:checking '/home/kim/open_topic/linux/ws/install/fake_image/bin'
[0.827s] Level 1:colcon.colcon_core.environment:checking '/home/kim/open_topic/linux/ws/install/fake_image/lib/pkgconfig/fake_image.pc'
[0.827s] Level 1:colcon.colcon_core.environment:checking '/home/kim/open_topic/linux/ws/install/fake_image/lib/python3.8/site-packages'
[0.827s] Level 1:colcon.colcon_core.shell:create_environment_hook('fake_image', 'pythonpath')
[0.831s] INFO:colcon.colcon_core.shell:Creating environment hook '/home/kim/open_topic/linux/ws/install/fake_image/share/fake_image/hook/pythonpath.ps1'
[0.831s] INFO:colcon.colcon_core.shell:Creating environment descriptor '/home/kim/open_topic/linux/ws/install/fake_image/share/fake_image/hook/pythonpath.dsv'
[0.832s] INFO:colcon.colcon_core.shell:Creating environment hook '/home/kim/open_topic/linux/ws/install/fake_image/share/fake_image/hook/pythonpath.sh'
[0.832s] Level 1:colcon.colcon_core.environment:checking '/home/kim/open_topic/linux/ws/install/fake_image/bin'
[0.837s] INFO:colcon.colcon_core.shell:Creating package script '/home/kim/open_topic/linux/ws/install/fake_image/share/fake_image/package.ps1'
[0.837s] INFO:colcon.colcon_core.shell:Creating package descriptor '/home/kim/open_topic/linux/ws/install/fake_image/share/fake_image/package.dsv'
[0.838s] INFO:colcon.colcon_core.shell:Creating package script '/home/kim/open_topic/linux/ws/install/fake_image/share/fake_image/package.sh'
[0.838s] INFO:colcon.colcon_core.shell:Creating package script '/home/kim/open_topic/linux/ws/install/fake_image/share/fake_image/package.bash'
[0.839s] INFO:colcon.colcon_core.shell:Creating package script '/home/kim/open_topic/linux/ws/install/fake_image/share/fake_image/package.zsh'
[0.839s] Level 1:colcon.colcon_core.environment:create_file_with_runtime_dependencies(/home/kim/open_topic/linux/ws/install/fake_image/share/colcon-core/packages/fake_image)
[0.844s] Level 1:colcon.colcon_core.environment:create_environment_scripts_only(delay_frame)
[0.850s] DEBUG:colcon.colcon_core.event_handler.log_command:Invoked command in '/home/kim/open_topic/linux/ws/build/delay_frame' returned '0': CMAKE_PREFIX_PATH=${CMAKE_PREFIX_PATH}:/opt/ros/foxy /home/kim/.local/bin/cmake --install /home/kim/open_topic/linux/ws/build/delay_frame
[0.851s] Level 1:colcon.colcon_core.environment:checking '/home/kim/open_topic/linux/ws/install/delay_frame' for CMake module files
[0.852s] Level 1:colcon.colcon_core.environment:checking '/home/kim/open_topic/linux/ws/install/delay_frame' for CMake config files
[0.852s] Level 1:colcon.colcon_core.shell:create_environment_hook('delay_frame', 'cmake_prefix_path')
[0.856s] INFO:colcon.colcon_core.shell:Creating environment hook '/home/kim/open_topic/linux/ws/install/delay_frame/share/delay_frame/hook/cmake_prefix_path.ps1'
[0.857s] INFO:colcon.colcon_core.shell:Creating environment descriptor '/home/kim/open_topic/linux/ws/install/delay_frame/share/delay_frame/hook/cmake_prefix_path.dsv'
[0.857s] INFO:colcon.colcon_core.shell:Creating environment hook '/home/kim/open_topic/linux/ws/install/delay_frame/share/delay_frame/hook/cmake_prefix_path.sh'
[0.858s] Level 1:colcon.colcon_core.environment:checking '/home/kim/open_topic/linux/ws/install/delay_frame/lib'
[0.858s] Level 1:colcon.colcon_core.environment:checking '/home/kim/open_topic/linux/ws/install/delay_frame/bin'
[0.858s] Level 1:colcon.colcon_core.environment:checking '/home/kim/open_topic/linux/ws/install/delay_frame/lib/pkgconfig/delay_frame.pc'
[0.858s] Level 1:colcon.colcon_core.environment:checking '/home/kim/open_topic/linux/ws/install/delay_frame/lib/python3.8/site-packages'
[0.858s] Level 1:colcon.colcon_core.shell:create_environment_hook('delay_frame', 'pythonpath')
[0.862s] INFO:colcon.colcon_core.shell:Creating environment hook '/home/kim/open_topic/linux/ws/install/delay_frame/share/delay_frame/hook/pythonpath.ps1'
[0.862s] INFO:colcon.colcon_core.shell:Creating environment descriptor '/home/kim/open_topic/linux/ws/install/delay_frame/share/delay_frame/hook/pythonpath.dsv'
[0.863s] INFO:colcon.colcon_core.shell:Creating environment hook '/home/kim/open_topic/linux/ws/install/delay_frame/share/delay_frame/hook/pythonpath.sh'
[0.863s] Level 1:colcon.colcon_core.environment:checking '/home/kim/open_topic/linux/ws/install/delay_frame/bin'
[0.868s] INFO:colcon.colcon_core.shell:Creating package script '/home/kim/open_topic/linux/ws/install/delay_frame/share/delay_frame/package.ps1'
[0.869s] INFO:colcon.colcon_core.shell:Creating package descriptor '/home/kim/open_topic/linux/ws/install/delay_frame/share/delay_frame/package.dsv'
[0.869s] INFO:colcon.colcon_core.shell:Creating package script '/home/kim/open_topic/linux/ws/install/delay_frame/share/delay_frame/package.sh'
[0.869s] INFO:colcon.colcon_core.shell:Creating package script '/home/kim/open_topic/linux/ws/install/delay_frame/share/delay_frame/package.bash'
[0.870s] INFO:colcon.colcon_core.shell:Creating package script '/home/kim/open_topic/linux/ws/install/delay_frame/share/delay_frame/package.zsh'
[0.870s] Level 1:colcon.colcon_core.environment:create_file_with_runtime_dependencies(/home/kim/open_topic/linux/ws/install/delay_frame/share/colcon-core/packages/delay_frame)
[0.874s] Level 1:colcon.colcon_core.environment:create_environment_scripts_only(fake_pixel)
[0.880s] DEBUG:colcon.colcon_core.event_handler.log_command:Invoked command in '/home/kim/open_topic/linux/ws/build/fake_pixel' returned '0': CMAKE_PREFIX_PATH=${CMAKE_PREFIX_PATH}:/opt/ros/foxy /home/kim/.local/bin/cmake --install /home/kim/open_topic/linux/ws/build/fake_pixel
[0.881s] Level 1:colcon.colcon_core.environment:checking '/home/kim/open_topic/linux/ws/install/fake_pixel' for CMake module files
[0.881s] Level 1:colcon.colcon_core.environment:checking '/home/kim/open_topic/linux/ws/install/fake_pixel' for CMake config files
[0.881s] Level 1:colcon.colcon_core.shell:create_environment_hook('fake_pixel', 'cmake_prefix_path')
[0.886s] INFO:colcon.colcon_core.shell:Creating environment hook '/home/kim/open_topic/linux/ws/install/fake_pixel/share/fake_pixel/hook/cmake_prefix_path.ps1'
[0.887s] INFO:colcon.colcon_core.shell:Creating environment descriptor '/home/kim/open_topic/linux/ws/install/fake_pixel/share/fake_pixel/hook/cmake_prefix_path.dsv'
[0.887s] INFO:colcon.colcon_core.shell:Creating environment hook '/home/kim/open_topic/linux/ws/install/fake_pixel/share/fake_pixel/hook/cmake_prefix_path.sh'
[0.888s] Level 1:colcon.colcon_core.environment:checking '/home/kim/open_topic/linux/ws/install/fake_pixel/lib'
[0.888s] Level 1:colcon.colcon_core.environment:checking '/home/kim/open_topic/linux/ws/install/fake_pixel/bin'
[0.888s] Level 1:colcon.colcon_core.environment:checking '/home/kim/open_topic/linux/ws/install/fake_pixel/lib/pkgconfig/fake_pixel.pc'
[0.888s] Level 1:colcon.colcon_core.environment:checking '/home/kim/open_topic/linux/ws/install/fake_pixel/lib/python3.8/site-packages'
[0.888s] Level 1:colcon.colcon_core.shell:create_environment_hook('fake_pixel', 'pythonpath')
[0.892s] INFO:colcon.colcon_core.shell:Creating environment hook '/home/kim/open_topic/linux/ws/install/fake_pixel/share/fake_pixel/hook/pythonpath.ps1'
[0.892s] INFO:colcon.colcon_core.shell:Creating environment descriptor '/home/kim/open_topic/linux/ws/install/fake_pixel/share/fake_pixel/hook/pythonpath.dsv'
[0.893s] INFO:colcon.colcon_core.shell:Creating environment hook '/home/kim/open_topic/linux/ws/install/fake_pixel/share/fake_pixel/hook/pythonpath.sh'
[0.893s] Level 1:colcon.colcon_core.environment:checking '/home/kim/open_topic/linux/ws/install/fake_pixel/bin'
[0.897s] INFO:colcon.colcon_core.shell:Creating package script '/home/kim/open_topic/linux/ws/install/fake_pixel/share/fake_pixel/package.ps1'
[0.898s] INFO:colcon.colcon_core.shell:Creating package descriptor '/home/kim/open_topic/linux/ws/install/fake_pixel/share/fake_pixel/package.dsv'
[0.898s] INFO:colcon.colcon_core.shell:Creating package script '/home/kim/open_topic/linux/ws/install/fake_pixel/share/fake_pixel/package.sh'
[0.899s] INFO:colcon.colcon_core.shell:Creating package script '/home/kim/open_topic/linux/ws/install/fake_pixel/share/fake_pixel/package.bash'
[0.899s] INFO:colcon.colcon_core.shell:Creating package script '/home/kim/open_topic/linux/ws/install/fake_pixel/share/fake_pixel/package.zsh'
[0.899s] Level 1:colcon.colcon_core.environment:create_file_with_runtime_dependencies(/home/kim/open_topic/linux/ws/install/fake_pixel/share/colcon-core/packages/fake_pixel)
[0.903s] Level 1:colcon.colcon_core.environment:create_environment_scripts_only(pixel2coordinate)
[0.904s] DEBUG:colcon.colcon_core.event_handler.log_command:Invoked command in '/home/kim/open_topic/linux/ws/build/pixel2coordinate' returned '0': CMAKE_PREFIX_PATH=${CMAKE_PREFIX_PATH}:/opt/ros/foxy /home/kim/.local/bin/cmake --install /home/kim/open_topic/linux/ws/build/pixel2coordinate
[0.910s] Level 1:colcon.colcon_core.environment:checking '/home/kim/open_topic/linux/ws/install/pixel2coordinate' for CMake module files
[0.911s] Level 1:colcon.colcon_core.environment:checking '/home/kim/open_topic/linux/ws/install/pixel2coordinate' for CMake config files
[0.911s] Level 1:colcon.colcon_core.shell:create_environment_hook('pixel2coordinate', 'cmake_prefix_path')
[0.916s] INFO:colcon.colcon_core.shell:Creating environment hook '/home/kim/open_topic/linux/ws/install/pixel2coordinate/share/pixel2coordinate/hook/cmake_prefix_path.ps1'
[0.917s] INFO:colcon.colcon_core.shell:Creating environment descriptor '/home/kim/open_topic/linux/ws/install/pixel2coordinate/share/pixel2coordinate/hook/cmake_prefix_path.dsv'
[0.918s] INFO:colcon.colcon_core.shell:Creating environment hook '/home/kim/open_topic/linux/ws/install/pixel2coordinate/share/pixel2coordinate/hook/cmake_prefix_path.sh'
[0.919s] Level 1:colcon.colcon_core.environment:checking '/home/kim/open_topic/linux/ws/install/pixel2coordinate/lib'
[0.919s] Level 1:colcon.colcon_core.environment:checking '/home/kim/open_topic/linux/ws/install/pixel2coordinate/bin'
[0.919s] Level 1:colcon.colcon_core.environment:checking '/home/kim/open_topic/linux/ws/install/pixel2coordinate/lib/pkgconfig/pixel2coordinate.pc'
[0.919s] Level 1:colcon.colcon_core.environment:checking '/home/kim/open_topic/linux/ws/install/pixel2coordinate/lib/python3.8/site-packages'
[0.919s] Level 1:colcon.colcon_core.shell:create_environment_hook('pixel2coordinate', 'pythonpath')
[0.923s] INFO:colcon.colcon_core.shell:Creating environment hook '/home/kim/open_topic/linux/ws/install/pixel2coordinate/share/pixel2coordinate/hook/pythonpath.ps1'
[0.924s] INFO:colcon.colcon_core.shell:Creating environment descriptor '/home/kim/open_topic/linux/ws/install/pixel2coordinate/share/pixel2coordinate/hook/pythonpath.dsv'
[0.924s] INFO:colcon.colcon_core.shell:Creating environment hook '/home/kim/open_topic/linux/ws/install/pixel2coordinate/share/pixel2coordinate/hook/pythonpath.sh'
[0.924s] Level 1:colcon.colcon_core.environment:checking '/home/kim/open_topic/linux/ws/install/pixel2coordinate/bin'
[0.929s] INFO:colcon.colcon_core.shell:Creating package script '/home/kim/open_topic/linux/ws/install/pixel2coordinate/share/pixel2coordinate/package.ps1'
[0.929s] INFO:colcon.colcon_core.shell:Creating package descriptor '/home/kim/open_topic/linux/ws/install/pixel2coordinate/share/pixel2coordinate/package.dsv'
[0.930s] INFO:colcon.colcon_core.shell:Creating package script '/home/kim/open_topic/linux/ws/install/pixel2coordinate/share/pixel2coordinate/package.sh'
[0.930s] INFO:colcon.colcon_core.shell:Creating package script '/home/kim/open_topic/linux/ws/install/pixel2coordinate/share/pixel2coordinate/package.bash'
[0.930s] INFO:colcon.colcon_core.shell:Creating package script '/home/kim/open_topic/linux/ws/install/pixel2coordinate/share/pixel2coordinate/package.zsh'
[0.930s] Level 1:colcon.colcon_core.environment:create_file_with_runtime_dependencies(/home/kim/open_topic/linux/ws/install/pixel2coordinate/share/colcon-core/packages/pixel2coordinate)
[0.939s] Level 1:colcon.colcon_core.environment:create_environment_scripts_only(check_qos)
[0.944s] Level 1:colcon.colcon_core.environment:checking '/home/kim/open_topic/linux/ws/install/check_qos' for CMake module files
[0.945s] Level 1:colcon.colcon_core.environment:checking '/home/kim/open_topic/linux/ws/install/check_qos' for CMake config files
[0.945s] Level 1:colcon.colcon_core.shell:create_environment_hook('check_qos', 'cmake_prefix_path')
[0.949s] INFO:colcon.colcon_core.shell:Creating environment hook '/home/kim/open_topic/linux/ws/install/check_qos/share/check_qos/hook/cmake_prefix_path.ps1'
[0.950s] INFO:colcon.colcon_core.shell:Creating environment descriptor '/home/kim/open_topic/linux/ws/install/check_qos/share/check_qos/hook/cmake_prefix_path.dsv'
[0.950s] INFO:colcon.colcon_core.shell:Creating environment hook '/home/kim/open_topic/linux/ws/install/check_qos/share/check_qos/hook/cmake_prefix_path.sh'
[0.951s] Level 1:colcon.colcon_core.environment:checking '/home/kim/open_topic/linux/ws/install/check_qos/lib'
[0.951s] Level 1:colcon.colcon_core.environment:checking '/home/kim/open_topic/linux/ws/install/check_qos/bin'
[0.951s] Level 1:colcon.colcon_core.environment:checking '/home/kim/open_topic/linux/ws/install/check_qos/lib/pkgconfig/check_qos.pc'
[0.951s] Level 1:colcon.colcon_core.environment:checking '/home/kim/open_topic/linux/ws/install/check_qos/lib/python3.8/site-packages'
[0.951s] Level 1:colcon.colcon_core.shell:create_environment_hook('check_qos', 'pythonpath')
[0.955s] INFO:colcon.colcon_core.shell:Creating environment hook '/home/kim/open_topic/linux/ws/install/check_qos/share/check_qos/hook/pythonpath.ps1'
[0.956s] INFO:colcon.colcon_core.shell:Creating environment descriptor '/home/kim/open_topic/linux/ws/install/check_qos/share/check_qos/hook/pythonpath.dsv'
[0.957s] INFO:colcon.colcon_core.shell:Creating environment hook '/home/kim/open_topic/linux/ws/install/check_qos/share/check_qos/hook/pythonpath.sh'
[0.957s] Level 1:colcon.colcon_core.environment:checking '/home/kim/open_topic/linux/ws/install/check_qos/bin'
[0.961s] INFO:colcon.colcon_core.shell:Creating package script '/home/kim/open_topic/linux/ws/install/check_qos/share/check_qos/package.ps1'
[0.962s] INFO:colcon.colcon_core.shell:Creating package descriptor '/home/kim/open_topic/linux/ws/install/check_qos/share/check_qos/package.dsv'
[0.962s] INFO:colcon.colcon_core.shell:Creating package script '/home/kim/open_topic/linux/ws/install/check_qos/share/check_qos/package.sh'
[0.963s] INFO:colcon.colcon_core.shell:Creating package script '/home/kim/open_topic/linux/ws/install/check_qos/share/check_qos/package.bash'
[0.963s] INFO:colcon.colcon_core.shell:Creating package script '/home/kim/open_topic/linux/ws/install/check_qos/share/check_qos/package.zsh'
[0.963s] Level 1:colcon.colcon_core.environment:create_file_with_runtime_dependencies(/home/kim/open_topic/linux/ws/install/check_qos/share/colcon-core/packages/check_qos)
[0.969s] Level 1:colcon.colcon_core.environment:create_environment_scripts_only(fake_image)
[0.975s] Level 1:colcon.colcon_core.environment:checking '/home/kim/open_topic/linux/ws/install/fake_image' for CMake module files
[0.976s] Level 1:colcon.colcon_core.environment:checking '/home/kim/open_topic/linux/ws/install/fake_image' for CMake config files
[0.976s] Level 1:colcon.colcon_core.shell:create_environment_hook('fake_image', 'cmake_prefix_path')
[0.980s] INFO:colcon.colcon_core.shell:Creating environment hook '/home/kim/open_topic/linux/ws/install/fake_image/share/fake_image/hook/cmake_prefix_path.ps1'
[0.981s] INFO:colcon.colcon_core.shell:Creating environment descriptor '/home/kim/open_topic/linux/ws/install/fake_image/share/fake_image/hook/cmake_prefix_path.dsv'
[0.981s] INFO:colcon.colcon_core.shell:Creating environment hook '/home/kim/open_topic/linux/ws/install/fake_image/share/fake_image/hook/cmake_prefix_path.sh'
[0.982s] Level 1:colcon.colcon_core.environment:checking '/home/kim/open_topic/linux/ws/install/fake_image/lib'
[0.982s] Level 1:colcon.colcon_core.environment:checking '/home/kim/open_topic/linux/ws/install/fake_image/bin'
[0.982s] Level 1:colcon.colcon_core.environment:checking '/home/kim/open_topic/linux/ws/install/fake_image/lib/pkgconfig/fake_image.pc'
[0.982s] Level 1:colcon.colcon_core.environment:checking '/home/kim/open_topic/linux/ws/install/fake_image/lib/python3.8/site-packages'
[0.982s] Level 1:colcon.colcon_core.shell:create_environment_hook('fake_image', 'pythonpath')
[0.987s] INFO:colcon.colcon_core.shell:Creating environment hook '/home/kim/open_topic/linux/ws/install/fake_image/share/fake_image/hook/pythonpath.ps1'
[0.987s] INFO:colcon.colcon_core.shell:Creating environment descriptor '/home/kim/open_topic/linux/ws/install/fake_image/share/fake_image/hook/pythonpath.dsv'
[0.988s] INFO:colcon.colcon_core.shell:Creating environment hook '/home/kim/open_topic/linux/ws/install/fake_image/share/fake_image/hook/pythonpath.sh'
[0.988s] Level 1:colcon.colcon_core.environment:checking '/home/kim/open_topic/linux/ws/install/fake_image/bin'
[0.992s] INFO:colcon.colcon_core.shell:Creating package script '/home/kim/open_topic/linux/ws/install/fake_image/share/fake_image/package.ps1'
[0.993s] INFO:colcon.colcon_core.shell:Creating package descriptor '/home/kim/open_topic/linux/ws/install/fake_image/share/fake_image/package.dsv'
[0.993s] INFO:colcon.colcon_core.shell:Creating package script '/home/kim/open_topic/linux/ws/install/fake_image/share/fake_image/package.sh'
[0.994s] INFO:colcon.colcon_core.shell:Creating package script '/home/kim/open_topic/linux/ws/install/fake_image/share/fake_image/package.bash'
[0.994s] INFO:colcon.colcon_core.shell:Creating package script '/home/kim/open_topic/linux/ws/install/fake_image/share/fake_image/package.zsh'
[0.994s] Level 1:colcon.colcon_core.environment:create_file_with_runtime_dependencies(/home/kim/open_topic/linux/ws/install/fake_image/share/colcon-core/packages/fake_image)
[0.999s] Level 1:colcon.colcon_core.environment:create_environment_scripts_only(delay_frame)
[1.006s] Level 1:colcon.colcon_core.environment:checking '/home/kim/open_topic/linux/ws/install/delay_frame' for CMake module files
[1.007s] Level 1:colcon.colcon_core.environment:checking '/home/kim/open_topic/linux/ws/install/delay_frame' for CMake config files
[1.007s] Level 1:colcon.colcon_core.shell:create_environment_hook('delay_frame', 'cmake_prefix_path')
[1.011s] INFO:colcon.colcon_core.shell:Creating environment hook '/home/kim/open_topic/linux/ws/install/delay_frame/share/delay_frame/hook/cmake_prefix_path.ps1'
[1.012s] INFO:colcon.colcon_core.shell:Creating environment descriptor '/home/kim/open_topic/linux/ws/install/delay_frame/share/delay_frame/hook/cmake_prefix_path.dsv'
[1.013s] INFO:colcon.colcon_core.shell:Creating environment hook '/home/kim/open_topic/linux/ws/install/delay_frame/share/delay_frame/hook/cmake_prefix_path.sh'
[1.013s] Level 1:colcon.colcon_core.environment:checking '/home/kim/open_topic/linux/ws/install/delay_frame/lib'
[1.014s] Level 1:colcon.colcon_core.environment:checking '/home/kim/open_topic/linux/ws/install/delay_frame/bin'
[1.014s] Level 1:colcon.colcon_core.environment:checking '/home/kim/open_topic/linux/ws/install/delay_frame/lib/pkgconfig/delay_frame.pc'
[1.014s] Level 1:colcon.colcon_core.environment:checking '/home/kim/open_topic/linux/ws/install/delay_frame/lib/python3.8/site-packages'
[1.014s] Level 1:colcon.colcon_core.shell:create_environment_hook('delay_frame', 'pythonpath')
[1.019s] INFO:colcon.colcon_core.shell:Creating environment hook '/home/kim/open_topic/linux/ws/install/delay_frame/share/delay_frame/hook/pythonpath.ps1'
[1.020s] INFO:colcon.colcon_core.shell:Creating environment descriptor '/home/kim/open_topic/linux/ws/install/delay_frame/share/delay_frame/hook/pythonpath.dsv'
[1.020s] INFO:colcon.colcon_core.shell:Creating environment hook '/home/kim/open_topic/linux/ws/install/delay_frame/share/delay_frame/hook/pythonpath.sh'
[1.020s] Level 1:colcon.colcon_core.environment:checking '/home/kim/open_topic/linux/ws/install/delay_frame/bin'
[1.025s] INFO:colcon.colcon_core.shell:Creating package script '/home/kim/open_topic/linux/ws/install/delay_frame/share/delay_frame/package.ps1'
[1.026s] INFO:colcon.colcon_core.shell:Creating package descriptor '/home/kim/open_topic/linux/ws/install/delay_frame/share/delay_frame/package.dsv'
[1.026s] INFO:colcon.colcon_core.shell:Creating package script '/home/kim/open_topic/linux/ws/install/delay_frame/share/delay_frame/package.sh'
[1.027s] INFO:colcon.colcon_core.shell:Creating package script '/home/kim/open_topic/linux/ws/install/delay_frame/share/delay_frame/package.bash'
[1.027s] INFO:colcon.colcon_core.shell:Creating package script '/home/kim/open_topic/linux/ws/install/delay_frame/share/delay_frame/package.zsh'
[1.027s] Level 1:colcon.colcon_core.environment:create_file_with_runtime_dependencies(/home/kim/open_topic/linux/ws/install/delay_frame/share/colcon-core/packages/delay_frame)
[1.033s] Level 1:colcon.colcon_core.environment:create_environment_scripts_only(fake_pixel)
[1.039s] Level 1:colcon.colcon_core.environment:checking '/home/kim/open_topic/linux/ws/install/fake_pixel' for CMake module files
[1.040s] Level 1:colcon.colcon_core.environment:checking '/home/kim/open_topic/linux/ws/install/fake_pixel' for CMake config files
[1.040s] Level 1:colcon.colcon_core.shell:create_environment_hook('fake_pixel', 'cmake_prefix_path')
[1.044s] INFO:colcon.colcon_core.shell:Creating environment hook '/home/kim/open_topic/linux/ws/install/fake_pixel/share/fake_pixel/hook/cmake_prefix_path.ps1'
[1.044s] INFO:colcon.colcon_core.shell:Creating environment descriptor '/home/kim/open_topic/linux/ws/install/fake_pixel/share/fake_pixel/hook/cmake_prefix_path.dsv'
[1.045s] INFO:colcon.colcon_core.shell:Creating environment hook '/home/kim/open_topic/linux/ws/install/fake_pixel/share/fake_pixel/hook/cmake_prefix_path.sh'
[1.045s] Level 1:colcon.colcon_core.environment:checking '/home/kim/open_topic/linux/ws/install/fake_pixel/lib'
[1.045s] Level 1:colcon.colcon_core.environment:checking '/home/kim/open_topic/linux/ws/install/fake_pixel/bin'
[1.045s] Level 1:colcon.colcon_core.environment:checking '/home/kim/open_topic/linux/ws/install/fake_pixel/lib/pkgconfig/fake_pixel.pc'
[1.045s] Level 1:colcon.colcon_core.environment:checking '/home/kim/open_topic/linux/ws/install/fake_pixel/lib/python3.8/site-packages'
[1.045s] Level 1:colcon.colcon_core.shell:create_environment_hook('fake_pixel', 'pythonpath')
[1.050s] INFO:colcon.colcon_core.shell:Creating environment hook '/home/kim/open_topic/linux/ws/install/fake_pixel/share/fake_pixel/hook/pythonpath.ps1'
[1.050s] INFO:colcon.colcon_core.shell:Creating environment descriptor '/home/kim/open_topic/linux/ws/install/fake_pixel/share/fake_pixel/hook/pythonpath.dsv'
[1.051s] INFO:colcon.colcon_core.shell:Creating environment hook '/home/kim/open_topic/linux/ws/install/fake_pixel/share/fake_pixel/hook/pythonpath.sh'
[1.051s] Level 1:colcon.colcon_core.environment:checking '/home/kim/open_topic/linux/ws/install/fake_pixel/bin'
[1.056s] INFO:colcon.colcon_core.shell:Creating package script '/home/kim/open_topic/linux/ws/install/fake_pixel/share/fake_pixel/package.ps1'
[1.059s] INFO:colcon.colcon_core.shell:Creating package descriptor '/home/kim/open_topic/linux/ws/install/fake_pixel/share/fake_pixel/package.dsv'
[1.059s] INFO:colcon.colcon_core.shell:Creating package script '/home/kim/open_topic/linux/ws/install/fake_pixel/share/fake_pixel/package.sh'
[1.060s] INFO:colcon.colcon_core.shell:Creating package script '/home/kim/open_topic/linux/ws/install/fake_pixel/share/fake_pixel/package.bash'
[1.060s] INFO:colcon.colcon_core.shell:Creating package script '/home/kim/open_topic/linux/ws/install/fake_pixel/share/fake_pixel/package.zsh'
[1.060s] Level 1:colcon.colcon_core.environment:create_file_with_runtime_dependencies(/home/kim/open_topic/linux/ws/install/fake_pixel/share/colcon-core/packages/fake_pixel)
[1.065s] Level 1:colcon.colcon_core.environment:create_environment_scripts_only(pixel2coordinate)
[1.071s] Level 1:colcon.colcon_core.environment:checking '/home/kim/open_topic/linux/ws/install/pixel2coordinate' for CMake module files
[1.072s] Level 1:colcon.colcon_core.environment:checking '/home/kim/open_topic/linux/ws/install/pixel2coordinate' for CMake config files
[1.072s] Level 1:colcon.colcon_core.shell:create_environment_hook('pixel2coordinate', 'cmake_prefix_path')
[1.076s] INFO:colcon.colcon_core.shell:Creating environment hook '/home/kim/open_topic/linux/ws/install/pixel2coordinate/share/pixel2coordinate/hook/cmake_prefix_path.ps1'
[1.076s] INFO:colcon.colcon_core.shell:Creating environment descriptor '/home/kim/open_topic/linux/ws/install/pixel2coordinate/share/pixel2coordinate/hook/cmake_prefix_path.dsv'
[1.076s] INFO:colcon.colcon_core.shell:Creating environment hook '/home/kim/open_topic/linux/ws/install/pixel2coordinate/share/pixel2coordinate/hook/cmake_prefix_path.sh'
[1.077s] Level 1:colcon.colcon_core.environment:checking '/home/kim/open_topic/linux/ws/install/pixel2coordinate/lib'
[1.077s] Level 1:colcon.colcon_core.environment:checking '/home/kim/open_topic/linux/ws/install/pixel2coordinate/bin'
[1.077s] Level 1:colcon.colcon_core.environment:checking '/home/kim/open_topic/linux/ws/install/pixel2coordinate/lib/pkgconfig/pixel2coordinate.pc'
[1.077s] Level 1:colcon.colcon_core.environment:checking '/home/kim/open_topic/linux/ws/install/pixel2coordinate/lib/python3.8/site-packages'
[1.077s] Level 1:colcon.colcon_core.shell:create_environment_hook('pixel2coordinate', 'pythonpath')
[1.082s] INFO:colcon.colcon_core.shell:Creating environment hook '/home/kim/open_topic/linux/ws/install/pixel2coordinate/share/pixel2coordinate/hook/pythonpath.ps1'
[1.082s] INFO:colcon.colcon_core.shell:Creating environment descriptor '/home/kim/open_topic/linux/ws/install/pixel2coordinate/share/pixel2coordinate/hook/pythonpath.dsv'
[1.083s] INFO:colcon.colcon_core.shell:Creating environment hook '/home/kim/open_topic/linux/ws/install/pixel2coordinate/share/pixel2coordinate/hook/pythonpath.sh'
[1.083s] Level 1:colcon.colcon_core.environment:checking '/home/kim/open_topic/linux/ws/install/pixel2coordinate/bin'
[1.087s] INFO:colcon.colcon_core.shell:Creating package script '/home/kim/open_topic/linux/ws/install/pixel2coordinate/share/pixel2coordinate/package.ps1'
[1.088s] INFO:colcon.colcon_core.shell:Creating package descriptor '/home/kim/open_topic/linux/ws/install/pixel2coordinate/share/pixel2coordinate/package.dsv'
[1.089s] INFO:colcon.colcon_core.shell:Creating package script '/home/kim/open_topic/linux/ws/install/pixel2coordinate/share/pixel2coordinate/package.sh'
[1.089s] INFO:colcon.colcon_core.shell:Creating package script '/home/kim/open_topic/linux/ws/install/pixel2coordinate/share/pixel2coordinate/package.bash'
[1.090s] INFO:colcon.colcon_core.shell:Creating package script '/home/kim/open_topic/linux/ws/install/pixel2coordinate/share/pixel2coordinate/package.zsh'
[1.090s] Level 1:colcon.colcon_core.environment:create_file_with_runtime_dependencies(/home/kim/open_topic/linux/ws/install/pixel2coordinate/share/colcon-core/packages/pixel2coordinate)
[1.091s] DEBUG:colcon.colcon_parallel_executor.executor.parallel:closing loop
[1.092s] DEBUG:colcon.colcon_parallel_executor.executor.parallel:loop closed
[1.092s] DEBUG:colcon.colcon_parallel_executor.executor.parallel:run_until_complete finished with '0'
[1.092s] DEBUG:colcon.colcon_core.event_reactor:joining thread
[1.099s] INFO:colcon.colcon_core.plugin_system:Skipping extension 'colcon_notification.desktop_notification.terminal_notifier': Not used on non-Darwin systems
[1.099s] INFO:colcon.colcon_core.plugin_system:Skipping extension 'colcon_notification.desktop_notification.win32': Not used on non-Windows systems
[1.099s] INFO:colcon.colcon_notification.desktop_notification:Sending desktop notification using 'notify2'
[1.117s] DEBUG:colcon.colcon_core.event_reactor:joined thread
[1.122s] INFO:colcon.colcon_core.shell:Creating prefix script '/home/kim/open_topic/linux/ws/install/local_setup.ps1'
[1.123s] INFO:colcon.colcon_core.shell:Creating prefix util module '/home/kim/open_topic/linux/ws/install/_local_setup_util_ps1.py'
[1.124s] INFO:colcon.colcon_core.shell:Creating prefix chain script '/home/kim/open_topic/linux/ws/install/setup.ps1'
[1.128s] INFO:colcon.colcon_core.shell:Creating prefix script '/home/kim/open_topic/linux/ws/install/local_setup.sh'
[1.128s] INFO:colcon.colcon_core.shell:Creating prefix util module '/home/kim/open_topic/linux/ws/install/_local_setup_util_sh.py'
[1.129s] INFO:colcon.colcon_core.shell:Creating prefix chain script '/home/kim/open_topic/linux/ws/install/setup.sh'
[1.131s] INFO:colcon.colcon_core.shell:Creating prefix script '/home/kim/open_topic/linux/ws/install/local_setup.bash'
[1.131s] INFO:colcon.colcon_core.shell:Creating prefix chain script '/home/kim/open_topic/linux/ws/install/setup.bash'
[1.134s] INFO:colcon.colcon_core.shell:Creating prefix script '/home/kim/open_topic/linux/ws/install/local_setup.zsh'
[1.134s] INFO:colcon.colcon_core.shell:Creating prefix chain script '/home/kim/open_topic/linux/ws/install/setup.zsh'
