[0.317s] DEBUG:colcon:Command line arguments: ['/home/kim/.local/bin/colcon', 'build', '--symlink-install']
[0.317s] DEBUG:colcon:Parsed command line arguments: Namespace(allow_overriding=[], ament_cmake_args=None, base_paths=['.'], build_base='build', catkin_cmake_args=None, catkin_skip_building_tests=False, cmake_args=None, cmake_clean_cache=False, cmake_clean_first=False, cmake_force_configure=False, cmake_target=None, cmake_target_skip_unavailable=False, continue_on_error=False, event_handlers=None, executor='parallel', ignore_user_meta=False, install_base='install', log_base=None, log_level=None, main=<bound method BuildVerb.main of <colcon_core.verb.build.BuildVerb object at 0x7fa8a614bd00>>, merge_install=False, metas=['./colcon.meta'], packages_above=None, packages_above_and_dependencies=None, packages_above_depth=None, packages_end=None, packages_ignore=None, packages_ignore_regex=None, packages_select=None, packages_select_build_failed=False, packages_select_by_dep=None, packages_select_regex=None, packages_select_test_failures=False, packages_skip=None, packages_skip_build_finished=False, packages_skip_by_dep=None, packages_skip_regex=None, packages_skip_test_passed=False, packages_skip_up_to=None, packages_start=None, packages_up_to=None, packages_up_to_regex=None, parallel_workers=12, paths=None, symlink_install=True, test_result_base=None, verb_extension=<colcon_core.verb.build.BuildVerb object at 0x7fa8a614bd00>, verb_name='build', verb_parser=<colcon_defaults.argument_parser.defaults.DefaultArgumentsDecorator object at 0x7fa8a60f50a0>)
[0.344s] Level 1:colcon.colcon_core.package_discovery:discover_packages(colcon_meta) check parameters
[0.344s] Level 1:colcon.colcon_core.package_discovery:discover_packages(recursive) check parameters
[0.344s] Level 1:colcon.colcon_core.package_discovery:discover_packages(ignore) check parameters
[0.344s] Level 1:colcon.colcon_core.package_discovery:discover_packages(path) check parameters
[0.344s] Level 1:colcon.colcon_core.package_discovery:discover_packages(colcon_meta) discover
[0.344s] Level 1:colcon.colcon_core.package_discovery:discover_packages(recursive) discover
[0.344s] INFO:colcon.colcon_core.package_discovery:Crawling recursively for packages in '/home/kim/open_topic/linux/ws'
[0.345s] Level 1:colcon.colcon_core.package_identification:_identify(.) by extensions ['ignore', 'ignore_ament_install']
[0.345s] Level 1:colcon.colcon_core.package_identification:_identify(.) by extension 'ignore'
[0.345s] Level 1:colcon.colcon_core.package_identification:_identify(.) by extension 'ignore_ament_install'
[0.345s] Level 1:colcon.colcon_core.package_identification:_identify(.) by extensions ['colcon_pkg']
[0.345s] Level 1:colcon.colcon_core.package_identification:_identify(.) by extension 'colcon_pkg'
[0.345s] Level 1:colcon.colcon_core.package_identification:_identify(.) by extensions ['colcon_meta']
[0.345s] Level 1:colcon.colcon_core.package_identification:_identify(.) by extension 'colcon_meta'
[0.345s] Level 1:colcon.colcon_core.package_identification:_identify(.) by extensions ['ros']
[0.345s] Level 1:colcon.colcon_core.package_identification:_identify(.) by extension 'ros'
[0.354s] Level 1:colcon.colcon_core.package_identification:_identify(.) by extensions ['cmake', 'python']
[0.354s] Level 1:colcon.colcon_core.package_identification:_identify(.) by extension 'cmake'
[0.354s] Level 1:colcon.colcon_core.package_identification:_identify(.) by extension 'python'
[0.354s] Level 1:colcon.colcon_core.package_identification:_identify(.) by extensions ['python_setup_py']
[0.354s] Level 1:colcon.colcon_core.package_identification:_identify(.) by extension 'python_setup_py'
[0.354s] Level 1:colcon.colcon_core.package_identification:_identify(build) by extensions ['ignore', 'ignore_ament_install']
[0.354s] Level 1:colcon.colcon_core.package_identification:_identify(build) by extension 'ignore'
[0.354s] Level 1:colcon.colcon_core.package_identification:_identify(build) ignored
[0.354s] Level 1:colcon.colcon_core.package_identification:_identify(install) by extensions ['ignore', 'ignore_ament_install']
[0.354s] Level 1:colcon.colcon_core.package_identification:_identify(install) by extension 'ignore'
[0.354s] Level 1:colcon.colcon_core.package_identification:_identify(install) ignored
[0.354s] Level 1:colcon.colcon_core.package_identification:_identify(log) by extensions ['ignore', 'ignore_ament_install']
[0.354s] Level 1:colcon.colcon_core.package_identification:_identify(log) by extension 'ignore'
[0.354s] Level 1:colcon.colcon_core.package_identification:_identify(log) ignored
[0.354s] Level 1:colcon.colcon_core.package_identification:_identify(src) by extensions ['ignore', 'ignore_ament_install']
[0.354s] Level 1:colcon.colcon_core.package_identification:_identify(src) by extension 'ignore'
[0.355s] Level 1:colcon.colcon_core.package_identification:_identify(src) by extension 'ignore_ament_install'
[0.355s] Level 1:colcon.colcon_core.package_identification:_identify(src) by extensions ['colcon_pkg']
[0.355s] Level 1:colcon.colcon_core.package_identification:_identify(src) by extension 'colcon_pkg'
[0.355s] Level 1:colcon.colcon_core.package_identification:_identify(src) by extensions ['colcon_meta']
[0.355s] Level 1:colcon.colcon_core.package_identification:_identify(src) by extension 'colcon_meta'
[0.355s] Level 1:colcon.colcon_core.package_identification:_identify(src) by extensions ['ros']
[0.355s] Level 1:colcon.colcon_core.package_identification:_identify(src) by extension 'ros'
[0.355s] Level 1:colcon.colcon_core.package_identification:_identify(src) by extensions ['cmake', 'python']
[0.355s] Level 1:colcon.colcon_core.package_identification:_identify(src) by extension 'cmake'
[0.355s] Level 1:colcon.colcon_core.package_identification:_identify(src) by extension 'python'
[0.355s] Level 1:colcon.colcon_core.package_identification:_identify(src) by extensions ['python_setup_py']
[0.355s] Level 1:colcon.colcon_core.package_identification:_identify(src) by extension 'python_setup_py'
[0.355s] Level 1:colcon.colcon_core.package_identification:_identify(src/object) by extensions ['ignore', 'ignore_ament_install']
[0.355s] Level 1:colcon.colcon_core.package_identification:_identify(src/object) by extension 'ignore'
[0.355s] Level 1:colcon.colcon_core.package_identification:_identify(src/object) by extension 'ignore_ament_install'
[0.355s] Level 1:colcon.colcon_core.package_identification:_identify(src/object) by extensions ['colcon_pkg']
[0.355s] Level 1:colcon.colcon_core.package_identification:_identify(src/object) by extension 'colcon_pkg'
[0.355s] Level 1:colcon.colcon_core.package_identification:_identify(src/object) by extensions ['colcon_meta']
[0.355s] Level 1:colcon.colcon_core.package_identification:_identify(src/object) by extension 'colcon_meta'
[0.355s] Level 1:colcon.colcon_core.package_identification:_identify(src/object) by extensions ['ros']
[0.355s] Level 1:colcon.colcon_core.package_identification:_identify(src/object) by extension 'ros'
[0.357s] DEBUG:colcon.colcon_core.package_identification:Package 'src/object' with type 'ros.ament_cmake' and name 'object'
[0.357s] Level 1:colcon.colcon_core.package_identification:_identify(src/object_detection) by extensions ['ignore', 'ignore_ament_install']
[0.357s] Level 1:colcon.colcon_core.package_identification:_identify(src/object_detection) by extension 'ignore'
[0.357s] Level 1:colcon.colcon_core.package_identification:_identify(src/object_detection) by extension 'ignore_ament_install'
[0.357s] Level 1:colcon.colcon_core.package_identification:_identify(src/object_detection) by extensions ['colcon_pkg']
[0.357s] Level 1:colcon.colcon_core.package_identification:_identify(src/object_detection) by extension 'colcon_pkg'
[0.357s] Level 1:colcon.colcon_core.package_identification:_identify(src/object_detection) by extensions ['colcon_meta']
[0.357s] Level 1:colcon.colcon_core.package_identification:_identify(src/object_detection) by extension 'colcon_meta'
[0.358s] Level 1:colcon.colcon_core.package_identification:_identify(src/object_detection) by extensions ['ros']
[0.358s] Level 1:colcon.colcon_core.package_identification:_identify(src/object_detection) by extension 'ros'
[0.358s] DEBUG:colcon.colcon_core.package_identification:Package 'src/object_detection' with type 'ros.ament_cmake' and name 'object_detection'
[0.358s] Level 1:colcon.colcon_core.package_discovery:discover_packages(recursive) using defaults
[0.358s] Level 1:colcon.colcon_core.package_discovery:discover_packages(ignore) discover
[0.358s] Level 1:colcon.colcon_core.package_discovery:discover_packages(ignore) using defaults
[0.358s] Level 1:colcon.colcon_core.package_discovery:discover_packages(path) discover
[0.358s] Level 1:colcon.colcon_core.package_discovery:discover_packages(path) using defaults
[0.383s] Level 1:colcon.colcon_core.package_discovery:discover_packages(prefix_path) check parameters
[0.383s] Level 1:colcon.colcon_core.package_discovery:discover_packages(prefix_path) discover
[0.387s] DEBUG:colcon.colcon_installed_package_information.package_discovery:Found 2 installed packages in /home/kim/open_topic/linux/ws/install
[0.388s] DEBUG:colcon.colcon_installed_package_information.package_discovery:Found 0 installed packages in /home/kim/ros2/ws/install
[0.390s] DEBUG:colcon.colcon_installed_package_information.package_discovery:Found 4 installed packages in /home/kim/ros2/downloadws/install
[0.391s] DEBUG:colcon.colcon_installed_package_information.package_discovery:Found 2 installed packages in /home/kim/is/ubnutu/ws/install
[0.394s] DEBUG:colcon.colcon_installed_package_information.package_discovery:Found 258 installed packages in /opt/ros/foxy
[0.395s] Level 1:colcon.colcon_core.package_discovery:discover_packages(prefix_path) using defaults
[0.447s] Level 5:colcon.colcon_core.verb:set package 'object' build argument 'cmake_args' from command line to 'None'
[0.447s] Level 5:colcon.colcon_core.verb:set package 'object' build argument 'cmake_target' from command line to 'None'
[0.447s] Level 5:colcon.colcon_core.verb:set package 'object' build argument 'cmake_target_skip_unavailable' from command line to 'False'
[0.447s] Level 5:colcon.colcon_core.verb:set package 'object' build argument 'cmake_clean_cache' from command line to 'False'
[0.447s] Level 5:colcon.colcon_core.verb:set package 'object' build argument 'cmake_clean_first' from command line to 'False'
[0.447s] Level 5:colcon.colcon_core.verb:set package 'object' build argument 'cmake_force_configure' from command line to 'False'
[0.447s] Level 5:colcon.colcon_core.verb:set package 'object' build argument 'ament_cmake_args' from command line to 'None'
[0.447s] Level 5:colcon.colcon_core.verb:set package 'object' build argument 'catkin_cmake_args' from command line to 'None'
[0.447s] Level 5:colcon.colcon_core.verb:set package 'object' build argument 'catkin_skip_building_tests' from command line to 'False'
[0.447s] DEBUG:colcon.colcon_core.verb:Building package 'object' with the following arguments: {'ament_cmake_args': None, 'build_base': '/home/kim/open_topic/linux/ws/build/object', 'catkin_cmake_args': None, 'catkin_skip_building_tests': False, 'cmake_args': None, 'cmake_clean_cache': False, 'cmake_clean_first': False, 'cmake_force_configure': False, 'cmake_target': None, 'cmake_target_skip_unavailable': False, 'install_base': '/home/kim/open_topic/linux/ws/install/object', 'merge_install': False, 'path': '/home/kim/open_topic/linux/ws/src/object', 'symlink_install': True, 'test_result_base': None}
[0.449s] Level 5:colcon.colcon_core.verb:set package 'object_detection' build argument 'cmake_args' from command line to 'None'
[0.449s] Level 5:colcon.colcon_core.verb:set package 'object_detection' build argument 'cmake_target' from command line to 'None'
[0.449s] Level 5:colcon.colcon_core.verb:set package 'object_detection' build argument 'cmake_target_skip_unavailable' from command line to 'False'
[0.449s] Level 5:colcon.colcon_core.verb:set package 'object_detection' build argument 'cmake_clean_cache' from command line to 'False'
[0.449s] Level 5:colcon.colcon_core.verb:set package 'object_detection' build argument 'cmake_clean_first' from command line to 'False'
[0.449s] Level 5:colcon.colcon_core.verb:set package 'object_detection' build argument 'cmake_force_configure' from command line to 'False'
[0.449s] Level 5:colcon.colcon_core.verb:set package 'object_detection' build argument 'ament_cmake_args' from command line to 'None'
[0.449s] Level 5:colcon.colcon_core.verb:set package 'object_detection' build argument 'catkin_cmake_args' from command line to 'None'
[0.449s] Level 5:colcon.colcon_core.verb:set package 'object_detection' build argument 'catkin_skip_building_tests' from command line to 'False'
[0.449s] DEBUG:colcon.colcon_core.verb:Building package 'object_detection' with the following arguments: {'ament_cmake_args': None, 'build_base': '/home/kim/open_topic/linux/ws/build/object_detection', 'catkin_cmake_args': None, 'catkin_skip_building_tests': False, 'cmake_args': None, 'cmake_clean_cache': False, 'cmake_clean_first': False, 'cmake_force_configure': False, 'cmake_target': None, 'cmake_target_skip_unavailable': False, 'install_base': '/home/kim/open_topic/linux/ws/install/object_detection', 'merge_install': False, 'path': '/home/kim/open_topic/linux/ws/src/object_detection', 'symlink_install': True, 'test_result_base': None}
[0.451s] INFO:colcon.colcon_core.executor:Executing jobs using 'parallel' executor
[0.458s] DEBUG:colcon.colcon_parallel_executor.executor.parallel:run_until_complete
[0.459s] INFO:colcon.colcon_ros.task.ament_cmake.build:Building ROS package in '/home/kim/open_topic/linux/ws/src/object' with build type 'ament_cmake'
[0.459s] INFO:colcon.colcon_cmake.task.cmake.build:Building CMake package in '/home/kim/open_topic/linux/ws/src/object'
[0.466s] INFO:colcon.colcon_core.plugin_system:Skipping extension 'colcon_core.shell.bat': Not used on non-Windows systems
[0.466s] INFO:colcon.colcon_core.shell:Skip shell extension 'powershell' for command environment: Not usable outside of PowerShell
[0.466s] DEBUG:colcon.colcon_core.shell:Skip shell extension 'dsv' for command environment
[0.479s] INFO:colcon.colcon_ros.task.ament_cmake.build:Building ROS package in '/home/kim/open_topic/linux/ws/src/object_detection' with build type 'ament_cmake'
[0.479s] INFO:colcon.colcon_cmake.task.cmake.build:Building CMake package in '/home/kim/open_topic/linux/ws/src/object_detection'
[0.483s] INFO:colcon.colcon_core.shell:Skip shell extension 'powershell' for command environment: Not usable outside of PowerShell
[0.483s] DEBUG:colcon.colcon_core.shell:Skip shell extension 'dsv' for command environment
[0.505s] DEBUG:colcon.colcon_core.event_handler.log_command:Invoking command in '/home/kim/open_topic/linux/ws/build/object': CMAKE_PREFIX_PATH=${CMAKE_PREFIX_PATH}:/opt/ros/foxy /home/kim/.local/bin/cmake --build /home/kim/open_topic/linux/ws/build/object -- -j12 -l12
[0.513s] DEBUG:colcon.colcon_core.event_handler.log_command:Invoking command in '/home/kim/open_topic/linux/ws/build/object_detection': CMAKE_PREFIX_PATH=${CMAKE_PREFIX_PATH}:/opt/ros/foxy /home/kim/.local/bin/cmake --build /home/kim/open_topic/linux/ws/build/object_detection -- -j12 -l12
[0.551s] DEBUG:colcon.colcon_core.event_handler.log_command:Invoked command in '/home/kim/open_topic/linux/ws/build/object_detection' returned '0': CMAKE_PREFIX_PATH=${CMAKE_PREFIX_PATH}:/opt/ros/foxy /home/kim/.local/bin/cmake --build /home/kim/open_topic/linux/ws/build/object_detection -- -j12 -l12
[0.622s] DEBUG:colcon.colcon_core.event_handler.log_command:Invoking command in '/home/kim/open_topic/linux/ws/build/object_detection': CMAKE_PREFIX_PATH=${CMAKE_PREFIX_PATH}:/opt/ros/foxy /home/kim/.local/bin/cmake --install /home/kim/open_topic/linux/ws/build/object_detection
[0.699s] Level 1:colcon.colcon_core.environment:create_environment_scripts_only(object_detection)
[0.701s] DEBUG:colcon.colcon_core.event_handler.log_command:Invoked command in '/home/kim/open_topic/linux/ws/build/object_detection' returned '0': CMAKE_PREFIX_PATH=${CMAKE_PREFIX_PATH}:/opt/ros/foxy /home/kim/.local/bin/cmake --install /home/kim/open_topic/linux/ws/build/object_detection
[0.709s] Level 1:colcon.colcon_core.environment:checking '/home/kim/open_topic/linux/ws/install/object_detection' for CMake module files
[0.709s] Level 1:colcon.colcon_core.environment:checking '/home/kim/open_topic/linux/ws/install/object_detection' for CMake config files
[0.709s] Level 1:colcon.colcon_core.shell:create_environment_hook('object_detection', 'cmake_prefix_path')
[0.712s] INFO:colcon.colcon_core.shell:Creating environment hook '/home/kim/open_topic/linux/ws/install/object_detection/share/object_detection/hook/cmake_prefix_path.ps1'
[0.713s] INFO:colcon.colcon_core.shell:Creating environment descriptor '/home/kim/open_topic/linux/ws/install/object_detection/share/object_detection/hook/cmake_prefix_path.dsv'
[0.714s] INFO:colcon.colcon_core.shell:Creating environment hook '/home/kim/open_topic/linux/ws/install/object_detection/share/object_detection/hook/cmake_prefix_path.sh'
[0.715s] Level 1:colcon.colcon_core.environment:checking '/home/kim/open_topic/linux/ws/install/object_detection/lib'
[0.716s] Level 1:colcon.colcon_core.environment:checking '/home/kim/open_topic/linux/ws/install/object_detection/bin'
[0.716s] Level 1:colcon.colcon_core.environment:checking '/home/kim/open_topic/linux/ws/install/object_detection/lib/pkgconfig/object_detection.pc'
[0.716s] Level 1:colcon.colcon_core.environment:checking '/home/kim/open_topic/linux/ws/install/object_detection/lib/python3.8/site-packages'
[0.717s] Level 1:colcon.colcon_core.shell:create_environment_hook('object_detection', 'pythonpath')
[0.720s] INFO:colcon.colcon_core.shell:Creating environment hook '/home/kim/open_topic/linux/ws/install/object_detection/share/object_detection/hook/pythonpath.ps1'
[0.721s] INFO:colcon.colcon_core.shell:Creating environment descriptor '/home/kim/open_topic/linux/ws/install/object_detection/share/object_detection/hook/pythonpath.dsv'
[0.721s] INFO:colcon.colcon_core.shell:Creating environment hook '/home/kim/open_topic/linux/ws/install/object_detection/share/object_detection/hook/pythonpath.sh'
[0.722s] Level 1:colcon.colcon_core.environment:checking '/home/kim/open_topic/linux/ws/install/object_detection/bin'
[0.726s] INFO:colcon.colcon_core.shell:Creating package script '/home/kim/open_topic/linux/ws/install/object_detection/share/object_detection/package.ps1'
[0.727s] INFO:colcon.colcon_core.shell:Creating package descriptor '/home/kim/open_topic/linux/ws/install/object_detection/share/object_detection/package.dsv'
[0.728s] INFO:colcon.colcon_core.shell:Creating package script '/home/kim/open_topic/linux/ws/install/object_detection/share/object_detection/package.sh'
[0.728s] INFO:colcon.colcon_core.shell:Creating package script '/home/kim/open_topic/linux/ws/install/object_detection/share/object_detection/package.bash'
[0.729s] INFO:colcon.colcon_core.shell:Creating package script '/home/kim/open_topic/linux/ws/install/object_detection/share/object_detection/package.zsh'
[0.729s] Level 1:colcon.colcon_core.environment:create_file_with_runtime_dependencies(/home/kim/open_topic/linux/ws/install/object_detection/share/colcon-core/packages/object_detection)
[0.773s] Level 1:colcon.colcon_core.environment:create_environment_scripts_only(object_detection)
[0.778s] Level 1:colcon.colcon_core.environment:checking '/home/kim/open_topic/linux/ws/install/object_detection' for CMake module files
[0.779s] Level 1:colcon.colcon_core.environment:checking '/home/kim/open_topic/linux/ws/install/object_detection' for CMake config files
[0.779s] Level 1:colcon.colcon_core.shell:create_environment_hook('object_detection', 'cmake_prefix_path')
[0.782s] INFO:colcon.colcon_core.shell:Creating environment hook '/home/kim/open_topic/linux/ws/install/object_detection/share/object_detection/hook/cmake_prefix_path.ps1'
[0.783s] INFO:colcon.colcon_core.shell:Creating environment descriptor '/home/kim/open_topic/linux/ws/install/object_detection/share/object_detection/hook/cmake_prefix_path.dsv'
[0.783s] INFO:colcon.colcon_core.shell:Creating environment hook '/home/kim/open_topic/linux/ws/install/object_detection/share/object_detection/hook/cmake_prefix_path.sh'
[0.784s] Level 1:colcon.colcon_core.environment:checking '/home/kim/open_topic/linux/ws/install/object_detection/lib'
[0.784s] Level 1:colcon.colcon_core.environment:checking '/home/kim/open_topic/linux/ws/install/object_detection/bin'
[0.784s] Level 1:colcon.colcon_core.environment:checking '/home/kim/open_topic/linux/ws/install/object_detection/lib/pkgconfig/object_detection.pc'
[0.785s] Level 1:colcon.colcon_core.environment:checking '/home/kim/open_topic/linux/ws/install/object_detection/lib/python3.8/site-packages'
[0.785s] Level 1:colcon.colcon_core.shell:create_environment_hook('object_detection', 'pythonpath')
[0.788s] INFO:colcon.colcon_core.shell:Creating environment hook '/home/kim/open_topic/linux/ws/install/object_detection/share/object_detection/hook/pythonpath.ps1'
[0.789s] INFO:colcon.colcon_core.shell:Creating environment descriptor '/home/kim/open_topic/linux/ws/install/object_detection/share/object_detection/hook/pythonpath.dsv'
[0.789s] INFO:colcon.colcon_core.shell:Creating environment hook '/home/kim/open_topic/linux/ws/install/object_detection/share/object_detection/hook/pythonpath.sh'
[0.790s] Level 1:colcon.colcon_core.environment:checking '/home/kim/open_topic/linux/ws/install/object_detection/bin'
[0.793s] INFO:colcon.colcon_core.shell:Creating package script '/home/kim/open_topic/linux/ws/install/object_detection/share/object_detection/package.ps1'
[0.794s] INFO:colcon.colcon_core.shell:Creating package descriptor '/home/kim/open_topic/linux/ws/install/object_detection/share/object_detection/package.dsv'
[0.794s] INFO:colcon.colcon_core.shell:Creating package script '/home/kim/open_topic/linux/ws/install/object_detection/share/object_detection/package.sh'
[0.795s] INFO:colcon.colcon_core.shell:Creating package script '/home/kim/open_topic/linux/ws/install/object_detection/share/object_detection/package.bash'
[0.795s] INFO:colcon.colcon_core.shell:Creating package script '/home/kim/open_topic/linux/ws/install/object_detection/share/object_detection/package.zsh'
[0.795s] Level 1:colcon.colcon_core.environment:create_file_with_runtime_dependencies(/home/kim/open_topic/linux/ws/install/object_detection/share/colcon-core/packages/object_detection)
[1.061s] DEBUG:colcon.colcon_core.event_handler.log_command:Invoked command in '/home/kim/open_topic/linux/ws/build/object' returned '0': CMAKE_PREFIX_PATH=${CMAKE_PREFIX_PATH}:/opt/ros/foxy /home/kim/.local/bin/cmake --build /home/kim/open_topic/linux/ws/build/object -- -j12 -l12
[1.103s] DEBUG:colcon.colcon_core.event_handler.log_command:Invoking command in '/home/kim/open_topic/linux/ws/build/object': CMAKE_PREFIX_PATH=${CMAKE_PREFIX_PATH}:/opt/ros/foxy /home/kim/.local/bin/cmake --install /home/kim/open_topic/linux/ws/build/object
[1.168s] Level 1:colcon.colcon_core.environment:create_environment_scripts_only(object)
[1.175s] DEBUG:colcon.colcon_core.event_handler.log_command:Invoked command in '/home/kim/open_topic/linux/ws/build/object' returned '0': CMAKE_PREFIX_PATH=${CMAKE_PREFIX_PATH}:/opt/ros/foxy /home/kim/.local/bin/cmake --install /home/kim/open_topic/linux/ws/build/object
[1.176s] Level 1:colcon.colcon_core.environment:checking '/home/kim/open_topic/linux/ws/install/object' for CMake module files
[1.177s] Level 1:colcon.colcon_core.environment:checking '/home/kim/open_topic/linux/ws/install/object' for CMake config files
[1.177s] Level 1:colcon.colcon_core.shell:create_environment_hook('object', 'cmake_prefix_path')
[1.180s] INFO:colcon.colcon_core.shell:Creating environment hook '/home/kim/open_topic/linux/ws/install/object/share/object/hook/cmake_prefix_path.ps1'
[1.181s] INFO:colcon.colcon_core.shell:Creating environment descriptor '/home/kim/open_topic/linux/ws/install/object/share/object/hook/cmake_prefix_path.dsv'
[1.181s] INFO:colcon.colcon_core.shell:Creating environment hook '/home/kim/open_topic/linux/ws/install/object/share/object/hook/cmake_prefix_path.sh'
[1.182s] Level 1:colcon.colcon_core.environment:checking '/home/kim/open_topic/linux/ws/install/object/lib'
[1.182s] Level 1:colcon.colcon_core.environment:checking '/home/kim/open_topic/linux/ws/install/object/bin'
[1.182s] Level 1:colcon.colcon_core.environment:checking '/home/kim/open_topic/linux/ws/install/object/lib/pkgconfig/object.pc'
[1.182s] Level 1:colcon.colcon_core.environment:checking '/home/kim/open_topic/linux/ws/install/object/lib/python3.8/site-packages'
[1.182s] Level 1:colcon.colcon_core.shell:create_environment_hook('object', 'pythonpath')
[1.185s] INFO:colcon.colcon_core.shell:Creating environment hook '/home/kim/open_topic/linux/ws/install/object/share/object/hook/pythonpath.ps1'
[1.186s] INFO:colcon.colcon_core.shell:Creating environment descriptor '/home/kim/open_topic/linux/ws/install/object/share/object/hook/pythonpath.dsv'
[1.186s] INFO:colcon.colcon_core.shell:Creating environment hook '/home/kim/open_topic/linux/ws/install/object/share/object/hook/pythonpath.sh'
[1.187s] Level 1:colcon.colcon_core.environment:checking '/home/kim/open_topic/linux/ws/install/object/bin'
[1.190s] INFO:colcon.colcon_core.shell:Creating package script '/home/kim/open_topic/linux/ws/install/object/share/object/package.ps1'
[1.190s] INFO:colcon.colcon_core.shell:Creating package descriptor '/home/kim/open_topic/linux/ws/install/object/share/object/package.dsv'
[1.191s] INFO:colcon.colcon_core.shell:Creating package script '/home/kim/open_topic/linux/ws/install/object/share/object/package.sh'
[1.191s] INFO:colcon.colcon_core.shell:Creating package script '/home/kim/open_topic/linux/ws/install/object/share/object/package.bash'
[1.191s] INFO:colcon.colcon_core.shell:Creating package script '/home/kim/open_topic/linux/ws/install/object/share/object/package.zsh'
[1.192s] Level 1:colcon.colcon_core.environment:create_file_with_runtime_dependencies(/home/kim/open_topic/linux/ws/install/object/share/colcon-core/packages/object)
[1.239s] Level 1:colcon.colcon_core.environment:create_environment_scripts_only(object)
[1.244s] Level 1:colcon.colcon_core.environment:checking '/home/kim/open_topic/linux/ws/install/object' for CMake module files
[1.245s] Level 1:colcon.colcon_core.environment:checking '/home/kim/open_topic/linux/ws/install/object' for CMake config files
[1.245s] Level 1:colcon.colcon_core.shell:create_environment_hook('object', 'cmake_prefix_path')
[1.248s] INFO:colcon.colcon_core.shell:Creating environment hook '/home/kim/open_topic/linux/ws/install/object/share/object/hook/cmake_prefix_path.ps1'
[1.250s] INFO:colcon.colcon_core.shell:Creating environment descriptor '/home/kim/open_topic/linux/ws/install/object/share/object/hook/cmake_prefix_path.dsv'
[1.250s] INFO:colcon.colcon_core.shell:Creating environment hook '/home/kim/open_topic/linux/ws/install/object/share/object/hook/cmake_prefix_path.sh'
[1.251s] Level 1:colcon.colcon_core.environment:checking '/home/kim/open_topic/linux/ws/install/object/lib'
[1.251s] Level 1:colcon.colcon_core.environment:checking '/home/kim/open_topic/linux/ws/install/object/bin'
[1.251s] Level 1:colcon.colcon_core.environment:checking '/home/kim/open_topic/linux/ws/install/object/lib/pkgconfig/object.pc'
[1.252s] Level 1:colcon.colcon_core.environment:checking '/home/kim/open_topic/linux/ws/install/object/lib/python3.8/site-packages'
[1.252s] Level 1:colcon.colcon_core.shell:create_environment_hook('object', 'pythonpath')
[1.255s] INFO:colcon.colcon_core.shell:Creating environment hook '/home/kim/open_topic/linux/ws/install/object/share/object/hook/pythonpath.ps1'
[1.255s] INFO:colcon.colcon_core.shell:Creating environment descriptor '/home/kim/open_topic/linux/ws/install/object/share/object/hook/pythonpath.dsv'
[1.256s] INFO:colcon.colcon_core.shell:Creating environment hook '/home/kim/open_topic/linux/ws/install/object/share/object/hook/pythonpath.sh'
[1.256s] Level 1:colcon.colcon_core.environment:checking '/home/kim/open_topic/linux/ws/install/object/bin'
[1.260s] INFO:colcon.colcon_core.shell:Creating package script '/home/kim/open_topic/linux/ws/install/object/share/object/package.ps1'
[1.261s] INFO:colcon.colcon_core.shell:Creating package descriptor '/home/kim/open_topic/linux/ws/install/object/share/object/package.dsv'
[1.261s] INFO:colcon.colcon_core.shell:Creating package script '/home/kim/open_topic/linux/ws/install/object/share/object/package.sh'
[1.261s] INFO:colcon.colcon_core.shell:Creating package script '/home/kim/open_topic/linux/ws/install/object/share/object/package.bash'
[1.262s] INFO:colcon.colcon_core.shell:Creating package script '/home/kim/open_topic/linux/ws/install/object/share/object/package.zsh'
[1.262s] Level 1:colcon.colcon_core.environment:create_file_with_runtime_dependencies(/home/kim/open_topic/linux/ws/install/object/share/colcon-core/packages/object)
[1.263s] DEBUG:colcon.colcon_parallel_executor.executor.parallel:closing loop
[1.263s] DEBUG:colcon.colcon_parallel_executor.executor.parallel:loop closed
[1.263s] DEBUG:colcon.colcon_parallel_executor.executor.parallel:run_until_complete finished with '0'
[1.263s] DEBUG:colcon.colcon_core.event_reactor:joining thread
[1.269s] INFO:colcon.colcon_core.plugin_system:Skipping extension 'colcon_notification.desktop_notification.terminal_notifier': Not used on non-Darwin systems
[1.269s] INFO:colcon.colcon_core.plugin_system:Skipping extension 'colcon_notification.desktop_notification.win32': Not used on non-Windows systems
[1.269s] INFO:colcon.colcon_notification.desktop_notification:Sending desktop notification using 'notify2'
[1.285s] DEBUG:colcon.colcon_core.event_reactor:joined thread
[1.289s] INFO:colcon.colcon_core.shell:Creating prefix script '/home/kim/open_topic/linux/ws/install/local_setup.ps1'
[1.291s] INFO:colcon.colcon_core.shell:Creating prefix util module '/home/kim/open_topic/linux/ws/install/_local_setup_util_ps1.py'
[1.293s] INFO:colcon.colcon_core.shell:Creating prefix chain script '/home/kim/open_topic/linux/ws/install/setup.ps1'
[1.295s] INFO:colcon.colcon_core.shell:Creating prefix script '/home/kim/open_topic/linux/ws/install/local_setup.sh'
[1.296s] INFO:colcon.colcon_core.shell:Creating prefix util module '/home/kim/open_topic/linux/ws/install/_local_setup_util_sh.py'
[1.296s] INFO:colcon.colcon_core.shell:Creating prefix chain script '/home/kim/open_topic/linux/ws/install/setup.sh'
[1.298s] INFO:colcon.colcon_core.shell:Creating prefix script '/home/kim/open_topic/linux/ws/install/local_setup.bash'
[1.299s] INFO:colcon.colcon_core.shell:Creating prefix chain script '/home/kim/open_topic/linux/ws/install/setup.bash'
[1.301s] INFO:colcon.colcon_core.shell:Creating prefix script '/home/kim/open_topic/linux/ws/install/local_setup.zsh'
[1.302s] INFO:colcon.colcon_core.shell:Creating prefix chain script '/home/kim/open_topic/linux/ws/install/setup.zsh'
