-- Found ament_cmake: 0.9.11 (/opt/ros/foxy/share/ament_cmake/cmake)
-- Using PYTHON_EXECUTABLE: /usr/bin/python3
-- Found rclcpp: 2.4.2 (/opt/ros/foxy/share/rclcpp/cmake)
-- Using all available rosidl_typesupport_c: rosidl_typesupport_fastrtps_c;rosidl_typesupport_introspection_c
-- Found rosidl_adapter: 1.3.0 (/opt/ros/foxy/share/rosidl_adapter/cmake)
-- Using all available rosidl_typesupport_cpp: rosidl_typesupport_fastrtps_cpp;rosidl_typesupport_introspection_cpp
-- Found rmw_implementation_cmake: 1.0.4 (/opt/ros/foxy/share/rmw_implementation_cmake/cmake)
-- Using RMW implementation 'rmw_fastrtps_cpp' as default
-- Found rclpy: 1.0.12 (/opt/ros/foxy/share/rclpy/cmake)
-- Configuring done
-- Generating done
-- Build files have been written to: /home/kim/open_topic/linux/ws/build/check_qos
[100%] Built target cpp_node_test
-- Install configuration: ""
-- Up-to-date: /home/kim/open_topic/linux/ws/install/check_qos/share/check_qos/environment/pythonpath.sh
-- Installing: /home/kim/open_topic/linux/ws/install/check_qos/share/check_qos/environment/pythonpath.dsv
-- Up-to-date: /home/kim/open_topic/linux/ws/install/check_qos/lib/python3.8/site-packages/check_qos
-- Up-to-date: /home/kim/open_topic/linux/ws/install/check_qos/lib/python3.8/site-packages/check_qos/dummy_module.py
-- Up-to-date: /home/kim/open_topic/linux/ws/install/check_qos/lib/python3.8/site-packages/check_qos/__init__.py
Listing '/home/kim/open_topic/linux/ws/install/check_qos/lib/python3.8/site-packages/check_qos'...
-- Installing: /home/kim/open_topic/linux/ws/install/check_qos/lib/check_qos/pub.py
-- Installing: /home/kim/open_topic/linux/ws/install/check_qos/lib/check_qos/sub1.py
-- Installing: /home/kim/open_topic/linux/ws/install/check_qos/lib/check_qos/sub2.py
-- Up-to-date: /home/kim/open_topic/linux/ws/install/check_qos/share/check_qos
-- Up-to-date: /home/kim/open_topic/linux/ws/install/check_qos/share/ament_index/resource_index/package_run_dependencies/check_qos
-- Installing: /home/kim/open_topic/linux/ws/install/check_qos/share/ament_index/resource_index/parent_prefix_path/check_qos
-- Up-to-date: /home/kim/open_topic/linux/ws/install/check_qos/share/check_qos/environment/ament_prefix_path.sh
-- Installing: /home/kim/open_topic/linux/ws/install/check_qos/share/check_qos/environment/ament_prefix_path.dsv
-- Up-to-date: /home/kim/open_topic/linux/ws/install/check_qos/share/check_qos/environment/path.sh
-- Installing: /home/kim/open_topic/linux/ws/install/check_qos/share/check_qos/environment/path.dsv
-- Up-to-date: /home/kim/open_topic/linux/ws/install/check_qos/share/check_qos/local_setup.bash
-- Up-to-date: /home/kim/open_topic/linux/ws/install/check_qos/share/check_qos/local_setup.sh
-- Up-to-date: /home/kim/open_topic/linux/ws/install/check_qos/share/check_qos/local_setup.zsh
-- Installing: /home/kim/open_topic/linux/ws/install/check_qos/share/check_qos/local_setup.dsv
-- Installing: /home/kim/open_topic/linux/ws/install/check_qos/share/check_qos/package.dsv
-- Up-to-date: /home/kim/open_topic/linux/ws/install/check_qos/share/ament_index/resource_index/packages/check_qos
-- Up-to-date: /home/kim/open_topic/linux/ws/install/check_qos/share/check_qos/cmake/check_qosConfig.cmake
-- Up-to-date: /home/kim/open_topic/linux/ws/install/check_qos/share/check_qos/cmake/check_qosConfig-version.cmake
-- Up-to-date: /home/kim/open_topic/linux/ws/install/check_qos/share/check_qos/package.xml
