[0.168s] Invoking command in '/home/kim/open_topic/linux/ws/build/check_qos': CMAKE_PREFIX_PATH=${CMAKE_PREFIX_PATH}:/opt/ros/foxy /home/kim/.local/bin/cmake --build /home/kim/open_topic/linux/ws/build/check_qos -- -j12 -l12
[0.247s] -- Found ament_cmake: 0.9.11 (/opt/ros/foxy/share/ament_cmake/cmake)
[0.290s] -- Using PYTHON_EXECUTABLE: /usr/bin/python3
[0.540s] -- Found rclcpp: 2.4.2 (/opt/ros/foxy/share/rclcpp/cmake)
[0.582s] -- Using all available rosidl_typesupport_c: rosidl_typesupport_fastrtps_c;rosidl_typesupport_introspection_c
[0.582s] -- Found rosidl_adapter: 1.3.0 (/opt/ros/foxy/share/rosidl_adapter/cmake)
[0.718s] -- Using all available rosidl_typesupport_cpp: rosidl_typesupport_fastrtps_cpp;rosidl_typesupport_introspection_cpp
[0.775s] -- Found rmw_implementation_cmake: 1.0.4 (/opt/ros/foxy/share/rmw_implementation_cmake/cmake)
[0.775s] -- Using RMW implementation 'rmw_fastrtps_cpp' as default
[0.889s] -- Found rclpy: 1.0.12 (/opt/ros/foxy/share/rclpy/cmake)
[0.994s] -- Configuring done
[1.001s] -- Generating done
[1.003s] -- Build files have been written to: /home/kim/open_topic/linux/ws/build/check_qos
[1.060s] [100%] Built target cpp_node_test
[1.072s] Invoked command in '/home/kim/open_topic/linux/ws/build/check_qos' returned '0': CMAKE_PREFIX_PATH=${CMAKE_PREFIX_PATH}:/opt/ros/foxy /home/kim/.local/bin/cmake --build /home/kim/open_topic/linux/ws/build/check_qos -- -j12 -l12
[1.148s] Invoking command in '/home/kim/open_topic/linux/ws/build/check_qos': CMAKE_PREFIX_PATH=${CMAKE_PREFIX_PATH}:/opt/ros/foxy /home/kim/.local/bin/cmake --install /home/kim/open_topic/linux/ws/build/check_qos
[1.178s] -- Install configuration: ""
[1.178s] -- Up-to-date: /home/kim/open_topic/linux/ws/install/check_qos/share/check_qos/environment/pythonpath.sh
[1.178s] -- Installing: /home/kim/open_topic/linux/ws/install/check_qos/share/check_qos/environment/pythonpath.dsv
[1.178s] -- Up-to-date: /home/kim/open_topic/linux/ws/install/check_qos/lib/python3.8/site-packages/check_qos
[1.178s] -- Up-to-date: /home/kim/open_topic/linux/ws/install/check_qos/lib/python3.8/site-packages/check_qos/dummy_module.py
[1.178s] -- Up-to-date: /home/kim/open_topic/linux/ws/install/check_qos/lib/python3.8/site-packages/check_qos/__init__.py
[1.227s] Listing '/home/kim/open_topic/linux/ws/install/check_qos/lib/python3.8/site-packages/check_qos'...
[1.232s] -- Installing: /home/kim/open_topic/linux/ws/install/check_qos/lib/check_qos/pub.py
[1.232s] -- Installing: /home/kim/open_topic/linux/ws/install/check_qos/lib/check_qos/sub1.py
[1.232s] -- Installing: /home/kim/open_topic/linux/ws/install/check_qos/lib/check_qos/sub2.py
[1.232s] -- Up-to-date: /home/kim/open_topic/linux/ws/install/check_qos/share/check_qos
[1.233s] -- Up-to-date: /home/kim/open_topic/linux/ws/install/check_qos/share/ament_index/resource_index/package_run_dependencies/check_qos
[1.233s] -- Installing: /home/kim/open_topic/linux/ws/install/check_qos/share/ament_index/resource_index/parent_prefix_path/check_qos
[1.233s] -- Up-to-date: /home/kim/open_topic/linux/ws/install/check_qos/share/check_qos/environment/ament_prefix_path.sh
[1.233s] -- Installing: /home/kim/open_topic/linux/ws/install/check_qos/share/check_qos/environment/ament_prefix_path.dsv
[1.233s] -- Up-to-date: /home/kim/open_topic/linux/ws/install/check_qos/share/check_qos/environment/path.sh
[1.233s] -- Installing: /home/kim/open_topic/linux/ws/install/check_qos/share/check_qos/environment/path.dsv
[1.233s] -- Up-to-date: /home/kim/open_topic/linux/ws/install/check_qos/share/check_qos/local_setup.bash
[1.233s] -- Up-to-date: /home/kim/open_topic/linux/ws/install/check_qos/share/check_qos/local_setup.sh
[1.233s] -- Up-to-date: /home/kim/open_topic/linux/ws/install/check_qos/share/check_qos/local_setup.zsh
[1.233s] -- Installing: /home/kim/open_topic/linux/ws/install/check_qos/share/check_qos/local_setup.dsv
[1.233s] -- Installing: /home/kim/open_topic/linux/ws/install/check_qos/share/check_qos/package.dsv
[1.233s] -- Up-to-date: /home/kim/open_topic/linux/ws/install/check_qos/share/ament_index/resource_index/packages/check_qos
[1.233s] -- Up-to-date: /home/kim/open_topic/linux/ws/install/check_qos/share/check_qos/cmake/check_qosConfig.cmake
[1.233s] -- Up-to-date: /home/kim/open_topic/linux/ws/install/check_qos/share/check_qos/cmake/check_qosConfig-version.cmake
[1.233s] -- Up-to-date: /home/kim/open_topic/linux/ws/install/check_qos/share/check_qos/package.xml
[1.247s] Invoked command in '/home/kim/open_topic/linux/ws/build/check_qos' returned '0': CMAKE_PREFIX_PATH=${CMAKE_PREFIX_PATH}:/opt/ros/foxy /home/kim/.local/bin/cmake --install /home/kim/open_topic/linux/ws/build/check_qos
