[0.066s] Invoking command in '/home/kim/open_topic/linux/ws/build/fake_pixel': CMAKE_PREFIX_PATH=${CMAKE_PREFIX_PATH}:/opt/ros/foxy /home/kim/.local/bin/cmake --build /home/kim/open_topic/linux/ws/build/fake_pixel -- -j12 -l12
[0.108s] [100%] Built target cpp_node_test
[0.113s] Invoked command in '/home/kim/open_topic/linux/ws/build/fake_pixel' returned '0': CMAKE_PREFIX_PATH=${CMAKE_PREFIX_PATH}:/opt/ros/foxy /home/kim/.local/bin/cmake --build /home/kim/open_topic/linux/ws/build/fake_pixel -- -j12 -l12
[0.187s] Invoking command in '/home/kim/open_topic/linux/ws/build/fake_pixel': CMAKE_PREFIX_PATH=${CMAKE_PREFIX_PATH}:/opt/ros/foxy /home/kim/.local/bin/cmake --install /home/kim/open_topic/linux/ws/build/fake_pixel
[0.212s] -- Install configuration: ""
[0.212s] -- Up-to-date: /home/kim/open_topic/linux/ws/install/fake_pixel/share/fake_pixel/environment/pythonpath.sh
[0.212s] -- Up-to-date: /home/kim/open_topic/linux/ws/install/fake_pixel/share/fake_pixel/environment/pythonpath.dsv
[0.212s] -- Up-to-date: /home/kim/open_topic/linux/ws/install/fake_pixel/lib/python3.8/site-packages/fake_pixel
[0.212s] -- Up-to-date: /home/kim/open_topic/linux/ws/install/fake_pixel/lib/python3.8/site-packages/fake_pixel/dummy_module.py
[0.212s] -- Up-to-date: /home/kim/open_topic/linux/ws/install/fake_pixel/lib/python3.8/site-packages/fake_pixel/__init__.py
[0.240s] Listing '/home/kim/open_topic/linux/ws/install/fake_pixel/lib/python3.8/site-packages/fake_pixel'...
[0.245s] -- Up-to-date: /home/kim/open_topic/linux/ws/install/fake_pixel/lib/fake_pixel/pub_pixel.py
[0.245s] -- Up-to-date: /home/kim/open_topic/linux/ws/install/fake_pixel/share/fake_pixel
[0.245s] -- Up-to-date: /home/kim/open_topic/linux/ws/install/fake_pixel/share/ament_index/resource_index/package_run_dependencies/fake_pixel
[0.245s] -- Up-to-date: /home/kim/open_topic/linux/ws/install/fake_pixel/share/ament_index/resource_index/parent_prefix_path/fake_pixel
[0.246s] -- Up-to-date: /home/kim/open_topic/linux/ws/install/fake_pixel/share/fake_pixel/environment/ament_prefix_path.sh
[0.246s] -- Up-to-date: /home/kim/open_topic/linux/ws/install/fake_pixel/share/fake_pixel/environment/ament_prefix_path.dsv
[0.246s] -- Up-to-date: /home/kim/open_topic/linux/ws/install/fake_pixel/share/fake_pixel/environment/path.sh
[0.246s] -- Up-to-date: /home/kim/open_topic/linux/ws/install/fake_pixel/share/fake_pixel/environment/path.dsv
[0.246s] -- Up-to-date: /home/kim/open_topic/linux/ws/install/fake_pixel/share/fake_pixel/local_setup.bash
[0.247s] -- Up-to-date: /home/kim/open_topic/linux/ws/install/fake_pixel/share/fake_pixel/local_setup.sh
[0.247s] -- Up-to-date: /home/kim/open_topic/linux/ws/install/fake_pixel/share/fake_pixel/local_setup.zsh
[0.247s] -- Up-to-date: /home/kim/open_topic/linux/ws/install/fake_pixel/share/fake_pixel/local_setup.dsv
[0.247s] -- Installing: /home/kim/open_topic/linux/ws/install/fake_pixel/share/fake_pixel/package.dsv
[0.247s] -- Up-to-date: /home/kim/open_topic/linux/ws/install/fake_pixel/share/ament_index/resource_index/packages/fake_pixel
[0.247s] -- Up-to-date: /home/kim/open_topic/linux/ws/install/fake_pixel/share/fake_pixel/cmake/fake_pixelConfig.cmake
[0.247s] -- Up-to-date: /home/kim/open_topic/linux/ws/install/fake_pixel/share/fake_pixel/cmake/fake_pixelConfig-version.cmake
[0.247s] -- Up-to-date: /home/kim/open_topic/linux/ws/install/fake_pixel/share/fake_pixel/package.xml
[0.291s] Invoked command in '/home/kim/open_topic/linux/ws/build/fake_pixel' returned '0': CMAKE_PREFIX_PATH=${CMAKE_PREFIX_PATH}:/opt/ros/foxy /home/kim/.local/bin/cmake --install /home/kim/open_topic/linux/ws/build/fake_pixel
