[0.028s] Invoking command in '/home/kim/open_topic/linux/ws/build/fake_image': CMAKE_PREFIX_PATH=${CMAKE_PREFIX_PATH}:/opt/ros/foxy /home/kim/.local/bin/cmake /home/kim/open_topic/linux/ws/src/fake_image -DCMAKE_INSTALL_PREFIX=/home/kim/open_topic/linux/ws/install/fake_image
[0.238s] -- The C compiler identification is GNU 9.4.0
[0.380s] -- The CXX compiler identification is GNU 9.4.0
[0.401s] -- Detecting C compiler ABI info
[0.459s] -- Detecting C compiler ABI info - done
[0.467s] -- Check for working C compiler: /usr/bin/cc - skipped
[0.468s] -- Detecting C compile features
[0.469s] -- Detecting C compile features - done
[0.473s] -- Detecting CXX compiler ABI info
[0.533s] -- Detecting CXX compiler ABI info - done
[0.540s] -- Check for working CXX compiler: /usr/bin/c++ - skipped
[0.540s] -- Detecting CXX compile features
[0.541s] -- Detecting CXX compile features - done
[0.548s] -- Found ament_cmake: 0.9.11 (/opt/ros/foxy/share/ament_cmake/cmake)
[0.577s] -- Found PythonInterp: /usr/bin/python3 (found suitable version "3.8.10", minimum required is "3") 
[0.577s] -- Using PYTHON_EXECUTABLE: /usr/bin/python3
[0.772s] -- Found rclcpp: 2.4.2 (/opt/ros/foxy/share/rclcpp/cmake)
[0.832s] -- Using all available rosidl_typesupport_c: rosidl_typesupport_fastrtps_c;rosidl_typesupport_introspection_c
[0.841s] -- Found rosidl_adapter: 1.3.0 (/opt/ros/foxy/share/rosidl_adapter/cmake)
[0.918s] -- Found OpenSSL: /usr/lib/x86_64-linux-gnu/libcrypto.so (found version "1.1.1f")  
[0.944s] -- Found FastRTPS: /opt/ros/foxy/include  
[1.023s] -- Using all available rosidl_typesupport_cpp: rosidl_typesupport_fastrtps_cpp;rosidl_typesupport_introspection_cpp
[1.090s] -- Found rmw_implementation_cmake: 1.0.3 (/opt/ros/foxy/share/rmw_implementation_cmake/cmake)
[1.093s] -- Using RMW implementation 'rmw_fastrtps_cpp' as default
[1.095s] -- Performing Test CMAKE_HAVE_LIBC_PTHREAD
[1.155s] -- Performing Test CMAKE_HAVE_LIBC_PTHREAD - Failed
[1.155s] -- Looking for pthread_create in pthreads
[1.194s] -- Looking for pthread_create in pthreads - not found
[1.194s] -- Looking for pthread_create in pthread
[1.240s] -- Looking for pthread_create in pthread - found
[1.241s] -- Found Threads: TRUE  
[1.384s] -- Found rclpy: 1.0.11 (/opt/ros/foxy/share/rclpy/cmake)
[1.544s] -- Configuring done
[1.552s] -- Generating done
[1.554s] -- Build files have been written to: /home/kim/open_topic/linux/ws/build/fake_image
[1.565s] Invoked command in '/home/kim/open_topic/linux/ws/build/fake_image' returned '0': CMAKE_PREFIX_PATH=${CMAKE_PREFIX_PATH}:/opt/ros/foxy /home/kim/.local/bin/cmake /home/kim/open_topic/linux/ws/src/fake_image -DCMAKE_INSTALL_PREFIX=/home/kim/open_topic/linux/ws/install/fake_image
[1.569s] Invoking command in '/home/kim/open_topic/linux/ws/build/fake_image': CMAKE_PREFIX_PATH=${CMAKE_PREFIX_PATH}:/opt/ros/foxy /home/kim/.local/bin/cmake --build /home/kim/open_topic/linux/ws/build/fake_image -- -j12 -l12
[1.610s] [ 50%] [32mBuilding CXX object CMakeFiles/cpp_node_test.dir/src/cpp_node.cpp.o[0m
[1.824s] [100%] [32m[1mLinking CXX executable cpp_node_test[0m
[1.911s] [100%] Built target cpp_node_test
[1.918s] Invoked command in '/home/kim/open_topic/linux/ws/build/fake_image' returned '0': CMAKE_PREFIX_PATH=${CMAKE_PREFIX_PATH}:/opt/ros/foxy /home/kim/.local/bin/cmake --build /home/kim/open_topic/linux/ws/build/fake_image -- -j12 -l12
[1.993s] Invoking command in '/home/kim/open_topic/linux/ws/build/fake_image': CMAKE_PREFIX_PATH=${CMAKE_PREFIX_PATH}:/opt/ros/foxy /home/kim/.local/bin/cmake --install /home/kim/open_topic/linux/ws/build/fake_image
[2.016s] -- Install configuration: ""
[2.016s] -- Installing: /home/kim/open_topic/linux/ws/install/fake_image/share/fake_image/environment/pythonpath.sh
[2.016s] -- Installing: /home/kim/open_topic/linux/ws/install/fake_image/share/fake_image/environment/pythonpath.dsv
[2.016s] -- Installing: /home/kim/open_topic/linux/ws/install/fake_image/lib/python3.8/site-packages/fake_image
[2.016s] -- Installing: /home/kim/open_topic/linux/ws/install/fake_image/lib/python3.8/site-packages/fake_image/dummy_module.py
[2.016s] -- Installing: /home/kim/open_topic/linux/ws/install/fake_image/lib/python3.8/site-packages/fake_image/__init__.py
[2.045s] Listing '/home/kim/open_topic/linux/ws/install/fake_image/lib/python3.8/site-packages/fake_image'...
[2.046s] Compiling '/home/kim/open_topic/linux/ws/install/fake_image/lib/python3.8/site-packages/fake_image/__init__.py'...
[2.046s] Compiling '/home/kim/open_topic/linux/ws/install/fake_image/lib/python3.8/site-packages/fake_image/dummy_module.py'...
[2.050s] -- Installing: /home/kim/open_topic/linux/ws/install/fake_image/lib/fake_image/dummy_script.py
[2.050s] -- Up-to-date: /home/kim/open_topic/linux/ws/install/fake_image/share/fake_image
[2.050s] -- Installing: /home/kim/open_topic/linux/ws/install/fake_image/share/ament_index/resource_index/package_run_dependencies/fake_image
[2.050s] -- Installing: /home/kim/open_topic/linux/ws/install/fake_image/share/ament_index/resource_index/parent_prefix_path/fake_image
[2.050s] -- Installing: /home/kim/open_topic/linux/ws/install/fake_image/share/fake_image/environment/ament_prefix_path.sh
[2.050s] -- Installing: /home/kim/open_topic/linux/ws/install/fake_image/share/fake_image/environment/ament_prefix_path.dsv
[2.050s] -- Installing: /home/kim/open_topic/linux/ws/install/fake_image/share/fake_image/environment/path.sh
[2.050s] -- Installing: /home/kim/open_topic/linux/ws/install/fake_image/share/fake_image/environment/path.dsv
[2.050s] -- Installing: /home/kim/open_topic/linux/ws/install/fake_image/share/fake_image/local_setup.bash
[2.051s] -- Installing: /home/kim/open_topic/linux/ws/install/fake_image/share/fake_image/local_setup.sh
[2.051s] -- Installing: /home/kim/open_topic/linux/ws/install/fake_image/share/fake_image/local_setup.zsh
[2.051s] -- Installing: /home/kim/open_topic/linux/ws/install/fake_image/share/fake_image/local_setup.dsv
[2.051s] -- Installing: /home/kim/open_topic/linux/ws/install/fake_image/share/fake_image/package.dsv
[2.051s] -- Installing: /home/kim/open_topic/linux/ws/install/fake_image/share/ament_index/resource_index/packages/fake_image
[2.051s] -- Installing: /home/kim/open_topic/linux/ws/install/fake_image/share/fake_image/cmake/fake_imageConfig.cmake
[2.051s] -- Installing: /home/kim/open_topic/linux/ws/install/fake_image/share/fake_image/cmake/fake_imageConfig-version.cmake
[2.051s] -- Installing: /home/kim/open_topic/linux/ws/install/fake_image/share/fake_image/package.xml
[2.056s] Invoked command in '/home/kim/open_topic/linux/ws/build/fake_image' returned '0': CMAKE_PREFIX_PATH=${CMAKE_PREFIX_PATH}:/opt/ros/foxy /home/kim/.local/bin/cmake --install /home/kim/open_topic/linux/ws/build/fake_image
