[0.030s] Invoking command in '/home/carver/kim_open_topic/linux/ws/build/fake_pixel': CMAKE_PREFIX_PATH=/home/carver/cartesian_controller_ws/install/cartesian_compliance_controller:/home/carver/cartesian_controller_ws/install/cartesian_motion_controller:/home/carver/cartesian_controller_ws/install/cartesian_force_controller:/home/carver/py_tree_ws/install/py_trees_ros_tutorials:/home/carver/py_tree_ws/install/py_trees_ros:/home/carver/ur_ws/install/rqt_joint_trajectory_controller:/home/carver/ur_ws/install/ros2_controllers_test_nodes:/opt/ros/humble:/home/carver/cartesian_controller_ws/install/cartesian_controller_tests:/home/carver/cartesian_controller_ws/install/cartesian_controller_simulation:/home/carver/cartesian_controller_ws/install/cartesian_controller_handles:/home/carver/cartesian_controller_ws/install/cartesian_controller_base:/home/carver/ur_ws/install/ur:/home/carver/ur_ws/install/ur_calibration:/home/carver/ur_ws/install/ur_robot_driver:/home/carver/ur_ws/install/ur_bringup:/home/carver/ur_ws/install/ros2_controllers:/home/carver/ur_ws/install/velocity_controllers:/home/carver/ur_ws/install/ur_moveit_config:/home/carver/ur_ws/install/ur_description:/home/carver/ur_ws/install/ur_controllers:/home/carver/ur_ws/install/ur_dashboard_msgs:/home/carver/ur_ws/install/tricycle_controller:/home/carver/ur_ws/install/position_controllers:/home/carver/ur_ws/install/joint_trajectory_controller:/home/carver/ur_ws/install/joint_state_broadcaster:/home/carver/ur_ws/install/imu_sensor_broadcaster:/home/carver/ur_ws/install/gripper_controllers:/home/carver/ur_ws/install/effort_controllers:/home/carver/ur_ws/install/forward_command_controller:/home/carver/ur_ws/install/force_torque_sensor_broadcaster:/home/carver/ur_ws/install/diff_drive_controller:/home/carver/carverhand_ws/install/package_name:/home/carver/carverhand_ws/install/carver_ft /usr/bin/cmake /home/carver/kim_open_topic/linux/ws/src/fake_pixel -DCMAKE_INSTALL_PREFIX=/home/carver/kim_open_topic/linux/ws/install/fake_pixel
[0.149s] -- The C compiler identification is GNU 11.3.0
[0.223s] -- The CXX compiler identification is GNU 11.3.0
[0.232s] -- Detecting C compiler ABI info
[0.275s] -- Detecting C compiler ABI info - done
[0.279s] -- Check for working C compiler: /usr/bin/cc - skipped
[0.279s] -- Detecting C compile features
[0.280s] -- Detecting C compile features - done
[0.282s] -- Detecting CXX compiler ABI info
[0.328s] -- Detecting CXX compiler ABI info - done
[0.335s] -- Check for working CXX compiler: /usr/bin/c++ - skipped
[0.335s] -- Detecting CXX compile features
[0.335s] -- Detecting CXX compile features - done
[0.348s] -- Found ament_cmake: 1.3.2 (/opt/ros/humble/share/ament_cmake/cmake)
[0.496s] -- Found Python3: /usr/bin/python3.10 (found version "3.10.6") found components: Interpreter 
[0.655s] -- Found rclcpp: 16.0.1 (/opt/ros/humble/share/rclcpp/cmake)
[0.715s] -- Found rosidl_generator_c: 3.1.3 (/opt/ros/humble/share/rosidl_generator_c/cmake)
[0.719s] -- Found rosidl_adapter: 3.1.3 (/opt/ros/humble/share/rosidl_adapter/cmake)
[0.726s] -- Found rosidl_generator_cpp: 3.1.3 (/opt/ros/humble/share/rosidl_generator_cpp/cmake)
[0.748s] -- Using all available rosidl_typesupport_c: rosidl_typesupport_fastrtps_c;rosidl_typesupport_introspection_c
[0.776s] -- Using all available rosidl_typesupport_cpp: rosidl_typesupport_fastrtps_cpp;rosidl_typesupport_introspection_cpp
[0.840s] -- Found rmw_implementation_cmake: 6.1.0 (/opt/ros/humble/share/rmw_implementation_cmake/cmake)
[0.847s] -- Found rmw_fastrtps_cpp: 6.2.1 (/opt/ros/humble/share/rmw_fastrtps_cpp/cmake)
[0.926s] -- Found OpenSSL: /usr/lib/x86_64-linux-gnu/libcrypto.so (found version "3.0.2")  
[0.946s] -- Found FastRTPS: /opt/ros/humble/include  
[0.976s] -- Using RMW implementation 'rmw_fastrtps_cpp' as default
[1.099s] -- Found rclpy: 3.3.4 (/opt/ros/humble/share/rclpy/cmake)
[1.284s] -- Configuring done
[1.289s] -- Generating done
[1.289s] -- Build files have been written to: /home/carver/kim_open_topic/linux/ws/build/fake_pixel
[1.299s] Invoked command in '/home/carver/kim_open_topic/linux/ws/build/fake_pixel' returned '0': CMAKE_PREFIX_PATH=/home/carver/cartesian_controller_ws/install/cartesian_compliance_controller:/home/carver/cartesian_controller_ws/install/cartesian_motion_controller:/home/carver/cartesian_controller_ws/install/cartesian_force_controller:/home/carver/py_tree_ws/install/py_trees_ros_tutorials:/home/carver/py_tree_ws/install/py_trees_ros:/home/carver/ur_ws/install/rqt_joint_trajectory_controller:/home/carver/ur_ws/install/ros2_controllers_test_nodes:/opt/ros/humble:/home/carver/cartesian_controller_ws/install/cartesian_controller_tests:/home/carver/cartesian_controller_ws/install/cartesian_controller_simulation:/home/carver/cartesian_controller_ws/install/cartesian_controller_handles:/home/carver/cartesian_controller_ws/install/cartesian_controller_base:/home/carver/ur_ws/install/ur:/home/carver/ur_ws/install/ur_calibration:/home/carver/ur_ws/install/ur_robot_driver:/home/carver/ur_ws/install/ur_bringup:/home/carver/ur_ws/install/ros2_controllers:/home/carver/ur_ws/install/velocity_controllers:/home/carver/ur_ws/install/ur_moveit_config:/home/carver/ur_ws/install/ur_description:/home/carver/ur_ws/install/ur_controllers:/home/carver/ur_ws/install/ur_dashboard_msgs:/home/carver/ur_ws/install/tricycle_controller:/home/carver/ur_ws/install/position_controllers:/home/carver/ur_ws/install/joint_trajectory_controller:/home/carver/ur_ws/install/joint_state_broadcaster:/home/carver/ur_ws/install/imu_sensor_broadcaster:/home/carver/ur_ws/install/gripper_controllers:/home/carver/ur_ws/install/effort_controllers:/home/carver/ur_ws/install/forward_command_controller:/home/carver/ur_ws/install/force_torque_sensor_broadcaster:/home/carver/ur_ws/install/diff_drive_controller:/home/carver/carverhand_ws/install/package_name:/home/carver/carverhand_ws/install/carver_ft /usr/bin/cmake /home/carver/kim_open_topic/linux/ws/src/fake_pixel -DCMAKE_INSTALL_PREFIX=/home/carver/kim_open_topic/linux/ws/install/fake_pixel
[1.300s] Invoking command in '/home/carver/kim_open_topic/linux/ws/build/fake_pixel': CMAKE_PREFIX_PATH=/home/carver/cartesian_controller_ws/install/cartesian_compliance_controller:/home/carver/cartesian_controller_ws/install/cartesian_motion_controller:/home/carver/cartesian_controller_ws/install/cartesian_force_controller:/home/carver/py_tree_ws/install/py_trees_ros_tutorials:/home/carver/py_tree_ws/install/py_trees_ros:/home/carver/ur_ws/install/rqt_joint_trajectory_controller:/home/carver/ur_ws/install/ros2_controllers_test_nodes:/opt/ros/humble:/home/carver/cartesian_controller_ws/install/cartesian_controller_tests:/home/carver/cartesian_controller_ws/install/cartesian_controller_simulation:/home/carver/cartesian_controller_ws/install/cartesian_controller_handles:/home/carver/cartesian_controller_ws/install/cartesian_controller_base:/home/carver/ur_ws/install/ur:/home/carver/ur_ws/install/ur_calibration:/home/carver/ur_ws/install/ur_robot_driver:/home/carver/ur_ws/install/ur_bringup:/home/carver/ur_ws/install/ros2_controllers:/home/carver/ur_ws/install/velocity_controllers:/home/carver/ur_ws/install/ur_moveit_config:/home/carver/ur_ws/install/ur_description:/home/carver/ur_ws/install/ur_controllers:/home/carver/ur_ws/install/ur_dashboard_msgs:/home/carver/ur_ws/install/tricycle_controller:/home/carver/ur_ws/install/position_controllers:/home/carver/ur_ws/install/joint_trajectory_controller:/home/carver/ur_ws/install/joint_state_broadcaster:/home/carver/ur_ws/install/imu_sensor_broadcaster:/home/carver/ur_ws/install/gripper_controllers:/home/carver/ur_ws/install/effort_controllers:/home/carver/ur_ws/install/forward_command_controller:/home/carver/ur_ws/install/force_torque_sensor_broadcaster:/home/carver/ur_ws/install/diff_drive_controller:/home/carver/carverhand_ws/install/package_name:/home/carver/carverhand_ws/install/carver_ft /usr/bin/cmake --build /home/carver/kim_open_topic/linux/ws/build/fake_pixel -- -j20 -l20
[1.324s] [ 50%] [32mBuilding CXX object CMakeFiles/cpp_node_test.dir/src/cpp_node.cpp.o[0m
[1.329s] [ 50%] Built target ament_cmake_python_copy_fake_pixel
[1.578s] [100%] [32m[1mLinking CXX executable cpp_node_test[0m
[1.627s] running egg_info
[1.627s] creating fake_pixel.egg-info
[1.628s] writing fake_pixel.egg-info/PKG-INFO
[1.628s] writing dependency_links to fake_pixel.egg-info/dependency_links.txt
[1.628s] writing top-level names to fake_pixel.egg-info/top_level.txt
[1.628s] writing manifest file 'fake_pixel.egg-info/SOURCES.txt'
[1.633s] reading manifest file 'fake_pixel.egg-info/SOURCES.txt'
[1.633s] writing manifest file 'fake_pixel.egg-info/SOURCES.txt'
[1.655s] [100%] Built target cpp_node_test
[1.668s] [100%] Built target ament_cmake_python_build_fake_pixel_egg
[1.675s] Invoked command in '/home/carver/kim_open_topic/linux/ws/build/fake_pixel' returned '0': CMAKE_PREFIX_PATH=/home/carver/cartesian_controller_ws/install/cartesian_compliance_controller:/home/carver/cartesian_controller_ws/install/cartesian_motion_controller:/home/carver/cartesian_controller_ws/install/cartesian_force_controller:/home/carver/py_tree_ws/install/py_trees_ros_tutorials:/home/carver/py_tree_ws/install/py_trees_ros:/home/carver/ur_ws/install/rqt_joint_trajectory_controller:/home/carver/ur_ws/install/ros2_controllers_test_nodes:/opt/ros/humble:/home/carver/cartesian_controller_ws/install/cartesian_controller_tests:/home/carver/cartesian_controller_ws/install/cartesian_controller_simulation:/home/carver/cartesian_controller_ws/install/cartesian_controller_handles:/home/carver/cartesian_controller_ws/install/cartesian_controller_base:/home/carver/ur_ws/install/ur:/home/carver/ur_ws/install/ur_calibration:/home/carver/ur_ws/install/ur_robot_driver:/home/carver/ur_ws/install/ur_bringup:/home/carver/ur_ws/install/ros2_controllers:/home/carver/ur_ws/install/velocity_controllers:/home/carver/ur_ws/install/ur_moveit_config:/home/carver/ur_ws/install/ur_description:/home/carver/ur_ws/install/ur_controllers:/home/carver/ur_ws/install/ur_dashboard_msgs:/home/carver/ur_ws/install/tricycle_controller:/home/carver/ur_ws/install/position_controllers:/home/carver/ur_ws/install/joint_trajectory_controller:/home/carver/ur_ws/install/joint_state_broadcaster:/home/carver/ur_ws/install/imu_sensor_broadcaster:/home/carver/ur_ws/install/gripper_controllers:/home/carver/ur_ws/install/effort_controllers:/home/carver/ur_ws/install/forward_command_controller:/home/carver/ur_ws/install/force_torque_sensor_broadcaster:/home/carver/ur_ws/install/diff_drive_controller:/home/carver/carverhand_ws/install/package_name:/home/carver/carverhand_ws/install/carver_ft /usr/bin/cmake --build /home/carver/kim_open_topic/linux/ws/build/fake_pixel -- -j20 -l20
[1.695s] Invoking command in '/home/carver/kim_open_topic/linux/ws/build/fake_pixel': CMAKE_PREFIX_PATH=/home/carver/cartesian_controller_ws/install/cartesian_compliance_controller:/home/carver/cartesian_controller_ws/install/cartesian_motion_controller:/home/carver/cartesian_controller_ws/install/cartesian_force_controller:/home/carver/py_tree_ws/install/py_trees_ros_tutorials:/home/carver/py_tree_ws/install/py_trees_ros:/home/carver/ur_ws/install/rqt_joint_trajectory_controller:/home/carver/ur_ws/install/ros2_controllers_test_nodes:/opt/ros/humble:/home/carver/cartesian_controller_ws/install/cartesian_controller_tests:/home/carver/cartesian_controller_ws/install/cartesian_controller_simulation:/home/carver/cartesian_controller_ws/install/cartesian_controller_handles:/home/carver/cartesian_controller_ws/install/cartesian_controller_base:/home/carver/ur_ws/install/ur:/home/carver/ur_ws/install/ur_calibration:/home/carver/ur_ws/install/ur_robot_driver:/home/carver/ur_ws/install/ur_bringup:/home/carver/ur_ws/install/ros2_controllers:/home/carver/ur_ws/install/velocity_controllers:/home/carver/ur_ws/install/ur_moveit_config:/home/carver/ur_ws/install/ur_description:/home/carver/ur_ws/install/ur_controllers:/home/carver/ur_ws/install/ur_dashboard_msgs:/home/carver/ur_ws/install/tricycle_controller:/home/carver/ur_ws/install/position_controllers:/home/carver/ur_ws/install/joint_trajectory_controller:/home/carver/ur_ws/install/joint_state_broadcaster:/home/carver/ur_ws/install/imu_sensor_broadcaster:/home/carver/ur_ws/install/gripper_controllers:/home/carver/ur_ws/install/effort_controllers:/home/carver/ur_ws/install/forward_command_controller:/home/carver/ur_ws/install/force_torque_sensor_broadcaster:/home/carver/ur_ws/install/diff_drive_controller:/home/carver/carverhand_ws/install/package_name:/home/carver/carverhand_ws/install/carver_ft /usr/bin/cmake --install /home/carver/kim_open_topic/linux/ws/build/fake_pixel
[1.699s] -- Install configuration: ""
[1.699s] -- Installing: /home/carver/kim_open_topic/linux/ws/install/fake_pixel/share/fake_pixel/environment/pythonpath.sh
[1.699s] -- Installing: /home/carver/kim_open_topic/linux/ws/install/fake_pixel/share/fake_pixel/environment/pythonpath.dsv
[1.699s] -- Installing: /home/carver/kim_open_topic/linux/ws/install/fake_pixel/local/lib/python3.10/dist-packages/fake_pixel-0.0.0-py3.10.egg-info
[1.699s] -- Installing: /home/carver/kim_open_topic/linux/ws/install/fake_pixel/local/lib/python3.10/dist-packages/fake_pixel-0.0.0-py3.10.egg-info/top_level.txt
[1.699s] -- Installing: /home/carver/kim_open_topic/linux/ws/install/fake_pixel/local/lib/python3.10/dist-packages/fake_pixel-0.0.0-py3.10.egg-info/SOURCES.txt
[1.699s] -- Installing: /home/carver/kim_open_topic/linux/ws/install/fake_pixel/local/lib/python3.10/dist-packages/fake_pixel-0.0.0-py3.10.egg-info/PKG-INFO
[1.699s] -- Installing: /home/carver/kim_open_topic/linux/ws/install/fake_pixel/local/lib/python3.10/dist-packages/fake_pixel-0.0.0-py3.10.egg-info/dependency_links.txt
[1.699s] -- Installing: /home/carver/kim_open_topic/linux/ws/install/fake_pixel/local/lib/python3.10/dist-packages/fake_pixel
[1.700s] -- Installing: /home/carver/kim_open_topic/linux/ws/install/fake_pixel/local/lib/python3.10/dist-packages/fake_pixel/dummy_module.py
[1.700s] -- Installing: /home/carver/kim_open_topic/linux/ws/install/fake_pixel/local/lib/python3.10/dist-packages/fake_pixel/__init__.py
[1.743s] Listing '/home/carver/kim_open_topic/linux/ws/install/fake_pixel/local/lib/python3.10/dist-packages/fake_pixel'...
[1.743s] Compiling '/home/carver/kim_open_topic/linux/ws/install/fake_pixel/local/lib/python3.10/dist-packages/fake_pixel/__init__.py'...
[1.743s] Compiling '/home/carver/kim_open_topic/linux/ws/install/fake_pixel/local/lib/python3.10/dist-packages/fake_pixel/dummy_module.py'...
[1.746s] -- Installing: /home/carver/kim_open_topic/linux/ws/install/fake_pixel/lib/fake_pixel/pub_pixel.py
[1.746s] -- Up-to-date: /home/carver/kim_open_topic/linux/ws/install/fake_pixel/share/fake_pixel
[1.746s] -- Installing: /home/carver/kim_open_topic/linux/ws/install/fake_pixel/share/ament_index/resource_index/package_run_dependencies/fake_pixel
[1.746s] -- Installing: /home/carver/kim_open_topic/linux/ws/install/fake_pixel/share/ament_index/resource_index/parent_prefix_path/fake_pixel
[1.746s] -- Installing: /home/carver/kim_open_topic/linux/ws/install/fake_pixel/share/fake_pixel/environment/ament_prefix_path.sh
[1.746s] -- Installing: /home/carver/kim_open_topic/linux/ws/install/fake_pixel/share/fake_pixel/environment/ament_prefix_path.dsv
[1.746s] -- Installing: /home/carver/kim_open_topic/linux/ws/install/fake_pixel/share/fake_pixel/environment/path.sh
[1.747s] -- Installing: /home/carver/kim_open_topic/linux/ws/install/fake_pixel/share/fake_pixel/environment/path.dsv
[1.747s] -- Installing: /home/carver/kim_open_topic/linux/ws/install/fake_pixel/share/fake_pixel/local_setup.bash
[1.747s] -- Installing: /home/carver/kim_open_topic/linux/ws/install/fake_pixel/share/fake_pixel/local_setup.sh
[1.747s] -- Installing: /home/carver/kim_open_topic/linux/ws/install/fake_pixel/share/fake_pixel/local_setup.zsh
[1.747s] -- Installing: /home/carver/kim_open_topic/linux/ws/install/fake_pixel/share/fake_pixel/local_setup.dsv
[1.747s] -- Installing: /home/carver/kim_open_topic/linux/ws/install/fake_pixel/share/fake_pixel/package.dsv
[1.747s] -- Installing: /home/carver/kim_open_topic/linux/ws/install/fake_pixel/share/ament_index/resource_index/packages/fake_pixel
[1.747s] -- Installing: /home/carver/kim_open_topic/linux/ws/install/fake_pixel/share/fake_pixel/cmake/fake_pixelConfig.cmake
[1.747s] -- Installing: /home/carver/kim_open_topic/linux/ws/install/fake_pixel/share/fake_pixel/cmake/fake_pixelConfig-version.cmake
[1.747s] -- Installing: /home/carver/kim_open_topic/linux/ws/install/fake_pixel/share/fake_pixel/package.xml
[1.788s] Invoked command in '/home/carver/kim_open_topic/linux/ws/build/fake_pixel' returned '0': CMAKE_PREFIX_PATH=/home/carver/cartesian_controller_ws/install/cartesian_compliance_controller:/home/carver/cartesian_controller_ws/install/cartesian_motion_controller:/home/carver/cartesian_controller_ws/install/cartesian_force_controller:/home/carver/py_tree_ws/install/py_trees_ros_tutorials:/home/carver/py_tree_ws/install/py_trees_ros:/home/carver/ur_ws/install/rqt_joint_trajectory_controller:/home/carver/ur_ws/install/ros2_controllers_test_nodes:/opt/ros/humble:/home/carver/cartesian_controller_ws/install/cartesian_controller_tests:/home/carver/cartesian_controller_ws/install/cartesian_controller_simulation:/home/carver/cartesian_controller_ws/install/cartesian_controller_handles:/home/carver/cartesian_controller_ws/install/cartesian_controller_base:/home/carver/ur_ws/install/ur:/home/carver/ur_ws/install/ur_calibration:/home/carver/ur_ws/install/ur_robot_driver:/home/carver/ur_ws/install/ur_bringup:/home/carver/ur_ws/install/ros2_controllers:/home/carver/ur_ws/install/velocity_controllers:/home/carver/ur_ws/install/ur_moveit_config:/home/carver/ur_ws/install/ur_description:/home/carver/ur_ws/install/ur_controllers:/home/carver/ur_ws/install/ur_dashboard_msgs:/home/carver/ur_ws/install/tricycle_controller:/home/carver/ur_ws/install/position_controllers:/home/carver/ur_ws/install/joint_trajectory_controller:/home/carver/ur_ws/install/joint_state_broadcaster:/home/carver/ur_ws/install/imu_sensor_broadcaster:/home/carver/ur_ws/install/gripper_controllers:/home/carver/ur_ws/install/effort_controllers:/home/carver/ur_ws/install/forward_command_controller:/home/carver/ur_ws/install/force_torque_sensor_broadcaster:/home/carver/ur_ws/install/diff_drive_controller:/home/carver/carverhand_ws/install/package_name:/home/carver/carverhand_ws/install/carver_ft /usr/bin/cmake --install /home/carver/kim_open_topic/linux/ws/build/fake_pixel
