[0.045s] Invoking command in '/home/kim/open_topic/linux/ws/build/object': CMAKE_PREFIX_PATH=${CMAKE_PREFIX_PATH}:/opt/ros/foxy /home/kim/.local/bin/cmake --build /home/kim/open_topic/linux/ws/build/object -- -j12 -l12
[0.079s] -- Found ament_cmake: 0.9.11 (/opt/ros/foxy/share/ament_cmake/cmake)
[0.098s] -- Using PYTHON_EXECUTABLE: /usr/bin/python3
[0.234s] -- Override CMake install command with custom implementation using symlinks instead of copying resources
[0.245s] -- Found rclcpp: 2.4.2 (/opt/ros/foxy/share/rclcpp/cmake)
[0.267s] -- Using all available rosidl_typesupport_c: rosidl_typesupport_fastrtps_c;rosidl_typesupport_introspection_c
[0.269s] -- Found rosidl_adapter: 1.3.0 (/opt/ros/foxy/share/rosidl_adapter/cmake)
[0.365s] -- Using all available rosidl_typesupport_cpp: rosidl_typesupport_fastrtps_cpp;rosidl_typesupport_introspection_cpp
[0.402s] -- Found rmw_implementation_cmake: 1.0.3 (/opt/ros/foxy/share/rmw_implementation_cmake/cmake)
[0.403s] -- Using RMW implementation 'rmw_fastrtps_cpp' as default
[0.502s] -- Found rclpy: 1.0.11 (/opt/ros/foxy/share/rclpy/cmake)
[0.565s] -- Configuring done
[0.573s] -- Generating done
[0.574s] -- Build files have been written to: /home/kim/open_topic/linux/ws/build/object
[0.594s] [100%] Built target cpp_node_test
[0.600s] Invoked command in '/home/kim/open_topic/linux/ws/build/object' returned '0': CMAKE_PREFIX_PATH=${CMAKE_PREFIX_PATH}:/opt/ros/foxy /home/kim/.local/bin/cmake --build /home/kim/open_topic/linux/ws/build/object -- -j12 -l12
[0.643s] Invoking command in '/home/kim/open_topic/linux/ws/build/object': CMAKE_PREFIX_PATH=${CMAKE_PREFIX_PATH}:/opt/ros/foxy /home/kim/.local/bin/cmake --install /home/kim/open_topic/linux/ws/build/object
[0.667s] -- Install configuration: ""
[0.667s] -- Execute custom install script
[0.667s] -- Up-to-date symlink: /home/kim/open_topic/linux/ws/install/object/share/object/environment/pythonpath.sh
[0.668s] -- Up-to-date symlink: /home/kim/open_topic/linux/ws/install/object/share/object/environment/pythonpath.dsv
[0.668s] -- Up-to-date symlink: /home/kim/open_topic/linux/ws/install/object/lib/python3.8/site-packages/object/__init__.py
[0.668s] -- Up-to-date symlink: /home/kim/open_topic/linux/ws/install/object/lib/python3.8/site-packages/object/dummy_module.py
[0.668s] -- Up-to-date symlink: /home/kim/open_topic/linux/ws/install/object/lib/object/detect.py
[0.668s] -- Up-to-date symlink: /home/kim/open_topic/linux/ws/install/object/lib/object/display.py
[0.668s] -- Up-to-date symlink: /home/kim/open_topic/linux/ws/install/object/share/ament_index/resource_index/package_run_dependencies/object
[0.669s] -- Up-to-date symlink: /home/kim/open_topic/linux/ws/install/object/share/ament_index/resource_index/parent_prefix_path/object
[0.669s] -- Up-to-date symlink: /home/kim/open_topic/linux/ws/install/object/share/object/environment/ament_prefix_path.sh
[0.669s] -- Up-to-date symlink: /home/kim/open_topic/linux/ws/install/object/share/object/environment/ament_prefix_path.dsv
[0.669s] -- Up-to-date symlink: /home/kim/open_topic/linux/ws/install/object/share/object/environment/path.sh
[0.669s] -- Up-to-date symlink: /home/kim/open_topic/linux/ws/install/object/share/object/environment/path.dsv
[0.669s] -- Up-to-date symlink: /home/kim/open_topic/linux/ws/install/object/share/object/local_setup.bash
[0.669s] -- Up-to-date symlink: /home/kim/open_topic/linux/ws/install/object/share/object/local_setup.sh
[0.669s] -- Up-to-date symlink: /home/kim/open_topic/linux/ws/install/object/share/object/local_setup.zsh
[0.669s] -- Up-to-date symlink: /home/kim/open_topic/linux/ws/install/object/share/object/local_setup.dsv
[0.669s] -- Symlinking: /home/kim/open_topic/linux/ws/install/object/share/object/package.dsv
[0.672s] -- Up-to-date symlink: /home/kim/open_topic/linux/ws/install/object/share/ament_index/resource_index/packages/object
[0.672s] -- Up-to-date symlink: /home/kim/open_topic/linux/ws/install/object/share/object/cmake/objectConfig.cmake
[0.672s] -- Up-to-date symlink: /home/kim/open_topic/linux/ws/install/object/share/object/cmake/objectConfig-version.cmake
[0.672s] -- Up-to-date symlink: /home/kim/open_topic/linux/ws/install/object/share/object/package.xml
[0.700s] Listing '/home/kim/open_topic/linux/ws/install/object/lib/python3.8/site-packages/object'...
[0.714s] Invoked command in '/home/kim/open_topic/linux/ws/build/object' returned '0': CMAKE_PREFIX_PATH=${CMAKE_PREFIX_PATH}:/opt/ros/foxy /home/kim/.local/bin/cmake --install /home/kim/open_topic/linux/ws/build/object
