[0.186s] Invoking command in '/home/kim/open_topic/linux/ws/build/check_qos': CMAKE_PREFIX_PATH=${CMAKE_PREFIX_PATH}:/opt/ros/foxy /home/kim/.local/bin/cmake --build /home/kim/open_topic/linux/ws/build/check_qos -- -j12 -l12
[0.262s] -- Found ament_cmake: 0.9.11 (/opt/ros/foxy/share/ament_cmake/cmake)
[0.291s] -- Using PYTHON_EXECUTABLE: /usr/bin/python3
[0.577s] -- Found rclcpp: 2.4.2 (/opt/ros/foxy/share/rclcpp/cmake)
[0.634s] -- Using all available rosidl_typesupport_c: rosidl_typesupport_fastrtps_c;rosidl_typesupport_introspection_c
[0.636s] -- Found rosidl_adapter: 1.3.0 (/opt/ros/foxy/share/rosidl_adapter/cmake)
[0.759s] -- Using all available rosidl_typesupport_cpp: rosidl_typesupport_fastrtps_cpp;rosidl_typesupport_introspection_cpp
[0.812s] -- Found rmw_implementation_cmake: 1.0.4 (/opt/ros/foxy/share/rmw_implementation_cmake/cmake)
[0.812s] -- Using RMW implementation 'rmw_fastrtps_cpp' as default
[0.962s] -- Found rclpy: 1.0.12 (/opt/ros/foxy/share/rclpy/cmake)
[1.064s] -- Configuring done
[1.077s] -- Generating done
[1.079s] -- Build files have been written to: /home/kim/open_topic/linux/ws/build/check_qos
[1.116s] [100%] Built target cpp_node_test
[1.129s] Invoked command in '/home/kim/open_topic/linux/ws/build/check_qos' returned '0': CMAKE_PREFIX_PATH=${CMAKE_PREFIX_PATH}:/opt/ros/foxy /home/kim/.local/bin/cmake --build /home/kim/open_topic/linux/ws/build/check_qos -- -j12 -l12
[1.215s] Invoking command in '/home/kim/open_topic/linux/ws/build/check_qos': CMAKE_PREFIX_PATH=${CMAKE_PREFIX_PATH}:/opt/ros/foxy /home/kim/.local/bin/cmake --install /home/kim/open_topic/linux/ws/build/check_qos
[1.251s] -- Install configuration: ""
[1.251s] -- Up-to-date: /home/kim/open_topic/linux/ws/install/check_qos/share/check_qos/environment/pythonpath.sh
[1.251s] -- Installing: /home/kim/open_topic/linux/ws/install/check_qos/share/check_qos/environment/pythonpath.dsv
[1.251s] -- Up-to-date: /home/kim/open_topic/linux/ws/install/check_qos/lib/python3.8/site-packages/check_qos
[1.251s] -- Up-to-date: /home/kim/open_topic/linux/ws/install/check_qos/lib/python3.8/site-packages/check_qos/dummy_module.py
[1.251s] -- Up-to-date: /home/kim/open_topic/linux/ws/install/check_qos/lib/python3.8/site-packages/check_qos/__init__.py
[1.303s] Listing '/home/kim/open_topic/linux/ws/install/check_qos/lib/python3.8/site-packages/check_qos'...
[1.314s] [31mCMake Error at cmake_install.cmake:66 (file):
[1.314s]   file INSTALL cannot find
[1.314s]   "/home/kim/open_topic/linux/ws/src/check_qos/scripts/check_qos.py": No such
[1.314s]   file or directory.
[1.314s] 
[1.314s] [0m
[1.320s] Invoked command in '/home/kim/open_topic/linux/ws/build/check_qos' returned '1': CMAKE_PREFIX_PATH=${CMAKE_PREFIX_PATH}:/opt/ros/foxy /home/kim/.local/bin/cmake --install /home/kim/open_topic/linux/ws/build/check_qos
