[0.021s] Invoking command in '/home/kim/open_topic/linux/ws/build/fake_image': CMAKE_PREFIX_PATH=${CMAKE_PREFIX_PATH}:/opt/ros/foxy /home/kim/.local/bin/cmake --build /home/kim/open_topic/linux/ws/build/fake_image -- -j12 -l12
[0.057s] -- Found ament_cmake: 0.9.11 (/opt/ros/foxy/share/ament_cmake/cmake)
[0.077s] -- Using PYTHON_EXECUTABLE: /usr/bin/python3
[0.229s] -- Found rclcpp: 2.4.2 (/opt/ros/foxy/share/rclcpp/cmake)
[0.255s] -- Using all available rosidl_typesupport_c: rosidl_typesupport_fastrtps_c;rosidl_typesupport_introspection_c
[0.258s] -- Found rosidl_adapter: 1.3.0 (/opt/ros/foxy/share/rosidl_adapter/cmake)
[0.353s] -- Using all available rosidl_typesupport_cpp: rosidl_typesupport_fastrtps_cpp;rosidl_typesupport_introspection_cpp
[0.389s] -- Found rmw_implementation_cmake: 1.0.3 (/opt/ros/foxy/share/rmw_implementation_cmake/cmake)
[0.390s] -- Using RMW implementation 'rmw_fastrtps_cpp' as default
[0.488s] -- Found rclpy: 1.0.11 (/opt/ros/foxy/share/rclpy/cmake)
[0.537s] -- Configuring done
[0.545s] -- Generating done
[0.546s] -- Build files have been written to: /home/kim/open_topic/linux/ws/build/fake_image
[0.563s] [100%] Built target cpp_node_test
[0.570s] Invoked command in '/home/kim/open_topic/linux/ws/build/fake_image' returned '0': CMAKE_PREFIX_PATH=${CMAKE_PREFIX_PATH}:/opt/ros/foxy /home/kim/.local/bin/cmake --build /home/kim/open_topic/linux/ws/build/fake_image -- -j12 -l12
[0.639s] Invoking command in '/home/kim/open_topic/linux/ws/build/fake_image': CMAKE_PREFIX_PATH=${CMAKE_PREFIX_PATH}:/opt/ros/foxy /home/kim/.local/bin/cmake --install /home/kim/open_topic/linux/ws/build/fake_image
[0.662s] -- Install configuration: ""
[0.662s] -- Up-to-date: /home/kim/open_topic/linux/ws/install/fake_image/share/fake_image/environment/pythonpath.sh
[0.662s] -- Installing: /home/kim/open_topic/linux/ws/install/fake_image/share/fake_image/environment/pythonpath.dsv
[0.663s] -- Up-to-date: /home/kim/open_topic/linux/ws/install/fake_image/lib/python3.8/site-packages/fake_image
[0.663s] -- Up-to-date: /home/kim/open_topic/linux/ws/install/fake_image/lib/python3.8/site-packages/fake_image/dummy_module.py
[0.663s] -- Up-to-date: /home/kim/open_topic/linux/ws/install/fake_image/lib/python3.8/site-packages/fake_image/__init__.py
[0.690s] Listing '/home/kim/open_topic/linux/ws/install/fake_image/lib/python3.8/site-packages/fake_image'...
[0.693s] -- Installing: /home/kim/open_topic/linux/ws/install/fake_image/lib/fake_image/pub_image.py
[0.693s] -- Up-to-date: /home/kim/open_topic/linux/ws/install/fake_image/share/fake_image
[0.693s] -- Up-to-date: /home/kim/open_topic/linux/ws/install/fake_image/share/ament_index/resource_index/package_run_dependencies/fake_image
[0.693s] -- Installing: /home/kim/open_topic/linux/ws/install/fake_image/share/ament_index/resource_index/parent_prefix_path/fake_image
[0.693s] -- Up-to-date: /home/kim/open_topic/linux/ws/install/fake_image/share/fake_image/environment/ament_prefix_path.sh
[0.693s] -- Installing: /home/kim/open_topic/linux/ws/install/fake_image/share/fake_image/environment/ament_prefix_path.dsv
[0.693s] -- Up-to-date: /home/kim/open_topic/linux/ws/install/fake_image/share/fake_image/environment/path.sh
[0.693s] -- Installing: /home/kim/open_topic/linux/ws/install/fake_image/share/fake_image/environment/path.dsv
[0.693s] -- Up-to-date: /home/kim/open_topic/linux/ws/install/fake_image/share/fake_image/local_setup.bash
[0.693s] -- Up-to-date: /home/kim/open_topic/linux/ws/install/fake_image/share/fake_image/local_setup.sh
[0.693s] -- Up-to-date: /home/kim/open_topic/linux/ws/install/fake_image/share/fake_image/local_setup.zsh
[0.694s] -- Installing: /home/kim/open_topic/linux/ws/install/fake_image/share/fake_image/local_setup.dsv
[0.694s] -- Installing: /home/kim/open_topic/linux/ws/install/fake_image/share/fake_image/package.dsv
[0.694s] -- Up-to-date: /home/kim/open_topic/linux/ws/install/fake_image/share/ament_index/resource_index/packages/fake_image
[0.694s] -- Up-to-date: /home/kim/open_topic/linux/ws/install/fake_image/share/fake_image/cmake/fake_imageConfig.cmake
[0.694s] -- Up-to-date: /home/kim/open_topic/linux/ws/install/fake_image/share/fake_image/cmake/fake_imageConfig-version.cmake
[0.694s] -- Up-to-date: /home/kim/open_topic/linux/ws/install/fake_image/share/fake_image/package.xml
[0.699s] Invoked command in '/home/kim/open_topic/linux/ws/build/fake_image' returned '0': CMAKE_PREFIX_PATH=${CMAKE_PREFIX_PATH}:/opt/ros/foxy /home/kim/.local/bin/cmake --install /home/kim/open_topic/linux/ws/build/fake_image
