-- The C compiler identification is GNU 11.3.0
-- The CXX compiler identification is GNU 11.3.0
-- Detecting C compiler ABI info
-- Detecting C compiler ABI info - done
-- Check for working C compiler: /usr/bin/cc - skipped
-- Detecting C compile features
-- Detecting C compile features - done
-- Detecting CXX compiler ABI info
-- Detecting CXX compiler ABI info - done
-- Check for working CXX compiler: /usr/bin/c++ - skipped
-- Detecting CXX compile features
-- Detecting CXX compile features - done
-- Found ament_cmake: 1.3.2 (/opt/ros/humble/share/ament_cmake/cmake)
-- Found Python3: /usr/bin/python3.10 (found version "3.10.6") found components: Interpreter 
-- Found rclcpp: 16.0.1 (/opt/ros/humble/share/rclcpp/cmake)
-- Found rosidl_generator_c: 3.1.3 (/opt/ros/humble/share/rosidl_generator_c/cmake)
-- Found rosidl_adapter: 3.1.3 (/opt/ros/humble/share/rosidl_adapter/cmake)
-- Found rosidl_generator_cpp: 3.1.3 (/opt/ros/humble/share/rosidl_generator_cpp/cmake)
-- Using all available rosidl_typesupport_c: rosidl_typesupport_fastrtps_c;rosidl_typesupport_introspection_c
-- Using all available rosidl_typesupport_cpp: rosidl_typesupport_fastrtps_cpp;rosidl_typesupport_introspection_cpp
-- Found rmw_implementation_cmake: 6.1.0 (/opt/ros/humble/share/rmw_implementation_cmake/cmake)
-- Found rmw_fastrtps_cpp: 6.2.1 (/opt/ros/humble/share/rmw_fastrtps_cpp/cmake)
-- Found OpenSSL: /usr/lib/x86_64-linux-gnu/libcrypto.so (found version "3.0.2")  
-- Found FastRTPS: /opt/ros/humble/include  
-- Using RMW implementation 'rmw_fastrtps_cpp' as default
-- Found rclpy: 3.3.4 (/opt/ros/humble/share/rclpy/cmake)
-- Configuring done
-- Generating done
-- Build files have been written to: /home/carver/kim_open_topic/linux/ws/build/delay_frame
[ 50%] [32mBuilding CXX object CMakeFiles/cpp_node_test.dir/src/cpp_node.cpp.o[0m
[ 50%] Built target ament_cmake_python_copy_delay_frame
[100%] [32m[1mLinking CXX executable cpp_node_test[0m
running egg_info
creating delay_frame.egg-info
writing delay_frame.egg-info/PKG-INFO
writing dependency_links to delay_frame.egg-info/dependency_links.txt
writing top-level names to delay_frame.egg-info/top_level.txt
writing manifest file 'delay_frame.egg-info/SOURCES.txt'
reading manifest file 'delay_frame.egg-info/SOURCES.txt'
writing manifest file 'delay_frame.egg-info/SOURCES.txt'
[100%] Built target ament_cmake_python_build_delay_frame_egg
[100%] Built target cpp_node_test
-- Install configuration: ""
-- Installing: /home/carver/kim_open_topic/linux/ws/install/delay_frame/share/delay_frame/environment/pythonpath.sh
-- Installing: /home/carver/kim_open_topic/linux/ws/install/delay_frame/share/delay_frame/environment/pythonpath.dsv
-- Installing: /home/carver/kim_open_topic/linux/ws/install/delay_frame/local/lib/python3.10/dist-packages/delay_frame-0.0.0-py3.10.egg-info
-- Installing: /home/carver/kim_open_topic/linux/ws/install/delay_frame/local/lib/python3.10/dist-packages/delay_frame-0.0.0-py3.10.egg-info/top_level.txt
-- Installing: /home/carver/kim_open_topic/linux/ws/install/delay_frame/local/lib/python3.10/dist-packages/delay_frame-0.0.0-py3.10.egg-info/SOURCES.txt
-- Installing: /home/carver/kim_open_topic/linux/ws/install/delay_frame/local/lib/python3.10/dist-packages/delay_frame-0.0.0-py3.10.egg-info/PKG-INFO
-- Installing: /home/carver/kim_open_topic/linux/ws/install/delay_frame/local/lib/python3.10/dist-packages/delay_frame-0.0.0-py3.10.egg-info/dependency_links.txt
-- Installing: /home/carver/kim_open_topic/linux/ws/install/delay_frame/local/lib/python3.10/dist-packages/delay_frame
-- Installing: /home/carver/kim_open_topic/linux/ws/install/delay_frame/local/lib/python3.10/dist-packages/delay_frame/dummy_module.py
-- Installing: /home/carver/kim_open_topic/linux/ws/install/delay_frame/local/lib/python3.10/dist-packages/delay_frame/__init__.py
Listing '/home/carver/kim_open_topic/linux/ws/install/delay_frame/local/lib/python3.10/dist-packages/delay_frame'...
Compiling '/home/carver/kim_open_topic/linux/ws/install/delay_frame/local/lib/python3.10/dist-packages/delay_frame/__init__.py'...
Compiling '/home/carver/kim_open_topic/linux/ws/install/delay_frame/local/lib/python3.10/dist-packages/delay_frame/dummy_module.py'...
-- Installing: /home/carver/kim_open_topic/linux/ws/install/delay_frame/lib/delay_frame/delay_frame.py
-- Up-to-date: /home/carver/kim_open_topic/linux/ws/install/delay_frame/share/delay_frame
-- Installing: /home/carver/kim_open_topic/linux/ws/install/delay_frame/share/ament_index/resource_index/package_run_dependencies/delay_frame
-- Installing: /home/carver/kim_open_topic/linux/ws/install/delay_frame/share/ament_index/resource_index/parent_prefix_path/delay_frame
-- Installing: /home/carver/kim_open_topic/linux/ws/install/delay_frame/share/delay_frame/environment/ament_prefix_path.sh
-- Installing: /home/carver/kim_open_topic/linux/ws/install/delay_frame/share/delay_frame/environment/ament_prefix_path.dsv
-- Installing: /home/carver/kim_open_topic/linux/ws/install/delay_frame/share/delay_frame/environment/path.sh
-- Installing: /home/carver/kim_open_topic/linux/ws/install/delay_frame/share/delay_frame/environment/path.dsv
-- Installing: /home/carver/kim_open_topic/linux/ws/install/delay_frame/share/delay_frame/local_setup.bash
-- Installing: /home/carver/kim_open_topic/linux/ws/install/delay_frame/share/delay_frame/local_setup.sh
-- Installing: /home/carver/kim_open_topic/linux/ws/install/delay_frame/share/delay_frame/local_setup.zsh
-- Installing: /home/carver/kim_open_topic/linux/ws/install/delay_frame/share/delay_frame/local_setup.dsv
-- Installing: /home/carver/kim_open_topic/linux/ws/install/delay_frame/share/delay_frame/package.dsv
-- Installing: /home/carver/kim_open_topic/linux/ws/install/delay_frame/share/ament_index/resource_index/packages/delay_frame
-- Installing: /home/carver/kim_open_topic/linux/ws/install/delay_frame/share/delay_frame/cmake/delay_frameConfig.cmake
-- Installing: /home/carver/kim_open_topic/linux/ws/install/delay_frame/share/delay_frame/cmake/delay_frameConfig-version.cmake
-- Installing: /home/carver/kim_open_topic/linux/ws/install/delay_frame/share/delay_frame/package.xml
