[0.057s] Invoking command in '/home/carver/kim_open_topic/linux/ws/build/delay_frame': CMAKE_PREFIX_PATH=/home/carver/cartesian_controller_ws/install/cartesian_compliance_controller:/home/carver/cartesian_controller_ws/install/cartesian_motion_controller:/home/carver/cartesian_controller_ws/install/cartesian_force_controller:/home/carver/py_tree_ws/install/py_trees_ros_tutorials:/home/carver/py_tree_ws/install/py_trees_ros:/home/carver/ur_ws/install/rqt_joint_trajectory_controller:/home/carver/ur_ws/install/ros2_controllers_test_nodes:/opt/ros/humble:/home/carver/cartesian_controller_ws/install/cartesian_controller_tests:/home/carver/cartesian_controller_ws/install/cartesian_controller_simulation:/home/carver/cartesian_controller_ws/install/cartesian_controller_handles:/home/carver/cartesian_controller_ws/install/cartesian_controller_base:/home/carver/ur_ws/install/ur:/home/carver/ur_ws/install/ur_calibration:/home/carver/ur_ws/install/ur_robot_driver:/home/carver/ur_ws/install/ur_bringup:/home/carver/ur_ws/install/ros2_controllers:/home/carver/ur_ws/install/velocity_controllers:/home/carver/ur_ws/install/ur_moveit_config:/home/carver/ur_ws/install/ur_description:/home/carver/ur_ws/install/ur_controllers:/home/carver/ur_ws/install/ur_dashboard_msgs:/home/carver/ur_ws/install/tricycle_controller:/home/carver/ur_ws/install/position_controllers:/home/carver/ur_ws/install/joint_trajectory_controller:/home/carver/ur_ws/install/joint_state_broadcaster:/home/carver/ur_ws/install/imu_sensor_broadcaster:/home/carver/ur_ws/install/gripper_controllers:/home/carver/ur_ws/install/effort_controllers:/home/carver/ur_ws/install/forward_command_controller:/home/carver/ur_ws/install/force_torque_sensor_broadcaster:/home/carver/ur_ws/install/diff_drive_controller:/home/carver/carverhand_ws/install/package_name:/home/carver/carverhand_ws/install/carver_ft /usr/bin/cmake /home/carver/kim_open_topic/linux/ws/src/delay_frame -DCMAKE_INSTALL_PREFIX=/home/carver/kim_open_topic/linux/ws/install/delay_frame
[0.179s] -- The C compiler identification is GNU 11.3.0
[0.253s] -- The CXX compiler identification is GNU 11.3.0
[0.262s] -- Detecting C compiler ABI info
[0.305s] -- Detecting C compiler ABI info - done
[0.309s] -- Check for working C compiler: /usr/bin/cc - skipped
[0.309s] -- Detecting C compile features
[0.309s] -- Detecting C compile features - done
[0.311s] -- Detecting CXX compiler ABI info
[0.357s] -- Detecting CXX compiler ABI info - done
[0.361s] -- Check for working CXX compiler: /usr/bin/c++ - skipped
[0.361s] -- Detecting CXX compile features
[0.362s] -- Detecting CXX compile features - done
[0.378s] -- Found ament_cmake: 1.3.2 (/opt/ros/humble/share/ament_cmake/cmake)
[0.526s] -- Found Python3: /usr/bin/python3.10 (found version "3.10.6") found components: Interpreter 
[0.685s] -- Found rclcpp: 16.0.1 (/opt/ros/humble/share/rclcpp/cmake)
[0.745s] -- Found rosidl_generator_c: 3.1.3 (/opt/ros/humble/share/rosidl_generator_c/cmake)
[0.749s] -- Found rosidl_adapter: 3.1.3 (/opt/ros/humble/share/rosidl_adapter/cmake)
[0.756s] -- Found rosidl_generator_cpp: 3.1.3 (/opt/ros/humble/share/rosidl_generator_cpp/cmake)
[0.778s] -- Using all available rosidl_typesupport_c: rosidl_typesupport_fastrtps_c;rosidl_typesupport_introspection_c
[0.806s] -- Using all available rosidl_typesupport_cpp: rosidl_typesupport_fastrtps_cpp;rosidl_typesupport_introspection_cpp
[0.869s] -- Found rmw_implementation_cmake: 6.1.0 (/opt/ros/humble/share/rmw_implementation_cmake/cmake)
[0.877s] -- Found rmw_fastrtps_cpp: 6.2.1 (/opt/ros/humble/share/rmw_fastrtps_cpp/cmake)
[0.955s] -- Found OpenSSL: /usr/lib/x86_64-linux-gnu/libcrypto.so (found version "3.0.2")  
[0.976s] -- Found FastRTPS: /opt/ros/humble/include  
[1.006s] -- Using RMW implementation 'rmw_fastrtps_cpp' as default
[1.129s] -- Found rclpy: 3.3.4 (/opt/ros/humble/share/rclpy/cmake)
[1.314s] -- Configuring done
[1.318s] -- Generating done
[1.319s] -- Build files have been written to: /home/carver/kim_open_topic/linux/ws/build/delay_frame
[1.327s] Invoked command in '/home/carver/kim_open_topic/linux/ws/build/delay_frame' returned '0': CMAKE_PREFIX_PATH=/home/carver/cartesian_controller_ws/install/cartesian_compliance_controller:/home/carver/cartesian_controller_ws/install/cartesian_motion_controller:/home/carver/cartesian_controller_ws/install/cartesian_force_controller:/home/carver/py_tree_ws/install/py_trees_ros_tutorials:/home/carver/py_tree_ws/install/py_trees_ros:/home/carver/ur_ws/install/rqt_joint_trajectory_controller:/home/carver/ur_ws/install/ros2_controllers_test_nodes:/opt/ros/humble:/home/carver/cartesian_controller_ws/install/cartesian_controller_tests:/home/carver/cartesian_controller_ws/install/cartesian_controller_simulation:/home/carver/cartesian_controller_ws/install/cartesian_controller_handles:/home/carver/cartesian_controller_ws/install/cartesian_controller_base:/home/carver/ur_ws/install/ur:/home/carver/ur_ws/install/ur_calibration:/home/carver/ur_ws/install/ur_robot_driver:/home/carver/ur_ws/install/ur_bringup:/home/carver/ur_ws/install/ros2_controllers:/home/carver/ur_ws/install/velocity_controllers:/home/carver/ur_ws/install/ur_moveit_config:/home/carver/ur_ws/install/ur_description:/home/carver/ur_ws/install/ur_controllers:/home/carver/ur_ws/install/ur_dashboard_msgs:/home/carver/ur_ws/install/tricycle_controller:/home/carver/ur_ws/install/position_controllers:/home/carver/ur_ws/install/joint_trajectory_controller:/home/carver/ur_ws/install/joint_state_broadcaster:/home/carver/ur_ws/install/imu_sensor_broadcaster:/home/carver/ur_ws/install/gripper_controllers:/home/carver/ur_ws/install/effort_controllers:/home/carver/ur_ws/install/forward_command_controller:/home/carver/ur_ws/install/force_torque_sensor_broadcaster:/home/carver/ur_ws/install/diff_drive_controller:/home/carver/carverhand_ws/install/package_name:/home/carver/carverhand_ws/install/carver_ft /usr/bin/cmake /home/carver/kim_open_topic/linux/ws/src/delay_frame -DCMAKE_INSTALL_PREFIX=/home/carver/kim_open_topic/linux/ws/install/delay_frame
[1.328s] Invoking command in '/home/carver/kim_open_topic/linux/ws/build/delay_frame': CMAKE_PREFIX_PATH=/home/carver/cartesian_controller_ws/install/cartesian_compliance_controller:/home/carver/cartesian_controller_ws/install/cartesian_motion_controller:/home/carver/cartesian_controller_ws/install/cartesian_force_controller:/home/carver/py_tree_ws/install/py_trees_ros_tutorials:/home/carver/py_tree_ws/install/py_trees_ros:/home/carver/ur_ws/install/rqt_joint_trajectory_controller:/home/carver/ur_ws/install/ros2_controllers_test_nodes:/opt/ros/humble:/home/carver/cartesian_controller_ws/install/cartesian_controller_tests:/home/carver/cartesian_controller_ws/install/cartesian_controller_simulation:/home/carver/cartesian_controller_ws/install/cartesian_controller_handles:/home/carver/cartesian_controller_ws/install/cartesian_controller_base:/home/carver/ur_ws/install/ur:/home/carver/ur_ws/install/ur_calibration:/home/carver/ur_ws/install/ur_robot_driver:/home/carver/ur_ws/install/ur_bringup:/home/carver/ur_ws/install/ros2_controllers:/home/carver/ur_ws/install/velocity_controllers:/home/carver/ur_ws/install/ur_moveit_config:/home/carver/ur_ws/install/ur_description:/home/carver/ur_ws/install/ur_controllers:/home/carver/ur_ws/install/ur_dashboard_msgs:/home/carver/ur_ws/install/tricycle_controller:/home/carver/ur_ws/install/position_controllers:/home/carver/ur_ws/install/joint_trajectory_controller:/home/carver/ur_ws/install/joint_state_broadcaster:/home/carver/ur_ws/install/imu_sensor_broadcaster:/home/carver/ur_ws/install/gripper_controllers:/home/carver/ur_ws/install/effort_controllers:/home/carver/ur_ws/install/forward_command_controller:/home/carver/ur_ws/install/force_torque_sensor_broadcaster:/home/carver/ur_ws/install/diff_drive_controller:/home/carver/carverhand_ws/install/package_name:/home/carver/carverhand_ws/install/carver_ft /usr/bin/cmake --build /home/carver/kim_open_topic/linux/ws/build/delay_frame -- -j20 -l20
[1.356s] [ 50%] [32mBuilding CXX object CMakeFiles/cpp_node_test.dir/src/cpp_node.cpp.o[0m
[1.356s] [ 50%] Built target ament_cmake_python_copy_delay_frame
[1.579s] [100%] [32m[1mLinking CXX executable cpp_node_test[0m
[1.663s] running egg_info
[1.663s] creating delay_frame.egg-info
[1.664s] writing delay_frame.egg-info/PKG-INFO
[1.664s] writing dependency_links to delay_frame.egg-info/dependency_links.txt
[1.664s] writing top-level names to delay_frame.egg-info/top_level.txt
[1.664s] writing manifest file 'delay_frame.egg-info/SOURCES.txt'
[1.669s] reading manifest file 'delay_frame.egg-info/SOURCES.txt'
[1.669s] writing manifest file 'delay_frame.egg-info/SOURCES.txt'
[1.702s] [100%] Built target ament_cmake_python_build_delay_frame_egg
[1.702s] [100%] Built target cpp_node_test
[1.708s] Invoked command in '/home/carver/kim_open_topic/linux/ws/build/delay_frame' returned '0': CMAKE_PREFIX_PATH=/home/carver/cartesian_controller_ws/install/cartesian_compliance_controller:/home/carver/cartesian_controller_ws/install/cartesian_motion_controller:/home/carver/cartesian_controller_ws/install/cartesian_force_controller:/home/carver/py_tree_ws/install/py_trees_ros_tutorials:/home/carver/py_tree_ws/install/py_trees_ros:/home/carver/ur_ws/install/rqt_joint_trajectory_controller:/home/carver/ur_ws/install/ros2_controllers_test_nodes:/opt/ros/humble:/home/carver/cartesian_controller_ws/install/cartesian_controller_tests:/home/carver/cartesian_controller_ws/install/cartesian_controller_simulation:/home/carver/cartesian_controller_ws/install/cartesian_controller_handles:/home/carver/cartesian_controller_ws/install/cartesian_controller_base:/home/carver/ur_ws/install/ur:/home/carver/ur_ws/install/ur_calibration:/home/carver/ur_ws/install/ur_robot_driver:/home/carver/ur_ws/install/ur_bringup:/home/carver/ur_ws/install/ros2_controllers:/home/carver/ur_ws/install/velocity_controllers:/home/carver/ur_ws/install/ur_moveit_config:/home/carver/ur_ws/install/ur_description:/home/carver/ur_ws/install/ur_controllers:/home/carver/ur_ws/install/ur_dashboard_msgs:/home/carver/ur_ws/install/tricycle_controller:/home/carver/ur_ws/install/position_controllers:/home/carver/ur_ws/install/joint_trajectory_controller:/home/carver/ur_ws/install/joint_state_broadcaster:/home/carver/ur_ws/install/imu_sensor_broadcaster:/home/carver/ur_ws/install/gripper_controllers:/home/carver/ur_ws/install/effort_controllers:/home/carver/ur_ws/install/forward_command_controller:/home/carver/ur_ws/install/force_torque_sensor_broadcaster:/home/carver/ur_ws/install/diff_drive_controller:/home/carver/carverhand_ws/install/package_name:/home/carver/carverhand_ws/install/carver_ft /usr/bin/cmake --build /home/carver/kim_open_topic/linux/ws/build/delay_frame -- -j20 -l20
[1.725s] Invoking command in '/home/carver/kim_open_topic/linux/ws/build/delay_frame': CMAKE_PREFIX_PATH=/home/carver/cartesian_controller_ws/install/cartesian_compliance_controller:/home/carver/cartesian_controller_ws/install/cartesian_motion_controller:/home/carver/cartesian_controller_ws/install/cartesian_force_controller:/home/carver/py_tree_ws/install/py_trees_ros_tutorials:/home/carver/py_tree_ws/install/py_trees_ros:/home/carver/ur_ws/install/rqt_joint_trajectory_controller:/home/carver/ur_ws/install/ros2_controllers_test_nodes:/opt/ros/humble:/home/carver/cartesian_controller_ws/install/cartesian_controller_tests:/home/carver/cartesian_controller_ws/install/cartesian_controller_simulation:/home/carver/cartesian_controller_ws/install/cartesian_controller_handles:/home/carver/cartesian_controller_ws/install/cartesian_controller_base:/home/carver/ur_ws/install/ur:/home/carver/ur_ws/install/ur_calibration:/home/carver/ur_ws/install/ur_robot_driver:/home/carver/ur_ws/install/ur_bringup:/home/carver/ur_ws/install/ros2_controllers:/home/carver/ur_ws/install/velocity_controllers:/home/carver/ur_ws/install/ur_moveit_config:/home/carver/ur_ws/install/ur_description:/home/carver/ur_ws/install/ur_controllers:/home/carver/ur_ws/install/ur_dashboard_msgs:/home/carver/ur_ws/install/tricycle_controller:/home/carver/ur_ws/install/position_controllers:/home/carver/ur_ws/install/joint_trajectory_controller:/home/carver/ur_ws/install/joint_state_broadcaster:/home/carver/ur_ws/install/imu_sensor_broadcaster:/home/carver/ur_ws/install/gripper_controllers:/home/carver/ur_ws/install/effort_controllers:/home/carver/ur_ws/install/forward_command_controller:/home/carver/ur_ws/install/force_torque_sensor_broadcaster:/home/carver/ur_ws/install/diff_drive_controller:/home/carver/carverhand_ws/install/package_name:/home/carver/carverhand_ws/install/carver_ft /usr/bin/cmake --install /home/carver/kim_open_topic/linux/ws/build/delay_frame
[1.729s] -- Install configuration: ""
[1.730s] -- Installing: /home/carver/kim_open_topic/linux/ws/install/delay_frame/share/delay_frame/environment/pythonpath.sh
[1.730s] -- Installing: /home/carver/kim_open_topic/linux/ws/install/delay_frame/share/delay_frame/environment/pythonpath.dsv
[1.730s] -- Installing: /home/carver/kim_open_topic/linux/ws/install/delay_frame/local/lib/python3.10/dist-packages/delay_frame-0.0.0-py3.10.egg-info
[1.730s] -- Installing: /home/carver/kim_open_topic/linux/ws/install/delay_frame/local/lib/python3.10/dist-packages/delay_frame-0.0.0-py3.10.egg-info/top_level.txt
[1.730s] -- Installing: /home/carver/kim_open_topic/linux/ws/install/delay_frame/local/lib/python3.10/dist-packages/delay_frame-0.0.0-py3.10.egg-info/SOURCES.txt
[1.730s] -- Installing: /home/carver/kim_open_topic/linux/ws/install/delay_frame/local/lib/python3.10/dist-packages/delay_frame-0.0.0-py3.10.egg-info/PKG-INFO
[1.730s] -- Installing: /home/carver/kim_open_topic/linux/ws/install/delay_frame/local/lib/python3.10/dist-packages/delay_frame-0.0.0-py3.10.egg-info/dependency_links.txt
[1.730s] -- Installing: /home/carver/kim_open_topic/linux/ws/install/delay_frame/local/lib/python3.10/dist-packages/delay_frame
[1.730s] -- Installing: /home/carver/kim_open_topic/linux/ws/install/delay_frame/local/lib/python3.10/dist-packages/delay_frame/dummy_module.py
[1.730s] -- Installing: /home/carver/kim_open_topic/linux/ws/install/delay_frame/local/lib/python3.10/dist-packages/delay_frame/__init__.py
[1.775s] Listing '/home/carver/kim_open_topic/linux/ws/install/delay_frame/local/lib/python3.10/dist-packages/delay_frame'...
[1.775s] Compiling '/home/carver/kim_open_topic/linux/ws/install/delay_frame/local/lib/python3.10/dist-packages/delay_frame/__init__.py'...
[1.775s] Compiling '/home/carver/kim_open_topic/linux/ws/install/delay_frame/local/lib/python3.10/dist-packages/delay_frame/dummy_module.py'...
[1.778s] -- Installing: /home/carver/kim_open_topic/linux/ws/install/delay_frame/lib/delay_frame/delay_frame.py
[1.778s] -- Up-to-date: /home/carver/kim_open_topic/linux/ws/install/delay_frame/share/delay_frame
[1.778s] -- Installing: /home/carver/kim_open_topic/linux/ws/install/delay_frame/share/ament_index/resource_index/package_run_dependencies/delay_frame
[1.779s] -- Installing: /home/carver/kim_open_topic/linux/ws/install/delay_frame/share/ament_index/resource_index/parent_prefix_path/delay_frame
[1.779s] -- Installing: /home/carver/kim_open_topic/linux/ws/install/delay_frame/share/delay_frame/environment/ament_prefix_path.sh
[1.779s] -- Installing: /home/carver/kim_open_topic/linux/ws/install/delay_frame/share/delay_frame/environment/ament_prefix_path.dsv
[1.779s] -- Installing: /home/carver/kim_open_topic/linux/ws/install/delay_frame/share/delay_frame/environment/path.sh
[1.779s] -- Installing: /home/carver/kim_open_topic/linux/ws/install/delay_frame/share/delay_frame/environment/path.dsv
[1.779s] -- Installing: /home/carver/kim_open_topic/linux/ws/install/delay_frame/share/delay_frame/local_setup.bash
[1.779s] -- Installing: /home/carver/kim_open_topic/linux/ws/install/delay_frame/share/delay_frame/local_setup.sh
[1.779s] -- Installing: /home/carver/kim_open_topic/linux/ws/install/delay_frame/share/delay_frame/local_setup.zsh
[1.779s] -- Installing: /home/carver/kim_open_topic/linux/ws/install/delay_frame/share/delay_frame/local_setup.dsv
[1.779s] -- Installing: /home/carver/kim_open_topic/linux/ws/install/delay_frame/share/delay_frame/package.dsv
[1.779s] -- Installing: /home/carver/kim_open_topic/linux/ws/install/delay_frame/share/ament_index/resource_index/packages/delay_frame
[1.779s] -- Installing: /home/carver/kim_open_topic/linux/ws/install/delay_frame/share/delay_frame/cmake/delay_frameConfig.cmake
[1.779s] -- Installing: /home/carver/kim_open_topic/linux/ws/install/delay_frame/share/delay_frame/cmake/delay_frameConfig-version.cmake
[1.779s] -- Installing: /home/carver/kim_open_topic/linux/ws/install/delay_frame/share/delay_frame/package.xml
[1.829s] Invoked command in '/home/carver/kim_open_topic/linux/ws/build/delay_frame' returned '0': CMAKE_PREFIX_PATH=/home/carver/cartesian_controller_ws/install/cartesian_compliance_controller:/home/carver/cartesian_controller_ws/install/cartesian_motion_controller:/home/carver/cartesian_controller_ws/install/cartesian_force_controller:/home/carver/py_tree_ws/install/py_trees_ros_tutorials:/home/carver/py_tree_ws/install/py_trees_ros:/home/carver/ur_ws/install/rqt_joint_trajectory_controller:/home/carver/ur_ws/install/ros2_controllers_test_nodes:/opt/ros/humble:/home/carver/cartesian_controller_ws/install/cartesian_controller_tests:/home/carver/cartesian_controller_ws/install/cartesian_controller_simulation:/home/carver/cartesian_controller_ws/install/cartesian_controller_handles:/home/carver/cartesian_controller_ws/install/cartesian_controller_base:/home/carver/ur_ws/install/ur:/home/carver/ur_ws/install/ur_calibration:/home/carver/ur_ws/install/ur_robot_driver:/home/carver/ur_ws/install/ur_bringup:/home/carver/ur_ws/install/ros2_controllers:/home/carver/ur_ws/install/velocity_controllers:/home/carver/ur_ws/install/ur_moveit_config:/home/carver/ur_ws/install/ur_description:/home/carver/ur_ws/install/ur_controllers:/home/carver/ur_ws/install/ur_dashboard_msgs:/home/carver/ur_ws/install/tricycle_controller:/home/carver/ur_ws/install/position_controllers:/home/carver/ur_ws/install/joint_trajectory_controller:/home/carver/ur_ws/install/joint_state_broadcaster:/home/carver/ur_ws/install/imu_sensor_broadcaster:/home/carver/ur_ws/install/gripper_controllers:/home/carver/ur_ws/install/effort_controllers:/home/carver/ur_ws/install/forward_command_controller:/home/carver/ur_ws/install/force_torque_sensor_broadcaster:/home/carver/ur_ws/install/diff_drive_controller:/home/carver/carverhand_ws/install/package_name:/home/carver/carverhand_ws/install/carver_ft /usr/bin/cmake --install /home/carver/kim_open_topic/linux/ws/build/delay_frame
