[0.276s] DEBUG:colcon:Command line arguments: ['/home/kim/.local/bin/colcon', 'build']
[0.277s] DEBUG:colcon:Parsed command line arguments: Namespace(allow_overriding=[], ament_cmake_args=None, base_paths=['.'], build_base='build', catkin_cmake_args=None, catkin_skip_building_tests=False, cmake_args=None, cmake_clean_cache=False, cmake_clean_first=False, cmake_force_configure=False, cmake_target=None, cmake_target_skip_unavailable=False, continue_on_error=False, event_handlers=None, executor='parallel', ignore_user_meta=False, install_base='install', log_base=None, log_level=None, main=<bound method BuildVerb.main of <colcon_core.verb.build.BuildVerb object at 0x7ff1e39d1040>>, merge_install=False, metas=['./colcon.meta'], packages_above=None, packages_above_and_dependencies=None, packages_above_depth=None, packages_end=None, packages_ignore=None, packages_ignore_regex=None, packages_select=None, packages_select_build_failed=False, packages_select_by_dep=None, packages_select_regex=None, packages_select_test_failures=False, packages_skip=None, packages_skip_build_finished=False, packages_skip_by_dep=None, packages_skip_regex=None, packages_skip_test_passed=False, packages_skip_up_to=None, packages_start=None, packages_up_to=None, packages_up_to_regex=None, parallel_workers=12, paths=None, symlink_install=False, test_result_base=None, verb_extension=<colcon_core.verb.build.BuildVerb object at 0x7ff1e39d1040>, verb_name='build', verb_parser=<colcon_defaults.argument_parser.defaults.DefaultArgumentsDecorator object at 0x7ff1e363b8e0>)
[0.315s] Level 1:colcon.colcon_core.package_discovery:discover_packages(colcon_meta) check parameters
[0.315s] Level 1:colcon.colcon_core.package_discovery:discover_packages(recursive) check parameters
[0.315s] Level 1:colcon.colcon_core.package_discovery:discover_packages(ignore) check parameters
[0.315s] Level 1:colcon.colcon_core.package_discovery:discover_packages(path) check parameters
[0.315s] Level 1:colcon.colcon_core.package_discovery:discover_packages(colcon_meta) discover
[0.315s] Level 1:colcon.colcon_core.package_discovery:discover_packages(recursive) discover
[0.315s] INFO:colcon.colcon_core.package_discovery:Crawling recursively for packages in '/home/kim/open_topic/linux/ws'
[0.316s] Level 1:colcon.colcon_core.package_identification:_identify(.) by extensions ['ignore', 'ignore_ament_install']
[0.316s] Level 1:colcon.colcon_core.package_identification:_identify(.) by extension 'ignore'
[0.316s] Level 1:colcon.colcon_core.package_identification:_identify(.) by extension 'ignore_ament_install'
[0.316s] Level 1:colcon.colcon_core.package_identification:_identify(.) by extensions ['colcon_pkg']
[0.316s] Level 1:colcon.colcon_core.package_identification:_identify(.) by extension 'colcon_pkg'
[0.316s] Level 1:colcon.colcon_core.package_identification:_identify(.) by extensions ['colcon_meta']
[0.316s] Level 1:colcon.colcon_core.package_identification:_identify(.) by extension 'colcon_meta'
[0.316s] Level 1:colcon.colcon_core.package_identification:_identify(.) by extensions ['ros']
[0.316s] Level 1:colcon.colcon_core.package_identification:_identify(.) by extension 'ros'
[0.328s] Level 1:colcon.colcon_core.package_identification:_identify(.) by extensions ['cmake', 'python']
[0.328s] Level 1:colcon.colcon_core.package_identification:_identify(.) by extension 'cmake'
[0.328s] Level 1:colcon.colcon_core.package_identification:_identify(.) by extension 'python'
[0.328s] Level 1:colcon.colcon_core.package_identification:_identify(.) by extensions ['python_setup_py']
[0.328s] Level 1:colcon.colcon_core.package_identification:_identify(.) by extension 'python_setup_py'
[0.328s] Level 1:colcon.colcon_core.package_identification:_identify(build) by extensions ['ignore', 'ignore_ament_install']
[0.328s] Level 1:colcon.colcon_core.package_identification:_identify(build) by extension 'ignore'
[0.328s] Level 1:colcon.colcon_core.package_identification:_identify(build) ignored
[0.328s] Level 1:colcon.colcon_core.package_identification:_identify(install) by extensions ['ignore', 'ignore_ament_install']
[0.328s] Level 1:colcon.colcon_core.package_identification:_identify(install) by extension 'ignore'
[0.328s] Level 1:colcon.colcon_core.package_identification:_identify(install) ignored
[0.329s] Level 1:colcon.colcon_core.package_identification:_identify(log) by extensions ['ignore', 'ignore_ament_install']
[0.329s] Level 1:colcon.colcon_core.package_identification:_identify(log) by extension 'ignore'
[0.329s] Level 1:colcon.colcon_core.package_identification:_identify(log) ignored
[0.329s] Level 1:colcon.colcon_core.package_identification:_identify(src) by extensions ['ignore', 'ignore_ament_install']
[0.329s] Level 1:colcon.colcon_core.package_identification:_identify(src) by extension 'ignore'
[0.329s] Level 1:colcon.colcon_core.package_identification:_identify(src) by extension 'ignore_ament_install'
[0.329s] Level 1:colcon.colcon_core.package_identification:_identify(src) by extensions ['colcon_pkg']
[0.329s] Level 1:colcon.colcon_core.package_identification:_identify(src) by extension 'colcon_pkg'
[0.329s] Level 1:colcon.colcon_core.package_identification:_identify(src) by extensions ['colcon_meta']
[0.329s] Level 1:colcon.colcon_core.package_identification:_identify(src) by extension 'colcon_meta'
[0.329s] Level 1:colcon.colcon_core.package_identification:_identify(src) by extensions ['ros']
[0.329s] Level 1:colcon.colcon_core.package_identification:_identify(src) by extension 'ros'
[0.329s] Level 1:colcon.colcon_core.package_identification:_identify(src) by extensions ['cmake', 'python']
[0.329s] Level 1:colcon.colcon_core.package_identification:_identify(src) by extension 'cmake'
[0.329s] Level 1:colcon.colcon_core.package_identification:_identify(src) by extension 'python'
[0.329s] Level 1:colcon.colcon_core.package_identification:_identify(src) by extensions ['python_setup_py']
[0.329s] Level 1:colcon.colcon_core.package_identification:_identify(src) by extension 'python_setup_py'
[0.329s] Level 1:colcon.colcon_core.package_identification:_identify(src/bag_file) by extensions ['ignore', 'ignore_ament_install']
[0.329s] Level 1:colcon.colcon_core.package_identification:_identify(src/bag_file) by extension 'ignore'
[0.329s] Level 1:colcon.colcon_core.package_identification:_identify(src/bag_file) by extension 'ignore_ament_install'
[0.329s] Level 1:colcon.colcon_core.package_identification:_identify(src/bag_file) by extensions ['colcon_pkg']
[0.329s] Level 1:colcon.colcon_core.package_identification:_identify(src/bag_file) by extension 'colcon_pkg'
[0.329s] Level 1:colcon.colcon_core.package_identification:_identify(src/bag_file) by extensions ['colcon_meta']
[0.329s] Level 1:colcon.colcon_core.package_identification:_identify(src/bag_file) by extension 'colcon_meta'
[0.329s] Level 1:colcon.colcon_core.package_identification:_identify(src/bag_file) by extensions ['ros']
[0.329s] Level 1:colcon.colcon_core.package_identification:_identify(src/bag_file) by extension 'ros'
[0.329s] Level 1:colcon.colcon_core.package_identification:_identify(src/bag_file) by extensions ['cmake', 'python']
[0.329s] Level 1:colcon.colcon_core.package_identification:_identify(src/bag_file) by extension 'cmake'
[0.329s] Level 1:colcon.colcon_core.package_identification:_identify(src/bag_file) by extension 'python'
[0.330s] Level 1:colcon.colcon_core.package_identification:_identify(src/bag_file) by extensions ['python_setup_py']
[0.330s] Level 1:colcon.colcon_core.package_identification:_identify(src/bag_file) by extension 'python_setup_py'
[0.330s] Level 1:colcon.colcon_core.package_identification:_identify(src/bag_file/normal) by extensions ['ignore', 'ignore_ament_install']
[0.330s] Level 1:colcon.colcon_core.package_identification:_identify(src/bag_file/normal) by extension 'ignore'
[0.330s] Level 1:colcon.colcon_core.package_identification:_identify(src/bag_file/normal) by extension 'ignore_ament_install'
[0.330s] Level 1:colcon.colcon_core.package_identification:_identify(src/bag_file/normal) by extensions ['colcon_pkg']
[0.330s] Level 1:colcon.colcon_core.package_identification:_identify(src/bag_file/normal) by extension 'colcon_pkg'
[0.330s] Level 1:colcon.colcon_core.package_identification:_identify(src/bag_file/normal) by extensions ['colcon_meta']
[0.330s] Level 1:colcon.colcon_core.package_identification:_identify(src/bag_file/normal) by extension 'colcon_meta'
[0.330s] Level 1:colcon.colcon_core.package_identification:_identify(src/bag_file/normal) by extensions ['ros']
[0.330s] Level 1:colcon.colcon_core.package_identification:_identify(src/bag_file/normal) by extension 'ros'
[0.330s] Level 1:colcon.colcon_core.package_identification:_identify(src/bag_file/normal) by extensions ['cmake', 'python']
[0.330s] Level 1:colcon.colcon_core.package_identification:_identify(src/bag_file/normal) by extension 'cmake'
[0.330s] Level 1:colcon.colcon_core.package_identification:_identify(src/bag_file/normal) by extension 'python'
[0.330s] Level 1:colcon.colcon_core.package_identification:_identify(src/bag_file/normal) by extensions ['python_setup_py']
[0.330s] Level 1:colcon.colcon_core.package_identification:_identify(src/bag_file/normal) by extension 'python_setup_py'
[0.330s] Level 1:colcon.colcon_core.package_identification:_identify(src/bag_file/rosbag2_2023_04_24-23_41_06) by extensions ['ignore', 'ignore_ament_install']
[0.330s] Level 1:colcon.colcon_core.package_identification:_identify(src/bag_file/rosbag2_2023_04_24-23_41_06) by extension 'ignore'
[0.330s] Level 1:colcon.colcon_core.package_identification:_identify(src/bag_file/rosbag2_2023_04_24-23_41_06) by extension 'ignore_ament_install'
[0.330s] Level 1:colcon.colcon_core.package_identification:_identify(src/bag_file/rosbag2_2023_04_24-23_41_06) by extensions ['colcon_pkg']
[0.330s] Level 1:colcon.colcon_core.package_identification:_identify(src/bag_file/rosbag2_2023_04_24-23_41_06) by extension 'colcon_pkg'
[0.330s] Level 1:colcon.colcon_core.package_identification:_identify(src/bag_file/rosbag2_2023_04_24-23_41_06) by extensions ['colcon_meta']
[0.330s] Level 1:colcon.colcon_core.package_identification:_identify(src/bag_file/rosbag2_2023_04_24-23_41_06) by extension 'colcon_meta'
[0.330s] Level 1:colcon.colcon_core.package_identification:_identify(src/bag_file/rosbag2_2023_04_24-23_41_06) by extensions ['ros']
[0.330s] Level 1:colcon.colcon_core.package_identification:_identify(src/bag_file/rosbag2_2023_04_24-23_41_06) by extension 'ros'
[0.330s] Level 1:colcon.colcon_core.package_identification:_identify(src/bag_file/rosbag2_2023_04_24-23_41_06) by extensions ['cmake', 'python']
[0.330s] Level 1:colcon.colcon_core.package_identification:_identify(src/bag_file/rosbag2_2023_04_24-23_41_06) by extension 'cmake'
[0.330s] Level 1:colcon.colcon_core.package_identification:_identify(src/bag_file/rosbag2_2023_04_24-23_41_06) by extension 'python'
[0.330s] Level 1:colcon.colcon_core.package_identification:_identify(src/bag_file/rosbag2_2023_04_24-23_41_06) by extensions ['python_setup_py']
[0.330s] Level 1:colcon.colcon_core.package_identification:_identify(src/bag_file/rosbag2_2023_04_24-23_41_06) by extension 'python_setup_py'
[0.331s] Level 1:colcon.colcon_core.package_identification:_identify(src/bag_file/rosbag2_2023_04_24-23_42_09) by extensions ['ignore', 'ignore_ament_install']
[0.331s] Level 1:colcon.colcon_core.package_identification:_identify(src/bag_file/rosbag2_2023_04_24-23_42_09) by extension 'ignore'
[0.331s] Level 1:colcon.colcon_core.package_identification:_identify(src/bag_file/rosbag2_2023_04_24-23_42_09) by extension 'ignore_ament_install'
[0.331s] Level 1:colcon.colcon_core.package_identification:_identify(src/bag_file/rosbag2_2023_04_24-23_42_09) by extensions ['colcon_pkg']
[0.331s] Level 1:colcon.colcon_core.package_identification:_identify(src/bag_file/rosbag2_2023_04_24-23_42_09) by extension 'colcon_pkg'
[0.331s] Level 1:colcon.colcon_core.package_identification:_identify(src/bag_file/rosbag2_2023_04_24-23_42_09) by extensions ['colcon_meta']
[0.331s] Level 1:colcon.colcon_core.package_identification:_identify(src/bag_file/rosbag2_2023_04_24-23_42_09) by extension 'colcon_meta'
[0.331s] Level 1:colcon.colcon_core.package_identification:_identify(src/bag_file/rosbag2_2023_04_24-23_42_09) by extensions ['ros']
[0.331s] Level 1:colcon.colcon_core.package_identification:_identify(src/bag_file/rosbag2_2023_04_24-23_42_09) by extension 'ros'
[0.331s] Level 1:colcon.colcon_core.package_identification:_identify(src/bag_file/rosbag2_2023_04_24-23_42_09) by extensions ['cmake', 'python']
[0.331s] Level 1:colcon.colcon_core.package_identification:_identify(src/bag_file/rosbag2_2023_04_24-23_42_09) by extension 'cmake'
[0.331s] Level 1:colcon.colcon_core.package_identification:_identify(src/bag_file/rosbag2_2023_04_24-23_42_09) by extension 'python'
[0.331s] Level 1:colcon.colcon_core.package_identification:_identify(src/bag_file/rosbag2_2023_04_24-23_42_09) by extensions ['python_setup_py']
[0.331s] Level 1:colcon.colcon_core.package_identification:_identify(src/bag_file/rosbag2_2023_04_24-23_42_09) by extension 'python_setup_py'
[0.331s] Level 1:colcon.colcon_core.package_identification:_identify(src/bag_file/sensor) by extensions ['ignore', 'ignore_ament_install']
[0.331s] Level 1:colcon.colcon_core.package_identification:_identify(src/bag_file/sensor) by extension 'ignore'
[0.331s] Level 1:colcon.colcon_core.package_identification:_identify(src/bag_file/sensor) by extension 'ignore_ament_install'
[0.331s] Level 1:colcon.colcon_core.package_identification:_identify(src/bag_file/sensor) by extensions ['colcon_pkg']
[0.331s] Level 1:colcon.colcon_core.package_identification:_identify(src/bag_file/sensor) by extension 'colcon_pkg'
[0.331s] Level 1:colcon.colcon_core.package_identification:_identify(src/bag_file/sensor) by extensions ['colcon_meta']
[0.331s] Level 1:colcon.colcon_core.package_identification:_identify(src/bag_file/sensor) by extension 'colcon_meta'
[0.331s] Level 1:colcon.colcon_core.package_identification:_identify(src/bag_file/sensor) by extensions ['ros']
[0.331s] Level 1:colcon.colcon_core.package_identification:_identify(src/bag_file/sensor) by extension 'ros'
[0.331s] Level 1:colcon.colcon_core.package_identification:_identify(src/bag_file/sensor) by extensions ['cmake', 'python']
[0.331s] Level 1:colcon.colcon_core.package_identification:_identify(src/bag_file/sensor) by extension 'cmake'
[0.331s] Level 1:colcon.colcon_core.package_identification:_identify(src/bag_file/sensor) by extension 'python'
[0.331s] Level 1:colcon.colcon_core.package_identification:_identify(src/bag_file/sensor) by extensions ['python_setup_py']
[0.331s] Level 1:colcon.colcon_core.package_identification:_identify(src/bag_file/sensor) by extension 'python_setup_py'
[0.332s] Level 1:colcon.colcon_core.package_identification:_identify(src/check_qos) by extensions ['ignore', 'ignore_ament_install']
[0.332s] Level 1:colcon.colcon_core.package_identification:_identify(src/check_qos) by extension 'ignore'
[0.332s] Level 1:colcon.colcon_core.package_identification:_identify(src/check_qos) by extension 'ignore_ament_install'
[0.332s] Level 1:colcon.colcon_core.package_identification:_identify(src/check_qos) by extensions ['colcon_pkg']
[0.332s] Level 1:colcon.colcon_core.package_identification:_identify(src/check_qos) by extension 'colcon_pkg'
[0.332s] Level 1:colcon.colcon_core.package_identification:_identify(src/check_qos) by extensions ['colcon_meta']
[0.332s] Level 1:colcon.colcon_core.package_identification:_identify(src/check_qos) by extension 'colcon_meta'
[0.332s] Level 1:colcon.colcon_core.package_identification:_identify(src/check_qos) by extensions ['ros']
[0.332s] Level 1:colcon.colcon_core.package_identification:_identify(src/check_qos) by extension 'ros'
[0.334s] DEBUG:colcon.colcon_core.package_identification:Package 'src/check_qos' with type 'ros.ament_cmake' and name 'check_qos'
[0.334s] Level 1:colcon.colcon_core.package_identification:_identify(src/delay_frame) by extensions ['ignore', 'ignore_ament_install']
[0.334s] Level 1:colcon.colcon_core.package_identification:_identify(src/delay_frame) by extension 'ignore'
[0.334s] Level 1:colcon.colcon_core.package_identification:_identify(src/delay_frame) by extension 'ignore_ament_install'
[0.334s] Level 1:colcon.colcon_core.package_identification:_identify(src/delay_frame) by extensions ['colcon_pkg']
[0.334s] Level 1:colcon.colcon_core.package_identification:_identify(src/delay_frame) by extension 'colcon_pkg'
[0.334s] Level 1:colcon.colcon_core.package_identification:_identify(src/delay_frame) by extensions ['colcon_meta']
[0.334s] Level 1:colcon.colcon_core.package_identification:_identify(src/delay_frame) by extension 'colcon_meta'
[0.334s] Level 1:colcon.colcon_core.package_identification:_identify(src/delay_frame) by extensions ['ros']
[0.334s] Level 1:colcon.colcon_core.package_identification:_identify(src/delay_frame) by extension 'ros'
[0.335s] DEBUG:colcon.colcon_core.package_identification:Package 'src/delay_frame' with type 'ros.ament_cmake' and name 'delay_frame'
[0.335s] Level 1:colcon.colcon_core.package_identification:_identify(src/fake_image) by extensions ['ignore', 'ignore_ament_install']
[0.335s] Level 1:colcon.colcon_core.package_identification:_identify(src/fake_image) by extension 'ignore'
[0.335s] Level 1:colcon.colcon_core.package_identification:_identify(src/fake_image) by extension 'ignore_ament_install'
[0.335s] Level 1:colcon.colcon_core.package_identification:_identify(src/fake_image) by extensions ['colcon_pkg']
[0.335s] Level 1:colcon.colcon_core.package_identification:_identify(src/fake_image) by extension 'colcon_pkg'
[0.335s] Level 1:colcon.colcon_core.package_identification:_identify(src/fake_image) by extensions ['colcon_meta']
[0.335s] Level 1:colcon.colcon_core.package_identification:_identify(src/fake_image) by extension 'colcon_meta'
[0.335s] Level 1:colcon.colcon_core.package_identification:_identify(src/fake_image) by extensions ['ros']
[0.335s] Level 1:colcon.colcon_core.package_identification:_identify(src/fake_image) by extension 'ros'
[0.335s] DEBUG:colcon.colcon_core.package_identification:Package 'src/fake_image' with type 'ros.ament_cmake' and name 'fake_image'
[0.336s] Level 1:colcon.colcon_core.package_identification:_identify(src/fake_pixel) by extensions ['ignore', 'ignore_ament_install']
[0.336s] Level 1:colcon.colcon_core.package_identification:_identify(src/fake_pixel) by extension 'ignore'
[0.336s] Level 1:colcon.colcon_core.package_identification:_identify(src/fake_pixel) by extension 'ignore_ament_install'
[0.336s] Level 1:colcon.colcon_core.package_identification:_identify(src/fake_pixel) by extensions ['colcon_pkg']
[0.336s] Level 1:colcon.colcon_core.package_identification:_identify(src/fake_pixel) by extension 'colcon_pkg'
[0.336s] Level 1:colcon.colcon_core.package_identification:_identify(src/fake_pixel) by extensions ['colcon_meta']
[0.336s] Level 1:colcon.colcon_core.package_identification:_identify(src/fake_pixel) by extension 'colcon_meta'
[0.336s] Level 1:colcon.colcon_core.package_identification:_identify(src/fake_pixel) by extensions ['ros']
[0.336s] Level 1:colcon.colcon_core.package_identification:_identify(src/fake_pixel) by extension 'ros'
[0.336s] DEBUG:colcon.colcon_core.package_identification:Package 'src/fake_pixel' with type 'ros.ament_cmake' and name 'fake_pixel'
[0.336s] Level 1:colcon.colcon_core.package_identification:_identify(src/pixel2coordinate) by extensions ['ignore', 'ignore_ament_install']
[0.336s] Level 1:colcon.colcon_core.package_identification:_identify(src/pixel2coordinate) by extension 'ignore'
[0.336s] Level 1:colcon.colcon_core.package_identification:_identify(src/pixel2coordinate) by extension 'ignore_ament_install'
[0.336s] Level 1:colcon.colcon_core.package_identification:_identify(src/pixel2coordinate) by extensions ['colcon_pkg']
[0.337s] Level 1:colcon.colcon_core.package_identification:_identify(src/pixel2coordinate) by extension 'colcon_pkg'
[0.337s] Level 1:colcon.colcon_core.package_identification:_identify(src/pixel2coordinate) by extensions ['colcon_meta']
[0.337s] Level 1:colcon.colcon_core.package_identification:_identify(src/pixel2coordinate) by extension 'colcon_meta'
[0.337s] Level 1:colcon.colcon_core.package_identification:_identify(src/pixel2coordinate) by extensions ['ros']
[0.337s] Level 1:colcon.colcon_core.package_identification:_identify(src/pixel2coordinate) by extension 'ros'
[0.337s] DEBUG:colcon.colcon_core.package_identification:Package 'src/pixel2coordinate' with type 'ros.ament_cmake' and name 'pixel2coordinate'
[0.337s] Level 1:colcon.colcon_core.package_discovery:discover_packages(recursive) using defaults
[0.337s] Level 1:colcon.colcon_core.package_discovery:discover_packages(ignore) discover
[0.337s] Level 1:colcon.colcon_core.package_discovery:discover_packages(ignore) using defaults
[0.337s] Level 1:colcon.colcon_core.package_discovery:discover_packages(path) discover
[0.337s] Level 1:colcon.colcon_core.package_discovery:discover_packages(path) using defaults
[0.365s] Level 1:colcon.colcon_core.package_discovery:discover_packages(prefix_path) check parameters
[0.365s] Level 1:colcon.colcon_core.package_discovery:discover_packages(prefix_path) discover
[0.370s] DEBUG:colcon.colcon_installed_package_information.package_discovery:Found 7 installed packages in /home/kim/open_topic/linux/ws/install
[0.371s] DEBUG:colcon.colcon_installed_package_information.package_discovery:Found 0 installed packages in /home/kim/ros2/ws/install
[0.373s] DEBUG:colcon.colcon_installed_package_information.package_discovery:Found 4 installed packages in /home/kim/ros2/downloadws/install
[0.375s] DEBUG:colcon.colcon_installed_package_information.package_discovery:Found 2 installed packages in /home/kim/is/ubnutu/ws/install
[0.377s] DEBUG:colcon.colcon_installed_package_information.package_discovery:Found 258 installed packages in /opt/ros/foxy
[0.378s] Level 1:colcon.colcon_core.package_discovery:discover_packages(prefix_path) using defaults
[0.420s] Level 5:colcon.colcon_core.verb:set package 'check_qos' build argument 'cmake_args' from command line to 'None'
[0.420s] Level 5:colcon.colcon_core.verb:set package 'check_qos' build argument 'cmake_target' from command line to 'None'
[0.420s] Level 5:colcon.colcon_core.verb:set package 'check_qos' build argument 'cmake_target_skip_unavailable' from command line to 'False'
[0.420s] Level 5:colcon.colcon_core.verb:set package 'check_qos' build argument 'cmake_clean_cache' from command line to 'False'
[0.420s] Level 5:colcon.colcon_core.verb:set package 'check_qos' build argument 'cmake_clean_first' from command line to 'False'
[0.420s] Level 5:colcon.colcon_core.verb:set package 'check_qos' build argument 'cmake_force_configure' from command line to 'False'
[0.420s] Level 5:colcon.colcon_core.verb:set package 'check_qos' build argument 'ament_cmake_args' from command line to 'None'
[0.420s] Level 5:colcon.colcon_core.verb:set package 'check_qos' build argument 'catkin_cmake_args' from command line to 'None'
[0.420s] Level 5:colcon.colcon_core.verb:set package 'check_qos' build argument 'catkin_skip_building_tests' from command line to 'False'
[0.420s] DEBUG:colcon.colcon_core.verb:Building package 'check_qos' with the following arguments: {'ament_cmake_args': None, 'build_base': '/home/kim/open_topic/linux/ws/build/check_qos', 'catkin_cmake_args': None, 'catkin_skip_building_tests': False, 'cmake_args': None, 'cmake_clean_cache': False, 'cmake_clean_first': False, 'cmake_force_configure': False, 'cmake_target': None, 'cmake_target_skip_unavailable': False, 'install_base': '/home/kim/open_topic/linux/ws/install/check_qos', 'merge_install': False, 'path': '/home/kim/open_topic/linux/ws/src/check_qos', 'symlink_install': False, 'test_result_base': None}
[0.422s] Level 5:colcon.colcon_core.verb:set package 'delay_frame' build argument 'cmake_args' from command line to 'None'
[0.422s] Level 5:colcon.colcon_core.verb:set package 'delay_frame' build argument 'cmake_target' from command line to 'None'
[0.422s] Level 5:colcon.colcon_core.verb:set package 'delay_frame' build argument 'cmake_target_skip_unavailable' from command line to 'False'
[0.422s] Level 5:colcon.colcon_core.verb:set package 'delay_frame' build argument 'cmake_clean_cache' from command line to 'False'
[0.422s] Level 5:colcon.colcon_core.verb:set package 'delay_frame' build argument 'cmake_clean_first' from command line to 'False'
[0.422s] Level 5:colcon.colcon_core.verb:set package 'delay_frame' build argument 'cmake_force_configure' from command line to 'False'
[0.422s] Level 5:colcon.colcon_core.verb:set package 'delay_frame' build argument 'ament_cmake_args' from command line to 'None'
[0.422s] Level 5:colcon.colcon_core.verb:set package 'delay_frame' build argument 'catkin_cmake_args' from command line to 'None'
[0.422s] Level 5:colcon.colcon_core.verb:set package 'delay_frame' build argument 'catkin_skip_building_tests' from command line to 'False'
[0.422s] DEBUG:colcon.colcon_core.verb:Building package 'delay_frame' with the following arguments: {'ament_cmake_args': None, 'build_base': '/home/kim/open_topic/linux/ws/build/delay_frame', 'catkin_cmake_args': None, 'catkin_skip_building_tests': False, 'cmake_args': None, 'cmake_clean_cache': False, 'cmake_clean_first': False, 'cmake_force_configure': False, 'cmake_target': None, 'cmake_target_skip_unavailable': False, 'install_base': '/home/kim/open_topic/linux/ws/install/delay_frame', 'merge_install': False, 'path': '/home/kim/open_topic/linux/ws/src/delay_frame', 'symlink_install': False, 'test_result_base': None}
[0.424s] Level 5:colcon.colcon_core.verb:set package 'fake_image' build argument 'cmake_args' from command line to 'None'
[0.424s] Level 5:colcon.colcon_core.verb:set package 'fake_image' build argument 'cmake_target' from command line to 'None'
[0.424s] Level 5:colcon.colcon_core.verb:set package 'fake_image' build argument 'cmake_target_skip_unavailable' from command line to 'False'
[0.424s] Level 5:colcon.colcon_core.verb:set package 'fake_image' build argument 'cmake_clean_cache' from command line to 'False'
[0.424s] Level 5:colcon.colcon_core.verb:set package 'fake_image' build argument 'cmake_clean_first' from command line to 'False'
[0.424s] Level 5:colcon.colcon_core.verb:set package 'fake_image' build argument 'cmake_force_configure' from command line to 'False'
[0.424s] Level 5:colcon.colcon_core.verb:set package 'fake_image' build argument 'ament_cmake_args' from command line to 'None'
[0.424s] Level 5:colcon.colcon_core.verb:set package 'fake_image' build argument 'catkin_cmake_args' from command line to 'None'
[0.424s] Level 5:colcon.colcon_core.verb:set package 'fake_image' build argument 'catkin_skip_building_tests' from command line to 'False'
[0.424s] DEBUG:colcon.colcon_core.verb:Building package 'fake_image' with the following arguments: {'ament_cmake_args': None, 'build_base': '/home/kim/open_topic/linux/ws/build/fake_image', 'catkin_cmake_args': None, 'catkin_skip_building_tests': False, 'cmake_args': None, 'cmake_clean_cache': False, 'cmake_clean_first': False, 'cmake_force_configure': False, 'cmake_target': None, 'cmake_target_skip_unavailable': False, 'install_base': '/home/kim/open_topic/linux/ws/install/fake_image', 'merge_install': False, 'path': '/home/kim/open_topic/linux/ws/src/fake_image', 'symlink_install': False, 'test_result_base': None}
[0.426s] Level 5:colcon.colcon_core.verb:set package 'fake_pixel' build argument 'cmake_args' from command line to 'None'
[0.426s] Level 5:colcon.colcon_core.verb:set package 'fake_pixel' build argument 'cmake_target' from command line to 'None'
[0.426s] Level 5:colcon.colcon_core.verb:set package 'fake_pixel' build argument 'cmake_target_skip_unavailable' from command line to 'False'
[0.426s] Level 5:colcon.colcon_core.verb:set package 'fake_pixel' build argument 'cmake_clean_cache' from command line to 'False'
[0.426s] Level 5:colcon.colcon_core.verb:set package 'fake_pixel' build argument 'cmake_clean_first' from command line to 'False'
[0.426s] Level 5:colcon.colcon_core.verb:set package 'fake_pixel' build argument 'cmake_force_configure' from command line to 'False'
[0.426s] Level 5:colcon.colcon_core.verb:set package 'fake_pixel' build argument 'ament_cmake_args' from command line to 'None'
[0.426s] Level 5:colcon.colcon_core.verb:set package 'fake_pixel' build argument 'catkin_cmake_args' from command line to 'None'
[0.426s] Level 5:colcon.colcon_core.verb:set package 'fake_pixel' build argument 'catkin_skip_building_tests' from command line to 'False'
[0.426s] DEBUG:colcon.colcon_core.verb:Building package 'fake_pixel' with the following arguments: {'ament_cmake_args': None, 'build_base': '/home/kim/open_topic/linux/ws/build/fake_pixel', 'catkin_cmake_args': None, 'catkin_skip_building_tests': False, 'cmake_args': None, 'cmake_clean_cache': False, 'cmake_clean_first': False, 'cmake_force_configure': False, 'cmake_target': None, 'cmake_target_skip_unavailable': False, 'install_base': '/home/kim/open_topic/linux/ws/install/fake_pixel', 'merge_install': False, 'path': '/home/kim/open_topic/linux/ws/src/fake_pixel', 'symlink_install': False, 'test_result_base': None}
[0.428s] Level 5:colcon.colcon_core.verb:set package 'pixel2coordinate' build argument 'cmake_args' from command line to 'None'
[0.428s] Level 5:colcon.colcon_core.verb:set package 'pixel2coordinate' build argument 'cmake_target' from command line to 'None'
[0.428s] Level 5:colcon.colcon_core.verb:set package 'pixel2coordinate' build argument 'cmake_target_skip_unavailable' from command line to 'False'
[0.428s] Level 5:colcon.colcon_core.verb:set package 'pixel2coordinate' build argument 'cmake_clean_cache' from command line to 'False'
[0.428s] Level 5:colcon.colcon_core.verb:set package 'pixel2coordinate' build argument 'cmake_clean_first' from command line to 'False'
[0.428s] Level 5:colcon.colcon_core.verb:set package 'pixel2coordinate' build argument 'cmake_force_configure' from command line to 'False'
[0.428s] Level 5:colcon.colcon_core.verb:set package 'pixel2coordinate' build argument 'ament_cmake_args' from command line to 'None'
[0.428s] Level 5:colcon.colcon_core.verb:set package 'pixel2coordinate' build argument 'catkin_cmake_args' from command line to 'None'
[0.428s] Level 5:colcon.colcon_core.verb:set package 'pixel2coordinate' build argument 'catkin_skip_building_tests' from command line to 'False'
[0.428s] DEBUG:colcon.colcon_core.verb:Building package 'pixel2coordinate' with the following arguments: {'ament_cmake_args': None, 'build_base': '/home/kim/open_topic/linux/ws/build/pixel2coordinate', 'catkin_cmake_args': None, 'catkin_skip_building_tests': False, 'cmake_args': None, 'cmake_clean_cache': False, 'cmake_clean_first': False, 'cmake_force_configure': False, 'cmake_target': None, 'cmake_target_skip_unavailable': False, 'install_base': '/home/kim/open_topic/linux/ws/install/pixel2coordinate', 'merge_install': False, 'path': '/home/kim/open_topic/linux/ws/src/pixel2coordinate', 'symlink_install': False, 'test_result_base': None}
[0.430s] INFO:colcon.colcon_core.executor:Executing jobs using 'parallel' executor
[0.438s] DEBUG:colcon.colcon_parallel_executor.executor.parallel:run_until_complete
[0.439s] INFO:colcon.colcon_ros.task.ament_cmake.build:Building ROS package in '/home/kim/open_topic/linux/ws/src/check_qos' with build type 'ament_cmake'
[0.439s] INFO:colcon.colcon_cmake.task.cmake.build:Building CMake package in '/home/kim/open_topic/linux/ws/src/check_qos'
[0.445s] INFO:colcon.colcon_core.plugin_system:Skipping extension 'colcon_core.shell.bat': Not used on non-Windows systems
[0.445s] INFO:colcon.colcon_core.shell:Skip shell extension 'powershell' for command environment: Not usable outside of PowerShell
[0.445s] DEBUG:colcon.colcon_core.shell:Skip shell extension 'dsv' for command environment
[0.460s] INFO:colcon.colcon_ros.task.ament_cmake.build:Building ROS package in '/home/kim/open_topic/linux/ws/src/delay_frame' with build type 'ament_cmake'
[0.461s] INFO:colcon.colcon_cmake.task.cmake.build:Building CMake package in '/home/kim/open_topic/linux/ws/src/delay_frame'
[0.466s] INFO:colcon.colcon_core.shell:Skip shell extension 'powershell' for command environment: Not usable outside of PowerShell
[0.466s] DEBUG:colcon.colcon_core.shell:Skip shell extension 'dsv' for command environment
[0.483s] INFO:colcon.colcon_ros.task.ament_cmake.build:Building ROS package in '/home/kim/open_topic/linux/ws/src/fake_image' with build type 'ament_cmake'
[0.484s] INFO:colcon.colcon_cmake.task.cmake.build:Building CMake package in '/home/kim/open_topic/linux/ws/src/fake_image'
[0.488s] INFO:colcon.colcon_core.shell:Skip shell extension 'powershell' for command environment: Not usable outside of PowerShell
[0.488s] DEBUG:colcon.colcon_core.shell:Skip shell extension 'dsv' for command environment
[0.505s] INFO:colcon.colcon_ros.task.ament_cmake.build:Building ROS package in '/home/kim/open_topic/linux/ws/src/fake_pixel' with build type 'ament_cmake'
[0.505s] INFO:colcon.colcon_cmake.task.cmake.build:Building CMake package in '/home/kim/open_topic/linux/ws/src/fake_pixel'
[0.510s] INFO:colcon.colcon_core.shell:Skip shell extension 'powershell' for command environment: Not usable outside of PowerShell
[0.510s] DEBUG:colcon.colcon_core.shell:Skip shell extension 'dsv' for command environment
[0.526s] INFO:colcon.colcon_ros.task.ament_cmake.build:Building ROS package in '/home/kim/open_topic/linux/ws/src/pixel2coordinate' with build type 'ament_cmake'
[0.527s] INFO:colcon.colcon_cmake.task.cmake.build:Building CMake package in '/home/kim/open_topic/linux/ws/src/pixel2coordinate'
[0.531s] INFO:colcon.colcon_core.shell:Skip shell extension 'powershell' for command environment: Not usable outside of PowerShell
[0.531s] DEBUG:colcon.colcon_core.shell:Skip shell extension 'dsv' for command environment
[0.557s] DEBUG:colcon.colcon_core.event_handler.log_command:Invoking command in '/home/kim/open_topic/linux/ws/build/check_qos': CMAKE_PREFIX_PATH=${CMAKE_PREFIX_PATH}:/opt/ros/foxy /home/kim/.local/bin/cmake --build /home/kim/open_topic/linux/ws/build/check_qos -- -j12 -l12
[0.561s] DEBUG:colcon.colcon_core.event_handler.log_command:Invoking command in '/home/kim/open_topic/linux/ws/build/delay_frame': CMAKE_PREFIX_PATH=${CMAKE_PREFIX_PATH}:/opt/ros/foxy /home/kim/.local/bin/cmake --build /home/kim/open_topic/linux/ws/build/delay_frame -- -j12 -l12
[0.567s] DEBUG:colcon.colcon_core.event_handler.log_command:Invoking command in '/home/kim/open_topic/linux/ws/build/fake_image': CMAKE_PREFIX_PATH=${CMAKE_PREFIX_PATH}:/opt/ros/foxy /home/kim/.local/bin/cmake --build /home/kim/open_topic/linux/ws/build/fake_image -- -j12 -l12
[0.577s] DEBUG:colcon.colcon_core.event_handler.log_command:Invoking command in '/home/kim/open_topic/linux/ws/build/fake_pixel': CMAKE_PREFIX_PATH=${CMAKE_PREFIX_PATH}:/opt/ros/foxy /home/kim/.local/bin/cmake --build /home/kim/open_topic/linux/ws/build/fake_pixel -- -j12 -l12
[0.581s] DEBUG:colcon.colcon_core.event_handler.log_command:Invoking command in '/home/kim/open_topic/linux/ws/build/pixel2coordinate': CMAKE_PREFIX_PATH=${CMAKE_PREFIX_PATH}:/opt/ros/foxy /home/kim/.local/bin/cmake --build /home/kim/open_topic/linux/ws/build/pixel2coordinate -- -j12 -l12
[0.610s] DEBUG:colcon.colcon_core.event_handler.log_command:Invoked command in '/home/kim/open_topic/linux/ws/build/check_qos' returned '0': CMAKE_PREFIX_PATH=${CMAKE_PREFIX_PATH}:/opt/ros/foxy /home/kim/.local/bin/cmake --build /home/kim/open_topic/linux/ws/build/check_qos -- -j12 -l12
[0.617s] DEBUG:colcon.colcon_core.event_handler.log_command:Invoked command in '/home/kim/open_topic/linux/ws/build/delay_frame' returned '0': CMAKE_PREFIX_PATH=${CMAKE_PREFIX_PATH}:/opt/ros/foxy /home/kim/.local/bin/cmake --build /home/kim/open_topic/linux/ws/build/delay_frame -- -j12 -l12
[0.621s] DEBUG:colcon.colcon_core.event_handler.log_command:Invoked command in '/home/kim/open_topic/linux/ws/build/fake_image' returned '0': CMAKE_PREFIX_PATH=${CMAKE_PREFIX_PATH}:/opt/ros/foxy /home/kim/.local/bin/cmake --build /home/kim/open_topic/linux/ws/build/fake_image -- -j12 -l12
[0.625s] DEBUG:colcon.colcon_core.event_handler.log_command:Invoked command in '/home/kim/open_topic/linux/ws/build/fake_pixel' returned '0': CMAKE_PREFIX_PATH=${CMAKE_PREFIX_PATH}:/opt/ros/foxy /home/kim/.local/bin/cmake --build /home/kim/open_topic/linux/ws/build/fake_pixel -- -j12 -l12
[0.637s] DEBUG:colcon.colcon_core.event_handler.log_command:Invoked command in '/home/kim/open_topic/linux/ws/build/pixel2coordinate' returned '0': CMAKE_PREFIX_PATH=${CMAKE_PREFIX_PATH}:/opt/ros/foxy /home/kim/.local/bin/cmake --build /home/kim/open_topic/linux/ws/build/pixel2coordinate -- -j12 -l12
[0.691s] DEBUG:colcon.colcon_core.event_handler.log_command:Invoking command in '/home/kim/open_topic/linux/ws/build/check_qos': CMAKE_PREFIX_PATH=${CMAKE_PREFIX_PATH}:/opt/ros/foxy /home/kim/.local/bin/cmake --install /home/kim/open_topic/linux/ws/build/check_qos
[0.695s] DEBUG:colcon.colcon_core.event_handler.log_command:Invoking command in '/home/kim/open_topic/linux/ws/build/delay_frame': CMAKE_PREFIX_PATH=${CMAKE_PREFIX_PATH}:/opt/ros/foxy /home/kim/.local/bin/cmake --install /home/kim/open_topic/linux/ws/build/delay_frame
[0.698s] DEBUG:colcon.colcon_core.event_handler.log_command:Invoking command in '/home/kim/open_topic/linux/ws/build/fake_pixel': CMAKE_PREFIX_PATH=${CMAKE_PREFIX_PATH}:/opt/ros/foxy /home/kim/.local/bin/cmake --install /home/kim/open_topic/linux/ws/build/fake_pixel
[0.702s] DEBUG:colcon.colcon_core.event_handler.log_command:Invoking command in '/home/kim/open_topic/linux/ws/build/fake_image': CMAKE_PREFIX_PATH=${CMAKE_PREFIX_PATH}:/opt/ros/foxy /home/kim/.local/bin/cmake --install /home/kim/open_topic/linux/ws/build/fake_image
[0.705s] DEBUG:colcon.colcon_core.event_handler.log_command:Invoking command in '/home/kim/open_topic/linux/ws/build/pixel2coordinate': CMAKE_PREFIX_PATH=${CMAKE_PREFIX_PATH}:/opt/ros/foxy /home/kim/.local/bin/cmake --install /home/kim/open_topic/linux/ws/build/pixel2coordinate
[0.762s] Level 1:colcon.colcon_core.environment:create_environment_scripts_only(delay_frame)
[0.765s] DEBUG:colcon.colcon_core.event_handler.log_command:Invoked command in '/home/kim/open_topic/linux/ws/build/delay_frame' returned '0': CMAKE_PREFIX_PATH=${CMAKE_PREFIX_PATH}:/opt/ros/foxy /home/kim/.local/bin/cmake --install /home/kim/open_topic/linux/ws/build/delay_frame
[0.778s] Level 1:colcon.colcon_core.environment:checking '/home/kim/open_topic/linux/ws/install/delay_frame' for CMake module files
[0.779s] Level 1:colcon.colcon_core.environment:checking '/home/kim/open_topic/linux/ws/install/delay_frame' for CMake config files
[0.779s] Level 1:colcon.colcon_core.shell:create_environment_hook('delay_frame', 'cmake_prefix_path')
[0.783s] INFO:colcon.colcon_core.shell:Creating environment hook '/home/kim/open_topic/linux/ws/install/delay_frame/share/delay_frame/hook/cmake_prefix_path.ps1'
[0.784s] INFO:colcon.colcon_core.shell:Creating environment descriptor '/home/kim/open_topic/linux/ws/install/delay_frame/share/delay_frame/hook/cmake_prefix_path.dsv'
[0.785s] INFO:colcon.colcon_core.shell:Creating environment hook '/home/kim/open_topic/linux/ws/install/delay_frame/share/delay_frame/hook/cmake_prefix_path.sh'
[0.786s] Level 1:colcon.colcon_core.environment:checking '/home/kim/open_topic/linux/ws/install/delay_frame/lib'
[0.786s] Level 1:colcon.colcon_core.environment:checking '/home/kim/open_topic/linux/ws/install/delay_frame/bin'
[0.786s] Level 1:colcon.colcon_core.environment:checking '/home/kim/open_topic/linux/ws/install/delay_frame/lib/pkgconfig/delay_frame.pc'
[0.786s] Level 1:colcon.colcon_core.environment:checking '/home/kim/open_topic/linux/ws/install/delay_frame/lib/python3.8/site-packages'
[0.786s] Level 1:colcon.colcon_core.shell:create_environment_hook('delay_frame', 'pythonpath')
[0.790s] INFO:colcon.colcon_core.shell:Creating environment hook '/home/kim/open_topic/linux/ws/install/delay_frame/share/delay_frame/hook/pythonpath.ps1'
[0.790s] INFO:colcon.colcon_core.shell:Creating environment descriptor '/home/kim/open_topic/linux/ws/install/delay_frame/share/delay_frame/hook/pythonpath.dsv'
[0.791s] INFO:colcon.colcon_core.shell:Creating environment hook '/home/kim/open_topic/linux/ws/install/delay_frame/share/delay_frame/hook/pythonpath.sh'
[0.791s] Level 1:colcon.colcon_core.environment:checking '/home/kim/open_topic/linux/ws/install/delay_frame/bin'
[0.796s] INFO:colcon.colcon_core.shell:Creating package script '/home/kim/open_topic/linux/ws/install/delay_frame/share/delay_frame/package.ps1'
[0.796s] INFO:colcon.colcon_core.shell:Creating package descriptor '/home/kim/open_topic/linux/ws/install/delay_frame/share/delay_frame/package.dsv'
[0.797s] INFO:colcon.colcon_core.shell:Creating package script '/home/kim/open_topic/linux/ws/install/delay_frame/share/delay_frame/package.sh'
[0.797s] INFO:colcon.colcon_core.shell:Creating package script '/home/kim/open_topic/linux/ws/install/delay_frame/share/delay_frame/package.bash'
[0.798s] INFO:colcon.colcon_core.shell:Creating package script '/home/kim/open_topic/linux/ws/install/delay_frame/share/delay_frame/package.zsh'
[0.798s] Level 1:colcon.colcon_core.environment:create_file_with_runtime_dependencies(/home/kim/open_topic/linux/ws/install/delay_frame/share/colcon-core/packages/delay_frame)
[0.802s] Level 1:colcon.colcon_core.environment:create_environment_scripts_only(fake_pixel)
[0.803s] DEBUG:colcon.colcon_core.event_handler.log_command:Invoked command in '/home/kim/open_topic/linux/ws/build/fake_pixel' returned '0': CMAKE_PREFIX_PATH=${CMAKE_PREFIX_PATH}:/opt/ros/foxy /home/kim/.local/bin/cmake --install /home/kim/open_topic/linux/ws/build/fake_pixel
[0.809s] Level 1:colcon.colcon_core.environment:checking '/home/kim/open_topic/linux/ws/install/fake_pixel' for CMake module files
[0.809s] Level 1:colcon.colcon_core.environment:checking '/home/kim/open_topic/linux/ws/install/fake_pixel' for CMake config files
[0.809s] Level 1:colcon.colcon_core.shell:create_environment_hook('fake_pixel', 'cmake_prefix_path')
[0.813s] INFO:colcon.colcon_core.shell:Creating environment hook '/home/kim/open_topic/linux/ws/install/fake_pixel/share/fake_pixel/hook/cmake_prefix_path.ps1'
[0.814s] INFO:colcon.colcon_core.shell:Creating environment descriptor '/home/kim/open_topic/linux/ws/install/fake_pixel/share/fake_pixel/hook/cmake_prefix_path.dsv'
[0.814s] INFO:colcon.colcon_core.shell:Creating environment hook '/home/kim/open_topic/linux/ws/install/fake_pixel/share/fake_pixel/hook/cmake_prefix_path.sh'
[0.814s] Level 1:colcon.colcon_core.environment:checking '/home/kim/open_topic/linux/ws/install/fake_pixel/lib'
[0.815s] Level 1:colcon.colcon_core.environment:checking '/home/kim/open_topic/linux/ws/install/fake_pixel/bin'
[0.815s] Level 1:colcon.colcon_core.environment:checking '/home/kim/open_topic/linux/ws/install/fake_pixel/lib/pkgconfig/fake_pixel.pc'
[0.815s] Level 1:colcon.colcon_core.environment:checking '/home/kim/open_topic/linux/ws/install/fake_pixel/lib/python3.8/site-packages'
[0.815s] Level 1:colcon.colcon_core.shell:create_environment_hook('fake_pixel', 'pythonpath')
[0.819s] INFO:colcon.colcon_core.shell:Creating environment hook '/home/kim/open_topic/linux/ws/install/fake_pixel/share/fake_pixel/hook/pythonpath.ps1'
[0.819s] INFO:colcon.colcon_core.shell:Creating environment descriptor '/home/kim/open_topic/linux/ws/install/fake_pixel/share/fake_pixel/hook/pythonpath.dsv'
[0.819s] INFO:colcon.colcon_core.shell:Creating environment hook '/home/kim/open_topic/linux/ws/install/fake_pixel/share/fake_pixel/hook/pythonpath.sh'
[0.820s] Level 1:colcon.colcon_core.environment:checking '/home/kim/open_topic/linux/ws/install/fake_pixel/bin'
[0.824s] INFO:colcon.colcon_core.shell:Creating package script '/home/kim/open_topic/linux/ws/install/fake_pixel/share/fake_pixel/package.ps1'
[0.824s] INFO:colcon.colcon_core.shell:Creating package descriptor '/home/kim/open_topic/linux/ws/install/fake_pixel/share/fake_pixel/package.dsv'
[0.824s] INFO:colcon.colcon_core.shell:Creating package script '/home/kim/open_topic/linux/ws/install/fake_pixel/share/fake_pixel/package.sh'
[0.825s] INFO:colcon.colcon_core.shell:Creating package script '/home/kim/open_topic/linux/ws/install/fake_pixel/share/fake_pixel/package.bash'
[0.825s] INFO:colcon.colcon_core.shell:Creating package script '/home/kim/open_topic/linux/ws/install/fake_pixel/share/fake_pixel/package.zsh'
[0.825s] Level 1:colcon.colcon_core.environment:create_file_with_runtime_dependencies(/home/kim/open_topic/linux/ws/install/fake_pixel/share/colcon-core/packages/fake_pixel)
[0.831s] Level 1:colcon.colcon_core.environment:create_environment_scripts_only(check_qos)
[0.831s] DEBUG:colcon.colcon_core.event_handler.log_command:Invoked command in '/home/kim/open_topic/linux/ws/build/check_qos' returned '0': CMAKE_PREFIX_PATH=${CMAKE_PREFIX_PATH}:/opt/ros/foxy /home/kim/.local/bin/cmake --install /home/kim/open_topic/linux/ws/build/check_qos
[0.837s] Level 1:colcon.colcon_core.environment:checking '/home/kim/open_topic/linux/ws/install/check_qos' for CMake module files
[0.838s] Level 1:colcon.colcon_core.environment:checking '/home/kim/open_topic/linux/ws/install/check_qos' for CMake config files
[0.838s] Level 1:colcon.colcon_core.shell:create_environment_hook('check_qos', 'cmake_prefix_path')
[0.842s] INFO:colcon.colcon_core.shell:Creating environment hook '/home/kim/open_topic/linux/ws/install/check_qos/share/check_qos/hook/cmake_prefix_path.ps1'
[0.843s] INFO:colcon.colcon_core.shell:Creating environment descriptor '/home/kim/open_topic/linux/ws/install/check_qos/share/check_qos/hook/cmake_prefix_path.dsv'
[0.843s] INFO:colcon.colcon_core.shell:Creating environment hook '/home/kim/open_topic/linux/ws/install/check_qos/share/check_qos/hook/cmake_prefix_path.sh'
[0.844s] Level 1:colcon.colcon_core.environment:checking '/home/kim/open_topic/linux/ws/install/check_qos/lib'
[0.844s] Level 1:colcon.colcon_core.environment:checking '/home/kim/open_topic/linux/ws/install/check_qos/bin'
[0.844s] Level 1:colcon.colcon_core.environment:checking '/home/kim/open_topic/linux/ws/install/check_qos/lib/pkgconfig/check_qos.pc'
[0.844s] Level 1:colcon.colcon_core.environment:checking '/home/kim/open_topic/linux/ws/install/check_qos/lib/python3.8/site-packages'
[0.844s] Level 1:colcon.colcon_core.shell:create_environment_hook('check_qos', 'pythonpath')
[0.848s] INFO:colcon.colcon_core.shell:Creating environment hook '/home/kim/open_topic/linux/ws/install/check_qos/share/check_qos/hook/pythonpath.ps1'
[0.849s] INFO:colcon.colcon_core.shell:Creating environment descriptor '/home/kim/open_topic/linux/ws/install/check_qos/share/check_qos/hook/pythonpath.dsv'
[0.849s] INFO:colcon.colcon_core.shell:Creating environment hook '/home/kim/open_topic/linux/ws/install/check_qos/share/check_qos/hook/pythonpath.sh'
[0.849s] Level 1:colcon.colcon_core.environment:checking '/home/kim/open_topic/linux/ws/install/check_qos/bin'
[0.853s] INFO:colcon.colcon_core.shell:Creating package script '/home/kim/open_topic/linux/ws/install/check_qos/share/check_qos/package.ps1'
[0.854s] INFO:colcon.colcon_core.shell:Creating package descriptor '/home/kim/open_topic/linux/ws/install/check_qos/share/check_qos/package.dsv'
[0.854s] INFO:colcon.colcon_core.shell:Creating package script '/home/kim/open_topic/linux/ws/install/check_qos/share/check_qos/package.sh'
[0.854s] INFO:colcon.colcon_core.shell:Creating package script '/home/kim/open_topic/linux/ws/install/check_qos/share/check_qos/package.bash'
[0.855s] INFO:colcon.colcon_core.shell:Creating package script '/home/kim/open_topic/linux/ws/install/check_qos/share/check_qos/package.zsh'
[0.855s] Level 1:colcon.colcon_core.environment:create_file_with_runtime_dependencies(/home/kim/open_topic/linux/ws/install/check_qos/share/colcon-core/packages/check_qos)
[0.859s] Level 1:colcon.colcon_core.environment:create_environment_scripts_only(pixel2coordinate)
[0.860s] DEBUG:colcon.colcon_core.event_handler.log_command:Invoked command in '/home/kim/open_topic/linux/ws/build/pixel2coordinate' returned '0': CMAKE_PREFIX_PATH=${CMAKE_PREFIX_PATH}:/opt/ros/foxy /home/kim/.local/bin/cmake --install /home/kim/open_topic/linux/ws/build/pixel2coordinate
[0.867s] Level 1:colcon.colcon_core.environment:checking '/home/kim/open_topic/linux/ws/install/pixel2coordinate' for CMake module files
[0.868s] Level 1:colcon.colcon_core.environment:checking '/home/kim/open_topic/linux/ws/install/pixel2coordinate' for CMake config files
[0.868s] Level 1:colcon.colcon_core.shell:create_environment_hook('pixel2coordinate', 'cmake_prefix_path')
[0.872s] INFO:colcon.colcon_core.shell:Creating environment hook '/home/kim/open_topic/linux/ws/install/pixel2coordinate/share/pixel2coordinate/hook/cmake_prefix_path.ps1'
[0.873s] INFO:colcon.colcon_core.shell:Creating environment descriptor '/home/kim/open_topic/linux/ws/install/pixel2coordinate/share/pixel2coordinate/hook/cmake_prefix_path.dsv'
[0.873s] INFO:colcon.colcon_core.shell:Creating environment hook '/home/kim/open_topic/linux/ws/install/pixel2coordinate/share/pixel2coordinate/hook/cmake_prefix_path.sh'
[0.873s] Level 1:colcon.colcon_core.environment:checking '/home/kim/open_topic/linux/ws/install/pixel2coordinate/lib'
[0.874s] Level 1:colcon.colcon_core.environment:checking '/home/kim/open_topic/linux/ws/install/pixel2coordinate/bin'
[0.874s] Level 1:colcon.colcon_core.environment:checking '/home/kim/open_topic/linux/ws/install/pixel2coordinate/lib/pkgconfig/pixel2coordinate.pc'
[0.874s] Level 1:colcon.colcon_core.environment:checking '/home/kim/open_topic/linux/ws/install/pixel2coordinate/lib/python3.8/site-packages'
[0.874s] Level 1:colcon.colcon_core.shell:create_environment_hook('pixel2coordinate', 'pythonpath')
[0.878s] INFO:colcon.colcon_core.shell:Creating environment hook '/home/kim/open_topic/linux/ws/install/pixel2coordinate/share/pixel2coordinate/hook/pythonpath.ps1'
[0.878s] INFO:colcon.colcon_core.shell:Creating environment descriptor '/home/kim/open_topic/linux/ws/install/pixel2coordinate/share/pixel2coordinate/hook/pythonpath.dsv'
[0.879s] INFO:colcon.colcon_core.shell:Creating environment hook '/home/kim/open_topic/linux/ws/install/pixel2coordinate/share/pixel2coordinate/hook/pythonpath.sh'
[0.879s] Level 1:colcon.colcon_core.environment:checking '/home/kim/open_topic/linux/ws/install/pixel2coordinate/bin'
[0.884s] INFO:colcon.colcon_core.shell:Creating package script '/home/kim/open_topic/linux/ws/install/pixel2coordinate/share/pixel2coordinate/package.ps1'
[0.884s] INFO:colcon.colcon_core.shell:Creating package descriptor '/home/kim/open_topic/linux/ws/install/pixel2coordinate/share/pixel2coordinate/package.dsv'
[0.885s] INFO:colcon.colcon_core.shell:Creating package script '/home/kim/open_topic/linux/ws/install/pixel2coordinate/share/pixel2coordinate/package.sh'
[0.885s] INFO:colcon.colcon_core.shell:Creating package script '/home/kim/open_topic/linux/ws/install/pixel2coordinate/share/pixel2coordinate/package.bash'
[0.886s] INFO:colcon.colcon_core.shell:Creating package script '/home/kim/open_topic/linux/ws/install/pixel2coordinate/share/pixel2coordinate/package.zsh'
[0.886s] Level 1:colcon.colcon_core.environment:create_file_with_runtime_dependencies(/home/kim/open_topic/linux/ws/install/pixel2coordinate/share/colcon-core/packages/pixel2coordinate)
[0.890s] Level 1:colcon.colcon_core.environment:create_environment_scripts_only(fake_image)
[0.897s] Level 1:colcon.colcon_core.environment:checking '/home/kim/open_topic/linux/ws/install/fake_image' for CMake module files
[0.897s] DEBUG:colcon.colcon_core.event_handler.log_command:Invoked command in '/home/kim/open_topic/linux/ws/build/fake_image' returned '0': CMAKE_PREFIX_PATH=${CMAKE_PREFIX_PATH}:/opt/ros/foxy /home/kim/.local/bin/cmake --install /home/kim/open_topic/linux/ws/build/fake_image
[0.898s] Level 1:colcon.colcon_core.environment:checking '/home/kim/open_topic/linux/ws/install/fake_image' for CMake config files
[0.898s] Level 1:colcon.colcon_core.shell:create_environment_hook('fake_image', 'cmake_prefix_path')
[0.902s] INFO:colcon.colcon_core.shell:Creating environment hook '/home/kim/open_topic/linux/ws/install/fake_image/share/fake_image/hook/cmake_prefix_path.ps1'
[0.903s] INFO:colcon.colcon_core.shell:Creating environment descriptor '/home/kim/open_topic/linux/ws/install/fake_image/share/fake_image/hook/cmake_prefix_path.dsv'
[0.903s] INFO:colcon.colcon_core.shell:Creating environment hook '/home/kim/open_topic/linux/ws/install/fake_image/share/fake_image/hook/cmake_prefix_path.sh'
[0.903s] Level 1:colcon.colcon_core.environment:checking '/home/kim/open_topic/linux/ws/install/fake_image/lib'
[0.903s] Level 1:colcon.colcon_core.environment:checking '/home/kim/open_topic/linux/ws/install/fake_image/bin'
[0.904s] Level 1:colcon.colcon_core.environment:checking '/home/kim/open_topic/linux/ws/install/fake_image/lib/pkgconfig/fake_image.pc'
[0.904s] Level 1:colcon.colcon_core.environment:checking '/home/kim/open_topic/linux/ws/install/fake_image/lib/python3.8/site-packages'
[0.904s] Level 1:colcon.colcon_core.shell:create_environment_hook('fake_image', 'pythonpath')
[0.908s] INFO:colcon.colcon_core.shell:Creating environment hook '/home/kim/open_topic/linux/ws/install/fake_image/share/fake_image/hook/pythonpath.ps1'
[0.908s] INFO:colcon.colcon_core.shell:Creating environment descriptor '/home/kim/open_topic/linux/ws/install/fake_image/share/fake_image/hook/pythonpath.dsv'
[0.908s] INFO:colcon.colcon_core.shell:Creating environment hook '/home/kim/open_topic/linux/ws/install/fake_image/share/fake_image/hook/pythonpath.sh'
[0.909s] Level 1:colcon.colcon_core.environment:checking '/home/kim/open_topic/linux/ws/install/fake_image/bin'
[0.913s] INFO:colcon.colcon_core.shell:Creating package script '/home/kim/open_topic/linux/ws/install/fake_image/share/fake_image/package.ps1'
[0.913s] INFO:colcon.colcon_core.shell:Creating package descriptor '/home/kim/open_topic/linux/ws/install/fake_image/share/fake_image/package.dsv'
[0.914s] INFO:colcon.colcon_core.shell:Creating package script '/home/kim/open_topic/linux/ws/install/fake_image/share/fake_image/package.sh'
[0.914s] INFO:colcon.colcon_core.shell:Creating package script '/home/kim/open_topic/linux/ws/install/fake_image/share/fake_image/package.bash'
[0.914s] INFO:colcon.colcon_core.shell:Creating package script '/home/kim/open_topic/linux/ws/install/fake_image/share/fake_image/package.zsh'
[0.915s] Level 1:colcon.colcon_core.environment:create_file_with_runtime_dependencies(/home/kim/open_topic/linux/ws/install/fake_image/share/colcon-core/packages/fake_image)
[0.923s] Level 1:colcon.colcon_core.environment:create_environment_scripts_only(delay_frame)
[0.929s] Level 1:colcon.colcon_core.environment:checking '/home/kim/open_topic/linux/ws/install/delay_frame' for CMake module files
[0.929s] Level 1:colcon.colcon_core.environment:checking '/home/kim/open_topic/linux/ws/install/delay_frame' for CMake config files
[0.930s] Level 1:colcon.colcon_core.shell:create_environment_hook('delay_frame', 'cmake_prefix_path')
[0.933s] INFO:colcon.colcon_core.shell:Creating environment hook '/home/kim/open_topic/linux/ws/install/delay_frame/share/delay_frame/hook/cmake_prefix_path.ps1'
[0.934s] INFO:colcon.colcon_core.shell:Creating environment descriptor '/home/kim/open_topic/linux/ws/install/delay_frame/share/delay_frame/hook/cmake_prefix_path.dsv'
[0.934s] INFO:colcon.colcon_core.shell:Creating environment hook '/home/kim/open_topic/linux/ws/install/delay_frame/share/delay_frame/hook/cmake_prefix_path.sh'
[0.935s] Level 1:colcon.colcon_core.environment:checking '/home/kim/open_topic/linux/ws/install/delay_frame/lib'
[0.935s] Level 1:colcon.colcon_core.environment:checking '/home/kim/open_topic/linux/ws/install/delay_frame/bin'
[0.935s] Level 1:colcon.colcon_core.environment:checking '/home/kim/open_topic/linux/ws/install/delay_frame/lib/pkgconfig/delay_frame.pc'
[0.935s] Level 1:colcon.colcon_core.environment:checking '/home/kim/open_topic/linux/ws/install/delay_frame/lib/python3.8/site-packages'
[0.935s] Level 1:colcon.colcon_core.shell:create_environment_hook('delay_frame', 'pythonpath')
[0.939s] INFO:colcon.colcon_core.shell:Creating environment hook '/home/kim/open_topic/linux/ws/install/delay_frame/share/delay_frame/hook/pythonpath.ps1'
[0.939s] INFO:colcon.colcon_core.shell:Creating environment descriptor '/home/kim/open_topic/linux/ws/install/delay_frame/share/delay_frame/hook/pythonpath.dsv'
[0.940s] INFO:colcon.colcon_core.shell:Creating environment hook '/home/kim/open_topic/linux/ws/install/delay_frame/share/delay_frame/hook/pythonpath.sh'
[0.940s] Level 1:colcon.colcon_core.environment:checking '/home/kim/open_topic/linux/ws/install/delay_frame/bin'
[0.944s] INFO:colcon.colcon_core.shell:Creating package script '/home/kim/open_topic/linux/ws/install/delay_frame/share/delay_frame/package.ps1'
[0.945s] INFO:colcon.colcon_core.shell:Creating package descriptor '/home/kim/open_topic/linux/ws/install/delay_frame/share/delay_frame/package.dsv'
[0.946s] INFO:colcon.colcon_core.shell:Creating package script '/home/kim/open_topic/linux/ws/install/delay_frame/share/delay_frame/package.sh'
[0.946s] INFO:colcon.colcon_core.shell:Creating package script '/home/kim/open_topic/linux/ws/install/delay_frame/share/delay_frame/package.bash'
[0.947s] INFO:colcon.colcon_core.shell:Creating package script '/home/kim/open_topic/linux/ws/install/delay_frame/share/delay_frame/package.zsh'
[0.947s] Level 1:colcon.colcon_core.environment:create_file_with_runtime_dependencies(/home/kim/open_topic/linux/ws/install/delay_frame/share/colcon-core/packages/delay_frame)
[0.951s] Level 1:colcon.colcon_core.environment:create_environment_scripts_only(fake_pixel)
[0.957s] Level 1:colcon.colcon_core.environment:checking '/home/kim/open_topic/linux/ws/install/fake_pixel' for CMake module files
[0.958s] Level 1:colcon.colcon_core.environment:checking '/home/kim/open_topic/linux/ws/install/fake_pixel' for CMake config files
[0.958s] Level 1:colcon.colcon_core.shell:create_environment_hook('fake_pixel', 'cmake_prefix_path')
[0.962s] INFO:colcon.colcon_core.shell:Creating environment hook '/home/kim/open_topic/linux/ws/install/fake_pixel/share/fake_pixel/hook/cmake_prefix_path.ps1'
[0.963s] INFO:colcon.colcon_core.shell:Creating environment descriptor '/home/kim/open_topic/linux/ws/install/fake_pixel/share/fake_pixel/hook/cmake_prefix_path.dsv'
[0.963s] INFO:colcon.colcon_core.shell:Creating environment hook '/home/kim/open_topic/linux/ws/install/fake_pixel/share/fake_pixel/hook/cmake_prefix_path.sh'
[0.963s] Level 1:colcon.colcon_core.environment:checking '/home/kim/open_topic/linux/ws/install/fake_pixel/lib'
[0.963s] Level 1:colcon.colcon_core.environment:checking '/home/kim/open_topic/linux/ws/install/fake_pixel/bin'
[0.964s] Level 1:colcon.colcon_core.environment:checking '/home/kim/open_topic/linux/ws/install/fake_pixel/lib/pkgconfig/fake_pixel.pc'
[0.964s] Level 1:colcon.colcon_core.environment:checking '/home/kim/open_topic/linux/ws/install/fake_pixel/lib/python3.8/site-packages'
[0.964s] Level 1:colcon.colcon_core.shell:create_environment_hook('fake_pixel', 'pythonpath')
[0.968s] INFO:colcon.colcon_core.shell:Creating environment hook '/home/kim/open_topic/linux/ws/install/fake_pixel/share/fake_pixel/hook/pythonpath.ps1'
[0.968s] INFO:colcon.colcon_core.shell:Creating environment descriptor '/home/kim/open_topic/linux/ws/install/fake_pixel/share/fake_pixel/hook/pythonpath.dsv'
[0.968s] INFO:colcon.colcon_core.shell:Creating environment hook '/home/kim/open_topic/linux/ws/install/fake_pixel/share/fake_pixel/hook/pythonpath.sh'
[0.969s] Level 1:colcon.colcon_core.environment:checking '/home/kim/open_topic/linux/ws/install/fake_pixel/bin'
[0.973s] INFO:colcon.colcon_core.shell:Creating package script '/home/kim/open_topic/linux/ws/install/fake_pixel/share/fake_pixel/package.ps1'
[0.973s] INFO:colcon.colcon_core.shell:Creating package descriptor '/home/kim/open_topic/linux/ws/install/fake_pixel/share/fake_pixel/package.dsv'
[0.974s] INFO:colcon.colcon_core.shell:Creating package script '/home/kim/open_topic/linux/ws/install/fake_pixel/share/fake_pixel/package.sh'
[0.974s] INFO:colcon.colcon_core.shell:Creating package script '/home/kim/open_topic/linux/ws/install/fake_pixel/share/fake_pixel/package.bash'
[0.975s] INFO:colcon.colcon_core.shell:Creating package script '/home/kim/open_topic/linux/ws/install/fake_pixel/share/fake_pixel/package.zsh'
[0.975s] Level 1:colcon.colcon_core.environment:create_file_with_runtime_dependencies(/home/kim/open_topic/linux/ws/install/fake_pixel/share/colcon-core/packages/fake_pixel)
[0.980s] Level 1:colcon.colcon_core.environment:create_environment_scripts_only(check_qos)
[0.986s] Level 1:colcon.colcon_core.environment:checking '/home/kim/open_topic/linux/ws/install/check_qos' for CMake module files
[0.986s] Level 1:colcon.colcon_core.environment:checking '/home/kim/open_topic/linux/ws/install/check_qos' for CMake config files
[0.987s] Level 1:colcon.colcon_core.shell:create_environment_hook('check_qos', 'cmake_prefix_path')
[0.990s] INFO:colcon.colcon_core.shell:Creating environment hook '/home/kim/open_topic/linux/ws/install/check_qos/share/check_qos/hook/cmake_prefix_path.ps1'
[0.991s] INFO:colcon.colcon_core.shell:Creating environment descriptor '/home/kim/open_topic/linux/ws/install/check_qos/share/check_qos/hook/cmake_prefix_path.dsv'
[0.991s] INFO:colcon.colcon_core.shell:Creating environment hook '/home/kim/open_topic/linux/ws/install/check_qos/share/check_qos/hook/cmake_prefix_path.sh'
[0.992s] Level 1:colcon.colcon_core.environment:checking '/home/kim/open_topic/linux/ws/install/check_qos/lib'
[0.992s] Level 1:colcon.colcon_core.environment:checking '/home/kim/open_topic/linux/ws/install/check_qos/bin'
[0.992s] Level 1:colcon.colcon_core.environment:checking '/home/kim/open_topic/linux/ws/install/check_qos/lib/pkgconfig/check_qos.pc'
[0.992s] Level 1:colcon.colcon_core.environment:checking '/home/kim/open_topic/linux/ws/install/check_qos/lib/python3.8/site-packages'
[0.992s] Level 1:colcon.colcon_core.shell:create_environment_hook('check_qos', 'pythonpath')
[0.996s] INFO:colcon.colcon_core.shell:Creating environment hook '/home/kim/open_topic/linux/ws/install/check_qos/share/check_qos/hook/pythonpath.ps1'
[0.997s] INFO:colcon.colcon_core.shell:Creating environment descriptor '/home/kim/open_topic/linux/ws/install/check_qos/share/check_qos/hook/pythonpath.dsv'
[0.997s] INFO:colcon.colcon_core.shell:Creating environment hook '/home/kim/open_topic/linux/ws/install/check_qos/share/check_qos/hook/pythonpath.sh'
[0.998s] Level 1:colcon.colcon_core.environment:checking '/home/kim/open_topic/linux/ws/install/check_qos/bin'
[1.002s] INFO:colcon.colcon_core.shell:Creating package script '/home/kim/open_topic/linux/ws/install/check_qos/share/check_qos/package.ps1'
[1.002s] INFO:colcon.colcon_core.shell:Creating package descriptor '/home/kim/open_topic/linux/ws/install/check_qos/share/check_qos/package.dsv'
[1.003s] INFO:colcon.colcon_core.shell:Creating package script '/home/kim/open_topic/linux/ws/install/check_qos/share/check_qos/package.sh'
[1.003s] INFO:colcon.colcon_core.shell:Creating package script '/home/kim/open_topic/linux/ws/install/check_qos/share/check_qos/package.bash'
[1.003s] INFO:colcon.colcon_core.shell:Creating package script '/home/kim/open_topic/linux/ws/install/check_qos/share/check_qos/package.zsh'
[1.004s] Level 1:colcon.colcon_core.environment:create_file_with_runtime_dependencies(/home/kim/open_topic/linux/ws/install/check_qos/share/colcon-core/packages/check_qos)
[1.009s] Level 1:colcon.colcon_core.environment:create_environment_scripts_only(pixel2coordinate)
[1.017s] Level 1:colcon.colcon_core.environment:checking '/home/kim/open_topic/linux/ws/install/pixel2coordinate' for CMake module files
[1.018s] Level 1:colcon.colcon_core.environment:checking '/home/kim/open_topic/linux/ws/install/pixel2coordinate' for CMake config files
[1.018s] Level 1:colcon.colcon_core.shell:create_environment_hook('pixel2coordinate', 'cmake_prefix_path')
[1.022s] INFO:colcon.colcon_core.shell:Creating environment hook '/home/kim/open_topic/linux/ws/install/pixel2coordinate/share/pixel2coordinate/hook/cmake_prefix_path.ps1'
[1.022s] INFO:colcon.colcon_core.shell:Creating environment descriptor '/home/kim/open_topic/linux/ws/install/pixel2coordinate/share/pixel2coordinate/hook/cmake_prefix_path.dsv'
[1.023s] INFO:colcon.colcon_core.shell:Creating environment hook '/home/kim/open_topic/linux/ws/install/pixel2coordinate/share/pixel2coordinate/hook/cmake_prefix_path.sh'
[1.023s] Level 1:colcon.colcon_core.environment:checking '/home/kim/open_topic/linux/ws/install/pixel2coordinate/lib'
[1.023s] Level 1:colcon.colcon_core.environment:checking '/home/kim/open_topic/linux/ws/install/pixel2coordinate/bin'
[1.023s] Level 1:colcon.colcon_core.environment:checking '/home/kim/open_topic/linux/ws/install/pixel2coordinate/lib/pkgconfig/pixel2coordinate.pc'
[1.024s] Level 1:colcon.colcon_core.environment:checking '/home/kim/open_topic/linux/ws/install/pixel2coordinate/lib/python3.8/site-packages'
[1.024s] Level 1:colcon.colcon_core.shell:create_environment_hook('pixel2coordinate', 'pythonpath')
[1.028s] INFO:colcon.colcon_core.shell:Creating environment hook '/home/kim/open_topic/linux/ws/install/pixel2coordinate/share/pixel2coordinate/hook/pythonpath.ps1'
[1.028s] INFO:colcon.colcon_core.shell:Creating environment descriptor '/home/kim/open_topic/linux/ws/install/pixel2coordinate/share/pixel2coordinate/hook/pythonpath.dsv'
[1.028s] INFO:colcon.colcon_core.shell:Creating environment hook '/home/kim/open_topic/linux/ws/install/pixel2coordinate/share/pixel2coordinate/hook/pythonpath.sh'
[1.029s] Level 1:colcon.colcon_core.environment:checking '/home/kim/open_topic/linux/ws/install/pixel2coordinate/bin'
[1.033s] INFO:colcon.colcon_core.shell:Creating package script '/home/kim/open_topic/linux/ws/install/pixel2coordinate/share/pixel2coordinate/package.ps1'
[1.034s] INFO:colcon.colcon_core.shell:Creating package descriptor '/home/kim/open_topic/linux/ws/install/pixel2coordinate/share/pixel2coordinate/package.dsv'
[1.034s] INFO:colcon.colcon_core.shell:Creating package script '/home/kim/open_topic/linux/ws/install/pixel2coordinate/share/pixel2coordinate/package.sh'
[1.035s] INFO:colcon.colcon_core.shell:Creating package script '/home/kim/open_topic/linux/ws/install/pixel2coordinate/share/pixel2coordinate/package.bash'
[1.035s] INFO:colcon.colcon_core.shell:Creating package script '/home/kim/open_topic/linux/ws/install/pixel2coordinate/share/pixel2coordinate/package.zsh'
[1.036s] Level 1:colcon.colcon_core.environment:create_file_with_runtime_dependencies(/home/kim/open_topic/linux/ws/install/pixel2coordinate/share/colcon-core/packages/pixel2coordinate)
[1.040s] Level 1:colcon.colcon_core.environment:create_environment_scripts_only(fake_image)
[1.047s] Level 1:colcon.colcon_core.environment:checking '/home/kim/open_topic/linux/ws/install/fake_image' for CMake module files
[1.048s] Level 1:colcon.colcon_core.environment:checking '/home/kim/open_topic/linux/ws/install/fake_image' for CMake config files
[1.049s] Level 1:colcon.colcon_core.shell:create_environment_hook('fake_image', 'cmake_prefix_path')
[1.054s] INFO:colcon.colcon_core.shell:Creating environment hook '/home/kim/open_topic/linux/ws/install/fake_image/share/fake_image/hook/cmake_prefix_path.ps1'
[1.055s] INFO:colcon.colcon_core.shell:Creating environment descriptor '/home/kim/open_topic/linux/ws/install/fake_image/share/fake_image/hook/cmake_prefix_path.dsv'
[1.055s] INFO:colcon.colcon_core.shell:Creating environment hook '/home/kim/open_topic/linux/ws/install/fake_image/share/fake_image/hook/cmake_prefix_path.sh'
[1.056s] Level 1:colcon.colcon_core.environment:checking '/home/kim/open_topic/linux/ws/install/fake_image/lib'
[1.056s] Level 1:colcon.colcon_core.environment:checking '/home/kim/open_topic/linux/ws/install/fake_image/bin'
[1.056s] Level 1:colcon.colcon_core.environment:checking '/home/kim/open_topic/linux/ws/install/fake_image/lib/pkgconfig/fake_image.pc'
[1.056s] Level 1:colcon.colcon_core.environment:checking '/home/kim/open_topic/linux/ws/install/fake_image/lib/python3.8/site-packages'
[1.056s] Level 1:colcon.colcon_core.shell:create_environment_hook('fake_image', 'pythonpath')
[1.060s] INFO:colcon.colcon_core.shell:Creating environment hook '/home/kim/open_topic/linux/ws/install/fake_image/share/fake_image/hook/pythonpath.ps1'
[1.061s] INFO:colcon.colcon_core.shell:Creating environment descriptor '/home/kim/open_topic/linux/ws/install/fake_image/share/fake_image/hook/pythonpath.dsv'
[1.061s] INFO:colcon.colcon_core.shell:Creating environment hook '/home/kim/open_topic/linux/ws/install/fake_image/share/fake_image/hook/pythonpath.sh'
[1.061s] Level 1:colcon.colcon_core.environment:checking '/home/kim/open_topic/linux/ws/install/fake_image/bin'
[1.067s] INFO:colcon.colcon_core.shell:Creating package script '/home/kim/open_topic/linux/ws/install/fake_image/share/fake_image/package.ps1'
[1.068s] INFO:colcon.colcon_core.shell:Creating package descriptor '/home/kim/open_topic/linux/ws/install/fake_image/share/fake_image/package.dsv'
[1.068s] INFO:colcon.colcon_core.shell:Creating package script '/home/kim/open_topic/linux/ws/install/fake_image/share/fake_image/package.sh'
[1.069s] INFO:colcon.colcon_core.shell:Creating package script '/home/kim/open_topic/linux/ws/install/fake_image/share/fake_image/package.bash'
[1.069s] INFO:colcon.colcon_core.shell:Creating package script '/home/kim/open_topic/linux/ws/install/fake_image/share/fake_image/package.zsh'
[1.069s] Level 1:colcon.colcon_core.environment:create_file_with_runtime_dependencies(/home/kim/open_topic/linux/ws/install/fake_image/share/colcon-core/packages/fake_image)
[1.070s] DEBUG:colcon.colcon_parallel_executor.executor.parallel:closing loop
[1.071s] DEBUG:colcon.colcon_parallel_executor.executor.parallel:loop closed
[1.071s] DEBUG:colcon.colcon_parallel_executor.executor.parallel:run_until_complete finished with '0'
[1.071s] DEBUG:colcon.colcon_core.event_reactor:joining thread
[1.079s] INFO:colcon.colcon_core.plugin_system:Skipping extension 'colcon_notification.desktop_notification.terminal_notifier': Not used on non-Darwin systems
[1.079s] INFO:colcon.colcon_core.plugin_system:Skipping extension 'colcon_notification.desktop_notification.win32': Not used on non-Windows systems
[1.079s] INFO:colcon.colcon_notification.desktop_notification:Sending desktop notification using 'notify2'
[1.094s] DEBUG:colcon.colcon_core.event_reactor:joined thread
[1.099s] INFO:colcon.colcon_core.shell:Creating prefix script '/home/kim/open_topic/linux/ws/install/local_setup.ps1'
[1.100s] INFO:colcon.colcon_core.shell:Creating prefix util module '/home/kim/open_topic/linux/ws/install/_local_setup_util_ps1.py'
[1.101s] INFO:colcon.colcon_core.shell:Creating prefix chain script '/home/kim/open_topic/linux/ws/install/setup.ps1'
[1.105s] INFO:colcon.colcon_core.shell:Creating prefix script '/home/kim/open_topic/linux/ws/install/local_setup.sh'
[1.106s] INFO:colcon.colcon_core.shell:Creating prefix util module '/home/kim/open_topic/linux/ws/install/_local_setup_util_sh.py'
[1.107s] INFO:colcon.colcon_core.shell:Creating prefix chain script '/home/kim/open_topic/linux/ws/install/setup.sh'
[1.110s] INFO:colcon.colcon_core.shell:Creating prefix script '/home/kim/open_topic/linux/ws/install/local_setup.bash'
[1.111s] INFO:colcon.colcon_core.shell:Creating prefix chain script '/home/kim/open_topic/linux/ws/install/setup.bash'
[1.115s] INFO:colcon.colcon_core.shell:Creating prefix script '/home/kim/open_topic/linux/ws/install/local_setup.zsh'
[1.116s] INFO:colcon.colcon_core.shell:Creating prefix chain script '/home/kim/open_topic/linux/ws/install/setup.zsh'
