[100%] Built target cpp_node_test
-- Install configuration: ""
-- Up-to-date: /home/kim/open_topic/linux/ws/install/pixel2coordinate/share/pixel2coordinate/environment/pythonpath.sh
-- Up-to-date: /home/kim/open_topic/linux/ws/install/pixel2coordinate/share/pixel2coordinate/environment/pythonpath.dsv
-- Up-to-date: /home/kim/open_topic/linux/ws/install/pixel2coordinate/lib/python3.8/site-packages/pixel2coordinate
-- Up-to-date: /home/kim/open_topic/linux/ws/install/pixel2coordinate/lib/python3.8/site-packages/pixel2coordinate/dummy_module.py
-- Up-to-date: /home/kim/open_topic/linux/ws/install/pixel2coordinate/lib/python3.8/site-packages/pixel2coordinate/__init__.py
Listing '/home/kim/open_topic/linux/ws/install/pixel2coordinate/lib/python3.8/site-packages/pixel2coordinate'...
-- Up-to-date: /home/kim/open_topic/linux/ws/install/pixel2coordinate/lib/pixel2coordinate/dummy_script.py
-- Up-to-date: /home/kim/open_topic/linux/ws/install/pixel2coordinate/share/pixel2coordinate
-- Up-to-date: /home/kim/open_topic/linux/ws/install/pixel2coordinate/share/ament_index/resource_index/package_run_dependencies/pixel2coordinate
-- Up-to-date: /home/kim/open_topic/linux/ws/install/pixel2coordinate/share/ament_index/resource_index/parent_prefix_path/pixel2coordinate
-- Up-to-date: /home/kim/open_topic/linux/ws/install/pixel2coordinate/share/pixel2coordinate/environment/ament_prefix_path.sh
-- Up-to-date: /home/kim/open_topic/linux/ws/install/pixel2coordinate/share/pixel2coordinate/environment/ament_prefix_path.dsv
-- Up-to-date: /home/kim/open_topic/linux/ws/install/pixel2coordinate/share/pixel2coordinate/environment/path.sh
-- Up-to-date: /home/kim/open_topic/linux/ws/install/pixel2coordinate/share/pixel2coordinate/environment/path.dsv
-- Up-to-date: /home/kim/open_topic/linux/ws/install/pixel2coordinate/share/pixel2coordinate/local_setup.bash
-- Up-to-date: /home/kim/open_topic/linux/ws/install/pixel2coordinate/share/pixel2coordinate/local_setup.sh
-- Up-to-date: /home/kim/open_topic/linux/ws/install/pixel2coordinate/share/pixel2coordinate/local_setup.zsh
-- Up-to-date: /home/kim/open_topic/linux/ws/install/pixel2coordinate/share/pixel2coordinate/local_setup.dsv
-- Up-to-date: /home/kim/open_topic/linux/ws/install/pixel2coordinate/share/pixel2coordinate/package.dsv
-- Up-to-date: /home/kim/open_topic/linux/ws/install/pixel2coordinate/share/ament_index/resource_index/packages/pixel2coordinate
-- Up-to-date: /home/kim/open_topic/linux/ws/install/pixel2coordinate/share/pixel2coordinate/cmake/pixel2coordinateConfig.cmake
-- Up-to-date: /home/kim/open_topic/linux/ws/install/pixel2coordinate/share/pixel2coordinate/cmake/pixel2coordinateConfig-version.cmake
-- Up-to-date: /home/kim/open_topic/linux/ws/install/pixel2coordinate/share/pixel2coordinate/package.xml
