[0.025s] Invoking command in '/home/kim/open_topic/linux/ws/build/pixel2coordinate': CMAKE_PREFIX_PATH=${CMAKE_PREFIX_PATH}:/opt/ros/foxy /home/kim/.local/bin/cmake /home/kim/open_topic/linux/ws/src/pixel2coordinate -DCMAKE_INSTALL_PREFIX=/home/kim/open_topic/linux/ws/install/pixel2coordinate
[0.095s] -- The C compiler identification is GNU 9.4.0
[0.147s] -- The CXX compiler identification is GNU 9.4.0
[0.155s] -- Detecting C compiler ABI info
[0.202s] -- Detecting C compiler ABI info - done
[0.210s] -- Check for working C compiler: /usr/bin/cc - skipped
[0.210s] -- Detecting C compile features
[0.210s] -- Detecting C compile features - done
[0.213s] -- Detecting CXX compiler ABI info
[0.270s] -- Detecting CXX compiler ABI info - done
[0.277s] -- Check for working CXX compiler: /usr/bin/c++ - skipped
[0.277s] -- Detecting CXX compile features
[0.277s] -- Detecting CXX compile features - done
[0.279s] -- Found ament_cmake: 0.9.11 (/opt/ros/foxy/share/ament_cmake/cmake)
[0.301s] -- Found PythonInterp: /usr/bin/python3 (found suitable version "3.8.10", minimum required is "3") 
[0.301s] -- Using PYTHON_EXECUTABLE: /usr/bin/python3
[0.466s] -- Found rclcpp: 2.4.2 (/opt/ros/foxy/share/rclcpp/cmake)
[0.502s] -- Using all available rosidl_typesupport_c: rosidl_typesupport_fastrtps_c;rosidl_typesupport_introspection_c
[0.508s] -- Found rosidl_adapter: 1.3.0 (/opt/ros/foxy/share/rosidl_adapter/cmake)
[0.581s] -- Found OpenSSL: /usr/lib/x86_64-linux-gnu/libcrypto.so (found version "1.1.1f")  
[0.613s] -- Found FastRTPS: /opt/ros/foxy/include  
[0.697s] -- Using all available rosidl_typesupport_cpp: rosidl_typesupport_fastrtps_cpp;rosidl_typesupport_introspection_cpp
[0.754s] -- Found rmw_implementation_cmake: 1.0.3 (/opt/ros/foxy/share/rmw_implementation_cmake/cmake)
[0.756s] -- Using RMW implementation 'rmw_fastrtps_cpp' as default
[0.757s] -- Performing Test CMAKE_HAVE_LIBC_PTHREAD
[0.818s] -- Performing Test CMAKE_HAVE_LIBC_PTHREAD - Failed
[0.818s] -- Looking for pthread_create in pthreads
[0.868s] -- Looking for pthread_create in pthreads - not found
[0.869s] -- Looking for pthread_create in pthread
[0.944s] -- Looking for pthread_create in pthread - found
[0.945s] -- Found Threads: TRUE  
[1.085s] -- Found rclpy: 1.0.11 (/opt/ros/foxy/share/rclpy/cmake)
[1.268s] -- Configuring done
[1.276s] -- Generating done
[1.278s] -- Build files have been written to: /home/kim/open_topic/linux/ws/build/pixel2coordinate
[1.294s] Invoked command in '/home/kim/open_topic/linux/ws/build/pixel2coordinate' returned '0': CMAKE_PREFIX_PATH=${CMAKE_PREFIX_PATH}:/opt/ros/foxy /home/kim/.local/bin/cmake /home/kim/open_topic/linux/ws/src/pixel2coordinate -DCMAKE_INSTALL_PREFIX=/home/kim/open_topic/linux/ws/install/pixel2coordinate
[1.295s] Invoking command in '/home/kim/open_topic/linux/ws/build/pixel2coordinate': CMAKE_PREFIX_PATH=${CMAKE_PREFIX_PATH}:/opt/ros/foxy /home/kim/.local/bin/cmake --build /home/kim/open_topic/linux/ws/build/pixel2coordinate -- -j12 -l12
[1.356s] [ 50%] [32mBuilding CXX object CMakeFiles/cpp_node_test.dir/src/cpp_node.cpp.o[0m
[1.561s] [100%] [32m[1mLinking CXX executable cpp_node_test[0m
[1.638s] [100%] Built target cpp_node_test
[1.648s] Invoked command in '/home/kim/open_topic/linux/ws/build/pixel2coordinate' returned '0': CMAKE_PREFIX_PATH=${CMAKE_PREFIX_PATH}:/opt/ros/foxy /home/kim/.local/bin/cmake --build /home/kim/open_topic/linux/ws/build/pixel2coordinate -- -j12 -l12
[1.749s] Invoking command in '/home/kim/open_topic/linux/ws/build/pixel2coordinate': CMAKE_PREFIX_PATH=${CMAKE_PREFIX_PATH}:/opt/ros/foxy /home/kim/.local/bin/cmake --install /home/kim/open_topic/linux/ws/build/pixel2coordinate
[1.783s] -- Install configuration: ""
[1.784s] -- Installing: /home/kim/open_topic/linux/ws/install/pixel2coordinate/share/pixel2coordinate/environment/pythonpath.sh
[1.784s] -- Installing: /home/kim/open_topic/linux/ws/install/pixel2coordinate/share/pixel2coordinate/environment/pythonpath.dsv
[1.784s] -- Installing: /home/kim/open_topic/linux/ws/install/pixel2coordinate/lib/python3.8/site-packages/pixel2coordinate
[1.784s] -- Installing: /home/kim/open_topic/linux/ws/install/pixel2coordinate/lib/python3.8/site-packages/pixel2coordinate/dummy_module.py
[1.784s] -- Installing: /home/kim/open_topic/linux/ws/install/pixel2coordinate/lib/python3.8/site-packages/pixel2coordinate/__init__.py
[1.815s] Listing '/home/kim/open_topic/linux/ws/install/pixel2coordinate/lib/python3.8/site-packages/pixel2coordinate'...
[1.816s] Compiling '/home/kim/open_topic/linux/ws/install/pixel2coordinate/lib/python3.8/site-packages/pixel2coordinate/__init__.py'...
[1.816s] Compiling '/home/kim/open_topic/linux/ws/install/pixel2coordinate/lib/python3.8/site-packages/pixel2coordinate/dummy_module.py'...
[1.819s] -- Installing: /home/kim/open_topic/linux/ws/install/pixel2coordinate/lib/pixel2coordinate/dummy_script.py
[1.819s] -- Up-to-date: /home/kim/open_topic/linux/ws/install/pixel2coordinate/share/pixel2coordinate
[1.819s] -- Installing: /home/kim/open_topic/linux/ws/install/pixel2coordinate/share/ament_index/resource_index/package_run_dependencies/pixel2coordinate
[1.819s] -- Installing: /home/kim/open_topic/linux/ws/install/pixel2coordinate/share/ament_index/resource_index/parent_prefix_path/pixel2coordinate
[1.819s] -- Installing: /home/kim/open_topic/linux/ws/install/pixel2coordinate/share/pixel2coordinate/environment/ament_prefix_path.sh
[1.819s] -- Installing: /home/kim/open_topic/linux/ws/install/pixel2coordinate/share/pixel2coordinate/environment/ament_prefix_path.dsv
[1.819s] -- Installing: /home/kim/open_topic/linux/ws/install/pixel2coordinate/share/pixel2coordinate/environment/path.sh
[1.819s] -- Installing: /home/kim/open_topic/linux/ws/install/pixel2coordinate/share/pixel2coordinate/environment/path.dsv
[1.819s] -- Installing: /home/kim/open_topic/linux/ws/install/pixel2coordinate/share/pixel2coordinate/local_setup.bash
[1.819s] -- Installing: /home/kim/open_topic/linux/ws/install/pixel2coordinate/share/pixel2coordinate/local_setup.sh
[1.819s] -- Installing: /home/kim/open_topic/linux/ws/install/pixel2coordinate/share/pixel2coordinate/local_setup.zsh
[1.819s] -- Installing: /home/kim/open_topic/linux/ws/install/pixel2coordinate/share/pixel2coordinate/local_setup.dsv
[1.819s] -- Installing: /home/kim/open_topic/linux/ws/install/pixel2coordinate/share/pixel2coordinate/package.dsv
[1.819s] -- Installing: /home/kim/open_topic/linux/ws/install/pixel2coordinate/share/ament_index/resource_index/packages/pixel2coordinate
[1.819s] -- Installing: /home/kim/open_topic/linux/ws/install/pixel2coordinate/share/pixel2coordinate/cmake/pixel2coordinateConfig.cmake
[1.819s] -- Installing: /home/kim/open_topic/linux/ws/install/pixel2coordinate/share/pixel2coordinate/cmake/pixel2coordinateConfig-version.cmake
[1.820s] -- Installing: /home/kim/open_topic/linux/ws/install/pixel2coordinate/share/pixel2coordinate/package.xml
[1.839s] Invoked command in '/home/kim/open_topic/linux/ws/build/pixel2coordinate' returned '0': CMAKE_PREFIX_PATH=${CMAKE_PREFIX_PATH}:/opt/ros/foxy /home/kim/.local/bin/cmake --install /home/kim/open_topic/linux/ws/build/pixel2coordinate
