[100%] Built target cpp_node_test
[100%] Built target ament_cmake_python_copy_fake_pixel
running egg_info
writing fake_pixel.egg-info/PKG-INFO
writing dependency_links to fake_pixel.egg-info/dependency_links.txt
writing top-level names to fake_pixel.egg-info/top_level.txt
reading manifest file 'fake_pixel.egg-info/SOURCES.txt'
writing manifest file 'fake_pixel.egg-info/SOURCES.txt'
[100%] Built target ament_cmake_python_build_fake_pixel_egg
-- Install configuration: ""
-- Up-to-date: /home/carver/kim_open_topic/linux/ws/install/fake_pixel/share/fake_pixel/environment/pythonpath.sh
-- Up-to-date: /home/carver/kim_open_topic/linux/ws/install/fake_pixel/share/fake_pixel/environment/pythonpath.dsv
-- Up-to-date: /home/carver/kim_open_topic/linux/ws/install/fake_pixel/local/lib/python3.10/dist-packages/fake_pixel-0.0.0-py3.10.egg-info
-- Installing: /home/carver/kim_open_topic/linux/ws/install/fake_pixel/local/lib/python3.10/dist-packages/fake_pixel-0.0.0-py3.10.egg-info/top_level.txt
-- Installing: /home/carver/kim_open_topic/linux/ws/install/fake_pixel/local/lib/python3.10/dist-packages/fake_pixel-0.0.0-py3.10.egg-info/SOURCES.txt
-- Installing: /home/carver/kim_open_topic/linux/ws/install/fake_pixel/local/lib/python3.10/dist-packages/fake_pixel-0.0.0-py3.10.egg-info/PKG-INFO
-- Installing: /home/carver/kim_open_topic/linux/ws/install/fake_pixel/local/lib/python3.10/dist-packages/fake_pixel-0.0.0-py3.10.egg-info/dependency_links.txt
-- Up-to-date: /home/carver/kim_open_topic/linux/ws/install/fake_pixel/local/lib/python3.10/dist-packages/fake_pixel
-- Up-to-date: /home/carver/kim_open_topic/linux/ws/install/fake_pixel/local/lib/python3.10/dist-packages/fake_pixel/dummy_module.py
-- Up-to-date: /home/carver/kim_open_topic/linux/ws/install/fake_pixel/local/lib/python3.10/dist-packages/fake_pixel/__init__.py
Listing '/home/carver/kim_open_topic/linux/ws/install/fake_pixel/local/lib/python3.10/dist-packages/fake_pixel'...
-- Installing: /home/carver/kim_open_topic/linux/ws/install/fake_pixel/lib/fake_pixel/pub_pixel.py
-- Up-to-date: /home/carver/kim_open_topic/linux/ws/install/fake_pixel/share/fake_pixel
-- Up-to-date: /home/carver/kim_open_topic/linux/ws/install/fake_pixel/share/ament_index/resource_index/package_run_dependencies/fake_pixel
-- Up-to-date: /home/carver/kim_open_topic/linux/ws/install/fake_pixel/share/ament_index/resource_index/parent_prefix_path/fake_pixel
-- Up-to-date: /home/carver/kim_open_topic/linux/ws/install/fake_pixel/share/fake_pixel/environment/ament_prefix_path.sh
-- Up-to-date: /home/carver/kim_open_topic/linux/ws/install/fake_pixel/share/fake_pixel/environment/ament_prefix_path.dsv
-- Up-to-date: /home/carver/kim_open_topic/linux/ws/install/fake_pixel/share/fake_pixel/environment/path.sh
-- Up-to-date: /home/carver/kim_open_topic/linux/ws/install/fake_pixel/share/fake_pixel/environment/path.dsv
-- Up-to-date: /home/carver/kim_open_topic/linux/ws/install/fake_pixel/share/fake_pixel/local_setup.bash
-- Up-to-date: /home/carver/kim_open_topic/linux/ws/install/fake_pixel/share/fake_pixel/local_setup.sh
-- Up-to-date: /home/carver/kim_open_topic/linux/ws/install/fake_pixel/share/fake_pixel/local_setup.zsh
-- Up-to-date: /home/carver/kim_open_topic/linux/ws/install/fake_pixel/share/fake_pixel/local_setup.dsv
-- Installing: /home/carver/kim_open_topic/linux/ws/install/fake_pixel/share/fake_pixel/package.dsv
-- Up-to-date: /home/carver/kim_open_topic/linux/ws/install/fake_pixel/share/ament_index/resource_index/packages/fake_pixel
-- Up-to-date: /home/carver/kim_open_topic/linux/ws/install/fake_pixel/share/fake_pixel/cmake/fake_pixelConfig.cmake
-- Up-to-date: /home/carver/kim_open_topic/linux/ws/install/fake_pixel/share/fake_pixel/cmake/fake_pixelConfig-version.cmake
-- Up-to-date: /home/carver/kim_open_topic/linux/ws/install/fake_pixel/share/fake_pixel/package.xml
